2017-05-17 13:11:39,228 [main | u:p] INFO  TXLOGGER  - Summary for 'Platform startup': transactions: 0, DB: 0.0486 s [58% query (13x), 41% update (126x)] (206x), svn: 0.0212 s [82% checkPath (1x)] (3x)
2017-05-17 13:11:39,379 [main | u:p] INFO  TXLOGGER  - Summary for 'Context recognition': transactions: 0, svn: 0.0661 s [46% info (3x), 29% getDir2 content (2x), 25% getFile content (1x)] (6x)
2017-05-17 13:11:39,780 [LowLevelDataService-contextInitializer-2 | u:p] INFO  TXLOGGER  - Summary: Total: 0.399 s, transactions: 0, svn: 0.0342 s [95% log2 (1x)] (2x)
2017-05-17 13:11:39,780 [LowLevelDataService-contextInitializer-5 | u:p] INFO  TXLOGGER  - Summary: Total: 0.399 s, transactions: 0, svn: 0.123 s [98% log2 (5x)] (6x), ObjectMaps: 0.0344 s [100% getAllPrimaryObjects (1x)] (7x)
2017-05-17 13:11:39,780 [LowLevelDataService-contextInitializer-1 | u:p] INFO  TXLOGGER  - Summary: Total: 0.399 s, transactions: 0, svn: 0.106 s [98% log2 (5x)] (6x), ObjectMaps: 0.0367 s [100% getAllPrimaryObjects (1x)] (7x)
2017-05-17 13:11:39,780 [LowLevelDataService-contextInitializer-4 | u:p] INFO  TXLOGGER  - Summary: Total: 0.399 s, transactions: 0, svn: 0.0705 s [97% log2 (5x)] (6x), ObjectMaps: 0.0413 s [100% getAllPrimaryObjects (1x)] (7x)
2017-05-17 13:11:39,780 [LowLevelDataService-contextInitializer-3 | u:p] INFO  TXLOGGER  - Summary: Total: 0.399 s, transactions: 0, svn: 0.136 s [51% log2 (5x), 22% log (1x), 21% info (2x)] (11x)
2017-05-17 13:11:39,781 [main | u:p] INFO  TXLOGGER  - Summary for 'Context initialization': transactions: 0, svn: 0.47 s [84% log2 (21x)] (31x), ObjectMaps: 0.117 s [100% getAllPrimaryObjects (5x)] (39x)
2017-05-17 13:11:40,111 [main | u:p] INFO  TXLOGGER  - Summary for 'Revisions processing': transactions: 10, RepositoryConfigService: 0.21 s [100% getReadConfiguration (30x)] (30x), svn: 0.135 s [78% info (13x), 20% getFile content (3x)] (28x)
2017-05-17 13:11:40,783 [main | u:p] INFO  TXLOGGER  - Summary for 'Build artifacts recognition': transactions: 30, svn: 0.551 s [84% info (60x)] (103x), RepositoryConfigService: 0.457 s [100% getReadConfiguration (60x)] (60x)
2017-05-17 13:11:41,347 [main | u:p] INFO  TXLOGGER  - Summary for 'Data indexing': transactions: 0, Lucene: 0.214 s [100% refresh (2x)] (2x), SubterraURITable: 0.0934 s [100% addIfNotExistsDB (13x)] (13x), DB: 0.0315 s [68% update (30x), 15% execute (10x)] (81x)
2017-05-17 13:12:13,856 [main] INFO  TXLOGGER  - Summary for 'Polarion startup': transactions: 1, svn: 0.32 s [77% info (39x), 13% getDir2 content (4x)] (56x), RepositoryConfigService: 0.0249 s [100% getReadConfiguration (2x)] (2x)
2017-05-17 13:12:14,023 [Worker-0 | u:p | job: polarion.jobs.attachment.indexer] INFO  TXLOGGER  - Summary after AttachmentIndexer: transactions: 0, Lucene: 0.0858 s [100% add (2x)] (2x), resolve: 0.0235 s [100% User (2x)] (2x), ObjectMaps: 0.00948 s [100% getPrimaryObjectLocation (2x)] (2x)
2017-05-17 13:12:14,084 [Persistence Events Processing Thread | u:p] INFO  TXLOGGER  - Tx 570556dce8c2f_0_570556dce8c2f_0_: finished. Total: 0.16 s, Lucene: 0.0541 s [62% add (1x), 38% search (1x)] (2x)
2017-05-17 13:12:14,120 [Persistence Events Processing Thread | u:p] INFO  TXLOGGER  - Summary: Total: 0.262 s, transactions: 6, persistence listener: 0.261 s [75% RevisionActivityCreator (2x), 24% notificationsCreatingListener (1x)] (7x), Lucene: 0.084 s [76% add (2x), 24% search (1x)] (3x)
2017-05-17 13:12:14,516 [PreLoadDataService | u:p] INFO  TXLOGGER  - Tx 570556dcd9c2a_0_570556dcd9c2a_0_: finished. Total: 0.652 s, svn: 0.443 s [67% getDir2 content (25x), 33% getFile content (13x)] (40x), resolve: 0.295 s [57% TimePoint (5x), 43% Category (6x)] (11x)
2017-05-17 13:12:14,963 [PreLoadDataService | u:p] INFO  TXLOGGER  - Tx 570556dd9ac50_0_570556dd9ac50_0_: finished. Total: 0.326 s, svn: 0.197 s [66% getFile content (12x), 34% info (6x)] (19x), resolve: 0.174 s [100% User (8x)] (8x), RepositoryConfigService: 0.125 s [79% getReadConfiguration (56x), 21% getReadUserConfiguration (2x)] (58x), ObjectMaps: 0.0191 s [48% getPrimaryObjectLocation (8x), 29% getPrimaryObjectProperty (8x), 23% getLastPromoted (8x)] (32x)
2017-05-17 13:12:15,052 [DBHistoryCreator-2 | u:p] INFO  TXLOGGER  - Summary: Total: 0.992 s, transactions: 0
2017-05-17 13:12:15,052 [DBHistoryCreator-1 | u:p] INFO  TXLOGGER  - Summary: Total: 0.992 s, transactions: 0
2017-05-17 13:12:15,052 [Worker-1 | u:p | job: polarion.jobs.db.history] INFO  TXLOGGER  - Summary after DBHistoryCreator: transactions: 36, persistence listener: 0.263 s [75% RevisionActivityCreator (12x), 24% notificationsCreatingListener (6x)] (42x), Lucene: 0.108 s [81% add (3x)] (4x)
2017-05-17 13:12:15,052 [Worker-1 | u:p] INFO  TXLOGGER  - Summary for 'job: polarion.jobs.db.history': Total: 1.04 s, transactions: 0, DB: 0.682 s [73% query (1069x), 17% update (1044x)] (5279x), SubterraURITable: 0.409 s [100% getDB (1043x)] (1043x)
2017-05-17 13:12:15,113 [PreLoadDataService | u:p] INFO  TXLOGGER  - Tx 570556dded051_0_570556dded051_0_: finished. Total: 0.148 s, RepositoryConfigService: 0.128 s [99% getReadConfiguration (54x)] (77x), svn: 0.111 s [100% getFile content (12x)] (13x)
2017-05-17 13:12:15,902 [PreLoadDataService | u:p] INFO  TXLOGGER  - Tx 570556de12452_0_570556de12452_0_: finished. Total: 0.789 s, svn: 0.731 s [67% getFile content (47x), 33% getDir2 content (17x)] (65x), RepositoryConfigService: 0.534 s [100% getReadConfiguration (164x)] (180x)
2017-05-17 13:12:16,273 [PreLoadDataService | u:p] INFO  TXLOGGER  - Tx 570556ded7853_0_570556ded7853_0_: finished. Total: 0.371 s, svn: 0.351 s [54% getFile content (21x), 46% getDir2 content (17x)] (39x), RepositoryConfigService: 0.204 s [99% getReadConfiguration (88x)] (110x)
2017-05-17 13:12:16,415 [PreLoadDataService | u:p] INFO  TXLOGGER  - Tx 570556df34454_0_570556df34454_0_: finished. Total: 0.142 s, svn: 0.133 s [58% getDir2 content (11x), 42% getFile content (8x)] (20x), RepositoryConfigService: 0.0612 s [99% getReadConfiguration (38x)] (54x)
2017-05-17 13:12:16,416 [PreLoadDataService] INFO  TXLOGGER  - Summary for 'PreloadDataService': Total: 2.55 s, transactions: 7, svn: 2.02 s [57% getFile content (116x), 39% getDir2 content (72x)] (206x), RepositoryConfigService: 1.07 s [97% getReadConfiguration (402x)] (481x), resolve: 0.543 s [32% User (8x), 31% TimePoint (5x), 23% Category (6x)] (22x)
2017-05-17 13:12:16,416 [PreLoadDataService] INFO  TXLOGGER  - Summary after preload: transactions: 7, svn: 2.02 s [57% getFile content (116x), 39% getDir2 content (72x)] (206x), RepositoryConfigService: 1.07 s [97% getReadConfiguration (402x)] (481x), DB: 0.682 s [73% query (1069x), 17% update (1044x)] (5279x), resolve: 0.543 s [32% User (9x), 31% TimePoint (5x), 23% Category (6x)] (23x), SubterraURITable: 0.409 s [100% getDB (1043x)] (1043x)
2017-05-17 14:00:01,920 [Worker-1 | u:p] INFO  TXLOGGER  - Summary for 'job: update.plan.refresh.index': Total: 0.81 s, transactions: 0, resolve: 0.549 s [94% WorkItem (15x)] (167x), svn: 0.501 s [34% getFile content (16x), 34% info (17x), 32% getDir2 content (16x)] (50x), Lucene: 0.172 s [100% refresh (1x)] (2x), DB: 0.0718 s [87% update (181x)] (220x)
2017-05-17 14:00:01,954 [Worker-0 | u:p] INFO  TXLOGGER  - Summary for 'job: update.plan': Total: 1.89 s, transactions: 10, resolve: 0.725 s [90% WorkItems (2x)] (96x), svn: 0.643 s [37% info (26x), 33% getFile content (21x), 29% getDir2 content (19x)] (78x), planQueryExpander: 0.123 s [100% expand (6x)] (12x)
2017-05-17 14:03:31,060 [ajp-nio-8889-exec-1 | u:admin] INFO  TXLOGGER  - Summary for 'PortalDataService.getInitData': Total: 0.185 s, transactions: 3, RepositoryConfigService: 0.0238 s [100% getReadConfiguration (8x)] (13x), svn: 0.0175 s [52% getDir2 content (1x), 48% info (1x)] (5x)
2017-05-17 14:03:31,707 [ajp-nio-8889-exec-2 | u:admin] INFO  TXLOGGER  - Summary for 'PortalDataService.requestPortalSite': Total: 0.304 s, transactions: 8, svn: 0.182 s [65% info (12x), 29% getFile content (5x)] (27x), RepositoryConfigService: 0.0862 s [81% getReadConfiguration (25x)] (48x), resolve: 0.0561 s [96% RichPage (5x)] (18x)
2017-05-17 14:03:32,425 [ajp-nio-8889-exec-3 | u:admin | i:drivepilot/_default/pakage3] INFO  TXLOGGER  - Tx 5705629b0346b_0_5705629b0346b_0_: finished. Total: 0.252 s, svn: 0.036 s [65% getFile content (2x), 35% info (1x)] (4x), RepositoryConfigService: 0.0243 s [100% getReadConfiguration (5x)] (8x)
2017-05-17 14:03:32,464 [ajp-nio-8889-exec-3 | u:admin] INFO  TXLOGGER  - Summary for 'RpeModel.initialize': Total: 0.293 s, transactions: 1, svn: 0.036 s [65% getFile content (2x), 35% info (1x)] (4x), RepositoryConfigService: 0.0243 s [100% getReadConfiguration (5x)] (8x)
2017-05-17 14:03:34,835 [ajp-nio-8889-exec-6 | u:admin] INFO  TXLOGGER  - Summary for 'PortalDataService.getWikiSpacesAndPages': Total: 2.92 s, transactions: 0, resolve: 2.58 s [50% WikiPage (76x), 35% Module (13x)] (167x), svn: 1.89 s [69% info (143x), 20% getFile content (50x)] (218x), ObjectMaps: 0.239 s [56% getPrimaryObjectLocation (112x), 18% getLastPromoted (50x), 16% getLocalIdsForLocation (50x)] (312x)
2017-05-17 14:03:39,714 [ajp-nio-8889-exec-9 | u:admin | i:drivepilot/_default/pakage3 e:polarion_client2] INFO  TXLOGGER  - Tx 5705629b7286c_0_5705629b7286c_0_: finished. Total: 7.1 s, Velocity: 6.77 s [100% evaluate (3x)] (3x), resolve: 5.97 s [95% WorkItem (661x)] (703x), svn: 5.74 s [36% info (203x), 32% getDir2 content (160x), 32% getFile content (156x)] (521x)
2017-05-17 14:03:39,725 [ajp-nio-8889-exec-9 | u:admin] INFO  TXLOGGER  - Summary for 'RenderingRequest.initialize': Total: 7.11 s, transactions: 1, Velocity: 6.77 s [100% evaluate (3x)] (3x), resolve: 5.97 s [95% WorkItem (661x)] (703x), svn: 5.74 s [36% info (203x), 32% getDir2 content (160x), 32% getFile content (156x)] (521x)
2017-05-17 14:03:52,691 [ajp-nio-8889-exec-2 | u:admin] INFO  TXLOGGER  - Summary for 'PortalDataService.getWikiSpacesAndPages': Total: 0.232 s, transactions: 0, svn: 0.207 s [90% info (17x)] (19x)
2017-05-17 14:03:53,159 [ajp-nio-8889-exec-4 | u:admin | i:drivepilot/_default/pakage3 e:polarion_client2] INFO  TXLOGGER  - Tx 570562af0546e_0_570562af0546e_0_: finished. Total: 0.499 s, svn: 0.339 s [37% info (14x), 35% getDir2 content (6x), 27% getFile content (8x)] (30x), Velocity: 0.334 s [100% evaluate (3x)] (3x), resolve: 0.12 s [98% WorkItem (145x)] (187x), DB: 0.0257 s [98% query (1x)] (17x)
2017-05-17 14:03:53,162 [ajp-nio-8889-exec-4 | u:admin] INFO  TXLOGGER  - Summary for 'RenderingRequest.initialize': Total: 0.501 s, transactions: 1, svn: 0.339 s [37% info (14x), 35% getDir2 content (6x), 27% getFile content (8x)] (30x), Velocity: 0.334 s [100% evaluate (3x)] (3x), resolve: 0.12 s [98% WorkItem (145x)] (187x), DB: 0.0257 s [98% query (1x)] (17x)
2017-05-17 14:13:36,881 [ajp-nio-8889-exec-8 | u:admin] INFO  TXLOGGER  - Tx 570564e8d906f_0_570564e8d906f_0_: finished. Total: 0.717 s, svn: 0.626 s [90% endActivity (1x)] (8x), processed revs: [31, 31 (delay 0s)], write: true
2017-05-17 14:13:36,883 [ajp-nio-8889-exec-8 | u:admin] INFO  TXLOGGER  - Summary for 'WikiDataService.saveRepository': Total: 0.719 s, transactions: 1, svn: 0.626 s [90% endActivity (1x)] (8x)
2017-05-17 14:14:11,237 [ajp-nio-8889-exec-10 | u:admin] INFO  TXLOGGER  - Tx 5705650993c76_0_5705650993c76_0_: finished. Total: 1.56 s, svn: 1.51 s [98% endActivity (1x)] (7x), processed revs: [32, 32 (delay 1s)], write: true
2017-05-17 14:14:11,238 [ajp-nio-8889-exec-10 | u:admin] INFO  TXLOGGER  - Summary for 'WikiDataService.saveRepository': Total: 1.56 s, transactions: 1, svn: 1.51 s [98% endActivity (1x)] (7x)
2017-05-17 14:15:55,606 [ajp-nio-8889-exec-1 | u:admin] INFO  TXLOGGER  - Tx 570565705dc7d_0_570565705dc7d_0_: finished. Total: 0.671 s, svn: 0.629 s [96% endActivity (1x)] (7x), processed revs: [33, 33 (delay 0s)], write: true
2017-05-17 14:15:55,607 [ajp-nio-8889-exec-1 | u:admin] INFO  TXLOGGER  - Summary for 'WikiDataService.saveRepository': Total: 0.671 s, transactions: 1, svn: 0.629 s [96% endActivity (1x)] (7x)
2017-05-17 14:16:06,968 [ajp-nio-8889-exec-7 | u:admin | uri:/polarion/wiki/bin/view/project/drivepilot/page/Home | wiki: view http://localhost/polarion/wiki/bin/view/project/drivepilot/page/Home] INFO  TXLOGGER  - Tx 5705657be8086_0_5705657be8086_0_: finished. Total: 0.216 s, svn: 0.192 s [100% info (24x)] (25x)
2017-05-17 14:16:07,008 [ajp-nio-8889-exec-7] INFO  TXLOGGER  - Summary for 'servlet /polarion/wiki/bin/view/project/drivepilot/page/Home': Total: 1.41 s, transactions: 4, Velocity: 1.17 s [100% evaluate in Wiki (1x)] (1x), svn: 0.953 s [86% info (118x)] (137x)
2017-05-17 14:16:09,485 [ajp-nio-8889-exec-4 | u:admin] INFO  TXLOGGER  - Summary for 'PortalDataService.getWikiSpacesAndPages': Total: 0.206 s, transactions: 0, svn: 0.176 s [89% info (17x)] (19x)
2017-05-17 14:27:36,001 [ajp-nio-8889-exec-2 | u:admin] INFO  TXLOGGER  - Tx 5705681c71c8b_0_5705681c71c8b_0_: finished. Total: 0.569 s, svn: 0.527 s [93% endActivity (1x)] (7x), processed revs: [34, 34 (delay 0s)], write: true
2017-05-17 14:27:36,001 [ajp-nio-8889-exec-2 | u:admin] INFO  TXLOGGER  - Summary for 'WikiDataService.saveRepository': Total: 0.57 s, transactions: 1, svn: 0.527 s [93% endActivity (1x)] (7x)
