2017-05-16 15:06:18,343 [main] INFO  com.polarion.platform.startup  - ****************************************************************
2017-05-16 15:06:18,343 [main] INFO  com.polarion.platform.startup  -                 Polarion starting, please wait!                 
2017-05-16 15:06:18,343 [main] INFO  com.polarion.platform.startup  - ****************************************************************
2017-05-16 15:06:18,344 [main] INFO  com.polarion.platform.startup  - Server start mode: normal
2017-05-16 15:06:18,344 [main] INFO  com.polarion.platform.startup  - ------------------------------
2017-05-16 15:06:18,344 [main] INFO  com.polarion.platform.startup  - Platform startup (Phase: 1/9)
2017-05-16 15:06:25,916 [main] INFO  com.polarion.platform.startup  - Opening historical database...
2017-05-16 15:06:26,140 [main] INFO  com.polarion.platform.startup  - Opening of historical database finished [ TIME 0.223 s. ]
2017-05-16 15:06:26,140 [main] INFO  com.polarion.platform.startup  - Opening head database...
2017-05-16 15:06:26,213 [main] INFO  com.polarion.platform.startup  - Opening of head database finished [ TIME 0.0738 s. ]
2017-05-16 15:06:26,376 [main | u:p] INFO  com.polarion.platform.startup  -  -- Polarion startup estimation:  [ TIME 51 s. ]
2017-05-16 15:06:26,456 [main | u:p] INFO  com.polarion.platform.startup  - Platform startup ... took  [ TIME 8.12 s. ]
2017-05-16 15:06:26,572 [main | u:p] INFO  com.polarion.platform.startup  - ------------------------------
2017-05-16 15:06:26,572 [main | u:p] INFO  com.polarion.platform.startup  - Context recognition (Phase: 2/9)
2017-05-16 15:06:26,603 [main | u:p] INFO  com.polarion.platform.startup  - Context recognition ... took  [ TIME 0.15 s. ]
2017-05-16 15:06:26,604 [main | u:p] INFO  com.polarion.platform.startup  - ------------------------------
2017-05-16 15:06:26,604 [main | u:p] INFO  com.polarion.platform.startup  - Context initialization (Phase: 3/9)
2017-05-16 15:06:26,607 [LowLevelDataService-contextInitializer-1 | u:p | context: [GLOBAL]] INFO  com.polarion.platform.startup  -  -- Initializing context: [GLOBAL] (1/6)
2017-05-16 15:06:26,607 [LowLevelDataService-contextInitializer-3 | u:p | context: --Demo Projects] INFO  com.polarion.platform.startup  -  -- Initializing context: --Demo Projects (5/6)
2017-05-16 15:06:26,607 [LowLevelDataService-contextInitializer-2 | u:p | cluster: default] INFO  com.polarion.platform.startup  -  -- Initializing cluster: default (4/6)
2017-05-16 15:06:26,607 [LowLevelDataService-contextInitializer-5 | u:p | context: elibrary] INFO  com.polarion.platform.startup  -  -- Initializing context: elibrary (2/6)
2017-05-16 15:06:26,607 [LowLevelDataService-contextInitializer-4 | u:p | context: library] INFO  com.polarion.platform.startup  -  -- Initializing context: library (3/6)
2017-05-16 15:06:26,612 [LowLevelDataService-contextInitializer-1 | u:p | context: drivepilot] INFO  com.polarion.platform.startup  -  -- Initializing context: drivepilot (6/6)
2017-05-16 15:06:26,984 [main | u:p] INFO  com.polarion.platform.startup  - Context initialization ... took  [ TIME 0.38 s. ]
2017-05-16 15:06:26,990 [main | u:p] INFO  com.polarion.platform.startup  - ------------------------------
2017-05-16 15:06:26,990 [main | u:p] INFO  com.polarion.platform.startup  - Revisions processing (Phase: 4/9)
2017-05-16 15:06:27,174 [main | u:p] INFO  com.polarion.platform.startup  -  -- Processing new revisions from repository default in context ContextId[context [global]]
2017-05-16 15:06:27,182 [main | u:p] INFO  com.polarion.platform.startup  - Revisions processing ... took  [ TIME 0.2 s. ]
2017-05-16 15:06:27,220 [main | u:p] INFO  com.polarion.platform.startup  - ------------------------------
2017-05-16 15:06:27,220 [main | u:p] INFO  com.polarion.platform.startup  - Build artifacts recognition (Phase: 5/9)
2017-05-16 15:06:27,226 [main | u:p] INFO  com.polarion.platform.startup  -  -- Processing build artifacts from context: [GLOBAL] (1/6)
2017-05-16 15:06:27,335 [main | u:p] INFO  com.polarion.platform.startup  -  -- Processing build artifacts from cluster: default (2/6)
2017-05-16 15:06:27,372 [main | u:p] INFO  com.polarion.platform.startup  -  -- Processing build artifacts from context: --Demo Projects (3/6)
2017-05-16 15:06:27,415 [main | u:p] INFO  com.polarion.platform.startup  -  -- Processing build artifacts from context: library (4/6)
2017-05-16 15:06:27,537 [main | u:p] INFO  com.polarion.platform.startup  -  -- Processing build artifacts from context: elibrary (5/6)
2017-05-16 15:06:27,648 [main | u:p] INFO  com.polarion.platform.startup  -  -- Processing build artifacts from context: drivepilot (6/6)
2017-05-16 15:06:27,648 [main | u:p] INFO  com.polarion.platform.startup  - Build artifacts recognition ... took  [ TIME 0.47 s. ]
2017-05-16 15:06:27,648 [main | u:p] INFO  com.polarion.platform.startup  - ------------------------------
2017-05-16 15:06:27,648 [main | u:p] INFO  com.polarion.platform.startup  - BIR inspection (Phase: 6/9)
2017-05-16 15:06:27,673 [main | u:p] INFO  com.polarion.platform.startup  - BIR inspection ... took  [ TIME 0.02 s. ]
2017-05-16 15:06:27,673 [main | u:p] INFO  com.polarion.platform.startup  - ------------------------------
2017-05-16 15:06:27,673 [main | u:p] INFO  com.polarion.platform.startup  - Data indexing (Phase: 7/9)
2017-05-16 15:06:27,813 [main | u:p] INFO  com.polarion.platform.startup  -  -- Refreshing 1 objects in index: Revision
2017-05-16 15:06:27,817 [main | u:p] INFO  com.polarion.platform.startup  -  -- -- 1 from 1 objects were refreshed (100%)
2017-05-16 15:06:28,097 [main | u:p] INFO  com.polarion.platform.startup  - Data indexing ... took  [ TIME 0.42 s. ]
2017-05-16 15:06:28,097 [main | u:p] INFO  com.polarion.platform.startup  - ------------------------------
2017-05-16 15:06:28,097 [main | u:p] INFO  com.polarion.platform.startup  - Fields recalculation (Phase: 8/9)
2017-05-16 15:06:28,110 [main | u:p] INFO  com.polarion.platform.startup  - Fields recalculation ... took  [ TIME 0.01 s. ]
2017-05-16 15:06:28,110 [main | u:p] INFO  com.polarion.platform.startup  - ------------------------------
2017-05-16 15:06:28,111 [main | u:p] INFO  com.polarion.platform.startup  - Polarion startup (Phase: 9/9)
2017-05-16 15:07:00,214 [main] INFO  com.polarion.platform.startup  - Polarion startup ... took  [ TIME 32.1 s. ]
2017-05-16 15:07:00,214 [main] INFO  com.polarion.platform.startup  - ****************************************************************
2017-05-16 15:07:00,214 [main] INFO  com.polarion.platform.startup  -                  Polarion started:  [ TIME 41.9 s. ]
2017-05-16 15:07:00,214 [main] INFO  com.polarion.platform.startup  - ****************************************************************
