2017-05-16 12:36:36,222 [main] INFO  com.polarion.platform.startup  - ****************************************************************
2017-05-16 12:36:36,222 [main] INFO  com.polarion.platform.startup  -                 Polarion starting, please wait!                 
2017-05-16 12:36:36,222 [main] INFO  com.polarion.platform.startup  - ****************************************************************
2017-05-16 12:36:36,222 [main] INFO  com.polarion.platform.startup  - Server start mode: normal
2017-05-16 12:36:36,222 [main] INFO  com.polarion.platform.startup  - ------------------------------
2017-05-16 12:36:36,223 [main] INFO  com.polarion.platform.startup  - Platform startup (Phase: 1/9)
2017-05-16 12:36:42,192 [main] INFO  com.polarion.platform.startup  - Opening historical database...
2017-05-16 12:36:42,412 [main] INFO  com.polarion.platform.startup  - Opening of historical database finished [ TIME 0.22 s. ]
2017-05-16 12:36:42,412 [main] INFO  com.polarion.platform.startup  - Opening head database...
2017-05-16 12:36:42,479 [main] INFO  com.polarion.platform.startup  - Opening of head database finished [ TIME 0.0674 s. ]
2017-05-16 12:36:42,731 [main | u:p] INFO  com.polarion.platform.startup  -  -- Polarion startup estimation:  [ TIME 63 s. ]
2017-05-16 12:36:42,861 [main | u:p] INFO  com.polarion.platform.startup  - Platform startup ... took  [ TIME 6.65 s. ]
2017-05-16 12:36:43,028 [main | u:p] INFO  com.polarion.platform.startup  - ------------------------------
2017-05-16 12:36:43,028 [main | u:p] INFO  com.polarion.platform.startup  - Context recognition (Phase: 2/9)
2017-05-16 12:36:43,064 [main | u:p] INFO  com.polarion.platform.startup  - Context recognition ... took  [ TIME 0.2 s. ]
2017-05-16 12:36:43,065 [main | u:p] INFO  com.polarion.platform.startup  - ------------------------------
2017-05-16 12:36:43,065 [main | u:p] INFO  com.polarion.platform.startup  - Context initialization (Phase: 3/9)
2017-05-16 12:36:43,068 [LowLevelDataService-contextInitializer-5 | u:p | context: elibrary] INFO  com.polarion.platform.startup  -  -- Initializing context: elibrary (1/6)
2017-05-16 12:36:43,068 [LowLevelDataService-contextInitializer-4 | u:p | context: library] INFO  com.polarion.platform.startup  -  -- Initializing context: library (2/6)
2017-05-16 12:36:43,068 [LowLevelDataService-contextInitializer-1 | u:p | context: [GLOBAL]] INFO  com.polarion.platform.startup  -  -- Initializing context: [GLOBAL] (5/6)
2017-05-16 12:36:43,068 [LowLevelDataService-contextInitializer-3 | u:p | context: --Demo Projects] INFO  com.polarion.platform.startup  -  -- Initializing context: --Demo Projects (4/6)
2017-05-16 12:36:43,068 [LowLevelDataService-contextInitializer-2 | u:p | cluster: default] INFO  com.polarion.platform.startup  -  -- Initializing cluster: default (3/6)
2017-05-16 12:36:43,075 [LowLevelDataService-contextInitializer-1 | u:p | context: drivepilot] INFO  com.polarion.platform.startup  -  -- Initializing context: drivepilot (6/6)
2017-05-16 12:36:43,580 [main | u:p] INFO  com.polarion.platform.startup  - Context initialization ... took  [ TIME 0.52 s. ]
2017-05-16 12:36:43,588 [main | u:p] INFO  com.polarion.platform.startup  - ------------------------------
2017-05-16 12:36:43,588 [main | u:p] INFO  com.polarion.platform.startup  - Revisions processing (Phase: 4/9)
2017-05-16 12:36:43,828 [main | u:p] INFO  com.polarion.platform.startup  -  -- Processing new revisions from repository default in context ContextId[context [global]]
2017-05-16 12:36:43,837 [main | u:p] INFO  com.polarion.platform.startup  - Revisions processing ... took  [ TIME 0.26 s. ]
2017-05-16 12:36:43,883 [main | u:p] INFO  com.polarion.platform.startup  - ------------------------------
2017-05-16 12:36:43,883 [main | u:p] INFO  com.polarion.platform.startup  - Build artifacts recognition (Phase: 5/9)
2017-05-16 12:36:43,894 [main | u:p] INFO  com.polarion.platform.startup  -  -- Processing build artifacts from context: [GLOBAL] (1/6)
2017-05-16 12:36:44,011 [main | u:p] INFO  com.polarion.platform.startup  -  -- Processing build artifacts from cluster: default (2/6)
2017-05-16 12:36:44,049 [main | u:p] INFO  com.polarion.platform.startup  -  -- Processing build artifacts from context: --Demo Projects (3/6)
2017-05-16 12:36:44,097 [main | u:p] INFO  com.polarion.platform.startup  -  -- Processing build artifacts from context: library (4/6)
2017-05-16 12:36:44,224 [main | u:p] INFO  com.polarion.platform.startup  -  -- Processing build artifacts from context: elibrary (5/6)
2017-05-16 12:36:44,359 [main | u:p] INFO  com.polarion.platform.startup  -  -- Processing build artifacts from context: drivepilot (6/6)
2017-05-16 12:36:44,359 [main | u:p] INFO  com.polarion.platform.startup  - Build artifacts recognition ... took  [ TIME 0.52 s. ]
2017-05-16 12:36:44,360 [main | u:p] INFO  com.polarion.platform.startup  - ------------------------------
2017-05-16 12:36:44,360 [main | u:p] INFO  com.polarion.platform.startup  - BIR inspection (Phase: 6/9)
2017-05-16 12:36:44,410 [main | u:p] INFO  com.polarion.platform.startup  - BIR inspection ... took  [ TIME 0.05 s. ]
2017-05-16 12:36:44,410 [main | u:p] INFO  com.polarion.platform.startup  - ------------------------------
2017-05-16 12:36:44,410 [main | u:p] INFO  com.polarion.platform.startup  - Data indexing (Phase: 7/9)
2017-05-16 12:36:44,621 [main | u:p] INFO  com.polarion.platform.startup  -  -- Refreshing 1 objects in index: Revision
2017-05-16 12:36:44,626 [main | u:p] INFO  com.polarion.platform.startup  -  -- -- 1 from 1 objects were refreshed (100%)
2017-05-16 12:36:44,974 [main | u:p] INFO  com.polarion.platform.startup  - Data indexing ... took  [ TIME 0.56 s. ]
2017-05-16 12:36:44,974 [main | u:p] INFO  com.polarion.platform.startup  - ------------------------------
2017-05-16 12:36:44,974 [main | u:p] INFO  com.polarion.platform.startup  - Fields recalculation (Phase: 8/9)
2017-05-16 12:36:44,993 [main | u:p] INFO  com.polarion.platform.startup  - Fields recalculation ... took  [ TIME 0.02 s. ]
2017-05-16 12:36:44,994 [main | u:p] INFO  com.polarion.platform.startup  - ------------------------------
2017-05-16 12:36:44,994 [main | u:p] INFO  com.polarion.platform.startup  - Polarion startup (Phase: 9/9)
2017-05-16 12:37:23,883 [main] INFO  com.polarion.platform.startup  - Polarion startup ... took  [ TIME 38.89 s. ]
2017-05-16 12:37:23,884 [main] INFO  com.polarion.platform.startup  - ****************************************************************
2017-05-16 12:37:23,884 [main] INFO  com.polarion.platform.startup  -                  Polarion started:  [ TIME 47.7 s. ]
2017-05-16 12:37:23,884 [main] INFO  com.polarion.platform.startup  - ****************************************************************
