2017-05-15 18:23:29,839 [main | u:p] INFO  TXLOGGER  - Summary for 'Platform startup': transactions: 0, DB: 0.0399 s [53% update (126x), 46% query (13x)] (206x), svn: 0.0226 s [82% checkPath (1x)] (3x)
2017-05-15 18:23:29,963 [main | u:p] INFO  TXLOGGER  - Summary for 'Context recognition': transactions: 0, svn: 0.0476 s [47% info (3x), 29% getDir2 content (2x), 24% getFile content (1x)] (6x)
2017-05-15 18:23:31,360 [LowLevelDataService-contextInitializer-2 | u:p] INFO  TXLOGGER  - Summary: Total: 1.39 s, transactions: 0, svn: 0.311 s [49% info (14x), 33% getFile content (10x)] (26x)
2017-05-15 18:23:31,360 [LowLevelDataService-contextInitializer-3 | u:p] INFO  TXLOGGER  - Summary: Total: 1.39 s, transactions: 0, svn: 0.0878 s [33% log2 (5x), 31% log (1x), 16% info (2x)] (11x)
2017-05-15 18:23:31,360 [LowLevelDataService-contextInitializer-5 | u:p] INFO  TXLOGGER  - Summary: Total: 1.39 s, transactions: 0, svn: 0.782 s [56% info (54x), 24% getFile content (24x), 20% log2 (5x)] (84x), ObjectMaps: 0.117 s [24% saveIfNeeded (545x), 21% getLastRevision (219x), 20% getAllPrimaryObjects (1x), 19% setLastPromoted (219x)] (1534x)
2017-05-15 18:23:31,360 [LowLevelDataService-contextInitializer-4 | u:p] INFO  TXLOGGER  - Summary: Total: 1.39 s, transactions: 0, ObjectMaps: 0.186 s [27% getLastRevision (287x), 21% saveIfNeeded (625x), 21% setLastPromoted (287x), 17% getAllPrimaryObjects (1x)] (1830x), svn: 0.161 s [76% log2 (5x), 17% info (4x)] (11x)
2017-05-15 18:23:31,360 [LowLevelDataService-contextInitializer-1 | u:p] INFO  TXLOGGER  - Summary: Total: 1.39 s, transactions: 0, svn: 0.881 s [60% info (75x), 29% getFile content (33x)] (114x), ObjectMaps: 0.205 s [28% getLastRevision (499x), 25% setLastPromoted (499x), 21% saveIfNeeded (1113x), 17% getAllPrimaryObjects (1x)] (3230x)
2017-05-15 18:23:31,361 [main | u:p] INFO  TXLOGGER  - Summary for 'Context initialization': transactions: 0, svn: 2.22 s [52% info (149x), 25% getFile content (69x), 21% log2 (21x)] (246x), ObjectMaps: 0.523 s [26% getLastRevision (1023x), 22% setLastPromoted (1023x), 22% saveIfNeeded (2477x), 18% getAllPrimaryObjects (5x)] (7029x)
2017-05-15 18:23:31,569 [main | u:p] INFO  TXLOGGER  - Summary for 'Revisions processing': transactions: 10, RepositoryConfigService: 0.123 s [100% getReadConfiguration (30x)] (30x), svn: 0.0628 s [71% info (11x), 16% log2 (1x)] (24x)
2017-05-15 18:23:31,983 [main | u:p] INFO  TXLOGGER  - Summary for 'Build artifacts recognition': transactions: 30, svn: 0.309 s [80% info (60x)] (103x), RepositoryConfigService: 0.284 s [100% getReadConfiguration (36x)] (36x)
2017-05-15 18:23:32,451 [main | u:p] INFO  TXLOGGER  - Summary for 'Data indexing': transactions: 0, Lucene: 0.177 s [100% refresh (1x)] (1x), SubterraURITable: 0.0874 s [100% addIfNotExistsDB (1x)] (1x)
2017-05-15 18:24:04,011 [main] INFO  TXLOGGER  - Summary for 'Polarion startup': transactions: 1, svn: 0.215 s [81% info (39x)] (56x), RepositoryConfigService: 0.0175 s [100% getReadConfiguration (2x)] (2x)
2017-05-15 18:24:04,428 [PreLoadDataService | u:p] INFO  TXLOGGER  - Tx 57030b0e7b02a_0_57030b0e7b02a_0_: finished. Total: 0.412 s, svn: 0.267 s [73% getDir2 content (25x), 27% getFile content (13x)] (40x), resolve: 0.147 s [58% TimePoint (5x), 42% Category (6x)] (11x), ObjectMaps: 0.0247 s [55% getPrimaryObjectLocation (11x), 27% getPrimaryObjectProperty (11x)] (46x)
2017-05-15 18:24:04,689 [PreLoadDataService | u:p] INFO  TXLOGGER  - Tx 57030b0ef5c32_0_57030b0ef5c32_0_: finished. Total: 0.185 s, svn: 0.113 s [72% getFile content (12x), 28% info (6x)] (19x), resolve: 0.0909 s [100% User (8x)] (8x), RepositoryConfigService: 0.0709 s [61% getReadConfiguration (56x), 39% getReadUserConfiguration (2x)] (58x), ObjectMaps: 0.0146 s [40% getPrimaryObjectLocation (8x), 33% getPrimaryObjectProperty (8x), 27% getLastPromoted (8x)] (33x)
2017-05-15 18:24:05,232 [PreLoadDataService | u:p] INFO  TXLOGGER  - Tx 57030b0f39034_0_57030b0f39034_0_: finished. Total: 0.472 s, svn: 0.424 s [66% getFile content (47x), 34% getDir2 content (17x)] (65x), RepositoryConfigService: 0.315 s [100% getReadConfiguration (164x)] (180x)
2017-05-15 18:24:05,497 [PreLoadDataService | u:p] INFO  TXLOGGER  - Tx 57030b0fac035_0_57030b0fac035_0_: finished. Total: 0.253 s, svn: 0.233 s [51% getFile content (21x), 49% getDir2 content (17x)] (39x), RepositoryConfigService: 0.134 s [99% getReadConfiguration (88x)] (110x)
2017-05-15 18:24:05,604 [PreLoadDataService | u:p] INFO  TXLOGGER  - Tx 57030b0fee436_0_57030b0fee436_0_: finished. Total: 0.106 s, svn: 0.0968 s [59% getDir2 content (11x), 41% getFile content (8x)] (20x), RepositoryConfigService: 0.0462 s [99% getReadConfiguration (38x)] (54x)
2017-05-15 18:24:05,604 [PreLoadDataService] INFO  TXLOGGER  - Summary for 'PreloadDataService': Total: 1.59 s, transactions: 7, svn: 1.22 s [54% getFile content (116x), 42% getDir2 content (72x)] (206x), RepositoryConfigService: 0.649 s [95% getReadConfiguration (402x)] (485x), resolve: 0.278 s [33% User (8x), 30% TimePoint (5x), 22% Category (6x)] (22x)
2017-05-15 18:24:05,605 [PreLoadDataService] INFO  TXLOGGER  - Summary after preload: transactions: 13, svn: 1.22 s [54% getFile content (116x), 42% getDir2 content (72x)] (207x), RepositoryConfigService: 0.649 s [95% getReadConfiguration (402x)] (485x), resolve: 0.306 s [38% User (10x), 28% TimePoint (5x), 20% Category (6x)] (27x), persistence listener: 0.0849 s [78% notificationsCreatingListener (1x), 21% RevisionActivityCreator (2x)] (7x)
2017-05-15 18:24:05,660 [Worker-0 | u:p | job: polarion.jobs.attachment.indexer] INFO  TXLOGGER  - Summary after AttachmentIndexer: transactions: 0, Lucene: 3.08 s [100% add (2x)] (2x)
2017-05-15 18:24:06,082 [DBHistoryCreator-1 | u:p] INFO  TXLOGGER  - Summary: Total: 0.392 s, transactions: 0
2017-05-15 18:24:06,082 [Worker-1 | u:p | job: polarion.jobs.db.history] INFO  TXLOGGER  - Summary after DBHistoryCreator: transactions: 0, Lucene: 0.0205 s [100% add (1x)] (1x)
2017-05-15 18:24:06,082 [Worker-1 | u:p] INFO  TXLOGGER  - Summary for 'job: polarion.jobs.db.history': Total: 0.424 s, transactions: 0, SubterraURITable: 0.266 s [100% getDB (1016x)] (1016x), DB: 0.264 s [53% query (1042x), 31% update (1017x)] (5134x)
2017-05-15 18:25:29,549 [ajp-nio-8889-exec-3 | u:admin | uri:/polarion/wiki/bin/view/page/?service=Overview | wiki: view http://localhost/polarion/wiki/bin/view/page/] INFO  TXLOGGER  - Tx 57030b61df837_0_57030b61df837_0_: finished. Total: 0.142 s, Lucene: 0.0348 s [100% search (2x)] (2x)
2017-05-15 18:25:29,583 [ajp-nio-8889-exec-3] INFO  TXLOGGER  - Summary for 'servlet /polarion/wiki/bin/view/page/?service=Overview': Total: 5.43 s, transactions: 1, Velocity: 5.23 s [100% evaluate in Wiki (1x)] (1x)
2017-05-15 18:25:29,739 [ajp-nio-8889-exec-5] INFO  TXLOGGER  - Summary for 'servlet /polarion/wiki/skins/sidecar/classes.css?buildNumber=20170314-0722': Total: 0.107 s, transactions: 0
2017-05-15 18:25:29,739 [ajp-nio-8889-exec-4] INFO  TXLOGGER  - Summary for 'servlet /polarion/wiki/skins/sidecar/chwSkin.css?buildNumber=20170314-0722': Total: 0.104 s, transactions: 0
2017-05-15 18:25:29,850 [ajp-nio-8889-exec-6] INFO  TXLOGGER  - Summary for 'servlet /polarion/wiki/skins/sidecar/processaudit.css?buildNumber=20170314-0722': Total: 0.101 s, transactions: 0
2017-05-15 18:25:29,862 [ajp-nio-8889-exec-3] INFO  TXLOGGER  - Summary for 'servlet /polarion/wiki/skins/sidecar/presentation.css?buildNumber=20170314-0722': Total: 0.113 s, transactions: 0
2017-05-15 18:25:30,124 [ajp-nio-8889-exec-4] INFO  TXLOGGER  - Summary for 'servlet /polarion/wiki/skins/sidecar/browserdetect.js?buildNumber=20170314-0722': Total: 0.11 s, transactions: 0
2017-05-15 18:25:30,135 [ajp-nio-8889-exec-3] INFO  TXLOGGER  - Summary for 'servlet /polarion/wiki/skins/sidecar/xwiki.js?buildNumber=20170314-0722': Total: 0.125 s, transactions: 0
2017-05-15 18:25:30,136 [ajp-nio-8889-exec-1] INFO  TXLOGGER  - Summary for 'servlet /polarion/wiki/skins/sidecar/rico/prototype.js?buildNumber=20170314-0722': Total: 0.126 s, transactions: 0
2017-05-15 18:25:30,171 [ajp-nio-8889-exec-5] INFO  TXLOGGER  - Summary for 'servlet /polarion/wiki/skins/sidecar/skin.js?buildNumber=20170314-0722': Total: 0.161 s, transactions: 0
2017-05-15 18:25:30,176 [ajp-nio-8889-exec-9] INFO  TXLOGGER  - Summary for 'servlet /polarion/wiki/skins/sidecar/rico/src/rico.js?buildNumber=20170314-0722': Total: 0.162 s, transactions: 0
2017-05-15 18:25:30,180 [ajp-nio-8889-exec-7] INFO  TXLOGGER  - Summary for 'servlet /polarion/wiki/skins/sidecar/chwScripts.js?buildNumber=20170314-0722': Total: 0.166 s, transactions: 0
2017-05-15 18:25:30,245 [ajp-nio-8889-exec-2] INFO  TXLOGGER  - Summary for 'servlet /polarion/wiki/skins/sidecar/scriptaculous/dragdrop.js?buildNumber=20170314-0722': Total: 0.112 s, transactions: 0
2017-05-15 18:25:30,499 [ajp-nio-8889-exec-4] INFO  TXLOGGER  - Summary for 'servlet /polarion/wiki/skins/sidecar/popup_close.gif?buildNumber=20170314-0722': Total: 0.265 s, transactions: 0
2017-05-15 18:25:30,536 [ajp-nio-8889-exec-2] INFO  TXLOGGER  - Summary for 'servlet /polarion/wiki/skins/sidecar/pop_minimize.gif?buildNumber=20170314-0722': Total: 0.29 s, transactions: 0
2017-05-15 18:25:31,563 [ajp-nio-8889-exec-6 | u:admin] INFO  TXLOGGER  - Summary for 'PortalDataService.getInitData': Total: 0.113 s, transactions: 3, RepositoryConfigService: 0.0109 s [100% getReadConfiguration (8x)] (13x)
2017-05-15 18:25:57,553 [ajp-nio-8889-exec-9 | u:admin] INFO  TXLOGGER  - Tx 57030b7848047_0_57030b7848047_0_: finished. Total: 5.2 s, Lucene: 3.31 s [100% add (2x)] (2x), svn: 1.64 s [98% endActivity (1x)] (16x), processed revs: [2, 2 (delay 5s)], write: true
2017-05-15 18:25:57,559 [ajp-nio-8889-exec-9 | u:admin] INFO  TXLOGGER  - Summary for 'CreateRequest.persist': Total: 5.21 s, transactions: 1, Lucene: 3.31 s [100% add (2x)] (2x), svn: 1.64 s [98% endActivity (1x)] (16x)
2017-05-15 18:25:58,314 [ajp-nio-8889-exec-1 | u:admin | i:/_default/Test] INFO  TXLOGGER  - Tx 57030b7daf05a_0_57030b7daf05a_0_: finished. Total: 0.43 s
2017-05-15 18:25:58,357 [ajp-nio-8889-exec-1 | u:admin] INFO  TXLOGGER  - Summary for 'RpeModel.initialize': Total: 0.473 s, transactions: 1
2017-05-15 18:25:59,726 [ajp-nio-8889-exec-4 | u:admin] INFO  TXLOGGER  - Tx 57030b7ecd05b_0_57030b7ecd05b_0_: finished. Total: 0.698 s, svn: 0.333 s [73% info (50x), 14% getDir2 content (7x)] (66x)
2017-05-15 18:25:59,781 [ajp-nio-8889-exec-4 | u:admin] INFO  TXLOGGER  - Summary for 'RpeWidgetsModel.initialize': Total: 0.753 s, transactions: 1, svn: 0.333 s [73% info (50x), 14% getDir2 content (7x)] (66x)
2017-05-15 18:26:16,372 [ajp-nio-8889-exec-4 | u:admin] INFO  TXLOGGER  - Tx 57030b8f6cc5d_0_57030b8f6cc5d_0_: finished. Total: 0.334 s, svn: 0.308 s [72% info (50x), 15% getDir2 content (7x)] (66x)
2017-05-15 18:26:16,387 [ajp-nio-8889-exec-4 | u:admin] INFO  TXLOGGER  - Summary for 'RpeWidgetsModel.initialize': Total: 0.343 s, transactions: 1, svn: 0.308 s [72% info (50x), 15% getDir2 content (7x)] (66x)
2017-05-15 18:26:19,702 [ajp-nio-8889-exec-3 | u:admin] INFO  TXLOGGER  - Tx 57030b92a445f_0_57030b92a445f_0_: finished. Total: 0.357 s, svn: 0.327 s [72% info (50x), 15% getDir2 content (7x)] (66x)
2017-05-15 18:26:19,705 [ajp-nio-8889-exec-3 | u:admin] INFO  TXLOGGER  - Summary for 'RpeWidgetsModel.initialize': Total: 0.36 s, transactions: 1, svn: 0.327 s [72% info (50x), 15% getDir2 content (7x)] (66x)
2017-05-15 18:26:23,634 [ajp-nio-8889-exec-7 | u:admin] INFO  TXLOGGER  - Tx 57030b9680c61_0_57030b9680c61_0_: finished. Total: 0.345 s, svn: 0.319 s [72% info (50x), 15% getDir2 content (7x)] (66x)
2017-05-15 18:26:23,634 [ajp-nio-8889-exec-7 | u:admin] INFO  TXLOGGER  - Summary for 'RpeWidgetsModel.initialize': Total: 0.347 s, transactions: 1, svn: 0.319 s [72% info (50x), 15% getDir2 content (7x)] (66x)
2017-05-15 18:26:28,071 [ajp-nio-8889-exec-5 | u:admin] INFO  TXLOGGER  - Tx 57030b9ad1c63_0_57030b9ad1c63_0_: finished. Total: 0.352 s, svn: 0.325 s [71% info (50x), 17% getDir2 content (7x)] (66x)
2017-05-15 18:26:28,073 [ajp-nio-8889-exec-5 | u:admin] INFO  TXLOGGER  - Summary for 'RpeWidgetsModel.initialize': Total: 0.354 s, transactions: 1, svn: 0.325 s [71% info (50x), 17% getDir2 content (7x)] (66x)
2017-05-15 18:27:10,283 [ajp-nio-8889-exec-1] INFO  TXLOGGER  - Summary for 'servlet /polarion/wiki/bin/view/page/Home': Total: 0.6 s, transactions: 2, svn: 0.394 s [61% info (49x), 23% getFile properties (18x)] (78x), Velocity: 0.172 s [100% evaluate in Wiki (1x)] (1x)
2017-05-15 18:27:21,676 [ajp-nio-8889-exec-3 | u:admin | uri:/polarion/wiki/bin/view/project/drivepilot/page/Home | wiki: view http://localhost/polarion/wiki/bin/view/project/drivepilot/page/Home] INFO  TXLOGGER  - Tx 57030bcf3b076_0_57030bcf3b076_0_: finished. Total: 0.288 s, svn: 0.228 s [81% info (36x)] (43x), resolve: 0.142 s [98% WikiPage (24x)] (38x)
2017-05-15 18:27:21,722 [ajp-nio-8889-exec-3] INFO  TXLOGGER  - Summary for 'servlet /polarion/wiki/bin/view/project/drivepilot/page/Home': Total: 1.1 s, transactions: 6, Velocity: 0.908 s [100% evaluate in Wiki (1x)] (1x), svn: 0.851 s [81% info (130x)] (160x), resolve: 0.172 s [98% WikiPage (41x)] (58x)
2017-05-15 18:27:29,754 [ajp-nio-8889-exec-6 | u:admin] INFO  TXLOGGER  - Summary for 'PortalDataService.getWikiSpacesAndPages': Total: 1.49 s, transactions: 0, resolve: 1.33 s [48% Module (13x), 38% WikiPage (76x)] (166x), svn: 1.2 s [57% info (128x), 29% getFile content (43x)] (194x)
2017-05-15 18:27:44,869 [ajp-nio-8889-exec-1 | u:admin] INFO  TXLOGGER  - Tx 57030be60187e_0_57030be60187e_0_: finished. Total: 0.159 s, svn: 0.11 s [88% info (19x)] (22x), resolve: 0.0112 s [70% RichPage (79x), 17% WikiPage (89x)] (207x)
2017-05-15 18:27:44,869 [ajp-nio-8889-exec-1 | u:admin] INFO  TXLOGGER  - Summary for 'WikiDataService.loadWikiIndexData': Total: 0.16 s, transactions: 1, svn: 0.11 s [88% info (19x)] (22x), resolve: 0.0112 s [70% RichPage (79x), 17% WikiPage (89x)] (207x)
2017-05-15 18:27:49,976 [ajp-nio-8889-exec-3 | u:admin | uri:/polarion/wiki/bin/view/project/drivepilot/page/Dashboard | wiki: view http://localhost/polarion/wiki/bin/view/project/drivepilot/page/Dashboard] INFO  TXLOGGER  - Tx 57030beab1882_0_57030beab1882_0_: finished. Total: 0.466 s, Lucene: 0.0337 s [100% search (5x)] (5x)
2017-05-15 18:27:49,992 [ajp-nio-8889-exec-3] INFO  TXLOGGER  - Summary for 'servlet /polarion/wiki/bin/view/project/drivepilot/page/Dashboard': Total: 0.737 s, transactions: 5, Velocity: 0.643 s [100% evaluate in Wiki (1x)] (1x), svn: 0.135 s [86% info (24x)] (29x)
2017-05-15 18:27:52,403 [ajp-nio-8889-exec-6 | u:admin] INFO  TXLOGGER  - Tx 57030bed56c84_0_57030bed56c84_0_: finished. Total: 0.184 s, permissions: 0.16 s [100% readInstance (7x)] (7x), resolve: 0.159 s [100% WorkItem (6x)] (7x), svn: 0.134 s [34% info (8x), 34% getFile content (6x), 31% getDir2 content (6x)] (22x), calculatedFieldsContributor: 0.0102 s [100% fields (6x)] (6x), RepositoryConfigService: 0.01 s [85% getExistingPrefixes (6x)] (54x)
2017-05-15 18:27:52,408 [ajp-nio-8889-exec-6 | u:admin] INFO  TXLOGGER  - Summary for 'WorkItemDataService.getLivePlanFlashData': Total: 0.196 s, transactions: 1, permissions: 0.16 s [100% readInstance (7x)] (7x), resolve: 0.159 s [100% WorkItem (6x)] (7x), svn: 0.134 s [34% info (8x), 34% getFile content (6x), 31% getDir2 content (6x)] (22x), calculatedFieldsContributor: 0.0102 s [100% fields (6x)] (6x), RepositoryConfigService: 0.01 s [85% getExistingPrefixes (6x)] (54x)
2017-05-15 18:27:54,681 [ajp-nio-8889-exec-3] INFO  TXLOGGER  - Summary for 'servlet /polarion/wiki/bin/view/project/drivepilot/page/Version_2_0-burnup': Total: 0.128 s, transactions: 2, Velocity: 0.0863 s [100% evaluate in Wiki (1x)] (1x), svn: 0.0173 s [100% info (3x)] (3x)
2017-05-15 18:27:56,287 [ajp-nio-8889-exec-9] INFO  TXLOGGER  - Summary for 'servlet /polarion/wiki/bin/view/project/drivepilot/page/Dashboard': Total: 0.158 s, transactions: 4, Velocity: 0.117 s [100% evaluate in Wiki (1x)] (1x), svn: 0.0152 s [100% info (3x)] (3x), permissions: 0.0119 s [97% readInstance (46x)] (62x)
2017-05-15 18:28:01,682 [ajp-nio-8889-exec-8] INFO  TXLOGGER  - Summary for 'servlet /polarion/wiki/bin/view/project/drivepilot/page/?service=Overview': Total: 0.202 s, transactions: 1, Velocity: 0.164 s [100% evaluate in Wiki (1x)] (1x), svn: 0.0761 s [86% info (16x)] (18x)
2017-05-15 18:28:06,354 [ajp-nio-8889-exec-3 | u:admin | uri:/polarion/wiki/bin/view/project/drivepilot/page/Home | wiki: view http://localhost/polarion/wiki/bin/view/project/drivepilot/page/Home] INFO  TXLOGGER  - Tx 57030bfb0388e_0_57030bfb0388e_0_: finished. Total: 0.132 s, svn: 0.114 s [100% info (24x)] (25x)
2017-05-15 18:28:06,369 [ajp-nio-8889-exec-3] INFO  TXLOGGER  - Summary for 'servlet /polarion/wiki/bin/view/project/drivepilot/page/Home': Total: 0.253 s, transactions: 3, Velocity: 0.199 s [100% evaluate in Wiki (1x)] (1x), svn: 0.131 s [100% info (27x)] (28x)
2017-05-15 18:28:30,365 [ajp-nio-8889-exec-3 | u:admin | uri:/polarion/wiki/bin/view/project/drivepilot/page/Home?spaceTitle=Default+Space | wiki: view http://localhost/polarion/wiki/bin/view/project/drivepilot/page/Home] INFO  TXLOGGER  - Tx 57030c1275091_0_57030c1275091_0_: finished. Total: 0.136 s, svn: 0.119 s [100% info (24x)] (25x)
2017-05-15 18:28:30,380 [ajp-nio-8889-exec-3] INFO  TXLOGGER  - Summary for 'servlet /polarion/wiki/bin/view/project/drivepilot/page/Home?spaceTitle=Default+Space': Total: 0.255 s, transactions: 3, Velocity: 0.217 s [100% evaluate in Wiki (1x)] (1x), svn: 0.134 s [100% info (27x)] (28x)
2017-05-15 18:28:37,150 [ajp-nio-8889-exec-7] INFO  TXLOGGER  - Summary for 'servlet /polarion/wiki/bin/edit/project/drivepilot/page/_default/Home?$languageparams&editor=wiki&create=1': Total: 3.23 s, transactions: 2, Velocity: 0.173 s [100% evaluate in Wiki (1x)] (1x)
2017-05-15 18:28:56,028 [ajp-nio-8889-exec-10] INFO  TXLOGGER  - Summary for 'servlet /polarion/wiki/bin/view/project/drivepilot/page/Dashboard': Total: 0.153 s, transactions: 4, Velocity: 0.114 s [100% evaluate in Wiki (1x)] (1x), svn: 0.0218 s [100% info (3x)] (3x)
2017-05-15 18:29:00,821 [ajp-nio-8889-exec-2] INFO  TXLOGGER  - Summary for 'servlet /polarion/wiki/bin/edit/project/drivepilot/page/_default/Dashboard?$languageparams&editor=wiki&create=1': Total: 1.61 s, transactions: 2
2017-05-15 18:29:12,342 [ajp-nio-8889-exec-10 | u:admin | uri:/polarion/wiki/bin/view/page/Dashboard | wiki: view http://localhost/polarion/wiki/bin/view/page/Dashboard] INFO  TXLOGGER  - Tx 57030c3b7689c_0_57030c3b7689c_0_: finished. Total: 0.125 s
2017-05-15 18:29:12,360 [ajp-nio-8889-exec-10] INFO  TXLOGGER  - Summary for 'servlet /polarion/wiki/bin/view/page/Dashboard': Total: 1.75 s, transactions: 2, Velocity: 0.198 s [100% evaluate in Wiki (1x)] (1x)
2017-05-15 18:29:16,420 [ajp-nio-8889-exec-7] INFO  TXLOGGER  - Summary for 'servlet /polarion/wiki/bin/view/page/Home': Total: 0.101 s, transactions: 2, Velocity: 0.0607 s [100% evaluate in Wiki (1x)] (1x), svn: 0.0187 s [100% info (5x)] (5x)
2017-05-15 18:29:26,541 [ajp-nio-8889-exec-5 | u:admin] INFO  TXLOGGER  - Tx 57030c49200a3_0_57030c49200a3_0_: finished. Total: 0.333 s, svn: 0.31 s [73% info (50x), 15% getDir2 content (7x)] (66x)
2017-05-15 18:29:26,543 [ajp-nio-8889-exec-5 | u:admin] INFO  TXLOGGER  - Summary for 'RpeWidgetsModel.initialize': Total: 0.335 s, transactions: 1, svn: 0.31 s [73% info (50x), 15% getDir2 content (7x)] (66x)
2017-05-15 18:29:48,863 [ajp-nio-8889-exec-7 | u:admin] INFO  TXLOGGER  - Tx 57030c5eee4a5_0_57030c5eee4a5_0_: finished. Total: 0.333 s, svn: 0.311 s [73% info (50x), 15% getDir2 content (7x)] (66x)
2017-05-15 18:29:48,863 [ajp-nio-8889-exec-7 | u:admin] INFO  TXLOGGER  - Summary for 'RpeWidgetsModel.initialize': Total: 0.335 s, transactions: 1, svn: 0.311 s [73% info (50x), 15% getDir2 content (7x)] (66x)
2017-05-15 18:29:58,709 [ajp-nio-8889-exec-9 | u:admin | uri:/polarion/wiki/bin/view/project/drivepilot/page/Home | wiki: view http://localhost/polarion/wiki/bin/view/project/drivepilot/page/Home] INFO  TXLOGGER  - Tx 57030c68bcca7_0_57030c68bcca7_0_: finished. Total: 0.129 s, svn: 0.113 s [100% info (24x)] (25x)
2017-05-15 18:29:58,728 [ajp-nio-8889-exec-9] INFO  TXLOGGER  - Summary for 'servlet /polarion/wiki/bin/view/project/drivepilot/page/Home': Total: 0.255 s, transactions: 3, Velocity: 0.217 s [100% evaluate in Wiki (1x)] (1x), svn: 0.134 s [100% info (29x)] (30x)
2017-05-15 18:30:02,636 [ajp-nio-8889-exec-4 | u:admin] INFO  TXLOGGER  - Summary for 'PortalDataService.getWikiSpacesAndPages': Total: 0.108 s, transactions: 0, svn: 0.0862 s [88% info (16x)] (18x)
2017-05-15 18:30:06,979 [ajp-nio-8889-exec-9 | u:admin | uri:/polarion/wiki/bin/view/project/drivepilot/page/Home?spaceTitle=Default+Space | wiki: view http://localhost/polarion/wiki/bin/view/project/drivepilot/page/Home] INFO  TXLOGGER  - Tx 57030c70cfcaa_0_57030c70cfcaa_0_: finished. Total: 0.132 s, svn: 0.116 s [100% info (24x)] (25x)
2017-05-15 18:30:06,998 [ajp-nio-8889-exec-9] INFO  TXLOGGER  - Summary for 'servlet /polarion/wiki/bin/view/project/drivepilot/page/Home?spaceTitle=Default+Space': Total: 0.26 s, transactions: 3, Velocity: 0.213 s [100% evaluate in Wiki (1x)] (1x), svn: 0.137 s [100% info (29x)] (30x)
2017-05-15 18:30:13,370 [ajp-nio-8889-exec-10] INFO  TXLOGGER  - Summary for 'servlet /polarion/wiki/bin/edit/project/drivepilot/page/_default/Home?$languageparams&editor=wiki&create=1': Total: 0.113 s, transactions: 2, Velocity: 0.0705 s [100% evaluate in Wiki (1x)] (1x), svn: 0.0115 s [100% info (3x)] (4x)
2017-05-15 18:30:22,471 [ajp-nio-8889-exec-3] INFO  TXLOGGER  - Summary for 'servlet /polarion/wiki/bin/view/project/drivepilot/page/_default/?xpage=xchecksessionedit&makroPicker=true': Total: 1.07 s, transactions: 0
2017-05-15 18:30:28,643 [ajp-nio-8889-exec-8 | u:admin | uri:/polarion/wiki/bin/save/project/drivepilot/page/_default/Home | wiki: save http://localhost/polarion/wiki/bin/save/project/drivepilot/page/_default/Home] INFO  TXLOGGER  - Tx 57030c8022cae_0_57030c8022cae_0_: finished. Total: 6.1 s, svn: 5.9 s [99% endActivity (1x)] (12x), processed revs: [3, 3 (delay 6s)], write: true
2017-05-15 18:30:28,658 [ajp-nio-8889-exec-8] INFO  TXLOGGER  - Summary for 'servlet /polarion/wiki/bin/save/project/drivepilot/page/_default/Home': Total: 6.17 s, transactions: 1, svn: 5.92 s [99% endActivity (1x)] (16x)
2017-05-15 18:30:30,346 [ajp-nio-8889-exec-4 | u:admin | uri:/polarion/wiki/bin/preview/project/drivepilot/page/_default/Home?xpage=xpreview | wiki: preview http://localhost/polarion/wiki/bin/preview/project/drivepilot/page/_default/Home] INFO  TXLOGGER  - Tx 57030c879f8bc_0_57030c879f8bc_0_: finished. Total: 0.14 s, svn: 0.122 s [100% info (24x)] (25x)
2017-05-15 18:30:30,346 [ajp-nio-8889-exec-4] INFO  TXLOGGER  - Summary for 'servlet /polarion/wiki/bin/preview/project/drivepilot/page/_default/Home?xpage=xpreview': Total: 0.194 s, transactions: 2, Velocity: 0.154 s [100% evaluate in Wiki (1x)] (1x), svn: 0.131 s [100% info (26x)] (27x)
