2017-05-17 14:29:37,616 [localhost-startStop-1] INFO  com.siemens.polarion.rt.config.RtAppConfig  - RT server config is created
2017-05-17 14:29:39,241 [localhost-startStop-1] INFO  com.siemens.polarion.rt.parsers.RtParserProviderImpl  - Initialization of RT parsers...
2017-05-17 14:29:39,243 [localhost-startStop-1] INFO  com.siemens.polarion.rt.parsers.RtParserProviderImpl  - Found parser com.siemens.polarion.rt.parsers.c (contributed by 'com.siemens.polarion.rt.parsers.c')
2017-05-17 14:29:39,244 [localhost-startStop-1] INFO  com.siemens.polarion.rt.parsers.RtParserProviderImpl  - Found parser com.siemens.polarion.rt.parsers.java (contributed by 'com.siemens.polarion.rt')
2017-05-17 14:29:39,245 [localhost-startStop-1] INFO  com.siemens.polarion.rt.parsers.RtParserProviderImpl  - Found parser com.siemens.polarion.rt.parsers.xml (contributed by 'com.siemens.polarion.rt')
2017-05-17 14:29:39,268 [localhost-startStop-1] INFO  com.siemens.polarion.rt.collectors.RtCollectorProviderImpl  - Initialization of RT collectors...
2017-05-17 14:29:39,269 [localhost-startStop-1] INFO  com.siemens.polarion.rt.collectors.RtCollectorProviderImpl  - Found collector for subversion (contributed by 'com.siemens.polarion.rt')
2017-05-17 14:29:39,270 [localhost-startStop-1] INFO  com.siemens.polarion.rt.collectors.RtCollectorProviderImpl  - Found collector for git (contributed by 'com.siemens.polarion.rt.collectors.git')
2017-05-17 14:29:51,957 [main | u:p] INFO  com.siemens.polarion.rt.communication.connection.RtNotifier  - RT server was successfully notified of configuration change.
2017-05-17 14:29:51,957 [main | u:p] INFO  com.siemens.polarion.rt.communication.connection.RtNotificationStartup  - Rt notification service is started
2017-05-17 14:55:02,384 [ajp-nio-8889-exec-9 | u:admin | u:p | r:35] INFO  com.siemens.polarion.rt.communication.connection.RtNotifier  - RT server was successfully notified of configuration change.
2017-05-17 14:55:09,550 [ajp-nio-8889-exec-1 | u:admin | u:p | r:36] INFO  com.siemens.polarion.rt.communication.connection.RtNotifier  - RT server was successfully notified of configuration change.
2017-05-17 14:55:18,926 [ajp-nio-8889-exec-3 | u:admin | u:p | r:37] INFO  com.siemens.polarion.rt.communication.connection.RtNotifier  - RT server was successfully notified of configuration change.
2017-05-17 14:55:27,883 [ajp-nio-8889-exec-5 | u:admin | u:p | r:38] INFO  com.siemens.polarion.rt.communication.connection.RtNotifier  - RT server was successfully notified of configuration change.
2017-05-17 14:56:57,336 [ajp-nio-8889-exec-7 | u:admin | u:p | r:39] INFO  com.siemens.polarion.rt.communication.connection.RtNotifier  - RT server was successfully notified of configuration change.
2017-05-17 15:51:59,173 [ajp-nio-8889-exec-8 | u:admin | u:p | r:40] INFO  com.siemens.polarion.rt.communication.connection.RtNotifier  - RT server was successfully notified of configuration change.
2017-05-17 16:17:48,010 [ajp-nio-8889-exec-10 | u:admin | u:p | r:41] INFO  com.siemens.polarion.rt.communication.connection.RtNotifier  - RT server was successfully notified of configuration change.
2017-05-17 16:17:59,434 [ajp-nio-8889-exec-2 | u:admin | u:p | r:42] INFO  com.siemens.polarion.rt.communication.connection.RtNotifier  - RT server was successfully notified of configuration change.
2017-05-17 16:19:09,025 [ajp-nio-8889-exec-4 | u:admin | u:p | r:43] INFO  com.siemens.polarion.rt.communication.connection.RtNotifier  - RT server was successfully notified of configuration change.
2017-05-17 16:20:02,283 [ajp-nio-8889-exec-9 | u:admin | u:p | r:44] INFO  com.siemens.polarion.rt.communication.connection.RtNotifier  - RT server was successfully notified of configuration change.
2017-05-17 16:24:13,598 [ajp-nio-8889-exec-10 | u:admin | u:p | r:45] INFO  com.siemens.polarion.rt.communication.connection.RtNotifier  - RT server was successfully notified of configuration change.
