2017-05-16 12:58:39,830 [main | u:p] INFO  TXLOGGER  - Summary for 'Platform startup': transactions: 0, DB: 0.0511 s [57% query (13x), 42% update (126x)] (206x), svn: 0.0219 s [82% checkPath (1x)] (3x)
2017-05-16 12:58:39,962 [main | u:p] INFO  TXLOGGER  - Summary for 'Context recognition': transactions: 0, svn: 0.0564 s [43% info (3x), 30% getDir2 content (2x), 27% getFile content (1x)] (6x)
2017-05-16 12:58:40,342 [LowLevelDataService-contextInitializer-2 | u:p] INFO  TXLOGGER  - Summary: Total: 0.377 s, transactions: 0
2017-05-16 12:58:40,342 [LowLevelDataService-contextInitializer-4 | u:p] INFO  TXLOGGER  - Summary: Total: 0.377 s, transactions: 0, svn: 0.0447 s [96% log2 (5x)] (6x), ObjectMaps: 0.0385 s [100% getAllPrimaryObjects (1x)] (7x)
2017-05-16 12:58:40,342 [LowLevelDataService-contextInitializer-3 | u:p] INFO  TXLOGGER  - Summary: Total: 0.377 s, transactions: 0, svn: 0.0884 s [47% log2 (5x), 28% log (1x), 15% info (2x)] (11x)
2017-05-16 12:58:40,342 [LowLevelDataService-contextInitializer-1 | u:p] INFO  TXLOGGER  - Summary: Total: 0.377 s, transactions: 0, svn: 0.0622 s [84% log2 (5x)] (7x), ObjectMaps: 0.0476 s [97% getAllPrimaryObjects (1x)] (13x)
2017-05-16 12:58:40,342 [LowLevelDataService-contextInitializer-5 | u:p] INFO  TXLOGGER  - Summary: Total: 0.377 s, transactions: 0, svn: 0.0664 s [97% log2 (5x)] (6x), ObjectMaps: 0.0298 s [100% getAllPrimaryObjects (1x)] (7x)
2017-05-16 12:58:40,342 [main | u:p] INFO  TXLOGGER  - Summary for 'Context initialization': transactions: 0, svn: 0.278 s [78% log2 (21x), 9% log (1x)] (32x), ObjectMaps: 0.124 s [96% getAllPrimaryObjects (5x)] (41x)
2017-05-16 12:58:40,696 [main | u:p] INFO  TXLOGGER  - Summary for 'Revisions processing': transactions: 25, RepositoryConfigService: 0.289 s [100% getReadConfiguration (30x)] (30x), svn: 0.156 s [93% info (26x)] (54x)
2017-05-16 12:58:41,159 [main | u:p] INFO  TXLOGGER  - Summary for 'Build artifacts recognition': transactions: 30, svn: 0.351 s [82% info (60x)] (103x), RepositoryConfigService: 0.312 s [100% getReadConfiguration (36x)] (36x)
2017-05-16 12:58:41,620 [main | u:p] INFO  TXLOGGER  - Summary for 'Data indexing': transactions: 0, Lucene: 0.189 s [100% refresh (1x)] (1x), SubterraURITable: 0.088 s [100% addIfNotExistsDB (1x)] (1x), DB: 0.00953 s [72% update (3x), 21% query (1x)] (8x)
2017-05-16 12:59:14,328 [main] INFO  TXLOGGER  - Summary for 'Polarion startup': transactions: 1, svn: 0.237 s [80% info (39x)] (56x), RepositoryConfigService: 0.0252 s [100% getReadConfiguration (2x)] (2x)
2017-05-16 12:59:14,503 [Worker-0 | u:p | job: polarion.jobs.attachment.indexer] INFO  TXLOGGER  - Summary after AttachmentIndexer: transactions: 6, Lucene: 0.0989 s [100% add (2x)] (2x), persistence listener: 0.0726 s [90% notificationsCreatingListener (1x)] (7x), resolve: 0.0316 s [91% User (2x)] (5x), ObjectMaps: 0.0113 s [100% getPrimaryObjectLocation (2x)] (2x)
2017-05-16 12:59:14,871 [PreLoadDataService | u:p] INFO  TXLOGGER  - Tx 57040a4c98039_0_57040a4c98039_0_: finished. Total: 0.534 s, svn: 0.317 s [69% getDir2 content (25x), 30% getFile content (13x)] (40x), resolve: 0.216 s [53% TimePoint (5x), 47% Category (6x)] (11x), ObjectMaps: 0.0294 s [56% getPrimaryObjectLocation (11x), 25% getPrimaryObjectProperty (11x)] (46x)
2017-05-16 12:59:15,243 [PreLoadDataService | u:p] INFO  TXLOGGER  - Tx 57040a4d35841_0_57040a4d35841_0_: finished. Total: 0.276 s, resolve: 0.165 s [100% User (8x)] (8x), svn: 0.14 s [69% getFile content (12x), 31% info (6x)] (19x), RepositoryConfigService: 0.0829 s [78% getReadConfiguration (56x), 22% getReadUserConfiguration (2x)] (58x), ObjectMaps: 0.0201 s [42% getPrimaryObjectLocation (8x), 35% getPrimaryObjectProperty (8x), 22% getLastPromoted (8x)] (33x)
2017-05-16 12:59:15,404 [PreLoadDataService | u:p] INFO  TXLOGGER  - Tx 57040a4d7ac42_0_57040a4d7ac42_0_: finished. Total: 0.16 s, RepositoryConfigService: 0.138 s [99% getReadConfiguration (54x)] (77x), svn: 0.118 s [100% getFile content (12x)] (13x)
2017-05-16 12:59:15,511 [DBHistoryCreator-1 | u:p] INFO  TXLOGGER  - Summary: Total: 0.976 s, transactions: 0
2017-05-16 12:59:15,511 [Worker-1 | u:p | job: polarion.jobs.db.history] INFO  TXLOGGER  - Summary after DBHistoryCreator: transactions: 0, Lucene: 0.0207 s [100% add (1x)] (1x), svn: 0.00118 s [100% getLatestRevision (1x)] (1x)
2017-05-16 12:59:15,511 [Worker-1 | u:p] INFO  TXLOGGER  - Summary for 'job: polarion.jobs.db.history': Total: 1.01 s, transactions: 0, DB: 0.781 s [72% query (1044x), 18% update (1019x)] (5146x), SubterraURITable: 0.462 s [100% getDB (1018x)] (1018x)
2017-05-16 12:59:16,046 [PreLoadDataService | u:p] INFO  TXLOGGER  - Tx 57040a4da3043_0_57040a4da3043_0_: finished. Total: 0.643 s, svn: 0.581 s [62% getFile content (47x), 38% getDir2 content (17x)] (65x), RepositoryConfigService: 0.405 s [100% getReadConfiguration (164x)] (180x)
2017-05-16 12:59:16,325 [PreLoadDataService | u:p] INFO  TXLOGGER  - Tx 57040a4e43844_0_57040a4e43844_0_: finished. Total: 0.278 s, svn: 0.257 s [51% getFile content (21x), 49% getDir2 content (17x)] (39x), RepositoryConfigService: 0.147 s [99% getReadConfiguration (88x)] (110x)
2017-05-16 12:59:16,448 [PreLoadDataService | u:p] INFO  TXLOGGER  - Tx 57040a4e89445_0_57040a4e89445_0_: finished. Total: 0.123 s, svn: 0.111 s [56% getDir2 content (11x), 44% getFile content (8x)] (20x), RepositoryConfigService: 0.0573 s [99% getReadConfiguration (38x)] (54x)
2017-05-16 12:59:16,448 [PreLoadDataService] INFO  TXLOGGER  - Summary for 'PreloadDataService': Total: 2.12 s, transactions: 7, svn: 1.56 s [56% getFile content (116x), 41% getDir2 content (72x)] (206x), RepositoryConfigService: 0.852 s [97% getReadConfiguration (402x)] (485x), resolve: 0.432 s [38% User (8x), 27% TimePoint (5x), 23% Category (6x)] (22x)
2017-05-16 12:59:16,449 [PreLoadDataService] INFO  TXLOGGER  - Summary after preload: transactions: 7, svn: 1.56 s [56% getFile content (116x), 41% getDir2 content (72x)] (206x), RepositoryConfigService: 0.852 s [97% getReadConfiguration (402x)] (485x), DB: 0.781 s [72% query (1044x), 18% update (1019x)] (5146x), SubterraURITable: 0.462 s [100% getDB (1018x)] (1018x), resolve: 0.432 s [38% User (9x), 27% TimePoint (5x), 23% Category (6x)] (23x)
