2017-05-16 14:40:38,011 [main] INFO  com.polarion.platform.startup  - ****************************************************************
2017-05-16 14:40:38,012 [main] INFO  com.polarion.platform.startup  -                 Polarion starting, please wait!                 
2017-05-16 14:40:38,012 [main] INFO  com.polarion.platform.startup  - ****************************************************************
2017-05-16 14:40:38,012 [main] INFO  com.polarion.platform.startup  - Server start mode: normal
2017-05-16 14:40:38,012 [main] INFO  com.polarion.platform.startup  - ------------------------------
2017-05-16 14:40:38,012 [main] INFO  com.polarion.platform.startup  - Platform startup (Phase: 1/9)
2017-05-16 14:40:42,172 [main] INFO  com.polarion.platform.startup  - Opening historical database...
2017-05-16 14:40:42,376 [main] INFO  com.polarion.platform.startup  - Opening of historical database finished [ TIME 0.202 s. ]
2017-05-16 14:40:42,376 [main] INFO  com.polarion.platform.startup  - Opening head database...
2017-05-16 14:40:42,440 [main] INFO  com.polarion.platform.startup  - Opening of head database finished [ TIME 0.0645 s. ]
2017-05-16 14:40:42,602 [main | u:p] INFO  com.polarion.platform.startup  -  -- Polarion startup estimation:  [ TIME 51 s. ]
2017-05-16 14:40:42,692 [main | u:p] INFO  com.polarion.platform.startup  - Platform startup ... took  [ TIME 4.69 s. ]
2017-05-16 14:40:42,806 [main | u:p] INFO  com.polarion.platform.startup  - ------------------------------
2017-05-16 14:40:42,806 [main | u:p] INFO  com.polarion.platform.startup  - Context recognition (Phase: 2/9)
2017-05-16 14:40:42,832 [main | u:p] INFO  com.polarion.platform.startup  - Context recognition ... took  [ TIME 0.14 s. ]
2017-05-16 14:40:42,832 [main | u:p] INFO  com.polarion.platform.startup  - ------------------------------
2017-05-16 14:40:42,833 [main | u:p] INFO  com.polarion.platform.startup  - Context initialization (Phase: 3/9)
2017-05-16 14:40:42,835 [LowLevelDataService-contextInitializer-4 | u:p | context: library] INFO  com.polarion.platform.startup  -  -- Initializing context: library (1/6)
2017-05-16 14:40:42,835 [LowLevelDataService-contextInitializer-1 | u:p | context: [GLOBAL]] INFO  com.polarion.platform.startup  -  -- Initializing context: [GLOBAL] (3/6)
2017-05-16 14:40:42,835 [LowLevelDataService-contextInitializer-5 | u:p | context: elibrary] INFO  com.polarion.platform.startup  -  -- Initializing context: elibrary (4/6)
2017-05-16 14:40:42,835 [LowLevelDataService-contextInitializer-3 | u:p | context: --Demo Projects] INFO  com.polarion.platform.startup  -  -- Initializing context: --Demo Projects (2/6)
2017-05-16 14:40:42,835 [LowLevelDataService-contextInitializer-2 | u:p | cluster: default] INFO  com.polarion.platform.startup  -  -- Initializing cluster: default (5/6)
2017-05-16 14:40:42,838 [LowLevelDataService-contextInitializer-1 | u:p | context: drivepilot] INFO  com.polarion.platform.startup  -  -- Initializing context: drivepilot (6/6)
2017-05-16 14:40:43,170 [main | u:p] INFO  com.polarion.platform.startup  - Context initialization ... took  [ TIME 0.34 s. ]
2017-05-16 14:40:43,177 [main | u:p] INFO  com.polarion.platform.startup  - ------------------------------
2017-05-16 14:40:43,177 [main | u:p] INFO  com.polarion.platform.startup  - Revisions processing (Phase: 4/9)
2017-05-16 14:40:43,364 [main | u:p] INFO  com.polarion.platform.startup  -  -- Processing new revisions from repository default in context ContextId[context [global]]
2017-05-16 14:40:43,373 [main | u:p] INFO  com.polarion.platform.startup  - Revisions processing ... took  [ TIME 0.2 s. ]
2017-05-16 14:40:43,414 [main | u:p] INFO  com.polarion.platform.startup  - ------------------------------
2017-05-16 14:40:43,414 [main | u:p] INFO  com.polarion.platform.startup  - Build artifacts recognition (Phase: 5/9)
2017-05-16 14:40:43,418 [main | u:p] INFO  com.polarion.platform.startup  -  -- Processing build artifacts from context: [GLOBAL] (1/6)
2017-05-16 14:40:43,511 [main | u:p] INFO  com.polarion.platform.startup  -  -- Processing build artifacts from cluster: default (2/6)
2017-05-16 14:40:43,549 [main | u:p] INFO  com.polarion.platform.startup  -  -- Processing build artifacts from context: --Demo Projects (3/6)
2017-05-16 14:40:43,595 [main | u:p] INFO  com.polarion.platform.startup  -  -- Processing build artifacts from context: library (4/6)
2017-05-16 14:40:43,701 [main | u:p] INFO  com.polarion.platform.startup  -  -- Processing build artifacts from context: elibrary (5/6)
2017-05-16 14:40:43,815 [main | u:p] INFO  com.polarion.platform.startup  -  -- Processing build artifacts from context: drivepilot (6/6)
2017-05-16 14:40:43,815 [main | u:p] INFO  com.polarion.platform.startup  - Build artifacts recognition ... took  [ TIME 0.44 s. ]
2017-05-16 14:40:43,815 [main | u:p] INFO  com.polarion.platform.startup  - ------------------------------
2017-05-16 14:40:43,815 [main | u:p] INFO  com.polarion.platform.startup  - BIR inspection (Phase: 6/9)
2017-05-16 14:40:43,845 [main | u:p] INFO  com.polarion.platform.startup  - BIR inspection ... took  [ TIME 0.03 s. ]
2017-05-16 14:40:43,845 [main | u:p] INFO  com.polarion.platform.startup  - ------------------------------
2017-05-16 14:40:43,846 [main | u:p] INFO  com.polarion.platform.startup  - Data indexing (Phase: 7/9)
2017-05-16 14:40:43,985 [main | u:p] INFO  com.polarion.platform.startup  -  -- Refreshing 1 objects in index: Revision
2017-05-16 14:40:43,989 [main | u:p] INFO  com.polarion.platform.startup  -  -- -- 1 from 1 objects were refreshed (100%)
2017-05-16 14:40:44,250 [main | u:p] INFO  com.polarion.platform.startup  - Data indexing ... took  [ TIME 0.4 s. ]
2017-05-16 14:40:44,250 [main | u:p] INFO  com.polarion.platform.startup  - ------------------------------
2017-05-16 14:40:44,250 [main | u:p] INFO  com.polarion.platform.startup  - Fields recalculation (Phase: 8/9)
2017-05-16 14:40:44,260 [main | u:p] INFO  com.polarion.platform.startup  - Fields recalculation ... took  [ TIME 0.01 s. ]
2017-05-16 14:40:44,260 [main | u:p] INFO  com.polarion.platform.startup  - ------------------------------
2017-05-16 14:40:44,260 [main | u:p] INFO  com.polarion.platform.startup  - Polarion startup (Phase: 9/9)
2017-05-16 14:41:15,937 [main] INFO  com.polarion.platform.startup  - Polarion startup ... took  [ TIME 31.68 s. ]
2017-05-16 14:41:15,937 [main] INFO  com.polarion.platform.startup  - ****************************************************************
2017-05-16 14:41:15,937 [main] INFO  com.polarion.platform.startup  -                  Polarion started:  [ TIME 37.9 s. ]
2017-05-16 14:41:15,937 [main] INFO  com.polarion.platform.startup  - ****************************************************************
