2017-05-16 12:44:48,993 [main | u:p] INFO  TXLOGGER  - Summary for 'Platform startup': transactions: 0, DB: 0.0393 s [52% update (126x), 46% query (13x)] (206x), svn: 0.021 s [82% checkPath (1x)] (3x)
2017-05-16 12:44:49,142 [main | u:p] INFO  TXLOGGER  - Summary for 'Context recognition': transactions: 0, svn: 0.0625 s [48% info (3x), 28% getFile content (1x), 24% getDir2 content (2x)] (6x)
2017-05-16 12:44:49,471 [LowLevelDataService-contextInitializer-2 | u:p] INFO  TXLOGGER  - Summary: Total: 0.319 s, transactions: 0
2017-05-16 12:44:49,471 [LowLevelDataService-contextInitializer-3 | u:p] INFO  TXLOGGER  - Summary: Total: 0.319 s, transactions: 0, svn: 0.0335 s [93% log2 (5x)] (6x)
2017-05-16 12:44:49,472 [LowLevelDataService-contextInitializer-4 | u:p] INFO  TXLOGGER  - Summary: Total: 0.319 s, transactions: 0, svn: 0.0476 s [97% log2 (5x)] (6x), ObjectMaps: 0.0362 s [100% getAllPrimaryObjects (1x)] (7x)
2017-05-16 12:44:49,472 [LowLevelDataService-contextInitializer-5 | u:p] INFO  TXLOGGER  - Summary: Total: 0.319 s, transactions: 0, svn: 0.0673 s [97% log2 (5x)] (6x), ObjectMaps: 0.0236 s [100% getAllPrimaryObjects (1x)] (7x)
2017-05-16 12:44:49,473 [LowLevelDataService-contextInitializer-1 | u:p] INFO  TXLOGGER  - Summary: Total: 0.319 s, transactions: 0, svn: 0.103 s [50% log2 (5x), 16% log (1x), 16% getFile content (2x)] (12x), ObjectMaps: 0.0407 s [97% getAllPrimaryObjects (1x)] (13x)
2017-05-16 12:44:49,473 [main | u:p] INFO  TXLOGGER  - Summary for 'Context initialization': transactions: 0, svn: 0.266 s [78% log2 (21x), 6% log (1x)] (32x), ObjectMaps: 0.11 s [98% getAllPrimaryObjects (5x)] (41x)
2017-05-16 12:44:49,684 [main | u:p] INFO  TXLOGGER  - Summary for 'Revisions processing': transactions: 10, RepositoryConfigService: 0.141 s [100% getReadConfiguration (30x)] (30x), svn: 0.0648 s [85% info (11x)] (24x)
2017-05-16 12:44:50,112 [main | u:p] INFO  TXLOGGER  - Summary for 'Build artifacts recognition': transactions: 30, svn: 0.327 s [83% info (60x)] (103x), RepositoryConfigService: 0.292 s [100% getReadConfiguration (36x)] (36x)
2017-05-16 12:44:50,543 [main | u:p] INFO  TXLOGGER  - Summary for 'Data indexing': transactions: 0, Lucene: 0.166 s [100% refresh (1x)] (1x), SubterraURITable: 0.0859 s [100% addIfNotExistsDB (1x)] (1x)
2017-05-16 12:45:21,763 [main] INFO  TXLOGGER  - Summary for 'Polarion startup': transactions: 1, svn: 0.204 s [80% info (39x), 10% getDir2 content (4x)] (56x), RepositoryConfigService: 0.0192 s [100% getReadConfiguration (2x)] (2x)
2017-05-16 12:45:21,910 [Worker-0 | u:p | job: polarion.jobs.attachment.indexer] INFO  TXLOGGER  - Summary after AttachmentIndexer: transactions: 6, Lucene: 0.0741 s [100% add (2x)] (2x), persistence listener: 0.07 s [90% notificationsCreatingListener (1x)] (7x), resolve: 0.0283 s [90% User (2x)] (5x), ObjectMaps: 0.0113 s [100% getPrimaryObjectLocation (2x)] (2x)
2017-05-16 12:45:22,292 [PreLoadDataService | u:p] INFO  TXLOGGER  - Tx 5704071f8a82a_0_5704071f8a82a_0_: finished. Total: 0.521 s, svn: 0.31 s [65% getDir2 content (25x), 34% getFile content (13x)] (40x), resolve: 0.228 s [51% TimePoint (5x), 49% Category (6x)] (11x), ObjectMaps: 0.0295 s [54% getPrimaryObjectLocation (11x), 27% getPrimaryObjectProperty (11x)] (46x)
2017-05-16 12:45:22,457 [DBHistoryCreator-1 | u:p] INFO  TXLOGGER  - Summary: Total: 0.514 s, transactions: 0
2017-05-16 12:45:22,457 [Worker-1 | u:p | job: polarion.jobs.db.history] INFO  TXLOGGER  - Summary after DBHistoryCreator: transactions: 0, Lucene: 0.022 s [100% add (1x)] (1x)
2017-05-16 12:45:22,458 [Worker-1 | u:p] INFO  TXLOGGER  - Summary for 'job: polarion.jobs.db.history': Total: 0.55 s, transactions: 0, SubterraURITable: 0.356 s [100% getDB (1018x)] (1018x), DB: 0.348 s [56% query (1044x), 27% update (1019x)] (5146x)
2017-05-16 12:45:22,608 [PreLoadDataService | u:p] INFO  TXLOGGER  - Tx 5704072024032_0_5704072024032_0_: finished. Total: 0.223 s, resolve: 0.129 s [100% User (8x)] (8x), svn: 0.111 s [68% getFile content (12x), 32% info (6x)] (19x), RepositoryConfigService: 0.0709 s [75% getReadConfiguration (56x), 25% getReadUserConfiguration (2x)] (58x), ObjectMaps: 0.0201 s [57% getPrimaryObjectLocation (8x), 24% getPrimaryObjectProperty (8x)] (33x)
2017-05-16 12:45:23,188 [PreLoadDataService | u:p] INFO  TXLOGGER  - Tx 5704072073034_0_5704072073034_0_: finished. Total: 0.488 s, svn: 0.436 s [68% getFile content (47x), 32% getDir2 content (17x)] (65x), RepositoryConfigService: 0.336 s [100% getReadConfiguration (164x)] (180x)
2017-05-16 12:45:23,455 [PreLoadDataService | u:p] INFO  TXLOGGER  - Tx 57040720ed035_0_57040720ed035_0_: finished. Total: 0.266 s, svn: 0.246 s [50% getFile content (21x), 50% getDir2 content (17x)] (39x), RepositoryConfigService: 0.139 s [99% getReadConfiguration (88x)] (110x)
2017-05-16 12:45:23,578 [PreLoadDataService | u:p] INFO  TXLOGGER  - Tx 570407212fc36_0_570407212fc36_0_: finished. Total: 0.121 s, svn: 0.111 s [61% getDir2 content (11x), 39% getFile content (8x)] (20x), RepositoryConfigService: 0.0502 s [98% getReadConfiguration (38x)] (54x)
2017-05-16 12:45:23,578 [PreLoadDataService] INFO  TXLOGGER  - Summary for 'PreloadDataService': Total: 1.81 s, transactions: 7, svn: 1.31 s [55% getFile content (116x), 41% getDir2 content (72x)] (206x), RepositoryConfigService: 0.688 s [97% getReadConfiguration (402x)] (485x), resolve: 0.413 s [31% User (8x), 28% TimePoint (5x), 27% Category (6x)] (22x)
2017-05-16 12:45:23,579 [PreLoadDataService] INFO  TXLOGGER  - Summary after preload: transactions: 7, svn: 1.31 s [55% getFile content (116x), 41% getDir2 content (72x)] (207x), RepositoryConfigService: 0.688 s [97% getReadConfiguration (402x)] (485x), resolve: 0.413 s [31% User (9x), 28% TimePoint (5x), 27% Category (6x)] (23x), SubterraURITable: 0.356 s [100% getDB (1018x)] (1018x), DB: 0.348 s [56% query (1044x), 27% update (1019x)] (5146x)
2017-05-16 12:45:38,863 [ajp-nio-8889-exec-1 | u:admin] INFO  TXLOGGER  - Summary for 'PortalDataService.getInitData': Total: 0.17 s, transactions: 3, RepositoryConfigService: 0.0122 s [100% getReadConfiguration (8x)] (13x)
2017-05-16 12:45:39,344 [ajp-nio-8889-exec-2 | u:admin] INFO  TXLOGGER  - Summary for 'PortalDataService.requestPortalSite': Total: 0.141 s, transactions: 8, svn: 0.0525 s [52% info (5x), 39% getFile content (4x)] (18x), RepositoryConfigService: 0.0498 s [78% getReadConfiguration (26x), 22% getReadUserConfiguration (18x)] (50x)
2017-05-16 12:45:40,962 [ajp-nio-8889-exec-5 | u:admin | uri:/polarion/wiki/bin/view/project/drivepilot/page/Home | wiki: view http://localhost/polarion/wiki/bin/view/project/drivepilot/page/Home] INFO  TXLOGGER  - Tx 57040731f3047_0_57040731f3047_0_: finished. Total: 0.341 s, svn: 0.245 s [86% info (36x)] (43x), resolve: 0.172 s [98% WikiPage (24x)] (38x)
2017-05-16 12:45:40,992 [ajp-nio-8889-exec-5] INFO  TXLOGGER  - Summary for 'servlet /polarion/wiki/bin/view/project/drivepilot/page/Home': Total: 1.53 s, transactions: 6, Velocity: 1.24 s [100% evaluate in Wiki (1x)] (1x), svn: 0.92 s [82% info (132x)] (163x), resolve: 0.215 s [98% WikiPage (41x)] (59x)
2017-05-16 12:48:07,178 [ajp-nio-8889-exec-2] INFO  TXLOGGER  - Summary for 'servlet /polarion/wiki/bin/edit/project/drivepilot/page/_default/Home?$languageparams&editor=wiki&create=1': Total: 0.213 s, transactions: 2, Velocity: 0.14 s [100% evaluate in Wiki (1x)] (1x), svn: 0.0128 s [100% info (3x)] (4x)
2017-05-16 12:48:13,381 [ajp-nio-8889-exec-7 | u:admin | uri:/polarion/wiki/bin/preview/project/drivepilot/page/_default/Home?xpage=xpreview | wiki: preview http://localhost/polarion/wiki/bin/preview/project/drivepilot/page/_default/Home] INFO  TXLOGGER  - Tx 570407c6fe44c_0_570407c6fe44c_0_: finished. Total: 0.138 s, svn: 0.119 s [100% info (24x)] (25x)
2017-05-16 12:48:13,381 [ajp-nio-8889-exec-7] INFO  TXLOGGER  - Summary for 'servlet /polarion/wiki/bin/preview/project/drivepilot/page/_default/Home?xpage=xpreview': Total: 0.203 s, transactions: 2, Velocity: 0.148 s [100% evaluate in Wiki (1x)] (1x), svn: 0.131 s [100% info (26x)] (27x)
