2017-05-16 12:43:01,945 [main] INFO  com.polarion.platform.startup  - ****************************************************************
2017-05-16 12:43:01,946 [main] INFO  com.polarion.platform.startup  -                 Polarion starting, please wait!                 
2017-05-16 12:43:01,946 [main] INFO  com.polarion.platform.startup  - ****************************************************************
2017-05-16 12:43:01,946 [main] INFO  com.polarion.platform.startup  - Server start mode: normal
2017-05-16 12:43:01,946 [main] INFO  com.polarion.platform.startup  - ------------------------------
2017-05-16 12:43:01,946 [main] INFO  com.polarion.platform.startup  - Platform startup (Phase: 1/9)
2017-05-16 12:43:06,107 [main] INFO  com.polarion.platform.startup  - Opening historical database...
2017-05-16 12:43:06,317 [main] INFO  com.polarion.platform.startup  - Opening of historical database finished [ TIME 0.209 s. ]
2017-05-16 12:43:06,317 [main] INFO  com.polarion.platform.startup  - Opening head database...
2017-05-16 12:43:06,374 [main] INFO  com.polarion.platform.startup  - Opening of head database finished [ TIME 0.0563 s. ]
2017-05-16 12:43:06,537 [main | u:p] INFO  com.polarion.platform.startup  -  -- Polarion startup estimation:  [ TIME 58 s. ]
2017-05-16 12:43:06,615 [main | u:p] INFO  com.polarion.platform.startup  - Platform startup ... took  [ TIME 4.68 s. ]
2017-05-16 12:43:06,717 [main | u:p] INFO  com.polarion.platform.startup  - ------------------------------
2017-05-16 12:43:06,717 [main | u:p] INFO  com.polarion.platform.startup  - Context recognition (Phase: 2/9)
2017-05-16 12:43:06,743 [main | u:p] INFO  com.polarion.platform.startup  - Context recognition ... took  [ TIME 0.13 s. ]
2017-05-16 12:43:06,744 [main | u:p] INFO  com.polarion.platform.startup  - ------------------------------
2017-05-16 12:43:06,744 [main | u:p] INFO  com.polarion.platform.startup  - Context initialization (Phase: 3/9)
2017-05-16 12:43:06,746 [LowLevelDataService-contextInitializer-4 | u:p | context: library] INFO  com.polarion.platform.startup  -  -- Initializing context: library (5/6)
2017-05-16 12:43:06,746 [LowLevelDataService-contextInitializer-5 | u:p | context: elibrary] INFO  com.polarion.platform.startup  -  -- Initializing context: elibrary (2/6)
2017-05-16 12:43:06,746 [LowLevelDataService-contextInitializer-3 | u:p | context: --Demo Projects] INFO  com.polarion.platform.startup  -  -- Initializing context: --Demo Projects (1/6)
2017-05-16 12:43:06,746 [LowLevelDataService-contextInitializer-2 | u:p | cluster: default] INFO  com.polarion.platform.startup  -  -- Initializing cluster: default (4/6)
2017-05-16 12:43:06,746 [LowLevelDataService-contextInitializer-1 | u:p | context: [GLOBAL]] INFO  com.polarion.platform.startup  -  -- Initializing context: [GLOBAL] (3/6)
2017-05-16 12:43:06,750 [LowLevelDataService-contextInitializer-1 | u:p | context: drivepilot] INFO  com.polarion.platform.startup  -  -- Initializing context: drivepilot (6/6)
2017-05-16 12:43:07,096 [main | u:p] INFO  com.polarion.platform.startup  - Context initialization ... took  [ TIME 0.35 s. ]
2017-05-16 12:43:07,102 [main | u:p] INFO  com.polarion.platform.startup  - ------------------------------
2017-05-16 12:43:07,102 [main | u:p] INFO  com.polarion.platform.startup  - Revisions processing (Phase: 4/9)
2017-05-16 12:43:07,291 [main | u:p] INFO  com.polarion.platform.startup  -  -- Processing new revisions from repository default in context ContextId[context [global]]
2017-05-16 12:43:07,301 [main | u:p] INFO  com.polarion.platform.startup  - Revisions processing ... took  [ TIME 0.21 s. ]
2017-05-16 12:43:07,343 [main | u:p] INFO  com.polarion.platform.startup  - ------------------------------
2017-05-16 12:43:07,343 [main | u:p] INFO  com.polarion.platform.startup  - Build artifacts recognition (Phase: 5/9)
2017-05-16 12:43:07,348 [main | u:p] INFO  com.polarion.platform.startup  -  -- Processing build artifacts from context: [GLOBAL] (1/6)
2017-05-16 12:43:07,461 [main | u:p] INFO  com.polarion.platform.startup  -  -- Processing build artifacts from cluster: default (2/6)
2017-05-16 12:43:07,508 [main | u:p] INFO  com.polarion.platform.startup  -  -- Processing build artifacts from context: --Demo Projects (3/6)
2017-05-16 12:43:07,561 [main | u:p] INFO  com.polarion.platform.startup  -  -- Processing build artifacts from context: library (4/6)
2017-05-16 12:43:07,684 [main | u:p] INFO  com.polarion.platform.startup  -  -- Processing build artifacts from context: elibrary (5/6)
2017-05-16 12:43:07,808 [main | u:p] INFO  com.polarion.platform.startup  -  -- Processing build artifacts from context: drivepilot (6/6)
2017-05-16 12:43:07,808 [main | u:p] INFO  com.polarion.platform.startup  - Build artifacts recognition ... took  [ TIME 0.51 s. ]
2017-05-16 12:43:07,808 [main | u:p] INFO  com.polarion.platform.startup  - ------------------------------
2017-05-16 12:43:07,808 [main | u:p] INFO  com.polarion.platform.startup  - BIR inspection (Phase: 6/9)
2017-05-16 12:43:07,840 [main | u:p] INFO  com.polarion.platform.startup  - BIR inspection ... took  [ TIME 0.03 s. ]
2017-05-16 12:43:07,840 [main | u:p] INFO  com.polarion.platform.startup  - ------------------------------
2017-05-16 12:43:07,840 [main | u:p] INFO  com.polarion.platform.startup  - Data indexing (Phase: 7/9)
2017-05-16 12:43:07,981 [main | u:p] INFO  com.polarion.platform.startup  -  -- Refreshing 1 objects in index: Revision
2017-05-16 12:43:07,985 [main | u:p] INFO  com.polarion.platform.startup  -  -- -- 1 from 1 objects were refreshed (100%)
2017-05-16 12:43:08,253 [main | u:p] INFO  com.polarion.platform.startup  - Data indexing ... took  [ TIME 0.41 s. ]
2017-05-16 12:43:08,254 [main | u:p] INFO  com.polarion.platform.startup  - ------------------------------
2017-05-16 12:43:08,254 [main | u:p] INFO  com.polarion.platform.startup  - Fields recalculation (Phase: 8/9)
2017-05-16 12:43:08,263 [main | u:p] INFO  com.polarion.platform.startup  - Fields recalculation ... took  [ TIME 0.01 s. ]
2017-05-16 12:43:08,263 [main | u:p] INFO  com.polarion.platform.startup  - ------------------------------
2017-05-16 12:43:08,263 [main | u:p] INFO  com.polarion.platform.startup  - Polarion startup (Phase: 9/9)
2017-05-16 12:43:39,810 [main] INFO  com.polarion.platform.startup  - Polarion startup ... took  [ TIME 31.55 s. ]
2017-05-16 12:43:39,810 [main] INFO  com.polarion.platform.startup  - ****************************************************************
2017-05-16 12:43:39,810 [main] INFO  com.polarion.platform.startup  -                  Polarion started:  [ TIME 37.9 s. ]
2017-05-16 12:43:39,811 [main] INFO  com.polarion.platform.startup  - ****************************************************************
