2017-05-16 10:38:10,972 [main | u:p] INFO  TXLOGGER  - Summary for 'Platform startup': transactions: 0, DB: 0.0407 s [52% update (126x), 47% query (13x)] (206x), svn: 0.0238 s [84% checkPath (1x)] (3x)
2017-05-16 10:38:11,160 [main | u:p] INFO  TXLOGGER  - Summary for 'Context recognition': transactions: 0, svn: 0.0757 s [42% info (3x), 31% getDir2 content (2x), 27% getFile content (1x)] (6x)
2017-05-16 10:38:11,638 [LowLevelDataService-contextInitializer-2 | u:p] INFO  TXLOGGER  - Summary: Total: 0.474 s, transactions: 0
2017-05-16 10:38:11,639 [LowLevelDataService-contextInitializer-1 | u:p] INFO  TXLOGGER  - Summary: Total: 0.474 s, transactions: 0, svn: 0.132 s [79% log2 (5x), 20% getFile content (1x)] (7x), ObjectMaps: 0.0441 s [96% getAllPrimaryObjects (1x)] (13x)
2017-05-16 10:38:11,639 [LowLevelDataService-contextInitializer-5 | u:p] INFO  TXLOGGER  - Summary: Total: 0.474 s, transactions: 0, svn: 0.164 s [99% log2 (5x)] (6x), ObjectMaps: 0.0277 s [100% getAllPrimaryObjects (1x)] (7x)
2017-05-16 10:38:11,639 [LowLevelDataService-contextInitializer-3 | u:p] INFO  TXLOGGER  - Summary: Total: 0.474 s, transactions: 0, svn: 0.0506 s [96% log2 (5x)] (6x)
2017-05-16 10:38:11,639 [LowLevelDataService-contextInitializer-4 | u:p] INFO  TXLOGGER  - Summary: Total: 0.473 s, transactions: 0, svn: 0.203 s [57% log2 (5x), 21% log (1x), 12% info (2x)] (11x), ObjectMaps: 0.0355 s [100% getAllPrimaryObjects (1x)] (7x)
2017-05-16 10:38:11,640 [main | u:p] INFO  TXLOGGER  - Summary for 'Context initialization': transactions: 0, svn: 0.57 s [79% log2 (21x), 7% getFile content (2x)] (32x), ObjectMaps: 0.112 s [98% getAllPrimaryObjects (5x)] (41x)
2017-05-16 10:38:11,889 [main | u:p] INFO  TXLOGGER  - Summary for 'Revisions processing': transactions: 10, RepositoryConfigService: 0.149 s [100% getReadConfiguration (30x)] (30x), svn: 0.063 s [84% info (11x)] (24x)
2017-05-16 10:38:12,357 [main | u:p] INFO  TXLOGGER  - Summary for 'Build artifacts recognition': transactions: 30, svn: 0.348 s [80% info (60x)] (103x), RepositoryConfigService: 0.317 s [100% getReadConfiguration (36x)] (36x)
2017-05-16 10:38:12,937 [main | u:p] INFO  TXLOGGER  - Summary for 'Data indexing': transactions: 0, Lucene: 0.226 s [100% refresh (1x)] (1x), SubterraURITable: 0.0866 s [100% addIfNotExistsDB (1x)] (1x), derivedLinkedRevisionsContributor: 0.0114 s [100% objectsToInv (1x)] (1x)
2017-05-16 10:38:51,260 [main] INFO  TXLOGGER  - Summary for 'Polarion startup': transactions: 1, svn: 0.24 s [79% info (39x), 10% getDir2 content (4x)] (58x), RepositoryConfigService: 0.0209 s [100% getReadConfiguration (2x)] (2x)
2017-05-16 10:38:51,433 [Worker-0 | u:p | job: polarion.jobs.attachment.indexer] INFO  TXLOGGER  - Summary after AttachmentIndexer: transactions: 6, persistence listener: 0.0936 s [91% notificationsCreatingListener (1x)] (7x), Lucene: 0.0748 s [100% add (2x)] (2x), resolve: 0.0395 s [91% User (2x)] (5x), ObjectMaps: 0.0113 s [100% getPrimaryObjectLocation (2x)] (2x)
2017-05-16 10:38:51,851 [PreLoadDataService | u:p] INFO  TXLOGGER  - Tx 5703ea2af142a_0_5703ea2af142a_0_: finished. Total: 0.581 s, svn: 0.311 s [65% getDir2 content (25x), 34% getFile content (13x)] (40x), resolve: 0.251 s [52% Category (6x), 48% TimePoint (5x)] (11x), ObjectMaps: 0.0295 s [52% getPrimaryObjectLocation (11x), 28% getPrimaryObjectProperty (11x), 20% getLastPromoted (11x)] (46x)
2017-05-16 10:38:52,007 [DBHistoryCreator-1 | u:p] INFO  TXLOGGER  - Summary: Total: 0.544 s, transactions: 0
2017-05-16 10:38:52,007 [Worker-1 | u:p | job: polarion.jobs.db.history] INFO  TXLOGGER  - Summary after DBHistoryCreator: transactions: 0, Lucene: 0.0197 s [100% add (1x)] (1x), svn: 0.00176 s [100% getLatestRevision (1x)] (1x)
2017-05-16 10:38:52,008 [Worker-1 | u:p] INFO  TXLOGGER  - Summary for 'job: polarion.jobs.db.history': Total: 0.578 s, transactions: 0, SubterraURITable: 0.364 s [100% getDB (1018x)] (1018x), DB: 0.348 s [53% query (1044x), 29% update (1019x)] (5146x)
2017-05-16 10:38:52,225 [PreLoadDataService | u:p] INFO  TXLOGGER  - Tx 5703ea2ba3432_0_5703ea2ba3432_0_: finished. Total: 0.243 s, resolve: 0.13 s [100% User (8x)] (8x), svn: 0.119 s [62% getFile content (12x), 38% info (6x)] (19x), RepositoryConfigService: 0.084 s [76% getReadConfiguration (56x), 24% getReadUserConfiguration (2x)] (58x), ObjectMaps: 0.0186 s [52% getPrimaryObjectLocation (8x), 25% getPrimaryObjectProperty (8x), 23% getLastPromoted (8x)] (33x)
2017-05-16 10:38:52,848 [PreLoadDataService | u:p] INFO  TXLOGGER  - Tx 5703ea2bf8834_0_5703ea2bf8834_0_: finished. Total: 0.526 s, svn: 0.453 s [68% getFile content (47x), 32% getDir2 content (17x)] (65x), RepositoryConfigService: 0.361 s [100% getReadConfiguration (164x)] (180x)
2017-05-16 10:38:53,139 [PreLoadDataService | u:p] INFO  TXLOGGER  - Tx 5703ea2c7c035_0_5703ea2c7c035_0_: finished. Total: 0.291 s, svn: 0.265 s [53% getFile content (21x), 47% getDir2 content (17x)] (39x), RepositoryConfigService: 0.16 s [99% getReadConfiguration (88x)] (110x)
2017-05-16 10:38:53,282 [PreLoadDataService | u:p] INFO  TXLOGGER  - Tx 5703ea2cc4c36_0_5703ea2cc4c36_0_: finished. Total: 0.143 s, svn: 0.118 s [53% getDir2 content (11x), 47% getFile content (8x)] (20x), RepositoryConfigService: 0.0762 s [99% getReadConfiguration (38x)] (54x)
2017-05-16 10:38:53,283 [PreLoadDataService] INFO  TXLOGGER  - Summary for 'PreloadDataService': Total: 2.02 s, transactions: 7, svn: 1.37 s [55% getFile content (116x), 40% getDir2 content (72x)] (206x), RepositoryConfigService: 0.78 s [97% getReadConfiguration (402x)] (485x), resolve: 0.454 s [29% Category (6x), 29% User (8x), 27% TimePoint (5x)] (22x)
2017-05-16 10:38:53,283 [PreLoadDataService] INFO  TXLOGGER  - Summary after preload: transactions: 7, svn: 1.37 s [55% getFile content (116x), 40% getDir2 content (72x)] (206x), RepositoryConfigService: 0.78 s [97% getReadConfiguration (402x)] (485x), resolve: 0.454 s [29% Category (6x), 29% User (9x), 27% TimePoint (5x)] (23x), SubterraURITable: 0.364 s [100% getDB (1018x)] (1018x), DB: 0.348 s [53% query (1044x), 29% update (1019x)] (5146x), Lucene: 0.0742 s [62% search (5x), 38% add (1x)] (6x)
2017-05-16 11:00:01,786 [Worker-1 | u:p] INFO  TXLOGGER  - Summary for 'job: update.plan.refresh.index': Total: 0.766 s, transactions: 0, resolve: 0.437 s [93% WorkItem (15x)] (167x), svn: 0.381 s [34% getDir2 content (16x), 33% info (17x), 33% getFile content (16x)] (50x), Lucene: 0.208 s [100% refresh (1x)] (2x), DB: 0.103 s [92% update (181x)] (220x)
2017-05-16 11:00:01,820 [Worker-0 | u:p] INFO  TXLOGGER  - Summary for 'job: update.plan': Total: 1.75 s, transactions: 10, resolve: 0.591 s [90% WorkItems (2x)] (96x), svn: 0.469 s [35% getFile content (21x), 35% info (26x), 30% getDir2 content (19x)] (78x), planQueryExpander: 0.122 s [100% expand (6x)] (12x)
