2017-05-16 12:58:33,830 [main] INFO  com.polarion.platform.startup  - ****************************************************************
2017-05-16 12:58:33,830 [main] INFO  com.polarion.platform.startup  -                 Polarion starting, please wait!                 
2017-05-16 12:58:33,830 [main] INFO  com.polarion.platform.startup  - ****************************************************************
2017-05-16 12:58:33,830 [main] INFO  com.polarion.platform.startup  - Server start mode: normal
2017-05-16 12:58:33,830 [main] INFO  com.polarion.platform.startup  - ------------------------------
2017-05-16 12:58:33,830 [main] INFO  com.polarion.platform.startup  - Platform startup (Phase: 1/9)
2017-05-16 12:58:39,279 [main] INFO  com.polarion.platform.startup  - Opening historical database...
2017-05-16 12:58:39,493 [main] INFO  com.polarion.platform.startup  - Opening of historical database finished [ TIME 0.214 s. ]
2017-05-16 12:58:39,494 [main] INFO  com.polarion.platform.startup  - Opening head database...
2017-05-16 12:58:39,571 [main] INFO  com.polarion.platform.startup  - Opening of head database finished [ TIME 0.0778 s. ]
2017-05-16 12:58:39,740 [main | u:p] INFO  com.polarion.platform.startup  -  -- Polarion startup estimation:  [ TIME 55 s. ]
2017-05-16 12:58:39,829 [main | u:p] INFO  com.polarion.platform.startup  - Platform startup ... took  [ TIME 6.01 s. ]
2017-05-16 12:58:39,935 [main | u:p] INFO  com.polarion.platform.startup  - ------------------------------
2017-05-16 12:58:39,935 [main | u:p] INFO  com.polarion.platform.startup  - Context recognition (Phase: 2/9)
2017-05-16 12:58:39,962 [main | u:p] INFO  com.polarion.platform.startup  - Context recognition ... took  [ TIME 0.13 s. ]
2017-05-16 12:58:39,963 [main | u:p] INFO  com.polarion.platform.startup  - ------------------------------
2017-05-16 12:58:39,963 [main | u:p] INFO  com.polarion.platform.startup  - Context initialization (Phase: 3/9)
2017-05-16 12:58:39,965 [LowLevelDataService-contextInitializer-3 | u:p | context: --Demo Projects] INFO  com.polarion.platform.startup  -  -- Initializing context: --Demo Projects (1/6)
2017-05-16 12:58:39,965 [LowLevelDataService-contextInitializer-4 | u:p | context: library] INFO  com.polarion.platform.startup  -  -- Initializing context: library (3/6)
2017-05-16 12:58:39,965 [LowLevelDataService-contextInitializer-2 | u:p | cluster: default] INFO  com.polarion.platform.startup  -  -- Initializing cluster: default (5/6)
2017-05-16 12:58:39,965 [LowLevelDataService-contextInitializer-5 | u:p | context: elibrary] INFO  com.polarion.platform.startup  -  -- Initializing context: elibrary (2/6)
2017-05-16 12:58:39,965 [LowLevelDataService-contextInitializer-1 | u:p | context: [GLOBAL]] INFO  com.polarion.platform.startup  -  -- Initializing context: [GLOBAL] (4/6)
2017-05-16 12:58:39,969 [LowLevelDataService-contextInitializer-1 | u:p | context: drivepilot] INFO  com.polarion.platform.startup  -  -- Initializing context: drivepilot (6/6)
2017-05-16 12:58:40,342 [main | u:p] INFO  com.polarion.platform.startup  - Context initialization ... took  [ TIME 0.38 s. ]
2017-05-16 12:58:40,348 [main | u:p] INFO  com.polarion.platform.startup  - ------------------------------
2017-05-16 12:58:40,348 [main | u:p] INFO  com.polarion.platform.startup  - Revisions processing (Phase: 4/9)
2017-05-16 12:58:40,689 [main | u:p] INFO  com.polarion.platform.startup  -  -- Processing new revisions from repository default in context ContextId[context [global]]
2017-05-16 12:58:40,696 [main | u:p] INFO  com.polarion.platform.startup  - Revisions processing ... took  [ TIME 0.35 s. ]
2017-05-16 12:58:40,731 [main | u:p] INFO  com.polarion.platform.startup  - ------------------------------
2017-05-16 12:58:40,731 [main | u:p] INFO  com.polarion.platform.startup  - Build artifacts recognition (Phase: 5/9)
2017-05-16 12:58:40,736 [main | u:p] INFO  com.polarion.platform.startup  -  -- Processing build artifacts from context: [GLOBAL] (1/6)
2017-05-16 12:58:40,851 [main | u:p] INFO  com.polarion.platform.startup  -  -- Processing build artifacts from cluster: default (2/6)
2017-05-16 12:58:40,888 [main | u:p] INFO  com.polarion.platform.startup  -  -- Processing build artifacts from context: --Demo Projects (3/6)
2017-05-16 12:58:40,933 [main | u:p] INFO  com.polarion.platform.startup  -  -- Processing build artifacts from context: library (4/6)
2017-05-16 12:58:41,054 [main | u:p] INFO  com.polarion.platform.startup  -  -- Processing build artifacts from context: elibrary (5/6)
2017-05-16 12:58:41,159 [main | u:p] INFO  com.polarion.platform.startup  -  -- Processing build artifacts from context: drivepilot (6/6)
2017-05-16 12:58:41,159 [main | u:p] INFO  com.polarion.platform.startup  - Build artifacts recognition ... took  [ TIME 0.46 s. ]
2017-05-16 12:58:41,159 [main | u:p] INFO  com.polarion.platform.startup  - ------------------------------
2017-05-16 12:58:41,159 [main | u:p] INFO  com.polarion.platform.startup  - BIR inspection (Phase: 6/9)
2017-05-16 12:58:41,188 [main | u:p] INFO  com.polarion.platform.startup  - BIR inspection ... took  [ TIME 0.03 s. ]
2017-05-16 12:58:41,188 [main | u:p] INFO  com.polarion.platform.startup  - ------------------------------
2017-05-16 12:58:41,188 [main | u:p] INFO  com.polarion.platform.startup  - Data indexing (Phase: 7/9)
2017-05-16 12:58:41,319 [main | u:p] INFO  com.polarion.platform.startup  -  -- Refreshing 1 objects in index: Revision
2017-05-16 12:58:41,323 [main | u:p] INFO  com.polarion.platform.startup  -  -- -- 1 from 1 objects were refreshed (100%)
2017-05-16 12:58:41,620 [main | u:p] INFO  com.polarion.platform.startup  - Data indexing ... took  [ TIME 0.43 s. ]
2017-05-16 12:58:41,620 [main | u:p] INFO  com.polarion.platform.startup  - ------------------------------
2017-05-16 12:58:41,620 [main | u:p] INFO  com.polarion.platform.startup  - Fields recalculation (Phase: 8/9)
2017-05-16 12:58:41,633 [main | u:p] INFO  com.polarion.platform.startup  - Fields recalculation ... took  [ TIME 0.01 s. ]
2017-05-16 12:58:41,633 [main | u:p] INFO  com.polarion.platform.startup  - ------------------------------
2017-05-16 12:58:41,633 [main | u:p] INFO  com.polarion.platform.startup  - Polarion startup (Phase: 9/9)
2017-05-16 12:59:14,327 [main] INFO  com.polarion.platform.startup  - Polarion startup ... took  [ TIME 32.69 s. ]
2017-05-16 12:59:14,328 [main] INFO  com.polarion.platform.startup  - ****************************************************************
2017-05-16 12:59:14,328 [main] INFO  com.polarion.platform.startup  -                  Polarion started:  [ TIME 40.5 s. ]
2017-05-16 12:59:14,328 [main] INFO  com.polarion.platform.startup  - ****************************************************************
