2017-05-16 12:36:45,036 [main | u:p] INFO  com.polarion.platform.jobs.internal.service.scheduler.JobSchedulerService  - Updating local scheduler state: start
2017-05-16 12:36:45,068 [main | u:p | u:p] INFO  com.polarion.platform.jobs.internal.service.scheduler.JobSchedulerService  - 16 scheduled job(s) configured
2017-05-16 12:37:23,886 [Thread-34] INFO  com.polarion.platform.jobs.info  - Job "Attachment Indexer" has id 1015335d-927abe2a-2a11ae0b-f5ff24fa
2017-05-16 12:37:23,890 [Thread-34] INFO  com.polarion.platform.jobs.info  - State of job "Attachment Indexer" changed to UNSCHEDULED
2017-05-16 12:37:23,896 [Thread-34] INFO  com.polarion.platform.jobs.info  - Working directory of root job "Attachment Indexer" is C:\Polarion\data\workspace\polarion-data\jobs\20170516-1237
2017-05-16 12:37:23,899 [Thread-34] INFO  com.polarion.platform.jobs.info  - Job "Attachment Indexer" runs as user "polarion"
2017-05-16 12:37:23,903 [Thread-34 | u:p] INFO  com.polarion.platform.jobs.info  - State of job "Attachment Indexer" changed to ACTIVATING
2017-05-16 12:37:23,908 [Thread-34 | u:p] INFO  com.polarion.platform.jobs.info  - State of job "Attachment Indexer" changed to WAITING
2017-05-16 12:37:23,920 [Worker-0 | u:p] INFO  com.polarion.platform.jobs.info  - State of job "Attachment Indexer" changed to RUNNING
2017-05-16 12:37:23,921 [Thread-34] INFO  com.polarion.platform.jobs.info  - Job "DB History Creator" has id 1015338a-927abe2a-2a11ae0b-669617fc
2017-05-16 12:37:23,925 [Thread-34] INFO  com.polarion.platform.jobs.info  - State of job "DB History Creator" changed to UNSCHEDULED
2017-05-16 12:37:23,931 [Thread-34] INFO  com.polarion.platform.jobs.info  - Working directory of root job "DB History Creator" is C:\Polarion\data\workspace\polarion-data\jobs\20170516-1237_0
2017-05-16 12:37:23,934 [Thread-34] INFO  com.polarion.platform.jobs.info  - Job "DB History Creator" runs as user "polarion"
2017-05-16 12:37:23,937 [Thread-34 | u:p] INFO  com.polarion.platform.jobs.info  - State of job "DB History Creator" changed to ACTIVATING
2017-05-16 12:37:23,942 [Thread-34 | u:p] INFO  com.polarion.platform.jobs.info  - State of job "DB History Creator" changed to WAITING
2017-05-16 12:37:23,955 [Worker-1 | u:p] INFO  com.polarion.platform.jobs.info  - State of job "DB History Creator" changed to RUNNING
2017-05-16 12:37:24,093 [Worker-0 | u:p] INFO  com.polarion.platform.jobs.info  - State of job "Attachment Indexer" changed to FINISHED
2017-05-16 12:37:24,096 [Worker-0 | u:p] INFO  com.polarion.platform.jobs.info  - Status of job "Attachment Indexer" is OK
2017-05-16 12:37:25,048 [Worker-1 | u:p] INFO  com.polarion.platform.jobs.info  - State of job "DB History Creator" changed to FINISHED
2017-05-16 12:37:25,050 [Worker-1 | u:p] INFO  com.polarion.platform.jobs.info  - Status of job "DB History Creator" is OK
