2017-05-16 12:43:06,615 [main | u:p] INFO  TXLOGGER  - Summary for 'Platform startup': transactions: 0, DB: 0.0372 s [51% update (126x), 47% query (13x)] (206x), svn: 0.0218 s [83% checkPath (1x)] (3x)
2017-05-16 12:43:06,743 [main | u:p] INFO  TXLOGGER  - Summary for 'Context recognition': transactions: 0, svn: 0.054 s [44% info (3x), 31% getDir2 content (2x), 25% getFile content (1x)] (6x)
2017-05-16 12:43:07,095 [LowLevelDataService-contextInitializer-2 | u:p] INFO  TXLOGGER  - Summary: Total: 0.349 s, transactions: 0
2017-05-16 12:43:07,095 [LowLevelDataService-contextInitializer-3 | u:p] INFO  TXLOGGER  - Summary: Total: 0.349 s, transactions: 0, svn: 0.0362 s [92% log2 (5x)] (6x)
2017-05-16 12:43:07,095 [LowLevelDataService-contextInitializer-1 | u:p] INFO  TXLOGGER  - Summary: Total: 0.349 s, transactions: 0, svn: 0.068 s [83% log2 (5x)] (7x), ObjectMaps: 0.0639 s [98% getAllPrimaryObjects (1x)] (13x)
2017-05-16 12:43:07,096 [LowLevelDataService-contextInitializer-4 | u:p] INFO  TXLOGGER  - Summary: Total: 0.349 s, transactions: 0, svn: 0.0833 s [50% log2 (5x), 24% log (1x), 16% info (2x)] (11x), ObjectMaps: 0.0323 s [100% getAllPrimaryObjects (1x)] (7x)
2017-05-16 12:43:07,095 [LowLevelDataService-contextInitializer-5 | u:p] INFO  TXLOGGER  - Summary: Total: 0.349 s, transactions: 0, svn: 0.066 s [97% log2 (5x)] (6x), ObjectMaps: 0.0267 s [100% getAllPrimaryObjects (1x)] (7x)
2017-05-16 12:43:07,096 [main | u:p] INFO  TXLOGGER  - Summary for 'Context initialization': transactions: 0, svn: 0.266 s [78% log2 (21x), 7% log (1x)] (32x), ObjectMaps: 0.128 s [99% getAllPrimaryObjects (5x)] (41x)
2017-05-16 12:43:07,301 [main | u:p] INFO  TXLOGGER  - Summary for 'Revisions processing': transactions: 10, RepositoryConfigService: 0.135 s [100% getReadConfiguration (30x)] (30x), svn: 0.0661 s [84% info (11x)] (24x)
2017-05-16 12:43:07,808 [main | u:p] INFO  TXLOGGER  - Summary for 'Build artifacts recognition': transactions: 30, svn: 0.388 s [84% info (60x)] (103x), RepositoryConfigService: 0.338 s [100% getReadConfiguration (36x)] (36x)
2017-05-16 12:43:08,253 [main | u:p] INFO  TXLOGGER  - Summary for 'Data indexing': transactions: 0, Lucene: 0.168 s [100% refresh (1x)] (1x), SubterraURITable: 0.086 s [100% addIfNotExistsDB (1x)] (1x)
2017-05-16 12:43:39,810 [main] INFO  TXLOGGER  - Summary for 'Polarion startup': transactions: 1, svn: 0.212 s [80% info (39x), 11% getDir2 content (4x)] (56x), RepositoryConfigService: 0.0189 s [100% getReadConfiguration (2x)] (2x)
2017-05-16 12:43:39,965 [Worker-0 | u:p | job: polarion.jobs.attachment.indexer] INFO  TXLOGGER  - Summary after AttachmentIndexer: transactions: 6, Lucene: 0.0745 s [100% add (2x)] (2x), persistence listener: 0.0721 s [90% notificationsCreatingListener (1x)] (7x), resolve: 0.0339 s [91% User (2x)] (5x), ObjectMaps: 0.0131 s [100% getPrimaryObjectLocation (2x)] (2x)
2017-05-16 12:43:40,335 [PreLoadDataService | u:p] INFO  TXLOGGER  - Tx 570406bbfa42a_0_570406bbfa42a_0_: finished. Total: 0.517 s, svn: 0.299 s [67% getDir2 content (25x), 32% getFile content (13x)] (40x), resolve: 0.219 s [54% TimePoint (5x), 46% Category (6x)] (11x), ObjectMaps: 0.0298 s [54% getPrimaryObjectLocation (11x), 27% getPrimaryObjectProperty (11x)] (46x)
2017-05-16 12:43:40,530 [DBHistoryCreator-1 | u:p] INFO  TXLOGGER  - Summary: Total: 0.534 s, transactions: 0
2017-05-16 12:43:40,530 [Worker-1 | u:p | job: polarion.jobs.db.history] INFO  TXLOGGER  - Summary after DBHistoryCreator: transactions: 0, Lucene: 0.0205 s [100% add (1x)] (1x)
2017-05-16 12:43:40,531 [Worker-1 | u:p] INFO  TXLOGGER  - Summary for 'job: polarion.jobs.db.history': Total: 0.568 s, transactions: 0, SubterraURITable: 0.377 s [100% getDB (1018x)] (1018x), DB: 0.35 s [54% query (1044x), 29% update (1019x)] (5146x)
2017-05-16 12:43:40,675 [PreLoadDataService | u:p] INFO  TXLOGGER  - Tx 570406bc9b032_0_570406bc9b032_0_: finished. Total: 0.215 s, resolve: 0.124 s [100% User (8x)] (8x), svn: 0.106 s [68% getFile content (12x), 32% info (6x)] (19x), RepositoryConfigService: 0.0678 s [75% getReadConfiguration (56x), 25% getReadUserConfiguration (2x)] (58x), ObjectMaps: 0.0186 s [56% getPrimaryObjectLocation (8x), 25% getPrimaryObjectProperty (8x)] (33x)
2017-05-16 12:43:41,263 [PreLoadDataService | u:p] INFO  TXLOGGER  - Tx 570406bce8c34_0_570406bce8c34_0_: finished. Total: 0.492 s, svn: 0.442 s [66% getFile content (47x), 34% getDir2 content (17x)] (65x), RepositoryConfigService: 0.33 s [100% getReadConfiguration (164x)] (180x)
2017-05-16 12:43:41,533 [PreLoadDataService | u:p] INFO  TXLOGGER  - Tx 570406bd63c35_0_570406bd63c35_0_: finished. Total: 0.27 s, svn: 0.249 s [50% getFile content (21x), 50% getDir2 content (17x)] (39x), RepositoryConfigService: 0.14 s [99% getReadConfiguration (88x)] (110x)
2017-05-16 12:43:41,645 [PreLoadDataService | u:p] INFO  TXLOGGER  - Tx 570406bda7436_0_570406bda7436_0_: finished. Total: 0.112 s, svn: 0.102 s [59% getDir2 content (11x), 41% getFile content (8x)] (20x), RepositoryConfigService: 0.0487 s [99% getReadConfiguration (38x)] (54x)
2017-05-16 12:43:41,646 [PreLoadDataService] INFO  TXLOGGER  - Summary for 'PreloadDataService': Total: 1.83 s, transactions: 7, svn: 1.32 s [54% getFile content (116x), 42% getDir2 content (72x)] (206x), RepositoryConfigService: 0.687 s [97% getReadConfiguration (402x)] (485x), resolve: 0.406 s [31% User (8x), 29% TimePoint (5x), 25% Category (6x)] (22x)
2017-05-16 12:43:41,646 [PreLoadDataService] INFO  TXLOGGER  - Summary after preload: transactions: 7, svn: 1.32 s [54% getFile content (116x), 42% getDir2 content (72x)] (207x), RepositoryConfigService: 0.687 s [97% getReadConfiguration (402x)] (485x), resolve: 0.406 s [31% User (9x), 29% TimePoint (5x), 25% Category (6x)] (23x), SubterraURITable: 0.377 s [100% getDB (1018x)] (1018x), DB: 0.35 s [54% query (1044x), 29% update (1019x)] (5146x)
2017-05-16 12:43:55,350 [ajp-nio-8889-exec-1 | u:admin] INFO  TXLOGGER  - Summary for 'PortalDataService.getInitData': Total: 0.164 s, transactions: 3, RepositoryConfigService: 0.0138 s [100% getReadConfiguration (8x)] (13x)
2017-05-16 12:43:55,876 [ajp-nio-8889-exec-2 | u:admin] INFO  TXLOGGER  - Summary for 'PortalDataService.requestPortalSite': Total: 0.15 s, transactions: 8, svn: 0.0589 s [51% info (5x), 37% getFile content (4x)] (18x), RepositoryConfigService: 0.0569 s [75% getReadConfiguration (26x), 25% getReadUserConfiguration (18x)] (50x)
2017-05-16 12:43:57,421 [ajp-nio-8889-exec-5 | u:admin | uri:/polarion/wiki/bin/view/project/drivepilot/page/Home | wiki: view http://localhost/polarion/wiki/bin/view/project/drivepilot/page/Home] INFO  TXLOGGER  - Tx 570406ccdb847_0_570406ccdb847_0_: finished. Total: 0.319 s, svn: 0.224 s [84% info (36x)] (43x), resolve: 0.165 s [98% WikiPage (24x)] (38x)
2017-05-16 12:43:57,450 [ajp-nio-8889-exec-5] INFO  TXLOGGER  - Summary for 'servlet /polarion/wiki/bin/view/project/drivepilot/page/Home': Total: 1.46 s, transactions: 6, Velocity: 1.15 s [100% evaluate in Wiki (1x)] (1x), svn: 0.895 s [82% info (132x)] (163x), resolve: 0.206 s [98% WikiPage (41x)] (59x)
