2017-05-16 14:22:06,630 [main | u:p] INFO  TXLOGGER  - Summary for 'Platform startup': transactions: 0, DB: 0.0409 s [53% update (126x), 46% query (13x)] (206x), svn: 0.0206 s [82% checkPath (1x)] (3x)
2017-05-16 14:22:06,758 [main | u:p] INFO  TXLOGGER  - Summary for 'Context recognition': transactions: 0, svn: 0.0512 s [46% info (3x), 28% getFile content (1x), 26% getDir2 content (2x)] (6x)
2017-05-16 14:22:07,076 [LowLevelDataService-contextInitializer-2 | u:p] INFO  TXLOGGER  - Summary: Total: 0.316 s, transactions: 0
2017-05-16 14:22:07,076 [LowLevelDataService-contextInitializer-5 | u:p] INFO  TXLOGGER  - Summary: Total: 0.315 s, transactions: 0, svn: 0.0649 s [97% log2 (5x)] (6x), ObjectMaps: 0.0266 s [100% getAllPrimaryObjects (1x)] (7x)
2017-05-16 14:22:07,076 [LowLevelDataService-contextInitializer-1 | u:p] INFO  TXLOGGER  - Summary: Total: 0.316 s, transactions: 0, svn: 0.0613 s [85% log2 (5x)] (7x), ObjectMaps: 0.0497 s [97% getAllPrimaryObjects (1x)] (13x)
2017-05-16 14:22:07,076 [LowLevelDataService-contextInitializer-4 | u:p] INFO  TXLOGGER  - Summary: Total: 0.315 s, transactions: 0, svn: 0.0478 s [97% log2 (5x)] (6x), ObjectMaps: 0.0332 s [100% getAllPrimaryObjects (1x)] (7x)
2017-05-16 14:22:07,076 [LowLevelDataService-contextInitializer-3 | u:p] INFO  TXLOGGER  - Summary: Total: 0.316 s, transactions: 0, svn: 0.0833 s [56% log2 (5x), 21% log (1x), 14% info (2x)] (11x)
2017-05-16 14:22:07,076 [main | u:p] INFO  TXLOGGER  - Summary for 'Context initialization': transactions: 0, svn: 0.269 s [81% log2 (21x)] (32x), ObjectMaps: 0.117 s [99% getAllPrimaryObjects (5x)] (41x)
2017-05-16 14:22:07,276 [main | u:p] INFO  TXLOGGER  - Summary for 'Revisions processing': transactions: 10, RepositoryConfigService: 0.136 s [100% getReadConfiguration (30x)] (30x), svn: 0.0668 s [85% info (11x)] (24x)
2017-05-16 14:22:07,739 [main | u:p] INFO  TXLOGGER  - Summary for 'Build artifacts recognition': transactions: 30, svn: 0.353 s [83% info (60x)] (103x), RepositoryConfigService: 0.316 s [100% getReadConfiguration (36x)] (36x)
2017-05-16 14:22:08,164 [main | u:p] INFO  TXLOGGER  - Summary for 'Data indexing': transactions: 0, Lucene: 0.153 s [100% refresh (1x)] (1x), SubterraURITable: 0.0851 s [100% addIfNotExistsDB (1x)] (1x)
2017-05-16 14:22:39,409 [main] INFO  TXLOGGER  - Summary for 'Polarion startup': transactions: 1, svn: 0.215 s [81% info (39x)] (56x), RepositoryConfigService: 0.0194 s [100% getReadConfiguration (2x)] (2x)
2017-05-16 14:22:39,561 [Worker-0 | u:p | job: polarion.jobs.attachment.indexer] INFO  TXLOGGER  - Summary after AttachmentIndexer: transactions: 6, persistence listener: 0.0697 s [91% notificationsCreatingListener (1x)] (7x), Lucene: 0.0693 s [100% add (2x)] (2x), resolve: 0.0343 s [92% User (2x)] (5x), ObjectMaps: 0.0123 s [100% getPrimaryObjectLocation (2x)] (2x)
2017-05-16 14:22:39,929 [PreLoadDataService | u:p] INFO  TXLOGGER  - Tx 57041d645dc2a_0_57041d645dc2a_0_: finished. Total: 0.513 s, svn: 0.302 s [69% getDir2 content (25x), 31% getFile content (13x)] (40x), resolve: 0.219 s [55% TimePoint (5x), 45% Category (6x)] (11x), ObjectMaps: 0.0307 s [55% getPrimaryObjectLocation (11x), 27% getPrimaryObjectProperty (11x)] (46x)
2017-05-16 14:22:40,121 [DBHistoryCreator-1 | u:p] INFO  TXLOGGER  - Summary: Total: 0.527 s, transactions: 0
2017-05-16 14:22:40,121 [Worker-1 | u:p | job: polarion.jobs.db.history] INFO  TXLOGGER  - Summary after DBHistoryCreator: transactions: 0, Lucene: 0.022 s [100% add (1x)] (1x)
2017-05-16 14:22:40,122 [Worker-1 | u:p] INFO  TXLOGGER  - Summary for 'job: polarion.jobs.db.history': Total: 0.565 s, transactions: 0, SubterraURITable: 0.358 s [100% getDB (1018x)] (1018x), DB: 0.348 s [54% query (1044x), 29% update (1019x)] (5146x)
2017-05-16 14:22:40,266 [PreLoadDataService | u:p] INFO  TXLOGGER  - Tx 57041d64f6c32_0_57041d64f6c32_0_: finished. Total: 0.239 s, svn: 0.128 s [55% getFile content (12x), 45% info (6x)] (19x), resolve: 0.121 s [100% User (8x)] (8x), RepositoryConfigService: 0.095 s [65% getReadConfiguration (56x), 35% getReadUserConfiguration (2x)] (58x), ObjectMaps: 0.0177 s [55% getPrimaryObjectLocation (8x), 25% getPrimaryObjectProperty (8x)] (33x)
2017-05-16 14:22:40,833 [PreLoadDataService | u:p] INFO  TXLOGGER  - Tx 57041d6548834_0_57041d6548834_0_: finished. Total: 0.48 s, svn: 0.429 s [68% getFile content (47x), 32% getDir2 content (17x)] (65x), RepositoryConfigService: 0.327 s [100% getReadConfiguration (164x)] (180x)
2017-05-16 14:22:41,101 [PreLoadDataService | u:p] INFO  TXLOGGER  - Tx 57041d65c0435_0_57041d65c0435_0_: finished. Total: 0.267 s, svn: 0.246 s [51% getFile content (21x), 49% getDir2 content (17x)] (39x), RepositoryConfigService: 0.142 s [99% getReadConfiguration (88x)] (110x)
2017-05-16 14:22:41,215 [PreLoadDataService | u:p] INFO  TXLOGGER  - Tx 57041d6603436_0_57041d6603436_0_: finished. Total: 0.113 s, svn: 0.103 s [58% getDir2 content (11x), 42% getFile content (8x)] (20x), RepositoryConfigService: 0.0511 s [99% getReadConfiguration (38x)] (54x)
2017-05-16 14:22:41,215 [PreLoadDataService] INFO  TXLOGGER  - Summary for 'PreloadDataService': Total: 1.8 s, transactions: 7, svn: 1.3 s [54% getFile content (116x), 41% getDir2 content (72x)] (206x), RepositoryConfigService: 0.705 s [95% getReadConfiguration (402x)] (485x), resolve: 0.399 s [30% TimePoint (5x), 30% User (8x), 24% Category (6x)] (22x)
2017-05-16 14:22:41,215 [PreLoadDataService] INFO  TXLOGGER  - Summary after preload: transactions: 7, svn: 1.3 s [54% getFile content (116x), 41% getDir2 content (72x)] (207x), RepositoryConfigService: 0.705 s [95% getReadConfiguration (402x)] (485x), resolve: 0.399 s [30% TimePoint (5x), 30% User (9x), 24% Category (6x)] (23x), SubterraURITable: 0.358 s [100% getDB (1018x)] (1018x), DB: 0.348 s [54% query (1044x), 29% update (1019x)] (5146x), Lucene: 0.0743 s [54% add (1x), 46% search (5x)] (6x)
2017-05-16 14:24:04,827 [ajp-nio-8889-exec-2 | u:admin] INFO  TXLOGGER  - Summary for 'PortalDataService.getInitData': Total: 0.188 s, transactions: 3, RepositoryConfigService: 0.013 s [100% getReadConfiguration (8x)] (13x)
2017-05-16 14:24:05,318 [ajp-nio-8889-exec-3 | u:admin] INFO  TXLOGGER  - Summary for 'PortalDataService.requestPortalSite': Total: 0.147 s, transactions: 8, svn: 0.0576 s [53% info (5x), 35% getFile content (4x)] (18x), RepositoryConfigService: 0.0548 s [77% getReadConfiguration (26x), 23% getReadUserConfiguration (18x)] (50x)
2017-05-16 14:24:06,814 [ajp-nio-8889-exec-6 | u:admin | uri:/polarion/wiki/bin/view/project/drivepilot/page/Home | wiki: view http://localhost/polarion/wiki/bin/view/project/drivepilot/page/Home] INFO  TXLOGGER  - Tx 57041db965447_0_57041db965447_0_: finished. Total: 0.329 s, svn: 0.235 s [85% info (36x)] (43x), resolve: 0.165 s [98% WikiPage (24x)] (38x)
2017-05-16 14:24:06,845 [ajp-nio-8889-exec-6] INFO  TXLOGGER  - Summary for 'servlet /polarion/wiki/bin/view/project/drivepilot/page/Home': Total: 1.41 s, transactions: 6, Velocity: 1.12 s [100% evaluate in Wiki (1x)] (1x), svn: 0.876 s [82% info (132x)] (163x), resolve: 0.206 s [98% WikiPage (41x)] (59x)
