2017-05-16 12:59:43,002 [main | u:p] INFO  TXLOGGER  - Summary for 'Platform startup': transactions: 0, DB: 0.0384 s [53% update (126x), 45% query (13x)] (206x), svn: 0.0218 s [82% checkPath (1x)] (3x)
2017-05-16 12:59:43,129 [main | u:p] INFO  TXLOGGER  - Summary for 'Context recognition': transactions: 0, svn: 0.0477 s [46% info (3x), 27% getDir2 content (2x), 27% getFile content (1x)] (6x)
2017-05-16 12:59:43,473 [LowLevelDataService-contextInitializer-2 | u:p] INFO  TXLOGGER  - Summary: Total: 0.342 s, transactions: 0
2017-05-16 12:59:43,473 [LowLevelDataService-contextInitializer-3 | u:p] INFO  TXLOGGER  - Summary: Total: 0.342 s, transactions: 0, svn: 0.0344 s [94% log2 (5x)] (6x)
2017-05-16 12:59:43,473 [LowLevelDataService-contextInitializer-4 | u:p] INFO  TXLOGGER  - Summary: Total: 0.342 s, transactions: 0, svn: 0.043 s [96% log2 (5x)] (6x), ObjectMaps: 0.0358 s [100% getAllPrimaryObjects (1x)] (7x)
2017-05-16 12:59:43,473 [LowLevelDataService-contextInitializer-5 | u:p] INFO  TXLOGGER  - Summary: Total: 0.342 s, transactions: 0, svn: 0.106 s [59% log2 (5x), 19% log (1x), 12% info (2x)] (11x), ObjectMaps: 0.0325 s [100% getAllPrimaryObjects (1x)] (7x)
2017-05-16 12:59:43,473 [LowLevelDataService-contextInitializer-1 | u:p] INFO  TXLOGGER  - Summary: Total: 0.342 s, transactions: 0, svn: 0.066 s [82% log2 (5x)] (7x), ObjectMaps: 0.0545 s [97% getAllPrimaryObjects (1x)] (13x)
2017-05-16 12:59:43,474 [main | u:p] INFO  TXLOGGER  - Summary for 'Context initialization': transactions: 0, svn: 0.262 s [77% log2 (21x), 8% log (1x)] (32x), ObjectMaps: 0.128 s [99% getAllPrimaryObjects (5x)] (41x)
2017-05-16 12:59:43,693 [main | u:p] INFO  TXLOGGER  - Summary for 'Revisions processing': transactions: 10, RepositoryConfigService: 0.148 s [100% getReadConfiguration (30x)] (30x), svn: 0.0773 s [82% info (11x)] (24x)
2017-05-16 12:59:44,144 [main | u:p] INFO  TXLOGGER  - Summary for 'Build artifacts recognition': transactions: 30, svn: 0.345 s [83% info (60x)] (103x), RepositoryConfigService: 0.303 s [100% getReadConfiguration (36x)] (36x)
2017-05-16 12:59:44,597 [main | u:p] INFO  TXLOGGER  - Summary for 'Data indexing': transactions: 0, Lucene: 0.175 s [100% refresh (1x)] (1x), SubterraURITable: 0.0865 s [100% addIfNotExistsDB (1x)] (1x)
2017-05-16 13:00:02,882 [Worker-1 | u:p] INFO  TXLOGGER  - Summary for 'job: update.plan.refresh.index': Total: 0.976 s, transactions: 7, resolve: 0.483 s [89% WorkItem (15x)] (167x), svn: 0.466 s [42% getFile content (20x), 30% info (19x), 28% getDir2 content (16x)] (63x), Lucene: 0.299 s [100% refresh (1x)] (2x), DB: 0.181 s [74% update (199x), 19% query (18x)] (292x)
2017-05-16 13:00:02,900 [Worker-0 | u:p] INFO  TXLOGGER  - Summary for 'job: update.plan': Total: 2.85 s, transactions: 48, svn: 1.09 s [42% getFile content (60x), 37% info (66x), 20% getDir2 content (22x)] (205x), resolve: 1.08 s [77% WorkItems (2x), 6% Module (12x)] (96x), RepositoryConfigService: 0.566 s [75% getReadConfiguration (813x), 21% getExistingPrefixes (34x)] (868x), planQueryExpander: 0.162 s [100% expand (6x)] (12x), calculatedFieldsContributor: 0.154 s [100% fields (15x)] (16x)
2017-05-16 13:00:17,247 [main] INFO  TXLOGGER  - Summary for 'Polarion startup': transactions: 56, svn: 2.31 s [38% getFile content (104x), 38% info (144x), 23% getDir2 content (59x)] (384x), resolve: 2.15 s [62% WorkItems (3x), 20% WorkItem (72x)] (419x), RepositoryConfigService: 0.635 s [76% getReadConfiguration (1421x), 21% getExistingPrefixes (94x)] (1539x), Lucene: 0.584 s [90% refresh (2x)] (23x), DB: 0.555 s [80% update (417x), 13% query (55x)] (745x), planQueryExpander: 0.162 s [100% expand (7x)] (14x), calculatedFieldsContributor: 0.158 s [99% fields (30x)] (55x)
2017-05-16 13:00:17,309 [Worker-1 | u:p | job: polarion.jobs.attachment.indexer] INFO  TXLOGGER  - Summary after AttachmentIndexer: transactions: 0, Lucene: 0.0358 s [100% add (1x)] (1x), resolve: 0.00332 s [100% User (2x)] (2x), ObjectMaps: 0.00285 s [100% getPrimaryObjectLocation (1x)] (1x)
2017-05-16 13:00:17,558 [PreLoadDataService | u:p] INFO  TXLOGGER  - Tx 57040a8a09861_0_57040a8a09861_0_: finished. Total: 0.304 s, svn: 0.246 s [81% getDir2 content (25x)] (33x), resolve: 0.0731 s [99% Category (6x)] (11x), RepositoryConfigService: 0.0198 s [100% getReadConfiguration (2x)] (2x)
2017-05-16 13:00:17,789 [PreLoadDataService | u:p] INFO  TXLOGGER  - Tx 57040a8a5f469_0_57040a8a5f469_0_: finished. Total: 0.191 s, svn: 0.117 s [51% getFile content (9x), 49% info (6x)] (16x), RepositoryConfigService: 0.0926 s [83% getReadConfiguration (56x)] (58x), resolve: 0.0824 s [100% User (8x)] (8x), ObjectMaps: 0.011 s [53% getPrimaryObjectLocation (5x), 25% getPrimaryObjectProperty (5x), 21% getLastPromoted (5x)] (21x)
2017-05-16 13:00:17,857 [DBHistoryCreator-1 | u:p] INFO  TXLOGGER  - Summary: Total: 0.527 s, transactions: 0
2017-05-16 13:00:17,857 [Worker-0 | u:p | job: polarion.jobs.db.history] INFO  TXLOGGER  - Summary after DBHistoryCreator: transactions: 6, Lucene: 0.0727 s [100% add (2x)] (2x), persistence listener: 0.0628 s [89% notificationsCreatingListener (1x)] (7x)
2017-05-16 13:00:17,857 [Worker-0 | u:p] INFO  TXLOGGER  - Summary for 'job: polarion.jobs.db.history': Total: 0.529 s, transactions: 0, DB: 0.362 s [57% query (991x), 27% update (966x)] (4934x), SubterraURITable: 0.357 s [100% getDB (965x)] (965x)
2017-05-16 13:00:17,895 [PreLoadDataService | u:p] INFO  TXLOGGER  - Tx 57040a8a8f46a_0_57040a8a8f46a_0_: finished. Total: 0.107 s, RepositoryConfigService: 0.0987 s [98% getReadConfiguration (54x)] (71x), svn: 0.0828 s [100% getFile content (12x)] (13x)
2017-05-16 13:00:18,302 [PreLoadDataService | u:p] INFO  TXLOGGER  - Tx 57040a8aa9c6b_0_57040a8aa9c6b_0_: finished. Total: 0.407 s, svn: 0.37 s [61% getFile content (35x), 39% getDir2 content (17x)] (53x), RepositoryConfigService: 0.249 s [100% getReadConfiguration (151x)] (161x)
2017-05-16 13:00:18,521 [PreLoadDataService | u:p] INFO  TXLOGGER  - Tx 57040a8b0f86c_0_57040a8b0f86c_0_: finished. Total: 0.218 s, svn: 0.204 s [58% getDir2 content (17x), 42% getFile content (14x)] (32x), RepositoryConfigService: 0.095 s [99% getReadConfiguration (81x)] (97x)
2017-05-16 13:00:18,632 [PreLoadDataService | u:p] INFO  TXLOGGER  - Tx 57040a8b4646d_0_57040a8b4646d_0_: finished. Total: 0.112 s, svn: 0.103 s [58% getDir2 content (11x), 42% getFile content (8x)] (20x), RepositoryConfigService: 0.0488 s [99% getReadConfiguration (38x)] (54x)
2017-05-16 13:00:18,633 [PreLoadDataService] INFO  TXLOGGER  - Summary for 'PreloadDataService': Total: 1.38 s, transactions: 7, svn: 1.13 s [48% getFile content (84x), 47% getDir2 content (72x)] (171x), RepositoryConfigService: 0.604 s [97% getReadConfiguration (382x)] (443x), resolve: 0.156 s [53% User (8x), 46% Category (6x)] (22x)
2017-05-16 13:00:18,633 [PreLoadDataService] INFO  TXLOGGER  - Summary after preload: transactions: 7, svn: 1.13 s [48% getFile content (84x), 47% getDir2 content (72x)] (171x), RepositoryConfigService: 0.604 s [97% getReadConfiguration (382x)] (443x), DB: 0.362 s [57% query (991x), 27% update (966x)] (4934x), SubterraURITable: 0.357 s [100% getDB (965x)] (965x), resolve: 0.156 s [53% User (9x), 46% Category (6x)] (23x)
2017-05-16 13:01:31,616 [ajp-nio-8889-exec-3 | u:admin] INFO  TXLOGGER  - Summary for 'PortalDataService.getInitData': Total: 0.16 s, transactions: 3, RepositoryConfigService: 0.0139 s [100% getReadConfiguration (8x)] (13x)
2017-05-16 13:01:32,092 [ajp-nio-8889-exec-4 | u:admin] INFO  TXLOGGER  - Summary for 'PortalDataService.requestPortalSite': Total: 0.156 s, transactions: 8, svn: 0.0708 s [41% info (5x), 30% getDir2 content (1x), 29% getFile content (4x)] (18x), RepositoryConfigService: 0.0671 s [83% getReadConfiguration (26x)] (50x)
2017-05-16 13:01:33,695 [ajp-nio-8889-exec-7 | u:admin | uri:/polarion/wiki/bin/view/project/drivepilot/page/Home | wiki: view http://localhost/polarion/wiki/bin/view/project/drivepilot/page/Home] INFO  TXLOGGER  - Tx 57040ad45907e_0_57040ad45907e_0_: finished. Total: 0.346 s, svn: 0.252 s [86% info (36x)] (43x), resolve: 0.185 s [98% WikiPage (24x)] (38x)
2017-05-16 13:01:33,736 [ajp-nio-8889-exec-7] INFO  TXLOGGER  - Summary for 'servlet /polarion/wiki/bin/view/project/drivepilot/page/Home': Total: 1.53 s, transactions: 6, Velocity: 1.24 s [100% evaluate in Wiki (1x)] (1x), svn: 0.929 s [82% info (132x)] (163x), resolve: 0.222 s [98% WikiPage (41x)] (59x)
2017-05-16 14:00:00,703 [Worker-0 | u:p] INFO  TXLOGGER  - Summary for 'job: update.plan.refresh.index': Total: 0.482 s, transactions: 0, resolve: 0.37 s [100% WorkItem (15x)] (167x), svn: 0.331 s [38% getFile content (15x), 32% getDir2 content (15x), 29% info (15x)] (46x), Lucene: 0.0513 s [99% refresh (1x)] (2x), DB: 0.0285 s [85% update (181x)] (220x)
2017-05-16 14:00:00,729 [Worker-1 | u:p] INFO  TXLOGGER  - Summary for 'job: update.plan': Total: 0.629 s, transactions: 0
