2017-05-17 16:28:32,416 [main | u:p] INFO  TXLOGGER  - Summary for 'Platform startup': transactions: 0, DB: 0.0527 s [59% query (13x), 40% update (126x)] (206x), svn: 0.0226 s [78% checkPath (1x), 22% getLatestRevision (2x)] (3x)
2017-05-17 16:28:32,598 [main | u:p] INFO  TXLOGGER  - Summary for 'Context recognition': transactions: 0, svn: 0.0826 s [41% info (3x), 34% getDir2 content (2x), 24% getFile content (1x)] (6x)
2017-05-17 16:28:33,092 [LowLevelDataService-contextInitializer-3 | u:p] INFO  TXLOGGER  - Summary: Total: 0.491 s, transactions: 0, svn: 0.0714 s [96% log2 (5x)] (6x)
2017-05-17 16:28:33,092 [LowLevelDataService-contextInitializer-2 | u:p] INFO  TXLOGGER  - Summary: Total: 0.491 s, transactions: 0, svn: 0.0306 s [93% log2 (1x)] (2x)
2017-05-17 16:28:33,092 [LowLevelDataService-contextInitializer-1 | u:p] INFO  TXLOGGER  - Summary: Total: 0.491 s, transactions: 0, svn: 0.209 s [64% log2 (5x), 18% log (1x)] (11x), ObjectMaps: 0.0491 s [100% getAllPrimaryObjects (1x)] (11x)
2017-05-17 16:28:33,092 [LowLevelDataService-contextInitializer-5 | u:p] INFO  TXLOGGER  - Summary: Total: 0.49 s, transactions: 0, svn: 0.135 s [99% log2 (5x)] (6x), ObjectMaps: 0.0271 s [100% getAllPrimaryObjects (1x)] (7x)
2017-05-17 16:28:33,092 [LowLevelDataService-contextInitializer-4 | u:p] INFO  TXLOGGER  - Summary: Total: 0.491 s, transactions: 0, svn: 0.102 s [98% log2 (5x)] (6x), ObjectMaps: 0.0342 s [100% getAllPrimaryObjects (1x)] (7x)
2017-05-17 16:28:33,093 [main | u:p] INFO  TXLOGGER  - Summary for 'Context initialization': transactions: 0, svn: 0.548 s [85% log2 (21x)] (31x), ObjectMaps: 0.115 s [100% getAllPrimaryObjects (5x)] (39x)
2017-05-17 16:28:33,449 [main | u:p] INFO  TXLOGGER  - Summary for 'Revisions processing': transactions: 10, RepositoryConfigService: 0.21 s [100% getReadConfiguration (30x)] (30x), svn: 0.136 s [77% info (13x), 21% getFile content (3x)] (28x)
2017-05-17 16:28:34,149 [main | u:p] INFO  TXLOGGER  - Summary for 'Build artifacts recognition': transactions: 30, svn: 0.568 s [82% info (60x)] (103x), RepositoryConfigService: 0.479 s [100% getReadConfiguration (60x)] (60x)
2017-05-17 16:28:34,707 [main | u:p] INFO  TXLOGGER  - Summary for 'Data indexing': transactions: 0, Lucene: 0.23 s [100% refresh (2x)] (2x), SubterraURITable: 0.0955 s [100% addIfNotExistsDB (13x)] (13x), DB: 0.0183 s [51% update (30x), 21% query (13x), 20% execute (10x)] (81x)
2017-05-17 16:29:10,340 [main] INFO  TXLOGGER  - Summary for 'Polarion startup': transactions: 1, svn: 0.348 s [80% info (39x)] (57x), RepositoryConfigService: 0.0348 s [100% getReadConfiguration (2x)] (2x)
2017-05-17 16:29:10,527 [Worker-0 | u:p | job: polarion.jobs.attachment.indexer] INFO  TXLOGGER  - Summary after AttachmentIndexer: transactions: 0, Lucene: 0.0894 s [100% add (2x)] (2x), resolve: 0.0341 s [100% User (2x)] (2x), ObjectMaps: 0.0148 s [100% getPrimaryObjectLocation (2x)] (2x)
2017-05-17 16:29:10,677 [Persistence Events Processing Thread | u:p] INFO  TXLOGGER  - Tx 570583f074830_0_570583f074830_0_: finished. Total: 0.258 s, resolve: 0.0858 s [61% User (2x), 38% Project (1x)] (5x), Lucene: 0.0525 s [52% search (1x), 48% add (1x)] (2x), svn: 0.0346 s [72% getFile content (2x), 19% info (1x)] (6x), ObjectMaps: 0.0144 s [66% getPrimaryObjectLocation (2x), 21% getPrimaryObjectProperty (2x)] (11x)
2017-05-17 16:29:10,678 [Persistence Events Processing Thread | u:p] INFO  TXLOGGER  - Summary: Total: 0.335 s, transactions: 6, persistence listener: 0.335 s [78% RevisionActivityCreator (2x), 22% notificationsCreatingListener (1x)] (7x), resolve: 0.088 s [59% User (2x), 37% Project (1x)] (7x), Lucene: 0.0525 s [52% search (1x), 48% add (1x)] (2x), svn: 0.0346 s [72% getFile content (2x), 19% info (1x)] (6x)
2017-05-17 16:29:11,026 [PreLoadDataService | u:p] INFO  TXLOGGER  - Tx 570583f06302a_0_570583f06302a_0_: finished. Total: 0.678 s, svn: 0.477 s [67% getDir2 content (25x), 32% getFile content (13x)] (40x), resolve: 0.305 s [59% TimePoint (5x), 41% Category (6x)] (11x), ObjectMaps: 0.0517 s [75% getPrimaryObjectLocation (11x), 14% getPrimaryObjectProperty (11x)] (45x)
2017-05-17 16:29:11,385 [PreLoadDataService | u:p] INFO  TXLOGGER  - Tx 570583f121050_0_570583f121050_0_: finished. Total: 0.277 s, svn: 0.163 s [64% getFile content (11x), 36% info (6x)] (18x), resolve: 0.142 s [100% User (8x)] (8x), RepositoryConfigService: 0.11 s [77% getReadConfiguration (56x), 23% getReadUserConfiguration (2x)] (58x), ObjectMaps: 0.0155 s [46% getPrimaryObjectLocation (7x), 30% getPrimaryObjectProperty (7x), 23% getLastPromoted (7x)] (28x)
2017-05-17 16:29:11,543 [PreLoadDataService | u:p] INFO  TXLOGGER  - Tx 570583f166851_0_570583f166851_0_: finished. Total: 0.157 s, RepositoryConfigService: 0.135 s [99% getReadConfiguration (54x)] (77x), svn: 0.116 s [100% getFile content (12x)] (13x)
2017-05-17 16:29:11,563 [DBHistoryCreator-1 | u:p] INFO  TXLOGGER  - Summary: Total: 0.99 s, transactions: 0
2017-05-17 16:29:11,563 [DBHistoryCreator-2 | u:p] INFO  TXLOGGER  - Summary: Total: 0.99 s, transactions: 0
2017-05-17 16:29:11,563 [Worker-1 | u:p | job: polarion.jobs.db.history] INFO  TXLOGGER  - Summary after DBHistoryCreator: transactions: 36, persistence listener: 0.338 s [77% RevisionActivityCreator (12x), 22% notificationsCreatingListener (6x)] (42x), resolve: 0.0882 s [60% User (3x), 37% Project (1x)] (8x), Lucene: 0.0827 s [67% add (2x), 33% search (1x)] (3x), svn: 0.0366 s [68% getFile content (2x), 18% info (1x)] (7x)
2017-05-17 16:29:11,564 [Worker-1 | u:p] INFO  TXLOGGER  - Summary for 'job: polarion.jobs.db.history': Total: 1.04 s, transactions: 0, DB: 0.671 s [74% query (1085x), 16% update (1060x)] (5359x), SubterraURITable: 0.381 s [100% getDB (1059x)] (1059x)
2017-05-17 16:29:12,411 [PreLoadDataService | u:p] INFO  TXLOGGER  - Tx 570583f18dc52_0_570583f18dc52_0_: finished. Total: 0.868 s, svn: 0.805 s [68% getFile content (47x), 32% getDir2 content (17x)] (65x), RepositoryConfigService: 0.592 s [100% getReadConfiguration (164x)] (180x)
2017-05-17 16:29:12,780 [PreLoadDataService | u:p] INFO  TXLOGGER  - Tx 570583f266c53_0_570583f266c53_0_: finished. Total: 0.369 s, svn: 0.348 s [53% getFile content (21x), 47% getDir2 content (17x)] (39x), RepositoryConfigService: 0.2 s [100% getReadConfiguration (88x)] (110x)
2017-05-17 16:29:12,919 [PreLoadDataService | u:p] INFO  TXLOGGER  - Tx 570583f2c3054_0_570583f2c3054_0_: finished. Total: 0.138 s, svn: 0.128 s [58% getDir2 content (11x), 42% getFile content (8x)] (20x), RepositoryConfigService: 0.0599 s [99% getReadConfiguration (38x)] (54x)
2017-05-17 16:29:12,920 [PreLoadDataService] INFO  TXLOGGER  - Summary for 'PreloadDataService': Total: 2.57 s, transactions: 7, svn: 2.07 s [56% getFile content (114x), 40% getDir2 content (72x)] (203x), RepositoryConfigService: 1.12 s [97% getReadConfiguration (402x)] (481x), resolve: 0.485 s [37% TimePoint (5x), 29% User (8x), 26% Category (6x)] (22x)
2017-05-17 16:29:12,920 [PreLoadDataService] INFO  TXLOGGER  - Summary after preload: transactions: 7, svn: 2.07 s [56% getFile content (114x), 40% getDir2 content (72x)] (203x), RepositoryConfigService: 1.12 s [97% getReadConfiguration (402x)] (481x), DB: 0.671 s [74% query (1085x), 16% update (1060x)] (5359x), resolve: 0.485 s [37% TimePoint (5x), 29% User (9x), 26% Category (6x)] (23x), SubterraURITable: 0.381 s [100% getDB (1059x)] (1059x)
2017-05-17 16:29:18,043 [ajp-nio-8889-exec-1 | u:admin] INFO  TXLOGGER  - Summary for 'PortalDataService.getInitData': Total: 0.21 s, transactions: 3, RepositoryConfigService: 0.0226 s [100% getReadConfiguration (8x)] (13x), svn: 0.0157 s [52% getDir2 content (1x), 48% info (1x)] (5x)
2017-05-17 16:29:18,761 [ajp-nio-8889-exec-3 | u:admin] INFO  TXLOGGER  - Summary for 'PortalDataService.requestPortalSite': Total: 0.232 s, transactions: 8, svn: 0.12 s [46% info (5x), 40% getFile content (4x)] (18x), RepositoryConfigService: 0.113 s [81% getReadConfiguration (26x)] (50x)
2017-05-17 16:29:47,868 [ajp-nio-8889-exec-6 | u:admin] INFO  TXLOGGER  - Tx 570584146ec64_0_570584146ec64_0_: finished. Total: 0.609 s, svn: 0.531 s [92% endActivity (1x)] (8x), processed revs: [46, 46 (delay 0s)], write: true
2017-05-17 16:29:47,870 [ajp-nio-8889-exec-6 | u:admin] INFO  TXLOGGER  - Summary for 'WikiDataService.saveRepository': Total: 0.61 s, transactions: 1, svn: 0.531 s [92% endActivity (1x)] (8x)
2017-05-17 16:34:49,300 [Persistence Events Processing Thread | u:p] INFO  TXLOGGER  - Tx 5705853b43470_0_5705853b43470_0_: finished. Total: 0.134 s, Lucene: 0.0444 s [100% add (1x)] (2x)
2017-05-17 16:34:49,334 [Persistence Events Processing Thread | u:p] INFO  TXLOGGER  - Summary: Total: 0.175 s, transactions: 6, persistence listener: 0.175 s [96% RevisionActivityCreator (2x)] (7x), Lucene: 0.0444 s [100% add (1x)] (2x), resolve: 0.0132 s [80% Revision (5x)] (10x)
2017-05-17 16:35:48,347 [ajp-nio-8889-exec-5 | u:admin] INFO  TXLOGGER  - Tx 5705857479473_0_5705857479473_0_: finished. Total: 0.598 s, svn: 0.551 s [93% endActivity (1x)] (7x), RepositoryConfigService: 0.0323 s [100% getReadConfiguration (4x)] (4x), processed revs: [47, 47 (delay 0s)], write: true
2017-05-17 16:35:48,348 [ajp-nio-8889-exec-5 | u:admin] INFO  TXLOGGER  - Summary for 'WikiDataService.saveRepository': Total: 0.598 s, transactions: 1, svn: 0.551 s [93% endActivity (1x)] (7x), RepositoryConfigService: 0.0323 s [100% getReadConfiguration (4x)] (4x)
2017-05-17 16:36:56,072 [PullingJob-default] INFO  TXLOGGER  - Summary for 'PullingJob': Total: 0.183 s, transactions: 0, svn: 0.182 s [99% log2 (25x)] (26x), processed revs: [48]
2017-05-17 16:37:50,888 [Persistence Events Processing Thread | u:p] INFO  TXLOGGER  - Tx 570585ebde085_0_570585ebde085_0_: finished. Total: 0.88 s, Lucene: 0.873 s [100% add (1x)] (2x)
2017-05-17 16:37:50,889 [Persistence Events Processing Thread | u:p] INFO  TXLOGGER  - Summary: Total: 0.882 s, transactions: 6, persistence listener: 0.882 s [100% RevisionActivityCreator (2x)] (7x), Lucene: 0.873 s [100% add (1x)] (2x)
2017-05-17 17:00:01,787 [Worker-1 | u:p] INFO  TXLOGGER  - Summary for 'job: update.plan.refresh.index': Total: 0.758 s, transactions: 0, resolve: 0.511 s [94% WorkItem (15x)] (167x), svn: 0.462 s [34% getDir2 content (16x), 33% getFile content (16x), 32% info (17x)] (50x), Lucene: 0.155 s [100% refresh (1x)] (2x), DB: 0.0784 s [88% update (181x)] (220x)
2017-05-17 17:00:01,817 [Worker-0 | u:p] INFO  TXLOGGER  - Summary for 'job: update.plan': Total: 1.76 s, transactions: 10, resolve: 0.67 s [92% WorkItems (2x)] (96x), svn: 0.586 s [35% info (26x), 35% getFile content (21x), 30% getDir2 content (19x)] (78x), planQueryExpander: 0.121 s [100% expand (6x)] (12x)
2017-05-17 17:38:50,760 [ajp-nio-8889-exec-2 | u:admin | uri:/polarion/wiki/bin/view/project/drivepilot/page/Home | wiki: view http://localhost/polarion/wiki/bin/view/project/drivepilot/page/Home] INFO  TXLOGGER  - Tx 570593e263496_0_570593e263496_0_: finished. Total: 0.442 s, svn: 0.326 s [89% info (36x)] (43x), resolve: 0.219 s [99% WikiPage (24x)] (38x)
2017-05-17 17:38:50,806 [ajp-nio-8889-exec-2] INFO  TXLOGGER  - Summary for 'servlet /polarion/wiki/bin/view/project/drivepilot/page/Home': Total: 1.8 s, transactions: 6, Velocity: 1.48 s [100% evaluate in Wiki (1x)] (1x), svn: 1.13 s [81% info (132x)] (163x), resolve: 0.278 s [99% WikiPage (41x)] (59x)
2017-05-17 17:39:15,605 [ajp-nio-8889-exec-5 | u:admin] INFO  TXLOGGER  - Tx 570593fa89099_0_570593fa89099_0_: finished. Total: 0.561 s, svn: 0.51 s [95% endActivity (1x)] (7x), processed revs: [50, 50 (delay 0s)], write: true
2017-05-17 17:39:15,605 [ajp-nio-8889-exec-5 | u:admin] INFO  TXLOGGER  - Summary for 'WikiDataService.saveRepository': Total: 0.561 s, transactions: 1, svn: 0.51 s [95% endActivity (1x)] (7x)
2017-05-17 17:39:27,478 [ajp-nio-8889-exec-6 | u:admin] INFO  TXLOGGER  - Tx 57059406104a0_0_57059406104a0_0_: finished. Total: 0.628 s, svn: 0.575 s [95% endActivity (1x)] (7x), processed revs: [51, 51 (delay 0s)], write: true
2017-05-17 17:39:27,478 [ajp-nio-8889-exec-6 | u:admin] INFO  TXLOGGER  - Summary for 'WikiDataService.saveRepository': Total: 0.629 s, transactions: 1, svn: 0.575 s [95% endActivity (1x)] (7x)
2017-05-17 17:39:35,272 [ajp-nio-8889-exec-7] INFO  TXLOGGER  - Summary for 'servlet /polarion/wiki/bin/view/page/Home': Total: 0.604 s, transactions: 2, svn: 0.461 s [60% info (52x), 21% getFile properties (18x)] (83x), Velocity: 0.143 s [100% evaluate in Wiki (1x)] (1x), resolve: 0.0435 s [99% WikiPage (15x)] (18x)
2017-05-17 17:40:47,456 [ajp-nio-8889-exec-6 | u:admin] INFO  TXLOGGER  - Tx 570594544ecb2_0_570594544ecb2_0_: finished. Total: 0.484 s, svn: 0.439 s [96% endActivity (1x)] (8x), processed revs: [52, 52 (delay 0s)], write: true
2017-05-17 17:40:47,456 [ajp-nio-8889-exec-6 | u:admin] INFO  TXLOGGER  - Summary for 'WikiDataService.saveRepository': Total: 0.485 s, transactions: 1, svn: 0.439 s [96% endActivity (1x)] (8x)
