2017-05-15 19:26:06,105 [main] INFO  com.polarion.core.boot.impl.AppLaunchersManager  - Using logging context STANDALONE
2017-05-15 19:26:06,106 [main] INFO  com.polarion.core.boot.impl.AppLaunchersManager  - Launchers manager started...
2017-05-15 19:26:06,106 [main] INFO  com.polarion.core.boot.impl.AppLaunchersManager  - Using home directory C:\Polarion\polarion
2017-05-15 19:26:06,106 [main] INFO  com.polarion.core.boot.impl.AppLaunchersManager  - Using root directory C:/Polarion
2017-05-15 19:26:06,106 [main] INFO  com.polarion.core.boot.impl.AppLaunchersManager  - Using workspace directory C:\Polarion\data\workspace
2017-05-15 19:26:06,106 [main] INFO  com.polarion.core.boot.impl.AppLaunchersManager  - Using config directory D:\workdir\.metadata\.plugins\org.eclipse.pde.core\New_configuration
2017-05-15 19:26:06,106 [main] INFO  com.polarion.core.boot.impl.AppLaunchersManager  - Loading external properties ...
2017-05-15 19:26:06,106 [main] INFO  com.polarion.core.boot.impl.AppLaunchersManager  - Using external property file C:\Polarion\polarion/configuration/polarion.properties
2017-05-15 19:26:06,107 [main] INFO  com.polarion.core.boot.impl.AppLaunchersManager  - Loading internal properties ...
2017-05-15 19:26:06,130 [main] INFO  com.polarion.core.boot.impl.AppLaunchersManager  - Host: pni6w2489 (146.122.190.42)
2017-05-15 19:26:06,131 [main] INFO  com.polarion.core.boot.impl.AppLaunchersManager  - Product: com.polarion.alm
2017-05-15 19:26:06,131 [main] INFO  com.polarion.core.boot.impl.AppLaunchersManager  - Version: 3.17.0
2017-05-15 19:26:06,131 [main] INFO  com.polarion.core.boot.impl.AppLaunchersManager  - Build: 20170314-0722
2017-05-15 19:26:06,132 [main] INFO  com.polarion.core.boot.impl.AppLaunchersManager  - Patches: <none>
2017-05-15 19:26:06,132 [main] INFO  com.polarion.core.boot.impl.AppLaunchersManager  - Extensions: <none>
2017-05-15 19:26:06,140 [main] INFO  com.polarion.core.boot.impl.AppLaunchersManager  - Workspace location: C:\Polarion\data\workspace
2017-05-15 19:26:06,141 [main] INFO  com.polarion.core.boot.impl.AppLaunchersManager  - Workspace lock acquired
2017-05-15 19:26:06,141 [main] INFO  com.polarion.core.boot.impl.AppLaunchersManager  - Found applications: [polarion.server, polarion.coordinator]
2017-05-15 19:26:06,141 [main] INFO  com.polarion.core.boot.impl.AppLaunchersManager  - Starting application: polarion.server
2017-05-15 19:26:06,153 [main] INFO  com.polarion.core.boot.impl.AppLaunchersManager  - Application extension successfully read
2017-05-15 19:26:06,168 [main] INFO  com.polarion.platform.startup  - ****************************************************************
2017-05-15 19:26:06,168 [main] INFO  com.polarion.platform.startup  -                 Polarion starting, please wait!                 
2017-05-15 19:26:06,168 [main] INFO  com.polarion.platform.startup  - ****************************************************************
2017-05-15 19:26:06,168 [main] INFO  com.polarion.platform.startup  - Server start mode: normal
2017-05-15 19:26:06,168 [main] INFO  com.polarion.platform.startup  - ------------------------------
2017-05-15 19:26:06,169 [main] INFO  com.polarion.platform.startup  - Platform startup (Phase: 1/9)
2017-05-15 19:26:06,169 [main] INFO  com.polarion.psvn.launcher.PolarionSVNApplication  - **** Java system properties listing: 
2017-05-15 19:26:06,195 [main] INFO  com.polarion.psvn.launcher.PolarionSVNApplication  - adminPasswd = 
2017-05-15 19:26:06,195 [main] INFO  com.polarion.psvn.launcher.PolarionSVNApplication  - adminUser = admin
2017-05-15 19:26:06,195 [main] INFO  com.polarion.psvn.launcher.PolarionSVNApplication  - announcer.smtp.auth = false
2017-05-15 19:26:06,195 [main] INFO  com.polarion.psvn.launcher.PolarionSVNApplication  - announcer.smtp.host = localhost
2017-05-15 19:26:06,195 [main] INFO  com.polarion.psvn.launcher.PolarionSVNApplication  - announcer.smtp.password = **PASSWORD**HIDDEN**
2017-05-15 19:26:06,195 [main] INFO  com.polarion.psvn.launcher.PolarionSVNApplication  - announcer.smtp.port = 25
2017-05-15 19:26:06,195 [main] INFO  com.polarion.psvn.launcher.PolarionSVNApplication  - announcer.smtp.user = 
2017-05-15 19:26:06,195 [main] INFO  com.polarion.psvn.launcher.PolarionSVNApplication  - awt.toolkit = sun.awt.windows.WToolkit
2017-05-15 19:26:06,195 [main] INFO  com.polarion.psvn.launcher.PolarionSVNApplication  - base.url = http://localhost
2017-05-15 19:26:06,195 [main] INFO  com.polarion.psvn.launcher.PolarionSVNApplication  - bfh.jobs.workdir = C:\Polarion\data\workspace/polarion-data/jobs
2017-05-15 19:26:06,195 [main] INFO  com.polarion.psvn.launcher.PolarionSVNApplication  - BIRDir = C:\Polarion\polarion/../data/BIR
2017-05-15 19:26:06,195 [main] INFO  com.polarion.psvn.launcher.PolarionSVNApplication  - calculated.fields.mode = async
2017-05-15 19:26:06,195 [main] INFO  com.polarion.psvn.launcher.PolarionSVNApplication  - com.polarion.activation.activationHelpLink = http://www.polarion.com/resources/activation.php
2017-05-15 19:26:06,195 [main] INFO  com.polarion.psvn.launcher.PolarionSVNApplication  - com.polarion.activation.server = https://license.polarion.com/licenseGenerator/generator/generate
2017-05-15 19:26:06,195 [main] INFO  com.polarion.psvn.launcher.PolarionSVNApplication  - com.polarion.alm.ui.gravatar.enabled = false
2017-05-15 19:26:06,195 [main] INFO  com.polarion.psvn.launcher.PolarionSVNApplication  - com.polarion.alm.ui.gravatar.url = http://www.gravatar.com/avatar/$emailHash$?d=identicon&s=50
2017-05-15 19:26:06,195 [main] INFO  com.polarion.psvn.launcher.PolarionSVNApplication  - com.polarion.application = polarion.server
2017-05-15 19:26:06,195 [main] INFO  com.polarion.psvn.launcher.PolarionSVNApplication  - com.polarion.config = D:\workdir\.metadata\.plugins\org.eclipse.pde.core\New_configuration
2017-05-15 19:26:06,195 [main] INFO  com.polarion.psvn.launcher.PolarionSVNApplication  - com.polarion.data = C:\Polarion\polarion/../data
2017-05-15 19:26:06,196 [main] INFO  com.polarion.psvn.launcher.PolarionSVNApplication  - com.polarion.eclipse = C:\Polarion\polarion
2017-05-15 19:26:06,196 [main] INFO  com.polarion.psvn.launcher.PolarionSVNApplication  - com.polarion.home = C:\Polarion\polarion
2017-05-15 19:26:06,196 [main] INFO  com.polarion.psvn.launcher.PolarionSVNApplication  - com.polarion.licenseDir = C:\Polarion\polarion/license
2017-05-15 19:26:06,196 [main] INFO  com.polarion.psvn.launcher.PolarionSVNApplication  - com.polarion.platform.internalPG = polarion:polarion@localhost:5433
2017-05-15 19:26:06,196 [main] INFO  com.polarion.psvn.launcher.PolarionSVNApplication  - com.polarion.platform.monitoring.notifications.disabled = true
2017-05-15 19:26:06,196 [main] INFO  com.polarion.psvn.launcher.PolarionSVNApplication  - com.polarion.platform.monitoring.notifications.receivers = 
2017-05-15 19:26:06,196 [main] INFO  com.polarion.psvn.launcher.PolarionSVNApplication  - com.polarion.platform.monitoring.notifications.sender = 
2017-05-15 19:26:06,196 [main] INFO  com.polarion.psvn.launcher.PolarionSVNApplication  - com.polarion.platform.monitoring.notifications.subject.prefix = 
2017-05-15 19:26:06,196 [main] INFO  com.polarion.psvn.launcher.PolarionSVNApplication  - com.polarion.platform.persistence.notifications.disabled = false
2017-05-15 19:26:06,196 [main] INFO  com.polarion.psvn.launcher.PolarionSVNApplication  - com.polarion.propertyFile = C:\Polarion\polarion/configuration/polarion.properties
2017-05-15 19:26:06,196 [main] INFO  com.polarion.psvn.launcher.PolarionSVNApplication  - com.polarion.root = C:/Polarion
2017-05-15 19:26:06,196 [main] INFO  com.polarion.psvn.launcher.PolarionSVNApplication  - com.polarion.workspace = C:\Polarion\data\workspace
2017-05-15 19:26:06,196 [main] INFO  com.polarion.psvn.launcher.PolarionSVNApplication  - com.siemens.polarion.document.listStyle = 1ai
2017-05-15 19:26:06,196 [main] INFO  com.polarion.psvn.launcher.PolarionSVNApplication  - content.types.user.table = /C:/Polarion/polarion/plugins/com.polarion.core.boot_3.17.0/content-types.properties
2017-05-15 19:26:06,196 [main] INFO  com.polarion.psvn.launcher.PolarionSVNApplication  - controlHostname = localhost
2017-05-15 19:26:06,196 [main] INFO  com.polarion.psvn.launcher.PolarionSVNApplication  - controlPort = 8887
2017-05-15 19:26:06,196 [main] INFO  com.polarion.psvn.launcher.PolarionSVNApplication  - createproject.default.location = Sandbox/
2017-05-15 19:26:06,196 [main] INFO  com.polarion.psvn.launcher.PolarionSVNApplication  - createproject.default.useUserId = true
2017-05-15 19:26:06,196 [main] INFO  com.polarion.psvn.launcher.PolarionSVNApplication  - createproject.limitedAccessMessage = You may create a project in the Sandbox project group (only). Please fill in the required properties below. For example:<br/><table><tr><td>Location:</td><td>Sandbox/MyFirstProject</td></tr><tr><td>ID:</td><td>MyFirstProject</td></tr></table><br/>Or use the suggested defaults.
2017-05-15 19:26:06,196 [main] INFO  com.polarion.psvn.launcher.PolarionSVNApplication  - debug = false
2017-05-15 19:26:06,196 [main] INFO  com.polarion.psvn.launcher.PolarionSVNApplication  - default.project.template.ALM = system_engineering
2017-05-15 19:26:06,196 [main] INFO  com.polarion.psvn.launcher.PolarionSVNApplication  - default.project.template.Pro = system_engineering
2017-05-15 19:26:06,196 [main] INFO  com.polarion.psvn.launcher.PolarionSVNApplication  - default.project.template.QA = qa
2017-05-15 19:26:06,196 [main] INFO  com.polarion.psvn.launcher.PolarionSVNApplication  - default.project.template.Requirements = requirements_software
2017-05-15 19:26:06,196 [main] INFO  com.polarion.psvn.launcher.PolarionSVNApplication  - derby.system.home = C:\Polarion\polarion/../data/logs/derby
2017-05-15 19:26:06,196 [main] INFO  com.polarion.psvn.launcher.PolarionSVNApplication  - eclipse.application = com.polarion.core.boot.app
2017-05-15 19:26:06,196 [main] INFO  com.polarion.psvn.launcher.PolarionSVNApplication  - eclipse.buildId = M20060118-1600
2017-05-15 19:26:06,196 [main] INFO  com.polarion.psvn.launcher.PolarionSVNApplication  - eclipse.commands = -application
com.polarion.core.boot.app
-data
C:\Polarion\data\workspace
-configuration
file:D:/workdir/.metadata/.plugins/org.eclipse.pde.core/New_configuration/
-dev
file:D:/workdir/.metadata/.plugins/org.eclipse.pde.core/New_configuration/dev.properties
-os
win32
-ws
win32
-arch
x86
-appId
polarion.serve

2017-05-15 19:26:06,196 [main] INFO  com.polarion.psvn.launcher.PolarionSVNApplication  - eclipse.startTime = 1494856565311
2017-05-15 19:26:06,196 [main] INFO  com.polarion.psvn.launcher.PolarionSVNApplication  - enableCreateAccountForm = false
2017-05-15 19:26:06,196 [main] INFO  com.polarion.psvn.launcher.PolarionSVNApplication  - eof = eof
2017-05-15 19:26:06,196 [main] INFO  com.polarion.psvn.launcher.PolarionSVNApplication  - error.report.email = 
2017-05-15 19:26:06,196 [main] INFO  com.polarion.psvn.launcher.PolarionSVNApplication  - feedback.email = dev@polarion.com
2017-05-15 19:26:06,196 [main] INFO  com.polarion.psvn.launcher.PolarionSVNApplication  - file.encoding = Cp1252
2017-05-15 19:26:06,196 [main] INFO  com.polarion.psvn.launcher.PolarionSVNApplication  - file.encoding.pkg = sun.io
2017-05-15 19:26:06,196 [main] INFO  com.polarion.psvn.launcher.PolarionSVNApplication  - file.separator = \
2017-05-15 19:26:06,196 [main] INFO  com.polarion.psvn.launcher.PolarionSVNApplication  - htpasswd.path = C:/Polarion/bundled/apache/bin/htpasswd.exe
2017-05-15 19:26:06,196 [main] INFO  com.polarion.psvn.launcher.PolarionSVNApplication  - index.activities = C:\Polarion\data\workspace/polarion-data/index
2017-05-15 19:26:06,196 [main] INFO  com.polarion.psvn.launcher.PolarionSVNApplication  - java.awt.graphicsenv = sun.awt.Win32GraphicsEnvironment
2017-05-15 19:26:06,196 [main] INFO  com.polarion.psvn.launcher.PolarionSVNApplication  - java.awt.headless = true
2017-05-15 19:26:06,196 [main] INFO  com.polarion.psvn.launcher.PolarionSVNApplication  - java.awt.printerjob = sun.awt.windows.WPrinterJob
2017-05-15 19:26:06,196 [main] INFO  com.polarion.psvn.launcher.PolarionSVNApplication  - java.class.path = C:\Polarion\polarion\startup.jar
2017-05-15 19:26:06,196 [main] INFO  com.polarion.psvn.launcher.PolarionSVNApplication  - java.class.version = 52.0
2017-05-15 19:26:06,196 [main] INFO  com.polarion.psvn.launcher.PolarionSVNApplication  - java.endorsed.dirs = C:\Program Files\Java\jre1.8.0_131\lib\endorsed
2017-05-15 19:26:06,196 [main] INFO  com.polarion.psvn.launcher.PolarionSVNApplication  - java.ext.dirs = C:\Program Files\Java\jre1.8.0_131\lib\ext;C:\windows\Sun\Java\lib\ext
2017-05-15 19:26:06,196 [main] INFO  com.polarion.psvn.launcher.PolarionSVNApplication  - java.home = C:\Program Files\Java\jre1.8.0_131
2017-05-15 19:26:06,196 [main] INFO  com.polarion.psvn.launcher.PolarionSVNApplication  - java.io.tmpdir = C:\Temp\
2017-05-15 19:26:06,197 [main] INFO  com.polarion.psvn.launcher.PolarionSVNApplication  - java.library.path = C:\Program Files\Java\jre1.8.0_131\bin;C:\windows\Sun\Java\bin;C:\windows\system32;C:\windows;C:/Program Files/Java/jre1.8.0_131/bin/server;C:/Program Files/Java/jre1.8.0_131/bin;C:/Program Files/Java/jre1.8.0_131/lib/amd64;C:\Polarion\bundled\svn\bin;;C:\ProgramData\Oracle\Java\javapath;C:\windows\system32;C:\windows;C:\windows\System32\Wbem;C:\windows\System32\WindowsPowerShell\v1.0\;C:\Program Files\TortoiseSVN\bin;C:\Program Files\Java\jdk1.8.0_131\bin;C:\Program Files (x86)\Google\Chrome\Application;C:\Polarion\bundled\svn\bin;C:\ProgramData\Oracle\Java\javapath;C:\windows\system32;C:\windows;C:\windows\System32\Wbem;C:\windows\System32\WindowsPowerShell\v1.0\;C:\Program Files\TortoiseSVN\bin;C:\Program Files\Java\jdk1.8.0_131\bin;C:\Users\s6fqxx\AppData\Local\Programs\Git\cmd;C:\Users\s6fqxx\Downloads\eclipse-jee-neon-3-win32-x86_64\eclipse;;.
2017-05-15 19:26:06,197 [main] INFO  com.polarion.psvn.launcher.PolarionSVNApplication  - java.runtime.name = Java(TM) SE Runtime Environment
2017-05-15 19:26:06,197 [main] INFO  com.polarion.psvn.launcher.PolarionSVNApplication  - java.runtime.version = 1.8.0_131-b11
2017-05-15 19:26:06,197 [main] INFO  com.polarion.psvn.launcher.PolarionSVNApplication  - java.security.policy = C:\Polarion\polarion/policy
2017-05-15 19:26:06,197 [main] INFO  com.polarion.psvn.launcher.PolarionSVNApplication  - java.specification.name = Java Platform API Specification
2017-05-15 19:26:06,197 [main] INFO  com.polarion.psvn.launcher.PolarionSVNApplication  - java.specification.vendor = Oracle Corporation
2017-05-15 19:26:06,197 [main] INFO  com.polarion.psvn.launcher.PolarionSVNApplication  - java.specification.version = 1.8
2017-05-15 19:26:06,197 [main] INFO  com.polarion.psvn.launcher.PolarionSVNApplication  - java.vendor = Oracle Corporation
2017-05-15 19:26:06,197 [main] INFO  com.polarion.psvn.launcher.PolarionSVNApplication  - java.vendor.url = http://java.oracle.com/
2017-05-15 19:26:06,197 [main] INFO  com.polarion.psvn.launcher.PolarionSVNApplication  - java.vendor.url.bug = http://bugreport.sun.com/bugreport/
2017-05-15 19:26:06,197 [main] INFO  com.polarion.psvn.launcher.PolarionSVNApplication  - java.version = 1.8.0_131
2017-05-15 19:26:06,197 [main] INFO  com.polarion.psvn.launcher.PolarionSVNApplication  - java.vm.info = mixed mode
2017-05-15 19:26:06,197 [main] INFO  com.polarion.psvn.launcher.PolarionSVNApplication  - java.vm.name = Java HotSpot(TM) 64-Bit Server VM
2017-05-15 19:26:06,197 [main] INFO  com.polarion.psvn.launcher.PolarionSVNApplication  - java.vm.specification.name = Java Virtual Machine Specification
2017-05-15 19:26:06,197 [main] INFO  com.polarion.psvn.launcher.PolarionSVNApplication  - java.vm.specification.vendor = Oracle Corporation
2017-05-15 19:26:06,197 [main] INFO  com.polarion.psvn.launcher.PolarionSVNApplication  - java.vm.specification.version = 1.8
2017-05-15 19:26:06,197 [main] INFO  com.polarion.psvn.launcher.PolarionSVNApplication  - java.vm.vendor = Oracle Corporation
2017-05-15 19:26:06,197 [main] INFO  com.polarion.psvn.launcher.PolarionSVNApplication  - java.vm.version = 25.131-b11
2017-05-15 19:26:06,197 [main] INFO  com.polarion.psvn.launcher.PolarionSVNApplication  - javasvn.timeout = 10000
2017-05-15 19:26:06,197 [main] INFO  com.polarion.psvn.launcher.PolarionSVNApplication  - ldap.bind.password = **PASSWORD**HIDDEN**
2017-05-15 19:26:06,197 [main] INFO  com.polarion.psvn.launcher.PolarionSVNApplication  - licenseForNewUserAccount = 
2017-05-15 19:26:06,197 [main] INFO  com.polarion.psvn.launcher.PolarionSVNApplication  - line.separator = 

2017-05-15 19:26:06,197 [main] INFO  com.polarion.psvn.launcher.PolarionSVNApplication  - login = polarion
2017-05-15 19:26:06,197 [main] INFO  com.polarion.psvn.launcher.PolarionSVNApplication  - mavenConfigDir = C:\Polarion\polarion/../maven
2017-05-15 19:26:06,197 [main] INFO  com.polarion.psvn.launcher.PolarionSVNApplication  - minimalPasswordLength = **PASSWORD**HIDDEN**
2017-05-15 19:26:06,197 [main] INFO  com.polarion.psvn.launcher.PolarionSVNApplication  - multi-instance.configuration = C:\Polarion\polarion/configuration/multi-instance
2017-05-15 19:26:06,197 [main] INFO  com.polarion.psvn.launcher.PolarionSVNApplication  - multi-instance.shared.data = C:\Polarion\polarion/../data/multi-instance/shared.data
2017-05-15 19:26:06,197 [main] INFO  com.polarion.psvn.launcher.PolarionSVNApplication  - org.eclipse.lyo.oslc4j.strictDatatypes = false
2017-05-15 19:26:06,197 [main] INFO  com.polarion.psvn.launcher.PolarionSVNApplication  - org.osgi.framework.bootdelegation = *
2017-05-15 19:26:06,197 [main] INFO  com.polarion.psvn.launcher.PolarionSVNApplication  - org.osgi.framework.executionenvironment = J2SE-1.8
2017-05-15 19:26:06,197 [main] INFO  com.polarion.psvn.launcher.PolarionSVNApplication  - org.osgi.framework.language = en
2017-05-15 19:26:06,197 [main] INFO  com.polarion.psvn.launcher.PolarionSVNApplication  - org.osgi.framework.os.name = windows 10
2017-05-15 19:26:06,197 [main] INFO  com.polarion.psvn.launcher.PolarionSVNApplication  - org.osgi.framework.os.version = 10.0
2017-05-15 19:26:06,197 [main] INFO  com.polarion.psvn.launcher.PolarionSVNApplication  - org.osgi.framework.processor = amd64
2017-05-15 19:26:06,197 [main] INFO  com.polarion.psvn.launcher.PolarionSVNApplication  - org.osgi.framework.vendor = Eclipse
2017-05-15 19:26:06,197 [main] INFO  com.polarion.psvn.launcher.PolarionSVNApplication  - org.osgi.framework.version = 1.3.0
2017-05-15 19:26:06,197 [main] INFO  com.polarion.psvn.launcher.PolarionSVNApplication  - org.osgi.supports.framework.extension = true
2017-05-15 19:26:06,197 [main] INFO  com.polarion.psvn.launcher.PolarionSVNApplication  - org.xsocket.connection.client.readbuffer.usedirect = true
2017-05-15 19:26:06,197 [main] INFO  com.polarion.psvn.launcher.PolarionSVNApplication  - org.xsocket.connection.server.readbuffer.usedirect = true
2017-05-15 19:26:06,197 [main] INFO  com.polarion.psvn.launcher.PolarionSVNApplication  - os.arch = amd64
2017-05-15 19:26:06,197 [main] INFO  com.polarion.psvn.launcher.PolarionSVNApplication  - os.name = Windows 10
2017-05-15 19:26:06,197 [main] INFO  com.polarion.psvn.launcher.PolarionSVNApplication  - os.version = 10.0
2017-05-15 19:26:06,197 [main] INFO  com.polarion.psvn.launcher.PolarionSVNApplication  - osgi.arch = x86
2017-05-15 19:26:06,197 [main] INFO  com.polarion.psvn.launcher.PolarionSVNApplication  - osgi.bundles = reference:file:C:/Polarion/polarion/plugins/org.eclipse.core.runtime_3.1.2.jar@2:start,reference:file:C:/Polarion/polarion/plugins/org.eclipse.update.configurator_3.1.0.jar@3:start
2017-05-15 19:26:06,198 [main] INFO  com.polarion.psvn.launcher.PolarionSVNApplication  - osgi.bundles.defaultStartLevel = 4
2017-05-15 19:26:06,198 [main] INFO  com.polarion.psvn.launcher.PolarionSVNApplication  - osgi.bundlestore = D:\workdir\.metadata\.plugins\org.eclipse.pde.core\New_configuration\org.eclipse.osgi\bundles
2017-05-15 19:26:06,198 [main] INFO  com.polarion.psvn.launcher.PolarionSVNApplication  - osgi.checkConfiguration = true
2017-05-15 19:26:06,198 [main] INFO  com.polarion.psvn.launcher.PolarionSVNApplication  - osgi.configuration.area = file:/D:/workdir/.metadata/.plugins/org.eclipse.pde.core/New_configuration/
2017-05-15 19:26:06,198 [main] INFO  com.polarion.psvn.launcher.PolarionSVNApplication  - osgi.configuration.cascaded = false
2017-05-15 19:26:06,198 [main] INFO  com.polarion.psvn.launcher.PolarionSVNApplication  - osgi.dev = file:D:/workdir/.metadata/.plugins/org.eclipse.pde.core/New_configuration/dev.properties
2017-05-15 19:26:06,198 [main] INFO  com.polarion.psvn.launcher.PolarionSVNApplication  - osgi.framework = file:/C:/Polarion/polarion/plugins/org.eclipse.osgi_3.1.2.jar
2017-05-15 19:26:06,198 [main] INFO  com.polarion.psvn.launcher.PolarionSVNApplication  - osgi.framework.beginningstartlevel = 1
2017-05-15 19:26:06,198 [main] INFO  com.polarion.psvn.launcher.PolarionSVNApplication  - osgi.framework.shape = jar
2017-05-15 19:26:06,198 [main] INFO  com.polarion.psvn.launcher.PolarionSVNApplication  - osgi.framework.version = 3.1.2
2017-05-15 19:26:06,198 [main] INFO  com.polarion.psvn.launcher.PolarionSVNApplication  - osgi.install.area = file:/C:/Polarion/polarion/
2017-05-15 19:26:06,198 [main] INFO  com.polarion.psvn.launcher.PolarionSVNApplication  - osgi.instance.area = file:/C:/Polarion/data/workspace/
2017-05-15 19:26:06,198 [main] INFO  com.polarion.psvn.launcher.PolarionSVNApplication  - osgi.logfile = C:\Polarion\data\workspace\.metadata\.log
2017-05-15 19:26:06,198 [main] INFO  com.polarion.psvn.launcher.PolarionSVNApplication  - osgi.manifest.cache = D:\workdir\.metadata\.plugins\org.eclipse.pde.core\New_configuration\org.eclipse.osgi\manifests
2017-05-15 19:26:06,198 [main] INFO  com.polarion.psvn.launcher.PolarionSVNApplication  - osgi.nl = en_US
2017-05-15 19:26:06,198 [main] INFO  com.polarion.psvn.launcher.PolarionSVNApplication  - osgi.os = win32
2017-05-15 19:26:06,198 [main] INFO  com.polarion.psvn.launcher.PolarionSVNApplication  - osgi.syspath = c:\Polarion\polarion\plugins
2017-05-15 19:26:06,198 [main] INFO  com.polarion.psvn.launcher.PolarionSVNApplication  - osgi.ws = win32
2017-05-15 19:26:06,198 [main] INFO  com.polarion.psvn.launcher.PolarionSVNApplication  - password = **PASSWORD**HIDDEN**
2017-05-15 19:26:06,198 [main] INFO  com.polarion.psvn.launcher.PolarionSVNApplication  - path.separator = ;
2017-05-15 19:26:06,198 [main] INFO  com.polarion.psvn.launcher.PolarionSVNApplication  - pdfexport.config = C:\Polarion\polarion/configuration/pdfexport.xml
2017-05-15 19:26:06,198 [main] INFO  com.polarion.psvn.launcher.PolarionSVNApplication  - polarion.build.default.deploy.repository.id = polarion-shared
2017-05-15 19:26:06,198 [main] INFO  com.polarion.psvn.launcher.PolarionSVNApplication  - polarion.build.default.deploy.repository.url = file://C:\Polarion\polarion/../data/shared-maven-repo
2017-05-15 19:26:06,198 [main] INFO  com.polarion.psvn.launcher.PolarionSVNApplication  - polarion.build.maven.location.maven2 = C:\Polarion\polarion/../maven/distribution
2017-05-15 19:26:06,198 [main] INFO  com.polarion.psvn.launcher.PolarionSVNApplication  - polarion.global.doc.cache.size = 100
2017-05-15 19:26:06,198 [main] INFO  com.polarion.psvn.launcher.PolarionSVNApplication  - polarion.global.doc.cache.with.history = false
2017-05-15 19:26:06,198 [main] INFO  com.polarion.psvn.launcher.PolarionSVNApplication  - polarion.tx.doc.cache.size = 100
2017-05-15 19:26:06,198 [main] INFO  com.polarion.psvn.launcher.PolarionSVNApplication  - portalData = C:\Polarion\polarion/../data/portal-data
2017-05-15 19:26:06,198 [main] INFO  com.polarion.psvn.launcher.PolarionSVNApplication  - productLink.com.polarion.alm = https://polarion.plm.automation.siemens.com/products/polarion-alm
2017-05-15 19:26:06,198 [main] INFO  com.polarion.psvn.launcher.PolarionSVNApplication  - productLink.com.polarion.qa = https://polarion.plm.automation.siemens.com/products/polarion-qa
2017-05-15 19:26:06,198 [main] INFO  com.polarion.psvn.launcher.PolarionSVNApplication  - productLink.com.polarion.requirements = https://polarion.plm.automation.siemens.com/products/polarion-requirements
2017-05-15 19:26:06,198 [main] INFO  com.polarion.psvn.launcher.PolarionSVNApplication  - repo = http://localhost:80/repo/
2017-05-15 19:26:06,198 [main] INFO  com.polarion.psvn.launcher.PolarionSVNApplication  - repoSystem = file://C:/Polarion/data/svn/repo
2017-05-15 19:26:06,198 [main] INFO  com.polarion.psvn.launcher.PolarionSVNApplication  - rolesForNewUserAccount = user
2017-05-15 19:26:06,198 [main] INFO  com.polarion.psvn.launcher.PolarionSVNApplication  - RRDir = C:\Polarion\polarion/../data/RR
2017-05-15 19:26:06,198 [main] INFO  com.polarion.psvn.launcher.PolarionSVNApplication  - SDKDir = C:\Polarion\polarion/SDK
2017-05-15 19:26:06,198 [main] INFO  com.polarion.psvn.launcher.PolarionSVNApplication  - secure.approvals = false
2017-05-15 19:26:06,198 [main] INFO  com.polarion.psvn.launcher.PolarionSVNApplication  - shutdownCatchPhrase = shutdown
2017-05-15 19:26:06,198 [main] INFO  com.polarion.psvn.launcher.PolarionSVNApplication  - simple.profiler.enabled = false
2017-05-15 19:26:06,198 [main] INFO  com.polarion.psvn.launcher.PolarionSVNApplication  - skip.data.preloading = false
2017-05-15 19:26:06,198 [main] INFO  com.polarion.psvn.launcher.PolarionSVNApplication  - storeUrl.com.polarion.requirements = http://www.polarion.com/products/requirements/buy.php
2017-05-15 19:26:06,198 [main] INFO  com.polarion.psvn.launcher.PolarionSVNApplication  - sun.arch.data.model = 64
2017-05-15 19:26:06,198 [main] INFO  com.polarion.psvn.launcher.PolarionSVNApplication  - sun.boot.class.path = C:\Program Files\Java\jre1.8.0_131\lib\resources.jar;C:\Program Files\Java\jre1.8.0_131\lib\rt.jar;C:\Program Files\Java\jre1.8.0_131\lib\sunrsasign.jar;C:\Program Files\Java\jre1.8.0_131\lib\jsse.jar;C:\Program Files\Java\jre1.8.0_131\lib\jce.jar;C:\Program Files\Java\jre1.8.0_131\lib\charsets.jar;C:\Program Files\Java\jre1.8.0_131\lib\jfr.jar;C:\Program Files\Java\jre1.8.0_131\classes;C:\Polarion\bundled\java\lib\tools.jar
2017-05-15 19:26:06,198 [main] INFO  com.polarion.psvn.launcher.PolarionSVNApplication  - sun.boot.library.path = C:\Program Files\Java\jre1.8.0_131\bin
2017-05-15 19:26:06,198 [main] INFO  com.polarion.psvn.launcher.PolarionSVNApplication  - sun.cpu.endian = little
2017-05-15 19:26:06,198 [main] INFO  com.polarion.psvn.launcher.PolarionSVNApplication  - sun.cpu.isalist = amd64
2017-05-15 19:26:06,198 [main] INFO  com.polarion.psvn.launcher.PolarionSVNApplication  - sun.desktop = windows
2017-05-15 19:26:06,198 [main] INFO  com.polarion.psvn.launcher.PolarionSVNApplication  - sun.io.unicode.encoding = UnicodeLittle
2017-05-15 19:26:06,199 [main] INFO  com.polarion.psvn.launcher.PolarionSVNApplication  - sun.java.command = org.eclipse.core.launcher.Main -application com.polarion.core.boot.app -data C:\Polarion\data\workspace -configuration file:D:/workdir/.metadata/.plugins/org.eclipse.pde.core/New_configuration/ -dev file:D:/workdir/.metadata/.plugins/org.eclipse.pde.core/New_configuration/dev.properties -os win32 -ws win32 -arch x86 -appId polarion.serve
2017-05-15 19:26:06,199 [main] INFO  com.polarion.psvn.launcher.PolarionSVNApplication  - sun.java.launcher = SUN_STANDARD
2017-05-15 19:26:06,199 [main] INFO  com.polarion.psvn.launcher.PolarionSVNApplication  - sun.jnu.encoding = Cp1252
2017-05-15 19:26:06,199 [main] INFO  com.polarion.psvn.launcher.PolarionSVNApplication  - sun.management.compiler = HotSpot 64-Bit Tiered Compilers
2017-05-15 19:26:06,199 [main] INFO  com.polarion.psvn.launcher.PolarionSVNApplication  - sun.os.patch.level = 
2017-05-15 19:26:06,199 [main] INFO  com.polarion.psvn.launcher.PolarionSVNApplication  - support.contact = https://polarion.plm.automation.siemens.com/techsupport/resources
2017-05-15 19:26:06,199 [main] INFO  com.polarion.psvn.launcher.PolarionSVNApplication  - support.license.email = dsom.plm@siemens.com
2017-05-15 19:26:06,199 [main] INFO  com.polarion.psvn.launcher.PolarionSVNApplication  - support.sales.email = sales@polarion.com
2017-05-15 19:26:06,199 [main] INFO  com.polarion.psvn.launcher.PolarionSVNApplication  - svn.access.file = C:\Polarion\polarion/../data/svn/access
2017-05-15 19:26:06,199 [main] INFO  com.polarion.psvn.launcher.PolarionSVNApplication  - svn.passwd.file = C:\Polarion\polarion/../data/svn/passwd
2017-05-15 19:26:06,199 [main] INFO  com.polarion.psvn.launcher.PolarionSVNApplication  - svnkit.http.encoding = Cp1252
2017-05-15 19:26:06,199 [main] INFO  com.polarion.psvn.launcher.PolarionSVNApplication  - svnkit.library.gnome-keyring.enabled = false
2017-05-15 19:26:06,199 [main] INFO  com.polarion.psvn.launcher.PolarionSVNApplication  - TomcatService.ajp13-port = 8889
2017-05-15 19:26:06,199 [main] INFO  com.polarion.psvn.launcher.PolarionSVNApplication  - uiData = C:\Polarion\data\workspace/ui-data
2017-05-15 19:26:06,199 [main] INFO  com.polarion.psvn.launcher.PolarionSVNApplication  - user.country = US
2017-05-15 19:26:06,199 [main] INFO  com.polarion.psvn.launcher.PolarionSVNApplication  - user.dir = C:\Users\s6fqxx\Downloads\eclipse-jee-neon-3-win32-x86_64\eclipse
2017-05-15 19:26:06,199 [main] INFO  com.polarion.psvn.launcher.PolarionSVNApplication  - user.home = C:\Users\s6fqxx
2017-05-15 19:26:06,199 [main] INFO  com.polarion.psvn.launcher.PolarionSVNApplication  - user.language = en
2017-05-15 19:26:06,199 [main] INFO  com.polarion.psvn.launcher.PolarionSVNApplication  - user.name = s6fqxx
2017-05-15 19:26:06,199 [main] INFO  com.polarion.psvn.launcher.PolarionSVNApplication  - user.script = 
2017-05-15 19:26:06,199 [main] INFO  com.polarion.psvn.launcher.PolarionSVNApplication  - user.timezone = Asia/Calcutta
2017-05-15 19:26:06,199 [main] INFO  com.polarion.psvn.launcher.PolarionSVNApplication  - user.variant = 
2017-05-15 19:26:06,199 [main] INFO  com.polarion.psvn.launcher.PolarionSVNApplication  - userAccountVault = C:\Polarion\data\workspace/user-account-vault
2017-05-15 19:26:06,199 [main] INFO  com.polarion.psvn.launcher.PolarionSVNApplication  - workDir = C:\Polarion\data\workspace/polarion-data
2017-05-15 19:26:06,199 [main] INFO  com.polarion.psvn.launcher.PolarionSVNApplication  - **** END of Java system properties
2017-05-15 19:26:06,200 [main] INFO  com.polarion.psvn.launcher.internal.platform.PlatformService  - Starting Platform...
2017-05-15 19:26:06,220 [main] INFO  PolarionLicensing  - Searching for valid license file in C:\Polarion\polarion\license
2017-05-15 19:26:06,222 [main] INFO  PolarionLicensing  - Trying to load license file polarion.lic
2017-05-15 19:26:06,230 [main] INFO  PolarionLicensing  - The license file contains the following fields:
2017-05-15 19:26:06,230 [main] INFO  PolarionLicensing  - *** License fields ***
2017-05-15 19:26:06,230 [main] INFO  PolarionLicensing  - VariantsConcurrentUsers = 10
2017-05-15 19:26:06,230 [main] INFO  PolarionLicensing  - almConcurrentUsers = 10
2017-05-15 19:26:06,230 [main] INFO  PolarionLicensing  - dateCreated = 15.05.2017
2017-05-15 19:26:06,230 [main] INFO  PolarionLicensing  - expirationDate = 31.05.2018
2017-05-15 19:26:06,231 [main] INFO  PolarionLicensing  - generatedBy = license@polarion.com
2017-05-15 19:26:06,231 [main] INFO  PolarionLicensing  - hardwareKey = 19AA-A279-41B6
2017-05-15 19:26:06,231 [main] INFO  PolarionLicensing  - licenseFormat = 2017
2017-05-15 19:26:06,231 [main] INFO  PolarionLicensing  - licenseType = TERM
2017-05-15 19:26:06,231 [main] INFO  PolarionLicensing  - multiInstanceRunningInstances = 3
2017-05-15 19:26:06,231 [main] INFO  PolarionLicensing  - proConcurrentUsers = 10
2017-05-15 19:26:06,231 [main] INFO  PolarionLicensing  - product = Polarion
2017-05-15 19:26:06,231 [main] INFO  PolarionLicensing  - qaConcurrentUsers = 10
2017-05-15 19:26:06,231 [main] INFO  PolarionLicensing  - requirementsConcurrentUsers = 10
2017-05-15 19:26:06,231 [main] INFO  PolarionLicensing  - reviewerConcurrentUsers = 10
2017-05-15 19:26:06,231 [main] INFO  PolarionLicensing  - userCompany = Siemens PLM Software 
2017-05-15 19:26:06,231 [main] INFO  PolarionLicensing  - userEmail = vikas.ingale@siemens.com
2017-05-15 19:26:06,231 [main] INFO  PolarionLicensing  - userName = Ingale, Vikas
2017-05-15 19:26:06,231 [main] INFO  PolarionLicensing  - *** License fields END ***
2017-05-15 19:26:06,251 [main] INFO  PolarionLicensing  - Removing allocations by null
2017-05-15 19:26:06,254 [main] INFO  PolarionLicensing  - STATS:concurrentVariantsUser,current:0,peak:0,limit:10
2017-05-15 19:26:06,254 [main] INFO  PolarionLicensing  - 0 namedReviewerUser assignments (out of 0) loaded: []
2017-05-15 19:26:06,254 [main] INFO  PolarionLicensing  - 1 concurrentReviewerUser assignments (out of -1) loaded: [admin]
2017-05-15 19:26:06,254 [main] INFO  PolarionLicensing  - STATS:concurrentReviewerUser,current:0,peak:0,limit:10
2017-05-15 19:26:06,255 [main] INFO  PolarionLicensing  - 0 namedProUser assignments (out of 0) loaded: []
2017-05-15 19:26:06,255 [main] INFO  PolarionLicensing  - 1 concurrentProUser assignments (out of -1) loaded: [admin]
2017-05-15 19:26:06,255 [main] INFO  PolarionLicensing  - STATS:concurrentProUser,current:0,peak:0,limit:10
2017-05-15 19:26:06,255 [main] INFO  PolarionLicensing  - 0 namedRequirementsUser assignments (out of 0) loaded: []
2017-05-15 19:26:06,255 [main] INFO  PolarionLicensing  - 1 concurrentRequirementsUser assignments (out of -1) loaded: [admin]
2017-05-15 19:26:06,255 [main] INFO  PolarionLicensing  - STATS:concurrentRequirementsUser,current:0,peak:0,limit:10
2017-05-15 19:26:06,255 [main] INFO  PolarionLicensing  - 0 namedQAUser assignments (out of 0) loaded: []
2017-05-15 19:26:06,255 [main] INFO  PolarionLicensing  - 1 concurrentQAUser assignments (out of -1) loaded: [admin]
2017-05-15 19:26:06,255 [main] INFO  PolarionLicensing  - STATS:concurrentQAUser,current:0,peak:0,limit:10
2017-05-15 19:26:06,255 [main] INFO  PolarionLicensing  - 0 namedALMUser assignments (out of 0) loaded: []
2017-05-15 19:26:06,255 [main] INFO  PolarionLicensing  - 1 concurrentALMUser assignments (out of -1) loaded: [admin]
2017-05-15 19:26:06,255 [main] INFO  PolarionLicensing  - STATS:concurrentALMUser,current:0,peak:0,limit:10
2017-05-15 19:26:06,255 [main] INFO  PolarionLicensing  - 
*******************************************************************
 Polarion successfully activated
*******************************************************************
2017-05-15 19:26:06,383 [main] INFO  com.polarion.platform.internal.i18n.LanguageContributor  - Localization file /META-INF/messages_en.properties read successfully (6733 messages)
2017-05-15 19:26:06,649 [main] INFO  com.polarion.platform.sql.internal.SqlModule  - Initializing database...
2017-05-15 19:26:06,750 [main] INFO  com.polarion.platform.sql.internal.PgServerInfo  - PG server listening on localhost:5435
