2017-05-16 12:41:00,538 [main | u:p] INFO  TXLOGGER  - Summary for 'Platform startup': transactions: 0, DB: 0.0387 s [54% update (126x), 45% query (13x)] (206x), svn: 0.023 s [83% checkPath (1x)] (3x)
2017-05-16 12:41:00,670 [main | u:p] INFO  TXLOGGER  - Summary for 'Context recognition': transactions: 0, svn: 0.0451 s [45% info (3x), 28% getFile content (1x), 27% getDir2 content (2x)] (6x)
2017-05-16 12:41:00,995 [LowLevelDataService-contextInitializer-3 | u:p] INFO  TXLOGGER  - Summary: Total: 0.322 s, transactions: 0, svn: 0.0401 s [95% log2 (5x)] (6x)
2017-05-16 12:41:00,995 [LowLevelDataService-contextInitializer-2 | u:p] INFO  TXLOGGER  - Summary: Total: 0.322 s, transactions: 0, svn: 0.0259 s [92% log2 (1x)] (2x)
2017-05-16 12:41:00,995 [LowLevelDataService-contextInitializer-1 | u:p] INFO  TXLOGGER  - Summary: Total: 0.322 s, transactions: 0, svn: 0.106 s [57% log2 (5x), 17% log (1x), 12% getFile content (2x)] (12x), ObjectMaps: 0.0397 s [96% getAllPrimaryObjects (1x)] (13x)
2017-05-16 12:41:00,995 [LowLevelDataService-contextInitializer-5 | u:p] INFO  TXLOGGER  - Summary: Total: 0.322 s, transactions: 0, svn: 0.0628 s [96% log2 (5x)] (6x), ObjectMaps: 0.029 s [100% getAllPrimaryObjects (1x)] (7x)
2017-05-16 12:41:00,995 [LowLevelDataService-contextInitializer-4 | u:p] INFO  TXLOGGER  - Summary: Total: 0.322 s, transactions: 0, svn: 0.0451 s [97% log2 (5x)] (6x), ObjectMaps: 0.0348 s [100% getAllPrimaryObjects (1x)] (7x)
2017-05-16 12:41:00,995 [main | u:p] INFO  TXLOGGER  - Summary for 'Context initialization': transactions: 0, svn: 0.28 s [81% log2 (21x)] (32x), ObjectMaps: 0.108 s [98% getAllPrimaryObjects (5x)] (41x)
2017-05-16 12:41:01,206 [main | u:p] INFO  TXLOGGER  - Summary for 'Revisions processing': transactions: 10, RepositoryConfigService: 0.14 s [100% getReadConfiguration (30x)] (30x), svn: 0.0684 s [85% info (11x)] (24x)
2017-05-16 12:41:01,704 [main | u:p] INFO  TXLOGGER  - Summary for 'Build artifacts recognition': transactions: 30, svn: 0.376 s [83% info (60x)] (103x), RepositoryConfigService: 0.341 s [100% getReadConfiguration (36x)] (36x)
2017-05-16 12:41:02,137 [main | u:p] INFO  TXLOGGER  - Summary for 'Data indexing': transactions: 0, Lucene: 0.159 s [100% refresh (1x)] (1x), SubterraURITable: 0.0857 s [100% addIfNotExistsDB (1x)] (1x)
2017-05-16 12:41:33,433 [main] INFO  TXLOGGER  - Summary for 'Polarion startup': transactions: 1, svn: 0.221 s [81% info (39x)] (56x), RepositoryConfigService: 0.0184 s [100% getReadConfiguration (2x)] (2x)
2017-05-16 12:41:33,580 [Worker-0 | u:p | job: polarion.jobs.attachment.indexer] INFO  TXLOGGER  - Summary after AttachmentIndexer: transactions: 6, persistence listener: 0.0708 s [91% notificationsCreatingListener (1x)] (7x), Lucene: 0.0681 s [100% add (2x)] (2x), resolve: 0.0303 s [91% User (2x)] (5x), ObjectMaps: 0.0121 s [100% getPrimaryObjectLocation (2x)] (2x)
2017-05-16 12:41:33,972 [PreLoadDataService | u:p] INFO  TXLOGGER  - Tx 570406409002a_0_570406409002a_0_: finished. Total: 0.531 s, svn: 0.301 s [69% getDir2 content (25x), 31% getFile content (13x)] (40x), resolve: 0.224 s [61% TimePoint (5x), 39% Category (6x)] (11x), ObjectMaps: 0.0304 s [54% getPrimaryObjectLocation (11x), 28% getPrimaryObjectProperty (11x)] (46x)
2017-05-16 12:41:34,154 [DBHistoryCreator-1 | u:p] INFO  TXLOGGER  - Summary: Total: 0.541 s, transactions: 0
2017-05-16 12:41:34,155 [Worker-1 | u:p | job: polarion.jobs.db.history] INFO  TXLOGGER  - Summary after DBHistoryCreator: transactions: 0, Lucene: 0.0224 s [100% add (1x)] (1x)
2017-05-16 12:41:34,155 [Worker-1 | u:p] INFO  TXLOGGER  - Summary for 'job: polarion.jobs.db.history': Total: 0.578 s, transactions: 0, SubterraURITable: 0.372 s [100% getDB (1018x)] (1018x), DB: 0.36 s [56% query (1044x), 27% update (1019x)] (5146x)
2017-05-16 12:41:34,304 [PreLoadDataService | u:p] INFO  TXLOGGER  - Tx 5704064132832_0_5704064132832_0_: finished. Total: 0.213 s, resolve: 0.116 s [100% User (8x)] (8x), svn: 0.102 s [66% getFile content (12x), 34% info (6x)] (19x), RepositoryConfigService: 0.0724 s [71% getReadConfiguration (56x), 29% getReadUserConfiguration (2x)] (58x), ObjectMaps: 0.0171 s [54% getPrimaryObjectLocation (8x), 27% getPrimaryObjectProperty (8x)] (33x)
2017-05-16 12:41:34,883 [PreLoadDataService | u:p] INFO  TXLOGGER  - Tx 570406417f834_0_570406417f834_0_: finished. Total: 0.485 s, svn: 0.436 s [67% getFile content (47x), 33% getDir2 content (17x)] (65x), RepositoryConfigService: 0.328 s [100% getReadConfiguration (164x)] (180x)
2017-05-16 12:41:35,147 [PreLoadDataService | u:p] INFO  TXLOGGER  - Tx 57040641f8c35_0_57040641f8c35_0_: finished. Total: 0.263 s, svn: 0.243 s [51% getFile content (21x), 49% getDir2 content (17x)] (39x), RepositoryConfigService: 0.138 s [99% getReadConfiguration (88x)] (110x)
2017-05-16 12:41:35,259 [PreLoadDataService | u:p] INFO  TXLOGGER  - Tx 570406423ac36_0_570406423ac36_0_: finished. Total: 0.112 s, svn: 0.102 s [58% getDir2 content (11x), 42% getFile content (8x)] (20x), RepositoryConfigService: 0.0494 s [99% getReadConfiguration (38x)] (54x)
2017-05-16 12:41:35,259 [PreLoadDataService] INFO  TXLOGGER  - Summary for 'PreloadDataService': Total: 1.82 s, transactions: 7, svn: 1.3 s [55% getFile content (116x), 41% getDir2 content (72x)] (206x), RepositoryConfigService: 0.686 s [96% getReadConfiguration (402x)] (485x), resolve: 0.416 s [33% TimePoint (5x), 28% User (8x), 21% Category (6x)] (22x)
2017-05-16 12:41:35,260 [PreLoadDataService] INFO  TXLOGGER  - Summary after preload: transactions: 7, svn: 1.3 s [55% getFile content (116x), 41% getDir2 content (72x)] (207x), RepositoryConfigService: 0.686 s [96% getReadConfiguration (402x)] (485x), resolve: 0.416 s [33% TimePoint (5x), 28% User (9x), 21% Category (6x)] (23x), SubterraURITable: 0.372 s [100% getDB (1018x)] (1018x), DB: 0.36 s [56% query (1044x), 27% update (1019x)] (5146x)
2017-05-16 12:42:25,054 [ajp-nio-8889-exec-1 | u:admin] INFO  TXLOGGER  - Summary for 'PortalDataService.getInitData': Total: 0.17 s, transactions: 3, RepositoryConfigService: 0.0145 s [100% getReadConfiguration (8x)] (13x)
2017-05-16 12:42:25,513 [ajp-nio-8889-exec-2 | u:admin] INFO  TXLOGGER  - Summary for 'PortalDataService.requestPortalSite': Total: 0.149 s, transactions: 8, svn: 0.0552 s [53% info (5x), 37% getFile content (4x)] (18x), RepositoryConfigService: 0.0525 s [76% getReadConfiguration (26x), 24% getReadUserConfiguration (18x)] (50x)
2017-05-16 12:42:27,079 [ajp-nio-8889-exec-5 | u:admin | uri:/polarion/wiki/bin/view/project/drivepilot/page/Home | wiki: view http://localhost/polarion/wiki/bin/view/project/drivepilot/page/Home] INFO  TXLOGGER  - Tx 57040674a3447_0_57040674a3447_0_: finished. Total: 0.314 s, svn: 0.221 s [84% info (36x)] (43x), resolve: 0.163 s [98% WikiPage (24x)] (38x)
2017-05-16 12:42:27,111 [ajp-nio-8889-exec-5] INFO  TXLOGGER  - Summary for 'servlet /polarion/wiki/bin/view/project/drivepilot/page/Home': Total: 1.48 s, transactions: 6, Velocity: 1.19 s [100% evaluate in Wiki (1x)] (1x), svn: 0.897 s [80% info (132x), 13% getFile content (19x)] (163x), resolve: 0.204 s [98% WikiPage (41x)] (59x)
