2017-05-17 14:29:17,576 [main | u:p] INFO  TXLOGGER  - Summary for 'Platform startup': transactions: 0, DB: 0.0499 s [58% query (13x), 41% update (126x)] (206x), svn: 0.0211 s [82% checkPath (1x)] (3x)
2017-05-17 14:29:17,717 [main | u:p] INFO  TXLOGGER  - Summary for 'Context recognition': transactions: 0, svn: 0.0641 s [39% info (3x), 31% getFile content (1x), 30% getDir2 content (2x)] (6x)
2017-05-17 14:29:18,143 [LowLevelDataService-contextInitializer-2 | u:p] INFO  TXLOGGER  - Summary: Total: 0.423 s, transactions: 0
2017-05-17 14:29:18,143 [LowLevelDataService-contextInitializer-1 | u:p] INFO  TXLOGGER  - Summary: Total: 0.423 s, transactions: 0, svn: 0.1 s [98% log2 (5x)] (6x), ObjectMaps: 0.0399 s [100% getAllPrimaryObjects (1x)] (11x)
2017-05-17 14:29:18,143 [LowLevelDataService-contextInitializer-5 | u:p] INFO  TXLOGGER  - Summary: Total: 0.423 s, transactions: 0, svn: 0.12 s [98% log2 (5x)] (6x), ObjectMaps: 0.0224 s [100% getAllPrimaryObjects (1x)] (7x)
2017-05-17 14:29:18,143 [LowLevelDataService-contextInitializer-3 | u:p] INFO  TXLOGGER  - Summary: Total: 0.423 s, transactions: 0, svn: 0.122 s [48% log2 (5x), 28% log (1x), 14% info (2x)] (11x)
2017-05-17 14:29:18,143 [LowLevelDataService-contextInitializer-4 | u:p] INFO  TXLOGGER  - Summary: Total: 0.423 s, transactions: 0, svn: 0.0662 s [97% log2 (5x)] (6x), ObjectMaps: 0.0364 s [100% getAllPrimaryObjects (1x)] (7x)
2017-05-17 14:29:18,144 [main | u:p] INFO  TXLOGGER  - Summary for 'Context initialization': transactions: 0, svn: 0.428 s [83% log2 (21x)] (31x), ObjectMaps: 0.103 s [100% getAllPrimaryObjects (5x)] (39x)
2017-05-17 14:29:18,477 [main | u:p] INFO  TXLOGGER  - Summary for 'Revisions processing': transactions: 10, RepositoryConfigService: 0.204 s [100% getReadConfiguration (30x)] (30x), svn: 0.131 s [72% info (13x), 26% getFile content (3x)] (28x)
2017-05-17 14:29:19,090 [main | u:p] INFO  TXLOGGER  - Summary for 'Build artifacts recognition': transactions: 30, svn: 0.48 s [83% info (60x)] (103x), RepositoryConfigService: 0.419 s [100% getReadConfiguration (60x)] (60x)
2017-05-17 14:29:19,654 [main | u:p] INFO  TXLOGGER  - Summary for 'Data indexing': transactions: 0, Lucene: 0.222 s [100% refresh (2x)] (2x), SubterraURITable: 0.0924 s [100% addIfNotExistsDB (13x)] (13x), DB: 0.0309 s [69% update (30x), 15% execute (10x)] (81x)
2017-05-17 14:29:51,981 [main] INFO  TXLOGGER  - Summary for 'Polarion startup': transactions: 1, svn: 0.283 s [82% info (39x)] (56x), RepositoryConfigService: 0.0191 s [100% getReadConfiguration (2x)] (2x)
2017-05-17 14:29:52,146 [Worker-0 | u:p | job: polarion.jobs.attachment.indexer] INFO  TXLOGGER  - Summary after AttachmentIndexer: transactions: 0, Lucene: 0.0752 s [100% add (2x)] (2x), resolve: 0.0316 s [100% User (2x)] (2x), ObjectMaps: 0.0123 s [100% getPrimaryObjectLocation (2x)] (2x)
2017-05-17 14:29:52,303 [Persistence Events Processing Thread | u:p] INFO  TXLOGGER  - Tx 570568a1dd030_0_570568a1dd030_0_: finished. Total: 0.251 s, resolve: 0.0777 s [58% User (2x), 41% Project (1x)] (5x), Lucene: 0.0548 s [59% search (1x), 41% add (1x)] (2x), svn: 0.0261 s [68% getFile content (2x), 21% info (1x)] (6x), ObjectMaps: 0.0172 s [75% getPrimaryObjectLocation (2x), 16% getPrimaryObjectProperty (2x)] (11x)
2017-05-17 14:29:52,304 [Persistence Events Processing Thread | u:p] INFO  TXLOGGER  - Summary: Total: 0.321 s, transactions: 6, persistence listener: 0.32 s [79% RevisionActivityCreator (2x), 21% notificationsCreatingListener (1x)] (7x), resolve: 0.0806 s [56% User (2x), 39% Project (1x)] (7x), Lucene: 0.0548 s [59% search (1x), 41% add (1x)] (2x), svn: 0.0261 s [68% getFile content (2x), 21% info (1x)] (6x), ObjectMaps: 0.0172 s [75% getPrimaryObjectLocation (2x), 16% getPrimaryObjectProperty (2x)] (11x)
2017-05-17 14:29:52,538 [PreLoadDataService | u:p] INFO  TXLOGGER  - Tx 570568a1cd02a_0_570568a1cd02a_0_: finished. Total: 0.549 s, svn: 0.386 s [62% getDir2 content (25x), 37% getFile content (13x)] (40x), resolve: 0.26 s [51% TimePoint (5x), 49% Category (6x)] (11x), ObjectMaps: 0.0358 s [36% getPrimaryObjectLocation (11x), 35% getLastPromoted (11x), 29% getPrimaryObjectProperty (11x)] (45x)
2017-05-17 14:29:52,838 [PreLoadDataService | u:p] INFO  TXLOGGER  - Tx 570568a268450_0_570568a268450_0_: finished. Total: 0.229 s, svn: 0.128 s [62% getFile content (11x), 38% info (6x)] (18x), resolve: 0.117 s [100% User (8x)] (8x), RepositoryConfigService: 0.0892 s [81% getReadConfiguration (56x)] (58x), ObjectMaps: 0.0141 s [44% getPrimaryObjectLocation (7x), 31% getPrimaryObjectProperty (7x), 25% getLastPromoted (7x)] (28x)
2017-05-17 14:29:52,955 [PreLoadDataService | u:p] INFO  TXLOGGER  - Tx 570568a2a1851_0_570568a2a1851_0_: finished. Total: 0.116 s, RepositoryConfigService: 0.0959 s [98% getReadConfiguration (54x)] (77x), svn: 0.0795 s [100% getFile content (12x)] (13x)
2017-05-17 14:29:53,099 [DBHistoryCreator-2 | u:p] INFO  TXLOGGER  - Summary: Total: 0.912 s, transactions: 0
2017-05-17 14:29:53,099 [DBHistoryCreator-1 | u:p] INFO  TXLOGGER  - Summary: Total: 0.912 s, transactions: 0
2017-05-17 14:29:53,100 [Worker-1 | u:p | job: polarion.jobs.db.history] INFO  TXLOGGER  - Summary after DBHistoryCreator: transactions: 36, persistence listener: 0.322 s [79% RevisionActivityCreator (12x), 21% notificationsCreatingListener (6x)] (42x), Lucene: 0.0825 s [61% add (2x), 39% search (1x)] (3x), resolve: 0.0808 s [56% User (3x), 39% Project (1x)] (8x), svn: 0.0275 s [65% getFile content (2x), 20% info (1x)] (7x), ObjectMaps: 0.0172 s [75% getPrimaryObjectLocation (2x), 16% getPrimaryObjectProperty (2x)] (11x)
2017-05-17 14:29:53,100 [Worker-1 | u:p] INFO  TXLOGGER  - Summary for 'job: polarion.jobs.db.history': Total: 0.962 s, transactions: 0, DB: 0.651 s [73% query (1073x), 16% update (1048x)] (5299x), SubterraURITable: 0.359 s [100% getDB (1047x)] (1047x)
2017-05-17 14:29:53,795 [PreLoadDataService | u:p] INFO  TXLOGGER  - Tx 570568a2bec52_0_570568a2bec52_0_: finished. Total: 0.84 s, svn: 0.789 s [66% getFile content (47x), 34% getDir2 content (17x)] (65x), RepositoryConfigService: 0.559 s [100% getReadConfiguration (164x)] (180x)
2017-05-17 14:29:54,114 [PreLoadDataService | u:p] INFO  TXLOGGER  - Tx 570568a390c53_0_570568a390c53_0_: finished. Total: 0.319 s, svn: 0.298 s [52% getFile content (21x), 48% getDir2 content (17x)] (39x), RepositoryConfigService: 0.171 s [99% getReadConfiguration (88x)] (110x)
2017-05-17 14:29:54,224 [PreLoadDataService | u:p] INFO  TXLOGGER  - Tx 570568a3e0c54_0_570568a3e0c54_0_: finished. Total: 0.11 s, svn: 0.101 s [60% getDir2 content (11x), 40% getFile content (8x)] (20x), RepositoryConfigService: 0.0468 s [99% getReadConfiguration (38x)] (54x)
2017-05-17 14:29:54,225 [PreLoadDataService] INFO  TXLOGGER  - Summary for 'PreloadDataService': Total: 2.24 s, transactions: 7, svn: 1.81 s [57% getFile content (114x), 40% getDir2 content (72x)] (203x), RepositoryConfigService: 0.979 s [98% getReadConfiguration (402x)] (481x), resolve: 0.408 s [33% TimePoint (5x), 31% Category (6x), 29% User (8x)] (22x)
2017-05-17 14:29:54,225 [PreLoadDataService] INFO  TXLOGGER  - Summary after preload: transactions: 7, svn: 1.81 s [57% getFile content (114x), 40% getDir2 content (72x)] (203x), RepositoryConfigService: 0.979 s [98% getReadConfiguration (402x)] (481x), DB: 0.651 s [73% query (1073x), 16% update (1048x)] (5299x), resolve: 0.409 s [33% TimePoint (5x), 31% Category (6x), 29% User (9x)] (23x), SubterraURITable: 0.359 s [100% getDB (1047x)] (1047x)
2017-05-17 14:55:02,416 [ajp-nio-8889-exec-9 | u:admin] INFO  TXLOGGER  - Tx 57056e641d855_0_57056e641d855_0_: finished. Total: 0.73 s, svn: 0.64 s [93% endActivity (1x)] (8x), processed revs: [35, 35 (delay 0s)], write: true
2017-05-17 14:55:02,422 [ajp-nio-8889-exec-9 | u:admin] INFO  TXLOGGER  - Summary for 'WikiDataService.saveRepository': Total: 0.737 s, transactions: 1, svn: 0.64 s [93% endActivity (1x)] (8x)
2017-05-17 14:55:09,580 [ajp-nio-8889-exec-1 | u:admin] INFO  TXLOGGER  - Tx 57056e6b37c5c_0_57056e6b37c5c_0_: finished. Total: 0.621 s, svn: 0.571 s [94% endActivity (1x)] (7x), processed revs: [36, 36 (delay 0s)], write: true
2017-05-17 14:55:09,581 [ajp-nio-8889-exec-1 | u:admin] INFO  TXLOGGER  - Summary for 'WikiDataService.saveRepository': Total: 0.621 s, transactions: 1, svn: 0.571 s [94% endActivity (1x)] (7x)
2017-05-17 14:55:18,952 [ajp-nio-8889-exec-3 | u:admin] INFO  TXLOGGER  - Tx 57056e737a863_0_57056e737a863_0_: finished. Total: 1.53 s, svn: 1.49 s [97% endActivity (1x)] (7x), processed revs: [37, 37 (delay 1s)], write: true
2017-05-17 14:55:18,952 [ajp-nio-8889-exec-3 | u:admin] INFO  TXLOGGER  - Summary for 'WikiDataService.saveRepository': Total: 1.53 s, transactions: 1, svn: 1.49 s [97% endActivity (1x)] (7x)
2017-05-17 14:55:27,913 [ajp-nio-8889-exec-5 | u:admin] INFO  TXLOGGER  - Tx 57056e7c3446a_0_57056e7c3446a_0_: finished. Total: 1.56 s, svn: 1.51 s [98% endActivity (1x)] (7x), processed revs: [38, 38 (delay 1s)], write: true
2017-05-17 14:55:27,913 [ajp-nio-8889-exec-5 | u:admin] INFO  TXLOGGER  - Summary for 'WikiDataService.saveRepository': Total: 1.56 s, transactions: 1, svn: 1.51 s [98% endActivity (1x)] (7x)
2017-05-17 14:56:58,281 [ajp-nio-8889-exec-7 | u:admin] INFO  TXLOGGER  - Tx 57056ed46fc71_0_57056ed46fc71_0_: finished. Total: 1.58 s, Lucene: 0.94 s [100% add (1x)] (1x), svn: 0.609 s [96% endActivity (1x)] (7x), processed revs: [39, 39 (delay 1s)], write: true
2017-05-17 14:56:58,281 [ajp-nio-8889-exec-7 | u:admin] INFO  TXLOGGER  - Summary for 'WikiDataService.saveRepository': Total: 1.58 s, transactions: 1, Lucene: 0.94 s [100% add (1x)] (1x), svn: 0.609 s [96% endActivity (1x)] (7x)
2017-05-17 15:00:01,636 [Worker-1 | u:p] INFO  TXLOGGER  - Summary for 'job: update.plan.refresh.index': Total: 0.675 s, transactions: 0, resolve: 0.428 s [93% WorkItem (15x)] (167x), svn: 0.377 s [34% getFile content (16x), 33% getDir2 content (16x), 32% info (17x)] (50x), Lucene: 0.16 s [99% refresh (1x)] (2x), DB: 0.0713 s [87% update (181x)] (220x)
2017-05-17 15:00:01,668 [Worker-0 | u:p] INFO  TXLOGGER  - Summary for 'job: update.plan': Total: 1.61 s, transactions: 10, resolve: 0.583 s [90% WorkItems (2x)] (96x), svn: 0.487 s [36% info (26x), 33% getFile content (21x), 30% getDir2 content (19x)] (78x), planQueryExpander: 0.12 s [100% expand (6x)] (12x)
2017-05-17 15:51:59,195 [ajp-nio-8889-exec-8 | u:admin] INFO  TXLOGGER  - Tx 57057b6cdb082_0_57057b6cdb082_0_: finished. Total: 0.687 s, svn: 0.627 s [96% endActivity (1x)] (7x), processed revs: [40, 40 (delay 0s)], write: true
2017-05-17 15:51:59,196 [ajp-nio-8889-exec-8 | u:admin] INFO  TXLOGGER  - Summary for 'WikiDataService.saveRepository': Total: 0.687 s, transactions: 1, svn: 0.627 s [96% endActivity (1x)] (7x)
2017-05-17 16:00:00,747 [Worker-0 | u:p] INFO  TXLOGGER  - Summary for 'job: update.plan.refresh.index': Total: 0.582 s, transactions: 0, resolve: 0.472 s [100% WorkItem (15x)] (167x), svn: 0.42 s [34% info (18x), 33% getDir2 content (17x), 32% getFile content (16x)] (52x), Lucene: 0.0521 s [89% refresh (1x)] (17x)
2017-05-17 16:00:00,776 [Worker-1 | u:p] INFO  TXLOGGER  - Summary for 'job: update.plan': Total: 0.716 s, transactions: 0
2017-05-17 16:16:12,937 [PullingJob-default] INFO  TXLOGGER  - Summary for 'PullingJob': Total: 0.183 s, transactions: 0, svn: 0.183 s [100% getLatestRevision (1x)] (1x)
2017-05-17 16:17:48,039 [ajp-nio-8889-exec-10 | u:admin] INFO  TXLOGGER  - Tx 5705815586c89_0_5705815586c89_0_: finished. Total: 0.557 s, svn: 0.498 s [93% endActivity (1x)] (7x), processed revs: [41, 41 (delay 0s)], write: true
2017-05-17 16:17:48,040 [ajp-nio-8889-exec-10 | u:admin] INFO  TXLOGGER  - Summary for 'WikiDataService.saveRepository': Total: 0.558 s, transactions: 1, svn: 0.498 s [93% endActivity (1x)] (7x)
2017-05-17 16:17:59,454 [ajp-nio-8889-exec-2 | u:admin] INFO  TXLOGGER  - Tx 5705816080890_0_5705816080890_0_: finished. Total: 0.732 s, svn: 0.695 s [96% endActivity (1x)] (7x), processed revs: [42, 42 (delay 0s)], write: true
2017-05-17 16:17:59,454 [ajp-nio-8889-exec-2 | u:admin] INFO  TXLOGGER  - Summary for 'WikiDataService.saveRepository': Total: 0.732 s, transactions: 1, svn: 0.695 s [96% endActivity (1x)] (7x)
2017-05-17 16:19:09,057 [ajp-nio-8889-exec-4 | u:admin] INFO  TXLOGGER  - Tx 570581a495097_0_570581a495097_0_: finished. Total: 0.62 s, svn: 0.569 s [95% endActivity (1x)] (7x), processed revs: [43, 43 (delay 0s)], write: true
2017-05-17 16:19:09,057 [ajp-nio-8889-exec-4 | u:admin] INFO  TXLOGGER  - Summary for 'WikiDataService.saveRepository': Total: 0.621 s, transactions: 1, svn: 0.569 s [95% endActivity (1x)] (7x)
2017-05-17 16:19:20,584 [ajp-nio-8889-exec-6 | u:admin] INFO  TXLOGGER  - Summary for 'PortalDataService.requestPortalSite': Total: 0.201 s, transactions: 10, svn: 0.094 s [54% info (6x), 32% getFile content (4x)] (22x), RepositoryConfigService: 0.086 s [83% getReadConfiguration (26x)] (52x)
2017-05-17 16:20:02,304 [ajp-nio-8889-exec-9 | u:admin] INFO  TXLOGGER  - Tx 570581d89e8ac_0_570581d89e8ac_0_: finished. Total: 0.582 s, svn: 0.54 s [93% endActivity (1x)] (7x), RepositoryConfigService: 0.0298 s [100% getReadConfiguration (4x)] (4x), processed revs: [44, 44 (delay 0s)], write: true
2017-05-17 16:20:02,304 [ajp-nio-8889-exec-9 | u:admin] INFO  TXLOGGER  - Summary for 'WikiDataService.saveRepository': Total: 0.582 s, transactions: 1, svn: 0.54 s [93% endActivity (1x)] (7x), RepositoryConfigService: 0.0298 s [100% getReadConfiguration (4x)] (4x)
2017-05-17 16:24:13,617 [ajp-nio-8889-exec-10 | u:admin] INFO  TXLOGGER  - Tx 570582ce090b3_0_570582ce090b3_0_: finished. Total: 0.589 s, svn: 0.55 s [95% endActivity (1x)] (7x), processed revs: [45, 45 (delay 0s)], write: true
2017-05-17 16:24:13,617 [ajp-nio-8889-exec-10 | u:admin] INFO  TXLOGGER  - Summary for 'WikiDataService.saveRepository': Total: 0.589 s, transactions: 1, svn: 0.55 s [95% endActivity (1x)] (7x)
2017-05-17 16:24:16,808 [ajp-nio-8889-exec-4 | u:admin] INFO  TXLOGGER  - Summary for 'PortalDataService.requestPortalSite': Total: 1.06 s, transactions: 0, svn: 1.04 s [100% info (2x)] (2x)
2017-05-17 16:25:31,766 [PullingJob-default] INFO  TXLOGGER  - Summary for 'PullingJob': Total: 71 s, transactions: 0, svn: 67.5 s [100% getLatestRevision (1x)] (1x)
2017-05-17 16:25:43,473 [PullingJob-default] INFO  TXLOGGER  - Summary for 'PullingJob': Total: 10.2 s, transactions: 0
2017-05-17 16:25:54,423 [Persistence Events Processing Thread | u:p] INFO  TXLOGGER  - Tx 570582cef80be_0_570582cef80be_0_: finished. Total: 100 s, Lucene: 100 s [100% add (1x)] (2x), rollback: true
2017-05-17 16:25:54,981 [Persistence Events Processing Thread | u:p] INFO  TXLOGGER  - Tx 570583310dcbf_0_570583310dcbf_0_: finished. Total: 0.558 s
2017-05-17 16:25:54,981 [Persistence Events Processing Thread | u:p] INFO  TXLOGGER  - Summary: Total: 101 s, transactions: 6, persistence listener: 101 s [100% RevisionActivityCreator (2x)] (7x), Lucene: 100 s [100% add (1x)] (2x)
