2017-05-16 12:36:42,861 [main | u:p] INFO  TXLOGGER  - Summary for 'Platform startup': transactions: 0, DB: 0.0488 s [58% query (13x), 41% update (126x)] (206x), svn: 0.0317 s [87% checkPath (1x)] (3x)
2017-05-16 12:36:43,064 [main | u:p] INFO  TXLOGGER  - Summary for 'Context recognition': transactions: 0, svn: 0.0777 s [42% info (3x), 30% getDir2 content (2x), 28% getFile content (1x)] (6x)
2017-05-16 12:36:43,572 [LowLevelDataService-contextInitializer-3 | u:p] INFO  TXLOGGER  - Summary: Total: 0.504 s, transactions: 0, svn: 0.126 s [35% log2 (5x), 33% log (1x), 18% info (2x)] (11x)
2017-05-16 12:36:43,572 [LowLevelDataService-contextInitializer-4 | u:p] INFO  TXLOGGER  - Summary: Total: 0.504 s, transactions: 0, svn: 0.0877 s [98% log2 (5x)] (6x), ObjectMaps: 0.0366 s [100% getAllPrimaryObjects (1x)] (7x)
2017-05-16 12:36:43,572 [LowLevelDataService-contextInitializer-1 | u:p] INFO  TXLOGGER  - Summary: Total: 0.504 s, transactions: 0, svn: 0.0937 s [83% log2 (5x)] (7x), ObjectMaps: 0.0413 s [96% getAllPrimaryObjects (1x)] (13x)
2017-05-16 12:36:43,572 [LowLevelDataService-contextInitializer-2 | u:p] INFO  TXLOGGER  - Summary: Total: 0.504 s, transactions: 0, svn: 0.0283 s [89% log2 (1x)] (2x)
2017-05-16 12:36:43,572 [LowLevelDataService-contextInitializer-5 | u:p] INFO  TXLOGGER  - Summary: Total: 0.504 s, transactions: 0, svn: 0.122 s [98% log2 (5x)] (6x), ObjectMaps: 0.0271 s [100% getAllPrimaryObjects (1x)] (7x)
2017-05-16 12:36:43,580 [main | u:p] INFO  TXLOGGER  - Summary for 'Context initialization': transactions: 0, svn: 0.458 s [77% log2 (21x), 9% log (1x)] (32x), ObjectMaps: 0.121 s [98% getAllPrimaryObjects (5x)] (41x)
2017-05-16 12:36:43,838 [main | u:p] INFO  TXLOGGER  - Summary for 'Revisions processing': transactions: 10, RepositoryConfigService: 0.159 s [100% getReadConfiguration (30x)] (30x), svn: 0.0698 s [76% info (11x), 20% getFile content (1x)] (24x)
2017-05-16 12:36:44,360 [main | u:p] INFO  TXLOGGER  - Summary for 'Build artifacts recognition': transactions: 30, svn: 0.384 s [84% info (60x)] (103x), RepositoryConfigService: 0.357 s [100% getReadConfiguration (36x)] (36x)
2017-05-16 12:36:44,974 [main | u:p] INFO  TXLOGGER  - Summary for 'Data indexing': transactions: 0, Lucene: 0.234 s [100% refresh (1x)] (1x), SubterraURITable: 0.0884 s [100% addIfNotExistsDB (1x)] (1x)
2017-05-16 12:37:23,884 [main] INFO  TXLOGGER  - Summary for 'Polarion startup': transactions: 1, svn: 0.375 s [81% info (39x)] (58x), RepositoryConfigService: 0.0296 s [100% getReadConfiguration (2x)] (2x)
2017-05-16 12:37:23,994 [Persistence Events Processing Thread | u:p] INFO  TXLOGGER  - Summary: Total: 0.106 s, transactions: 6, persistence listener: 0.105 s [92% notificationsCreatingListener (1x)] (7x)
2017-05-16 12:37:24,089 [Worker-0 | u:p | job: polarion.jobs.attachment.indexer] INFO  TXLOGGER  - Summary after AttachmentIndexer: transactions: 6, persistence listener: 0.105 s [92% notificationsCreatingListener (1x)] (7x), Lucene: 0.0991 s [100% add (2x)] (2x), resolve: 0.0451 s [93% User (2x)] (5x), ObjectMaps: 0.0118 s [100% getPrimaryObjectLocation (2x)] (2x)
2017-05-16 12:37:24,517 [PreLoadDataService | u:p] INFO  TXLOGGER  - Tx 5704054cdd42a_0_5704054cdd42a_0_: finished. Total: 0.624 s, svn: 0.334 s [68% getDir2 content (25x), 32% getFile content (13x)] (40x), resolve: 0.261 s [62% TimePoint (5x), 38% Category (6x)] (11x), ObjectMaps: 0.0367 s [54% getPrimaryObjectLocation (11x), 26% getPrimaryObjectProperty (11x)] (46x)
2017-05-16 12:37:24,893 [PreLoadDataService | u:p] INFO  TXLOGGER  - Tx 5704054d94c32_0_5704054d94c32_0_: finished. Total: 0.267 s, svn: 0.139 s [56% getFile content (12x), 44% info (6x)] (19x), resolve: 0.139 s [100% User (8x)] (8x), RepositoryConfigService: 0.0985 s [83% getReadConfiguration (56x)] (58x), ObjectMaps: 0.0168 s [44% getPrimaryObjectLocation (8x), 29% getPrimaryObjectProperty (8x), 27% getLastPromoted (8x)] (33x)
2017-05-16 12:37:25,014 [PreLoadDataService | u:p] INFO  TXLOGGER  - Tx 5704054dd7833_0_5704054dd7833_0_: finished. Total: 0.12 s, RepositoryConfigService: 0.0949 s [98% getReadConfiguration (54x)] (77x), svn: 0.0748 s [100% getFile content (12x)] (13x)
2017-05-16 12:37:25,044 [DBHistoryCreator-1 | u:p] INFO  TXLOGGER  - Summary: Total: 0.917 s, transactions: 0
2017-05-16 12:37:25,044 [Worker-1 | u:p | job: polarion.jobs.db.history] INFO  TXLOGGER  - Summary after DBHistoryCreator: transactions: 0, Lucene: 0.0234 s [100% add (1x)] (1x)
2017-05-16 12:37:25,045 [Worker-1 | u:p] INFO  TXLOGGER  - Summary for 'job: polarion.jobs.db.history': Total: 0.961 s, transactions: 0, DB: 0.712 s [77% query (1044x), 15% update (1019x)] (5146x), SubterraURITable: 0.376 s [100% getDB (1018x)] (1018x)
2017-05-16 12:37:25,557 [PreLoadDataService | u:p] INFO  TXLOGGER  - Tx 5704054df5c34_0_5704054df5c34_0_: finished. Total: 0.542 s, svn: 0.454 s [66% getFile content (47x), 34% getDir2 content (17x)] (65x), RepositoryConfigService: 0.372 s [100% getReadConfiguration (164x)] (180x)
2017-05-16 12:37:25,831 [PreLoadDataService | u:p] INFO  TXLOGGER  - Tx 5704054e7d435_0_5704054e7d435_0_: finished. Total: 0.274 s, svn: 0.253 s [50% getFile content (21x), 50% getDir2 content (17x)] (39x), RepositoryConfigService: 0.142 s [99% getReadConfiguration (88x)] (110x)
2017-05-16 12:37:25,945 [PreLoadDataService | u:p] INFO  TXLOGGER  - Tx 5704054ec1c36_0_5704054ec1c36_0_: finished. Total: 0.114 s, svn: 0.104 s [58% getDir2 content (11x), 42% getFile content (8x)] (20x), RepositoryConfigService: 0.0505 s [99% getReadConfiguration (38x)] (54x)
2017-05-16 12:37:25,946 [PreLoadDataService] INFO  TXLOGGER  - Summary for 'PreloadDataService': Total: 2.06 s, transactions: 7, svn: 1.39 s [54% getFile content (116x), 41% getDir2 content (72x)] (206x), RepositoryConfigService: 0.782 s [97% getReadConfiguration (402x)] (485x), resolve: 0.455 s [36% TimePoint (5x), 30% User (8x), 22% Category (6x)] (22x)
2017-05-16 12:37:25,947 [PreLoadDataService] INFO  TXLOGGER  - Summary after preload: transactions: 7, svn: 1.39 s [54% getFile content (116x), 41% getDir2 content (72x)] (206x), RepositoryConfigService: 0.782 s [97% getReadConfiguration (402x)] (485x), DB: 0.712 s [77% query (1044x), 15% update (1019x)] (5146x), resolve: 0.456 s [36% TimePoint (5x), 30% User (9x), 22% Category (6x)] (23x), SubterraURITable: 0.376 s [100% getDB (1018x)] (1018x), Lucene: 0.0803 s [71% search (5x), 29% add (1x)] (6x)
2017-05-16 12:37:41,347 [ajp-nio-8889-exec-1 | u:admin] INFO  TXLOGGER  - Summary for 'PortalDataService.getInitData': Total: 0.194 s, transactions: 3, RepositoryConfigService: 0.0142 s [100% getReadConfiguration (8x)] (13x)
2017-05-16 12:37:41,816 [ajp-nio-8889-exec-2 | u:admin] INFO  TXLOGGER  - Summary for 'PortalDataService.requestPortalSite': Total: 0.179 s, transactions: 8, RepositoryConfigService: 0.0542 s [79% getReadConfiguration (26x), 21% getReadUserConfiguration (18x)] (50x), svn: 0.0538 s [52% info (5x), 38% getFile content (4x)] (18x)
2017-05-16 12:37:43,665 [ajp-nio-8889-exec-5 | u:admin | uri:/polarion/wiki/bin/view/project/drivepilot/page/Home | wiki: view http://localhost/polarion/wiki/bin/view/project/drivepilot/page/Home] INFO  TXLOGGER  - Tx 5704055fd9c47_0_5704055fd9c47_0_: finished. Total: 0.331 s, svn: 0.226 s [84% info (36x)] (43x), resolve: 0.169 s [98% WikiPage (24x)] (38x)
2017-05-16 12:37:43,714 [ajp-nio-8889-exec-5] INFO  TXLOGGER  - Summary for 'servlet /polarion/wiki/bin/view/project/drivepilot/page/Home': Total: 1.78 s, transactions: 6, Velocity: 1.39 s [100% evaluate in Wiki (1x)] (1x), svn: 0.953 s [81% info (132x)] (163x), resolve: 0.211 s [98% WikiPage (41x)] (59x)
2017-05-16 12:37:43,884 [ajp-nio-8889-exec-8] INFO  TXLOGGER  - Summary for 'servlet /polarion/wiki/bin/download/project/drivepilot/page/_default/Home/project_logo.jpg': Total: 0.139 s, transactions: 0, svn: 0.0141 s [100% info (2x)] (2x)
2017-05-16 12:37:49,354 [ajp-nio-8889-exec-1 | u:admin | uri:/polarion/wiki/bin/view/project/drivepilot/page/Home | wiki: view http://localhost/polarion/wiki/bin/view/project/drivepilot/page/Home] INFO  TXLOGGER  - Tx 570405658c44a_0_570405658c44a_0_: finished. Total: 0.186 s, svn: 0.141 s [100% info (24x)] (25x), resolve: 0.0196 s [90% RichPage (12x)] (38x)
2017-05-16 12:37:49,377 [ajp-nio-8889-exec-1] INFO  TXLOGGER  - Summary for 'servlet /polarion/wiki/bin/view/project/drivepilot/page/Home': Total: 0.443 s, transactions: 3, Velocity: 0.326 s [100% evaluate in Wiki (1x)] (1x), svn: 0.159 s [100% info (27x)] (28x)
2017-05-16 12:37:49,594 [ajp-nio-8889-exec-6] INFO  TXLOGGER  - Summary for 'servlet /polarion/wiki/bin/download/project/drivepilot/page/_default/Home/project_logo.jpg': Total: 0.179 s, transactions: 0, svn: 0.0134 s [100% info (2x)] (2x)
2017-05-16 12:40:00,915 [ajp-nio-8889-exec-5 | u:admin | uri:/polarion/wiki/bin/view/project/drivepilot/page/Home | wiki: view http://localhost/polarion/wiki/bin/view/project/drivepilot/page/Home] INFO  TXLOGGER  - Tx 570405e60e44d_0_570405e60e44d_0_: finished. Total: 0.154 s, svn: 0.13 s [100% info (24x)] (25x)
2017-05-16 12:40:00,935 [ajp-nio-8889-exec-5] INFO  TXLOGGER  - Summary for 'servlet /polarion/wiki/bin/view/project/drivepilot/page/Home': Total: 0.394 s, transactions: 3, Velocity: 0.313 s [100% evaluate in Wiki (1x)] (1x), svn: 0.145 s [100% info (27x)] (28x)
2017-05-16 12:40:01,104 [ajp-nio-8889-exec-8] INFO  TXLOGGER  - Summary for 'servlet /polarion/wiki/bin/download/project/drivepilot/page/_default/Home/project_logo.jpg': Total: 0.156 s, transactions: 0, svn: 0.0127 s [100% info (2x)] (2x)
