2017-05-17 10:34:03,238 [main | u:p] INFO  com.polarion.platform.jobs.internal.service.scheduler.JobSchedulerService  - Updating local scheduler state: start
2017-05-17 10:34:03,255 [main | u:p | u:p] INFO  com.polarion.platform.jobs.internal.service.scheduler.JobSchedulerService  - 16 scheduled job(s) configured
2017-05-17 10:34:35,579 [Thread-34] INFO  com.polarion.platform.jobs.info  - Job "Attachment Indexer" has id 14cb20ea-927abe2a-4a216eb4-2cead9bc
2017-05-17 10:34:35,582 [Thread-34] INFO  com.polarion.platform.jobs.info  - State of job "Attachment Indexer" changed to UNSCHEDULED
2017-05-17 10:34:35,588 [Thread-34] INFO  com.polarion.platform.jobs.info  - Working directory of root job "Attachment Indexer" is C:\Polarion\data\workspace\polarion-data\jobs\20170517-1034
2017-05-17 10:34:35,591 [Thread-34] INFO  com.polarion.platform.jobs.info  - Job "Attachment Indexer" runs as user "polarion"
2017-05-17 10:34:35,594 [Thread-34 | u:p] INFO  com.polarion.platform.jobs.info  - State of job "Attachment Indexer" changed to ACTIVATING
2017-05-17 10:34:35,599 [Thread-34 | u:p] INFO  com.polarion.platform.jobs.info  - State of job "Attachment Indexer" changed to WAITING
2017-05-17 10:34:35,609 [Thread-34] INFO  com.polarion.platform.jobs.info  - Job "DB History Creator" has id 14cb2113-927abe2a-4a216eb4-6ef96e73
2017-05-17 10:34:35,611 [Worker-0 | u:p] INFO  com.polarion.platform.jobs.info  - State of job "Attachment Indexer" changed to RUNNING
2017-05-17 10:34:35,612 [Thread-34] INFO  com.polarion.platform.jobs.info  - State of job "DB History Creator" changed to UNSCHEDULED
2017-05-17 10:34:35,617 [Thread-34] INFO  com.polarion.platform.jobs.info  - Working directory of root job "DB History Creator" is C:\Polarion\data\workspace\polarion-data\jobs\20170517-1034_0
2017-05-17 10:34:35,623 [Thread-34] INFO  com.polarion.platform.jobs.info  - Job "DB History Creator" runs as user "polarion"
2017-05-17 10:34:35,626 [Thread-34 | u:p] INFO  com.polarion.platform.jobs.info  - State of job "DB History Creator" changed to ACTIVATING
2017-05-17 10:34:35,631 [Thread-34 | u:p] INFO  com.polarion.platform.jobs.info  - State of job "DB History Creator" changed to WAITING
2017-05-17 10:34:35,639 [Worker-1 | u:p] INFO  com.polarion.platform.jobs.info  - State of job "DB History Creator" changed to RUNNING
2017-05-17 10:34:35,787 [Worker-0 | u:p] INFO  com.polarion.platform.jobs.info  - State of job "Attachment Indexer" changed to FINISHED
2017-05-17 10:34:35,790 [Worker-0 | u:p] INFO  com.polarion.platform.jobs.info  - Status of job "Attachment Indexer" is OK
2017-05-17 10:34:36,655 [Worker-1 | u:p] INFO  com.polarion.platform.jobs.info  - State of job "DB History Creator" changed to FINISHED
2017-05-17 10:34:36,657 [Worker-1 | u:p] INFO  com.polarion.platform.jobs.info  - Status of job "DB History Creator" is OK
2017-05-17 11:00:00,027 [DefaultQuartzScheduler_Worker-4] INFO  com.polarion.platform.jobs.info  - Job "Live Plan Chart Update" has id 14e263d7-927abe2a-4a216eb4-96e144e2
2017-05-17 11:00:00,029 [DefaultQuartzScheduler_Worker-4] INFO  com.polarion.platform.jobs.info  - State of job "Live Plan Chart Update" changed to UNSCHEDULED
2017-05-17 11:00:00,032 [DefaultQuartzScheduler_Worker-4] INFO  com.polarion.platform.jobs.info  - Working directory of root job "Live Plan Chart Update" is C:\Polarion\data\workspace\polarion-data\jobs\20170517-1100
2017-05-17 11:00:00,034 [DefaultQuartzScheduler_Worker-4] INFO  com.polarion.platform.jobs.info  - Job "Live Plan Chart Update" runs as user "polarion"
2017-05-17 11:00:00,036 [DefaultQuartzScheduler_Worker-4 | u:p] INFO  com.polarion.platform.jobs.info  - State of job "Live Plan Chart Update" changed to ACTIVATING
2017-05-17 11:00:00,039 [DefaultQuartzScheduler_Worker-4 | u:p] INFO  com.polarion.platform.jobs.info  - State of job "Live Plan Chart Update" changed to WAITING
2017-05-17 11:00:00,043 [Worker-0 | u:p] INFO  com.polarion.platform.jobs.info  - State of job "Live Plan Chart Update" changed to RUNNING
2017-05-17 11:00:00,953 [Worker-0 | u:p | job: update.plan] INFO  com.polarion.platform.jobs.info  - Job "Live Plan Chart Update - Index Refresh" has id 14e26775-927abe2a-4a216eb4-e82fcb14
2017-05-17 11:00:00,956 [Worker-0 | u:p | job: update.plan] INFO  com.polarion.platform.jobs.info  - State of job "Live Plan Chart Update - Index Refresh" changed to UNSCHEDULED
2017-05-17 11:00:00,959 [Worker-0 | u:p | job: update.plan] INFO  com.polarion.platform.jobs.info  - Working directory of root job "Live Plan Chart Update - Index Refresh" is C:\Polarion\data\workspace\polarion-data\jobs\20170517-1100_0
2017-05-17 11:00:00,962 [Worker-0 | u:p | job: update.plan] INFO  com.polarion.platform.jobs.info  - Job "Live Plan Chart Update - Index Refresh" runs as user "polarion"
2017-05-17 11:00:00,964 [Worker-0 | u:p | job: update.plan | u:p] INFO  com.polarion.platform.jobs.info  - State of job "Live Plan Chart Update - Index Refresh" changed to ACTIVATING
2017-05-17 11:00:00,968 [Worker-0 | u:p | job: update.plan | u:p] INFO  com.polarion.platform.jobs.info  - State of job "Live Plan Chart Update - Index Refresh" changed to WAITING
2017-05-17 11:00:00,973 [Worker-1 | u:p] INFO  com.polarion.platform.jobs.info  - State of job "Live Plan Chart Update - Index Refresh" changed to RUNNING
2017-05-17 11:00:01,754 [Worker-1 | u:p] INFO  com.polarion.platform.jobs.info  - State of job "Live Plan Chart Update - Index Refresh" changed to FINISHED
2017-05-17 11:00:01,756 [Worker-1 | u:p] INFO  com.polarion.platform.jobs.info  - Status of job "Live Plan Chart Update - Index Refresh" is OK
2017-05-17 11:00:01,786 [Worker-0 | u:p] INFO  com.polarion.platform.jobs.info  - State of job "Live Plan Chart Update" changed to FINISHED
2017-05-17 11:00:01,788 [Worker-0 | u:p] INFO  com.polarion.platform.jobs.info  - Status of job "Live Plan Chart Update" is OK
