2017-05-17 11:11:59,514 [main] INFO  com.polarion.platform.startup  - ****************************************************************
2017-05-17 11:11:59,514 [main] INFO  com.polarion.platform.startup  -                 Polarion starting, please wait!                 
2017-05-17 11:11:59,514 [main] INFO  com.polarion.platform.startup  - ****************************************************************
2017-05-17 11:11:59,514 [main] INFO  com.polarion.platform.startup  - Server start mode: normal
2017-05-17 11:11:59,514 [main] INFO  com.polarion.platform.startup  - ------------------------------
2017-05-17 11:11:59,515 [main] INFO  com.polarion.platform.startup  - Platform startup (Phase: 1/9)
2017-05-17 11:12:05,090 [main] INFO  com.polarion.platform.startup  - Opening historical database...
2017-05-17 11:12:05,305 [main] INFO  com.polarion.platform.startup  - Opening of historical database finished [ TIME 0.214 s. ]
2017-05-17 11:12:05,305 [main] INFO  com.polarion.platform.startup  - Opening head database...
2017-05-17 11:12:05,371 [main] INFO  com.polarion.platform.startup  - Opening of head database finished [ TIME 0.0658 s. ]
2017-05-17 11:12:05,533 [main | u:p] INFO  com.polarion.platform.startup  -  -- Polarion startup estimation:  [ TIME 50 s. ]
2017-05-17 11:12:05,631 [main | u:p] INFO  com.polarion.platform.startup  - Platform startup ... took  [ TIME 6.13 s. ]
2017-05-17 11:12:05,747 [main | u:p] INFO  com.polarion.platform.startup  - ------------------------------
2017-05-17 11:12:05,747 [main | u:p] INFO  com.polarion.platform.startup  - Context recognition (Phase: 2/9)
2017-05-17 11:12:05,774 [main | u:p] INFO  com.polarion.platform.startup  - Context recognition ... took  [ TIME 0.14 s. ]
2017-05-17 11:12:05,775 [main | u:p] INFO  com.polarion.platform.startup  - ------------------------------
2017-05-17 11:12:05,775 [main | u:p] INFO  com.polarion.platform.startup  - Context initialization (Phase: 3/9)
2017-05-17 11:12:05,778 [LowLevelDataService-contextInitializer-5 | u:p | context: elibrary] INFO  com.polarion.platform.startup  -  -- Initializing context: elibrary (1/6)
2017-05-17 11:12:05,778 [LowLevelDataService-contextInitializer-2 | u:p | cluster: default] INFO  com.polarion.platform.startup  -  -- Initializing cluster: default (4/6)
2017-05-17 11:12:05,778 [LowLevelDataService-contextInitializer-4 | u:p | context: library] INFO  com.polarion.platform.startup  -  -- Initializing context: library (5/6)
2017-05-17 11:12:05,778 [LowLevelDataService-contextInitializer-1 | u:p | context: [GLOBAL]] INFO  com.polarion.platform.startup  -  -- Initializing context: [GLOBAL] (3/6)
2017-05-17 11:12:05,778 [LowLevelDataService-contextInitializer-3 | u:p | context: --Demo Projects] INFO  com.polarion.platform.startup  -  -- Initializing context: --Demo Projects (2/6)
2017-05-17 11:12:05,782 [LowLevelDataService-contextInitializer-1 | u:p | context: drivepilot] INFO  com.polarion.platform.startup  -  -- Initializing context: drivepilot (6/6)
2017-05-17 11:12:06,137 [main | u:p] INFO  com.polarion.platform.startup  - Context initialization ... took  [ TIME 0.36 s. ]
2017-05-17 11:12:06,144 [main | u:p] INFO  com.polarion.platform.startup  - ------------------------------
2017-05-17 11:12:06,144 [main | u:p] INFO  com.polarion.platform.startup  - Revisions processing (Phase: 4/9)
2017-05-17 11:12:06,385 [main | u:p] INFO  com.polarion.platform.startup  -  -- Processing new revisions from repository default in context ContextId[context [global]]
2017-05-17 11:12:06,392 [main | u:p] INFO  com.polarion.platform.startup  -  -- Processing new revisions from repository GitRepository in context ContextId[cluster default, context [global]]
2017-05-17 11:12:06,438 [main | u:p] INFO  com.polarion.platform.startup  -  -- Processing new revisions from repository GitRepository in context ContextId[cluster default, context drivepilot]
2017-05-17 11:12:06,441 [main | u:p] INFO  com.polarion.platform.startup  - Revisions processing ... took  [ TIME 0.3 s. ]
2017-05-17 11:12:06,485 [main | u:p] INFO  com.polarion.platform.startup  - ------------------------------
2017-05-17 11:12:06,485 [main | u:p] INFO  com.polarion.platform.startup  - Build artifacts recognition (Phase: 5/9)
2017-05-17 11:12:06,490 [main | u:p] INFO  com.polarion.platform.startup  -  -- Processing build artifacts from context: [GLOBAL] (1/6)
2017-05-17 11:12:06,622 [main | u:p] INFO  com.polarion.platform.startup  -  -- Processing build artifacts from cluster: default (2/6)
2017-05-17 11:12:06,674 [main | u:p] INFO  com.polarion.platform.startup  -  -- Processing build artifacts from context: --Demo Projects (3/6)
2017-05-17 11:12:06,720 [main | u:p] INFO  com.polarion.platform.startup  -  -- Processing build artifacts from context: library (4/6)
2017-05-17 11:12:06,856 [main | u:p] INFO  com.polarion.platform.startup  -  -- Processing build artifacts from context: elibrary (5/6)
2017-05-17 11:12:06,974 [main | u:p] INFO  com.polarion.platform.startup  -  -- Processing build artifacts from context: drivepilot (6/6)
2017-05-17 11:12:06,974 [main | u:p] INFO  com.polarion.platform.startup  - Build artifacts recognition ... took  [ TIME 0.53 s. ]
2017-05-17 11:12:06,975 [main | u:p] INFO  com.polarion.platform.startup  - ------------------------------
2017-05-17 11:12:06,975 [main | u:p] INFO  com.polarion.platform.startup  - BIR inspection (Phase: 6/9)
2017-05-17 11:12:07,000 [main | u:p] INFO  com.polarion.platform.startup  - BIR inspection ... took  [ TIME 0.03 s. ]
2017-05-17 11:12:07,021 [main | u:p] INFO  com.polarion.platform.startup  - ------------------------------
2017-05-17 11:12:07,021 [main | u:p] INFO  com.polarion.platform.startup  - Data indexing (Phase: 7/9)
2017-05-17 11:12:07,169 [main | u:p] INFO  com.polarion.platform.startup  -  -- Refreshing 7 objects in index: BuildArtifact
2017-05-17 11:12:07,181 [main | u:p] INFO  com.polarion.platform.startup  -  -- -- 7 from 7 objects were refreshed (100%)
2017-05-17 11:12:07,496 [main | u:p] INFO  com.polarion.platform.startup  -  -- Refreshing 1 objects in index: Revision
2017-05-17 11:12:07,497 [main | u:p] INFO  com.polarion.platform.startup  -  -- -- 1 from 1 objects were refreshed (100%)
2017-05-17 11:12:07,555 [main | u:p] INFO  com.polarion.platform.startup  - Data indexing ... took  [ TIME 0.55 s. ]
2017-05-17 11:12:07,556 [main | u:p] INFO  com.polarion.platform.startup  - ------------------------------
2017-05-17 11:12:07,556 [main | u:p] INFO  com.polarion.platform.startup  - Fields recalculation (Phase: 8/9)
2017-05-17 11:12:07,568 [main | u:p] INFO  com.polarion.platform.startup  - Fields recalculation ... took  [ TIME 0.01 s. ]
2017-05-17 11:12:07,568 [main | u:p] INFO  com.polarion.platform.startup  - ------------------------------
2017-05-17 11:12:07,568 [main | u:p] INFO  com.polarion.platform.startup  - Polarion startup (Phase: 9/9)
2017-05-17 11:12:39,937 [main] INFO  com.polarion.platform.startup  - Polarion startup ... took  [ TIME 32.37 s. ]
2017-05-17 11:12:39,938 [main] INFO  com.polarion.platform.startup  - ****************************************************************
2017-05-17 11:12:39,938 [main] INFO  com.polarion.platform.startup  -                  Polarion started:  [ TIME 40.4 s. ]
2017-05-17 11:12:39,938 [main] INFO  com.polarion.platform.startup  - ****************************************************************
