2017-05-15 18:18:16,440 [main | u:p] INFO  TXLOGGER  - Summary for 'Platform startup': transactions: 0, DB: 0.0405 s [51% update (126x), 47% query (13x)] (206x), svn: 0.0249 s [84% checkPath (1x)] (3x)
2017-05-15 18:18:16,650 [main | u:p] INFO  TXLOGGER  - Summary for 'Context recognition': transactions: 0, svn: 0.0906 s [42% info (3x), 33% getDir2 content (2x), 25% getFile content (1x)] (6x)
2017-05-15 18:18:18,280 [LowLevelDataService-contextInitializer-2 | u:p] INFO  TXLOGGER  - Summary: Total: 1.63 s, transactions: 0, svn: 0.303 s [47% info (14x), 41% getFile content (10x)] (26x)
2017-05-15 18:18:18,281 [LowLevelDataService-contextInitializer-5 | u:p] INFO  TXLOGGER  - Summary: Total: 1.63 s, transactions: 0, svn: 0.858 s [58% info (54x), 27% getFile content (24x)] (84x), ObjectMaps: 0.168 s [27% setLastPromoted (219x), 26% getLastRevision (219x), 18% forgetHistory (1x), 16% saveIfNeeded (545x)] (1534x)
2017-05-15 18:18:18,281 [LowLevelDataService-contextInitializer-1 | u:p] INFO  TXLOGGER  - Summary: Total: 1.63 s, transactions: 0, svn: 0.964 s [58% info (75x), 29% getFile content (33x)] (114x), ObjectMaps: 0.277 s [33% setLastPromoted (499x), 31% getLastRevision (499x), 15% saveIfNeeded (1113x), 13% getAllPrimaryObjects (1x)] (3230x)
2017-05-15 18:18:18,280 [LowLevelDataService-contextInitializer-3 | u:p] INFO  TXLOGGER  - Summary: Total: 1.63 s, transactions: 0, svn: 0.101 s [37% log (1x), 32% log2 (5x), 21% info (2x)] (11x)
2017-05-15 18:18:18,281 [LowLevelDataService-contextInitializer-4 | u:p] INFO  TXLOGGER  - Summary: Total: 1.63 s, transactions: 0, ObjectMaps: 0.247 s [30% setLastPromoted (287x), 25% getLastRevision (287x), 17% saveIfNeeded (625x), 13% forgetHistory (1x)] (1830x), svn: 0.149 s [71% log2 (5x), 20% info (4x)] (11x)
2017-05-15 18:18:18,281 [main | u:p] INFO  TXLOGGER  - Summary for 'Context initialization': transactions: 0, svn: 2.37 s [53% info (149x), 28% getFile content (69x)] (246x), ObjectMaps: 0.716 s [31% setLastPromoted (1023x), 28% getLastRevision (1023x), 16% saveIfNeeded (2477x), 13% getAllPrimaryObjects (5x)] (7029x)
2017-05-15 18:18:18,527 [main | u:p] INFO  TXLOGGER  - Summary for 'Revisions processing': transactions: 10, RepositoryConfigService: 0.14 s [100% getReadConfiguration (30x)] (30x), svn: 0.0637 s [74% info (11x), 14% log2 (1x)] (24x)
2017-05-15 18:18:18,960 [main | u:p] INFO  TXLOGGER  - Summary for 'Build artifacts recognition': transactions: 30, svn: 0.317 s [82% info (60x)] (103x), RepositoryConfigService: 0.295 s [100% getReadConfiguration (36x)] (36x)
2017-05-15 18:18:21,017 [main | u:p] INFO  TXLOGGER  - Summary for 'Data indexing': transactions: 0, Lucene: 1.7 s [100% refresh (1x)] (1x), SubterraURITable: 0.0851 s [100% addIfNotExistsDB (1x)] (1x)
2017-05-15 18:18:58,757 [main] INFO  TXLOGGER  - Summary for 'Polarion startup': transactions: 1, svn: 0.223 s [78% info (39x), 11% getDir2 content (4x)] (58x), RepositoryConfigService: 0.0198 s [100% getReadConfiguration (2x)] (2x)
2017-05-15 18:18:58,876 [Persistence Events Processing Thread | u:p] INFO  TXLOGGER  - Summary: Total: 0.115 s, transactions: 6, persistence listener: 0.114 s [81% notificationsCreatingListener (1x)] (7x)
2017-05-15 18:18:58,961 [Worker-0 | u:p | job: polarion.jobs.attachment.indexer] INFO  TXLOGGER  - Summary after AttachmentIndexer: transactions: 6, Lucene: 0.122 s [100% add (2x)] (2x), persistence listener: 0.114 s [81% notificationsCreatingListener (1x)] (7x), resolve: 0.0344 s [92% User (2x)] (5x), ObjectMaps: 0.0125 s [100% getPrimaryObjectLocation (2x)] (2x)
2017-05-15 18:18:59,307 [PreLoadDataService | u:p] INFO  TXLOGGER  - Tx 570309e46382a_0_570309e46382a_0_: finished. Total: 0.541 s, svn: 0.324 s [68% getDir2 content (25x), 31% getFile content (13x)] (40x), resolve: 0.213 s [53% Category (6x), 47% TimePoint (5x)] (11x), ObjectMaps: 0.0326 s [54% getPrimaryObjectLocation (11x), 27% getPrimaryObjectProperty (11x)] (46x)
2017-05-15 18:18:59,473 [DBHistoryCreator-1 | u:p] INFO  TXLOGGER  - Summary: Total: 0.518 s, transactions: 0
2017-05-15 18:18:59,473 [Worker-1 | u:p | job: polarion.jobs.db.history] INFO  TXLOGGER  - Summary after DBHistoryCreator: transactions: 0, Lucene: 0.0301 s [100% add (1x)] (1x)
2017-05-15 18:18:59,474 [Worker-1 | u:p] INFO  TXLOGGER  - Summary for 'job: polarion.jobs.db.history': Total: 0.523 s, transactions: 0, SubterraURITable: 0.345 s [100% getDB (1016x)] (1016x), DB: 0.344 s [55% query (1042x), 28% update (1017x)] (5134x)
2017-05-15 18:18:59,624 [PreLoadDataService | u:p] INFO  TXLOGGER  - Tx 570309e506832_0_570309e506832_0_: finished. Total: 0.206 s, svn: 0.112 s [67% getFile content (12x), 33% info (6x)] (19x), resolve: 0.092 s [100% User (8x)] (8x), RepositoryConfigService: 0.0829 s [72% getReadConfiguration (56x), 28% getReadUserConfiguration (2x)] (58x), ObjectMaps: 0.0183 s [47% getPrimaryObjectLocation (8x), 29% getPrimaryObjectProperty (8x), 24% getLastPromoted (8x)] (33x)
2017-05-15 18:19:00,231 [PreLoadDataService | u:p] INFO  TXLOGGER  - Tx 570309e552034_0_570309e552034_0_: finished. Total: 0.511 s, svn: 0.443 s [68% getFile content (47x), 32% getDir2 content (17x)] (65x), RepositoryConfigService: 0.352 s [100% getReadConfiguration (164x)] (180x)
2017-05-15 18:19:00,500 [PreLoadDataService | u:p] INFO  TXLOGGER  - Tx 570309e5d1c35_0_570309e5d1c35_0_: finished. Total: 0.269 s, svn: 0.248 s [51% getFile content (21x), 49% getDir2 content (17x)] (39x), RepositoryConfigService: 0.143 s [99% getReadConfiguration (88x)] (110x)
2017-05-15 18:19:00,636 [PreLoadDataService | u:p] INFO  TXLOGGER  - Tx 570309e615036_0_570309e615036_0_: finished. Total: 0.135 s, svn: 0.125 s [66% getDir2 content (11x), 34% getFile content (8x)] (20x), RepositoryConfigService: 0.0491 s [99% getReadConfiguration (38x)] (54x)
2017-05-15 18:19:00,637 [PreLoadDataService] INFO  TXLOGGER  - Summary for 'PreloadDataService': Total: 1.87 s, transactions: 7, svn: 1.35 s [53% getFile content (116x), 43% getDir2 content (72x)] (206x), RepositoryConfigService: 0.721 s [96% getReadConfiguration (402x)] (485x), resolve: 0.363 s [31% Category (6x), 27% TimePoint (5x), 25% User (8x)] (22x)
2017-05-15 18:19:00,637 [PreLoadDataService] INFO  TXLOGGER  - Summary after preload: transactions: 7, svn: 1.35 s [53% getFile content (116x), 43% getDir2 content (72x)] (207x), RepositoryConfigService: 0.721 s [96% getReadConfiguration (402x)] (485x), resolve: 0.363 s [31% Category (6x), 27% TimePoint (5x), 25% User (9x)] (23x), SubterraURITable: 0.345 s [100% getDB (1016x)] (1016x), DB: 0.344 s [55% query (1042x), 28% update (1017x)] (5134x), Lucene: 0.0748 s [58% search (5x), 42% add (1x)] (6x)
2017-05-15 18:19:11,144 [ajp-nio-8889-exec-9] INFO  TXLOGGER  - Summary for 'servlet /polarion/codemirror-modes/pvscl.js?buildId=20170314-0722': Total: 1.06 s, transactions: 0
2017-05-15 18:19:12,592 [ajp-nio-8889-exec-3 | u:admin] INFO  TXLOGGER  - Summary for 'PortalDataService.getInitData': Total: 0.472 s, transactions: 3, RepositoryConfigService: 0.0242 s [100% getReadConfiguration (8x)] (13x)
2017-05-15 18:19:13,136 [ajp-nio-8889-exec-2 | u:admin] INFO  TXLOGGER  - Summary for 'PortalDataService.requestPortalSite': Total: 0.215 s, transactions: 5, svn: 0.0353 s [61% info (4x), 39% getFile content (3x)] (12x), RepositoryConfigService: 0.0331 s [65% getReadConfiguration (11x), 35% getReadUserConfiguration (4x)] (20x)
2017-05-15 18:19:15,742 [ajp-nio-8889-exec-4 | u:admin] INFO  TXLOGGER  - Tx 570309f4c5444_0_570309f4c5444_0_: finished. Total: 0.201 s, RepositoryConfigService: 0.0706 s [100% getReadUserConfiguration (1x)] (2x)
2017-05-15 18:19:15,747 [ajp-nio-8889-exec-4 | u:admin] INFO  TXLOGGER  - Summary for 'WorkItemDataService.getDataForTableCustomization': Total: 0.215 s, transactions: 1, RepositoryConfigService: 0.0706 s [100% getReadUserConfiguration (1x)] (2x)
2017-05-15 18:19:17,500 [ajp-nio-8889-exec-7 | u:admin] INFO  TXLOGGER  - Tx 570309f5b9448_0_570309f5b9448_0_: finished. Total: 0.984 s, form extension: 0.353 s [100% RtFormExtension (1x)] (1x), RepositoryConfigService: 0.177 s [74% getReadConfiguration (145x), 26% getExistingPrefixes (10x)] (169x), svn: 0.176 s [51% getFile content (7x), 33% info (4x)] (19x), resolve: 0.0761 s [99% WorkItem (2x)] (7x), Lucene: 0.0558 s [100% search (5x)] (5x)
2017-05-15 18:19:17,554 [ajp-nio-8889-exec-1 | u:admin] INFO  TXLOGGER  - Tx 570309f5b8447_0_570309f5b8447_0_: finished. Total: 1.04 s, resolve: 0.727 s [89% WorkItem (14x)] (25x), svn: 0.649 s [39% info (28x), 33% getFile content (17x), 25% getDir2 content (17x)] (67x), RepositoryConfigService: 0.0903 s [77% getReadConfiguration (421x), 23% getExistingPrefixes (30x)] (453x)
2017-05-15 18:19:17,610 [ajp-nio-8889-exec-7 | u:admin] INFO  TXLOGGER  - Summary for 'WorkItemDataService.loadWorkitem': Total: 1.09 s, transactions: 1, form extension: 0.353 s [100% RtFormExtension (1x)] (1x), RepositoryConfigService: 0.177 s [74% getReadConfiguration (145x), 26% getExistingPrefixes (10x)] (169x), svn: 0.176 s [51% getFile content (7x), 33% info (4x)] (19x), resolve: 0.0761 s [99% WorkItem (2x)] (7x), Lucene: 0.0558 s [100% search (5x)] (5x)
2017-05-15 18:19:17,629 [ajp-nio-8889-exec-1 | u:admin] INFO  TXLOGGER  - Summary for 'WorkItemDataService.loadInstances': Total: 1.12 s, transactions: 1, resolve: 0.727 s [89% WorkItem (14x)] (25x), svn: 0.649 s [39% info (28x), 33% getFile content (17x), 25% getDir2 content (17x)] (67x), RepositoryConfigService: 0.0903 s [77% getReadConfiguration (421x), 23% getExistingPrefixes (30x)] (453x)
