2017-05-16 12:40:14,666 [main | u:p] INFO  TXLOGGER  - Summary for 'Platform startup': transactions: 0, DB: 0.038 s [50% update (126x), 49% query (13x)] (206x), svn: 0.0238 s [77% checkPath (1x), 23% getLatestRevision (2x)] (3x)
2017-05-16 12:40:14,807 [main | u:p] INFO  TXLOGGER  - Summary for 'Context recognition': transactions: 0, svn: 0.0494 s [44% info (3x), 31% getFile content (1x), 25% getDir2 content (2x)] (6x)
2017-05-16 12:40:15,137 [LowLevelDataService-contextInitializer-2 | u:p] INFO  TXLOGGER  - Summary: Total: 0.328 s, transactions: 0
2017-05-16 12:40:15,137 [LowLevelDataService-contextInitializer-3 | u:p] INFO  TXLOGGER  - Summary: Total: 0.328 s, transactions: 0, svn: 0.073 s [43% log2 (5x), 29% log (1x), 18% info (2x)] (11x)
2017-05-16 12:40:15,137 [LowLevelDataService-contextInitializer-5 | u:p] INFO  TXLOGGER  - Summary: Total: 0.328 s, transactions: 0, svn: 0.0662 s [97% log2 (5x)] (6x), ObjectMaps: 0.0278 s [100% getAllPrimaryObjects (1x)] (7x)
2017-05-16 12:40:15,137 [LowLevelDataService-contextInitializer-4 | u:p] INFO  TXLOGGER  - Summary: Total: 0.328 s, transactions: 0, svn: 0.0464 s [96% log2 (5x)] (6x), ObjectMaps: 0.0352 s [100% getAllPrimaryObjects (1x)] (7x)
2017-05-16 12:40:15,137 [LowLevelDataService-contextInitializer-1 | u:p] INFO  TXLOGGER  - Summary: Total: 0.328 s, transactions: 0, svn: 0.0786 s [71% log2 (5x), 27% getFile content (1x)] (7x), ObjectMaps: 0.0425 s [96% getAllPrimaryObjects (1x)] (13x)
2017-05-16 12:40:15,138 [main | u:p] INFO  TXLOGGER  - Summary for 'Context initialization': transactions: 0, svn: 0.275 s [75% log2 (21x), 9% getFile content (2x)] (32x), ObjectMaps: 0.111 s [98% getAllPrimaryObjects (5x)] (41x)
2017-05-16 12:40:15,344 [main | u:p] INFO  TXLOGGER  - Summary for 'Revisions processing': transactions: 10, RepositoryConfigService: 0.13 s [100% getReadConfiguration (30x)] (30x), svn: 0.0612 s [84% info (11x)] (24x)
2017-05-16 12:40:15,789 [main | u:p] INFO  TXLOGGER  - Summary for 'Build artifacts recognition': transactions: 30, svn: 0.342 s [82% info (60x)] (103x), RepositoryConfigService: 0.301 s [100% getReadConfiguration (36x)] (36x)
2017-05-16 12:40:16,258 [main | u:p] INFO  TXLOGGER  - Summary for 'Data indexing': transactions: 0, Lucene: 0.188 s [100% refresh (1x)] (1x), SubterraURITable: 0.0859 s [100% addIfNotExistsDB (1x)] (1x)
2017-05-16 12:40:47,641 [main] INFO  TXLOGGER  - Summary for 'Polarion startup': transactions: 1, svn: 0.218 s [80% info (39x), 11% getDir2 content (4x)] (56x), RepositoryConfigService: 0.0189 s [100% getReadConfiguration (2x)] (2x)
2017-05-16 12:40:47,798 [Worker-0 | u:p | job: polarion.jobs.attachment.indexer] INFO  TXLOGGER  - Summary after AttachmentIndexer: transactions: 6, Lucene: 0.0851 s [100% add (2x)] (2x), persistence listener: 0.071 s [91% notificationsCreatingListener (1x)] (7x), resolve: 0.0281 s [91% User (2x)] (5x), ObjectMaps: 0.0111 s [100% getPrimaryObjectLocation (2x)] (2x)
2017-05-16 12:40:48,216 [PreLoadDataService | u:p] INFO  TXLOGGER  - Tx 57040613d7c2a_0_57040613d7c2a_0_: finished. Total: 0.568 s, svn: 0.334 s [63% getDir2 content (25x), 36% getFile content (13x)] (40x), resolve: 0.254 s [51% TimePoint (5x), 49% Category (6x)] (11x), ObjectMaps: 0.0313 s [56% getPrimaryObjectLocation (11x), 25% getPrimaryObjectProperty (11x)] (46x)
2017-05-16 12:40:48,426 [DBHistoryCreator-1 | u:p] INFO  TXLOGGER  - Summary: Total: 0.591 s, transactions: 0
2017-05-16 12:40:48,427 [Worker-1 | u:p | job: polarion.jobs.db.history] INFO  TXLOGGER  - Summary after DBHistoryCreator: transactions: 0, Lucene: 0.0255 s [100% add (1x)] (1x)
2017-05-16 12:40:48,427 [Worker-1 | u:p] INFO  TXLOGGER  - Summary for 'job: polarion.jobs.db.history': Total: 0.633 s, transactions: 0, SubterraURITable: 0.4 s [100% getDB (1018x)] (1018x), DB: 0.379 s [54% query (1044x), 29% update (1019x)] (5146x)
2017-05-16 12:40:48,569 [PreLoadDataService | u:p] INFO  TXLOGGER  - Tx 5704061482032_0_5704061482032_0_: finished. Total: 0.24 s, resolve: 0.132 s [100% User (8x)] (8x), svn: 0.119 s [68% getFile content (12x), 32% info (6x)] (19x), RepositoryConfigService: 0.0825 s [73% getReadConfiguration (56x), 27% getReadUserConfiguration (2x)] (58x), ObjectMaps: 0.021 s [57% getPrimaryObjectLocation (8x), 25% getPrimaryObjectProperty (8x)] (33x)
2017-05-16 12:40:48,674 [PreLoadDataService | u:p] INFO  TXLOGGER  - Tx 57040614be433_0_57040614be433_0_: finished. Total: 0.104 s, RepositoryConfigService: 0.0866 s [98% getReadConfiguration (54x)] (77x), svn: 0.0713 s [100% getFile content (12x)] (13x)
2017-05-16 12:40:49,168 [PreLoadDataService | u:p] INFO  TXLOGGER  - Tx 57040614d8834_0_57040614d8834_0_: finished. Total: 0.493 s, svn: 0.442 s [67% getFile content (47x), 33% getDir2 content (17x)] (65x), RepositoryConfigService: 0.335 s [100% getReadConfiguration (164x)] (180x)
2017-05-16 12:40:49,434 [PreLoadDataService | u:p] INFO  TXLOGGER  - Tx 5704061554035_0_5704061554035_0_: finished. Total: 0.266 s, svn: 0.246 s [50% getFile content (21x), 50% getDir2 content (17x)] (39x), RepositoryConfigService: 0.138 s [99% getReadConfiguration (88x)] (110x)
2017-05-16 12:40:49,558 [PreLoadDataService | u:p] INFO  TXLOGGER  - Tx 5704061596836_0_5704061596836_0_: finished. Total: 0.124 s, svn: 0.113 s [52% getDir2 content (11x), 48% getFile content (8x)] (20x), RepositoryConfigService: 0.0617 s [99% getReadConfiguration (38x)] (54x)
2017-05-16 12:40:49,558 [PreLoadDataService] INFO  TXLOGGER  - Summary for 'PreloadDataService': Total: 1.91 s, transactions: 7, svn: 1.37 s [56% getFile content (116x), 40% getDir2 content (72x)] (206x), RepositoryConfigService: 0.725 s [96% getReadConfiguration (402x)] (485x), resolve: 0.457 s [29% User (8x), 28% TimePoint (5x), 27% Category (6x)] (22x)
2017-05-16 12:40:49,559 [PreLoadDataService] INFO  TXLOGGER  - Summary after preload: transactions: 7, svn: 1.37 s [56% getFile content (116x), 40% getDir2 content (72x)] (207x), RepositoryConfigService: 0.725 s [96% getReadConfiguration (402x)] (485x), resolve: 0.457 s [29% User (9x), 28% TimePoint (5x), 27% Category (6x)] (23x), SubterraURITable: 0.4 s [100% getDB (1018x)] (1018x), DB: 0.379 s [54% query (1044x), 29% update (1019x)] (5146x), Lucene: 0.0694 s [54% search (5x), 46% add (1x)] (6x)
