2017-05-16 14:40:42,693 [main | u:p] INFO  TXLOGGER  - Summary for 'Platform startup': transactions: 0, DB: 0.0374 s [52% update (126x), 47% query (13x)] (206x), svn: 0.0207 s [82% checkPath (1x)] (3x)
2017-05-16 14:40:42,832 [main | u:p] INFO  TXLOGGER  - Summary for 'Context recognition': transactions: 0, svn: 0.0577 s [48% info (3x), 27% getDir2 content (2x), 25% getFile content (1x)] (6x)
2017-05-16 14:40:43,170 [LowLevelDataService-contextInitializer-3 | u:p] INFO  TXLOGGER  - Summary: Total: 0.335 s, transactions: 0, svn: 0.0338 s [94% log2 (5x)] (6x)
2017-05-16 14:40:43,170 [LowLevelDataService-contextInitializer-2 | u:p] INFO  TXLOGGER  - Summary: Total: 0.335 s, transactions: 0, svn: 0.0227 s [91% log2 (1x)] (2x)
2017-05-16 14:40:43,170 [LowLevelDataService-contextInitializer-5 | u:p] INFO  TXLOGGER  - Summary: Total: 0.335 s, transactions: 0, svn: 0.108 s [60% log2 (5x), 17% log (1x), 13% info (2x)] (11x), ObjectMaps: 0.0251 s [100% getAllPrimaryObjects (1x)] (7x)
2017-05-16 14:40:43,170 [LowLevelDataService-contextInitializer-4 | u:p] INFO  TXLOGGER  - Summary: Total: 0.335 s, transactions: 0, svn: 0.0457 s [97% log2 (5x)] (6x), ObjectMaps: 0.0347 s [100% getAllPrimaryObjects (1x)] (7x)
2017-05-16 14:40:43,170 [LowLevelDataService-contextInitializer-1 | u:p] INFO  TXLOGGER  - Summary: Total: 0.335 s, transactions: 0, svn: 0.0638 s [82% log2 (5x)] (7x), ObjectMaps: 0.0517 s [98% getAllPrimaryObjects (1x)] (13x)
2017-05-16 14:40:43,171 [main | u:p] INFO  TXLOGGER  - Summary for 'Context initialization': transactions: 0, svn: 0.274 s [78% log2 (21x), 7% log (1x)] (32x), ObjectMaps: 0.116 s [99% getAllPrimaryObjects (5x)] (41x)
2017-05-16 14:40:43,373 [main | u:p] INFO  TXLOGGER  - Summary for 'Revisions processing': transactions: 10, RepositoryConfigService: 0.126 s [100% getReadConfiguration (30x)] (30x), svn: 0.061 s [83% info (11x)] (24x)
2017-05-16 14:40:43,815 [main | u:p] INFO  TXLOGGER  - Summary for 'Build artifacts recognition': transactions: 30, svn: 0.333 s [83% info (60x)] (103x), RepositoryConfigService: 0.299 s [100% getReadConfiguration (36x)] (36x)
2017-05-16 14:40:44,250 [main | u:p] INFO  TXLOGGER  - Summary for 'Data indexing': transactions: 0, Lucene: 0.161 s [100% refresh (1x)] (1x), SubterraURITable: 0.0856 s [100% addIfNotExistsDB (1x)] (1x)
2017-05-16 14:41:15,937 [main] INFO  TXLOGGER  - Summary for 'Polarion startup': transactions: 1, svn: 0.23 s [81% info (39x)] (56x), RepositoryConfigService: 0.0231 s [100% getReadConfiguration (2x)] (2x)
2017-05-16 14:41:16,106 [Worker-0 | u:p | job: polarion.jobs.attachment.indexer] INFO  TXLOGGER  - Summary after AttachmentIndexer: transactions: 6, persistence listener: 0.069 s [90% notificationsCreatingListener (1x)] (7x), Lucene: 0.0495 s [100% add (1x)] (1x), resolve: 0.0302 s [91% User (2x)] (5x), ObjectMaps: 0.011 s [100% getPrimaryObjectLocation (2x)] (2x)
2017-05-16 14:41:16,471 [PreLoadDataService | u:p] INFO  TXLOGGER  - Tx 570421a6ba02a_0_570421a6ba02a_0_: finished. Total: 0.526 s, svn: 0.312 s [69% getDir2 content (25x), 31% getFile content (13x)] (40x), resolve: 0.219 s [54% TimePoint (5x), 46% Category (6x)] (11x), ObjectMaps: 0.0307 s [57% getPrimaryObjectLocation (11x), 25% getPrimaryObjectProperty (11x)] (46x)
2017-05-16 14:41:16,676 [DBHistoryCreator-1 | u:p] INFO  TXLOGGER  - Summary: Total: 0.563 s, transactions: 0
2017-05-16 14:41:16,676 [Worker-1 | u:p | job: polarion.jobs.db.history] INFO  TXLOGGER  - Summary after DBHistoryCreator: transactions: 0, Lucene: 0.0907 s [100% add (2x)] (2x)
2017-05-16 14:41:16,676 [Worker-1 | u:p] INFO  TXLOGGER  - Summary for 'job: polarion.jobs.db.history': Total: 0.565 s, transactions: 0, SubterraURITable: 0.376 s [100% getDB (1018x)] (1018x), DB: 0.367 s [54% query (1044x), 28% update (1019x)] (5146x)
2017-05-16 14:41:16,807 [PreLoadDataService | u:p] INFO  TXLOGGER  - Tx 570421a759432_0_570421a759432_0_: finished. Total: 0.225 s, resolve: 0.12 s [100% User (8x)] (8x), svn: 0.115 s [70% getFile content (12x), 30% info (6x)] (19x), RepositoryConfigService: 0.0821 s [77% getReadConfiguration (56x), 23% getReadUserConfiguration (2x)] (58x), ObjectMaps: 0.0179 s [55% getPrimaryObjectLocation (8x), 26% getPrimaryObjectProperty (8x)] (33x)
2017-05-16 14:41:17,379 [PreLoadDataService | u:p] INFO  TXLOGGER  - Tx 570421a7a8834_0_570421a7a8834_0_: finished. Total: 0.481 s, svn: 0.432 s [68% getFile content (47x), 32% getDir2 content (17x)] (65x), RepositoryConfigService: 0.329 s [100% getReadConfiguration (164x)] (180x)
2017-05-16 14:41:17,648 [PreLoadDataService | u:p] INFO  TXLOGGER  - Tx 570421a820c35_0_570421a820c35_0_: finished. Total: 0.268 s, svn: 0.248 s [50% getDir2 content (17x), 50% getFile content (21x)] (39x), RepositoryConfigService: 0.138 s [99% getReadConfiguration (88x)] (110x)
2017-05-16 14:41:17,758 [PreLoadDataService | u:p] INFO  TXLOGGER  - Tx 570421a864036_0_570421a864036_0_: finished. Total: 0.11 s, svn: 0.101 s [59% getDir2 content (11x), 41% getFile content (8x)] (20x), RepositoryConfigService: 0.0479 s [99% getReadConfiguration (38x)] (54x)
2017-05-16 14:41:17,758 [PreLoadDataService] INFO  TXLOGGER  - Summary for 'PreloadDataService': Total: 1.82 s, transactions: 7, svn: 1.31 s [55% getFile content (116x), 42% getDir2 content (72x)] (206x), RepositoryConfigService: 0.694 s [97% getReadConfiguration (402x)] (485x), resolve: 0.406 s [30% User (8x), 29% TimePoint (5x), 25% Category (6x)] (22x)
2017-05-16 14:41:17,758 [PreLoadDataService] INFO  TXLOGGER  - Summary after preload: transactions: 7, svn: 1.31 s [55% getFile content (116x), 42% getDir2 content (72x)] (207x), RepositoryConfigService: 0.694 s [97% getReadConfiguration (402x)] (485x), resolve: 0.406 s [30% User (9x), 29% TimePoint (5x), 25% Category (6x)] (23x), SubterraURITable: 0.376 s [100% getDB (1018x)] (1018x), DB: 0.367 s [54% query (1044x), 28% update (1019x)] (5146x)
2017-05-16 14:41:34,355 [ajp-nio-8889-exec-1 | u:admin] INFO  TXLOGGER  - Summary for 'PortalDataService.getInitData': Total: 0.155 s, transactions: 3, RepositoryConfigService: 0.0128 s [100% getReadConfiguration (8x)] (13x)
2017-05-16 14:41:34,835 [ajp-nio-8889-exec-2 | u:admin] INFO  TXLOGGER  - Summary for 'PortalDataService.requestPortalSite': Total: 0.148 s, transactions: 8, svn: 0.0573 s [52% info (5x), 36% getFile content (4x)] (18x), RepositoryConfigService: 0.055 s [80% getReadConfiguration (26x)] (50x)
2017-05-16 14:41:36,392 [ajp-nio-8889-exec-5 | u:admin | uri:/polarion/wiki/bin/view/project/drivepilot/page/Home | wiki: view http://localhost/polarion/wiki/bin/view/project/drivepilot/page/Home] INFO  TXLOGGER  - Tx 570421ba5dc47_0_570421ba5dc47_0_: finished. Total: 0.337 s, svn: 0.241 s [85% info (36x)] (43x), resolve: 0.166 s [98% WikiPage (24x)] (38x)
2017-05-16 14:41:36,428 [ajp-nio-8889-exec-5] INFO  TXLOGGER  - Summary for 'servlet /polarion/wiki/bin/view/project/drivepilot/page/Home': Total: 1.47 s, transactions: 6, Velocity: 1.17 s [100% evaluate in Wiki (1x)] (1x), svn: 0.904 s [80% info (132x), 13% getFile content (19x)] (163x), resolve: 0.209 s [98% WikiPage (41x)] (59x)
2017-05-16 14:41:37,616 [ajp-nio-8889-exec-10] INFO  TXLOGGER  - Summary for 'servlet /polarion/example/': Total: 1.03 s, transactions: 0
2017-05-16 15:00:01,573 [Worker-1 | u:p] INFO  TXLOGGER  - Summary for 'job: update.plan.refresh.index': Total: 0.639 s, transactions: 0, resolve: 0.394 s [93% WorkItem (15x)] (167x), svn: 0.349 s [35% info (17x), 33% getFile content (16x), 32% getDir2 content (16x)] (50x), Lucene: 0.179 s [100% refresh (1x)] (2x), DB: 0.0482 s [85% update (181x)] (220x)
2017-05-16 15:00:01,608 [Worker-0 | u:p] INFO  TXLOGGER  - Summary for 'job: update.plan': Total: 1.55 s, transactions: 10, resolve: 0.552 s [90% WorkItems (2x)] (96x), svn: 0.491 s [38% getFile content (21x), 35% info (26x), 27% getDir2 content (19x)] (78x), planQueryExpander: 0.0998 s [100% expand (6x)] (12x)
