2017-05-15 18:41:02,122 [main | u:p] INFO  TXLOGGER  - Summary for 'Platform startup': transactions: 0, DB: 0.0398 s [52% update (126x), 46% query (13x)] (206x), svn: 0.021 s [81% checkPath (1x)] (3x)
2017-05-15 18:41:02,261 [main | u:p] INFO  TXLOGGER  - Summary for 'Context recognition': transactions: 0, svn: 0.0559 s [44% info (3x), 30% getDir2 content (2x), 26% getFile content (1x)] (6x)
2017-05-15 18:41:02,591 [LowLevelDataService-contextInitializer-4 | u:p] INFO  TXLOGGER  - Summary: Total: 0.327 s, transactions: 0, svn: 0.0467 s [96% log2 (5x)] (6x), ObjectMaps: 0.0364 s [100% getAllPrimaryObjects (1x)] (7x)
2017-05-15 18:41:02,591 [LowLevelDataService-contextInitializer-2 | u:p] INFO  TXLOGGER  - Summary: Total: 0.327 s, transactions: 0, svn: 0.024 s [94% log2 (1x)] (2x)
2017-05-15 18:41:02,591 [LowLevelDataService-contextInitializer-5 | u:p] INFO  TXLOGGER  - Summary: Total: 0.327 s, transactions: 0, svn: 0.105 s [60% log2 (5x), 17% log (1x), 16% info (2x)] (11x), ObjectMaps: 0.0265 s [100% getAllPrimaryObjects (1x)] (7x)
2017-05-15 18:41:02,591 [LowLevelDataService-contextInitializer-3 | u:p] INFO  TXLOGGER  - Summary: Total: 0.327 s, transactions: 0, svn: 0.0331 s [94% log2 (5x)] (6x)
2017-05-15 18:41:02,591 [LowLevelDataService-contextInitializer-1 | u:p] INFO  TXLOGGER  - Summary: Total: 0.327 s, transactions: 0, svn: 0.0634 s [85% log2 (5x)] (7x), ObjectMaps: 0.0515 s [97% getAllPrimaryObjects (1x)] (13x)
2017-05-15 18:41:02,592 [main | u:p] INFO  TXLOGGER  - Summary for 'Context initialization': transactions: 0, svn: 0.272 s [79% log2 (21x), 6% log (1x)] (32x), ObjectMaps: 0.119 s [98% getAllPrimaryObjects (5x)] (41x)
2017-05-15 18:41:02,793 [main | u:p] INFO  TXLOGGER  - Summary for 'Revisions processing': transactions: 10, RepositoryConfigService: 0.129 s [100% getReadConfiguration (30x)] (30x), svn: 0.061 s [85% info (11x)] (24x)
2017-05-15 18:41:03,266 [main | u:p] INFO  TXLOGGER  - Summary for 'Build artifacts recognition': transactions: 30, svn: 0.351 s [83% info (60x)] (103x), RepositoryConfigService: 0.317 s [100% getReadConfiguration (60x)] (60x)
2017-05-15 18:41:03,826 [main | u:p] INFO  TXLOGGER  - Summary for 'Data indexing': transactions: 0, Lucene: 0.194 s [100% refresh (2x)] (2x), SubterraURITable: 0.101 s [100% addIfNotExistsDB (13x)] (13x), DB: 0.0582 s [70% update (30x), 20% query (13x)] (81x)
2017-05-15 18:41:35,478 [main] INFO  TXLOGGER  - Summary for 'Polarion startup': transactions: 1, svn: 0.226 s [77% info (39x), 11% getLatestRevision (11x)] (56x), RepositoryConfigService: 0.02 s [100% getReadConfiguration (2x)] (2x)
2017-05-15 18:41:35,637 [Worker-0 | u:p | job: polarion.jobs.attachment.indexer] INFO  TXLOGGER  - Summary after AttachmentIndexer: transactions: 36, Lucene: 0.0731 s [100% add (2x)] (2x), persistence listener: 0.0716 s [88% notificationsCreatingListener (6x)] (42x), resolve: 0.0314 s [91% User (2x)] (5x), ObjectMaps: 0.0121 s [100% getPrimaryObjectLocation (2x)] (2x)
2017-05-15 18:41:36,026 [PreLoadDataService | u:p] INFO  TXLOGGER  - Tx 57030f114ec2a_0_57030f114ec2a_0_: finished. Total: 0.541 s, svn: 0.327 s [64% getDir2 content (25x), 35% getFile content (13x)] (40x), resolve: 0.238 s [57% TimePoint (5x), 43% Category (6x)] (11x), RepositoryConfigService: 0.0338 s [100% getReadConfiguration (2x)] (6x), ObjectMaps: 0.0335 s [55% getPrimaryObjectLocation (11x), 27% getPrimaryObjectProperty (11x)] (46x)
2017-05-15 18:41:36,319 [DBHistoryCreator-2 | u:p] INFO  TXLOGGER  - Summary: Total: 0.649 s, transactions: 0
2017-05-15 18:41:36,319 [DBHistoryCreator-1 | u:p] INFO  TXLOGGER  - Summary: Total: 0.649 s, transactions: 0
2017-05-15 18:41:36,320 [Worker-1 | u:p | job: polarion.jobs.db.history] INFO  TXLOGGER  - Summary after DBHistoryCreator: transactions: 0, Lucene: 0.0232 s [100% add (1x)] (1x), DB: 0.00137 s [73% update (2x), 27% commit (2x)] (4x)
2017-05-15 18:41:36,320 [Worker-1 | u:p] INFO  TXLOGGER  - Summary for 'job: polarion.jobs.db.history': Total: 0.687 s, transactions: 0, SubterraURITable: 0.381 s [100% getDB (1015x)] (1015x), DB: 0.374 s [52% query (1041x), 31% update (1016x)] (5134x)
2017-05-15 18:41:36,366 [PreLoadDataService | u:p] INFO  TXLOGGER  - Tx 57030f11efc50_0_57030f11efc50_0_: finished. Total: 0.238 s, resolve: 0.135 s [100% User (8x)] (8x), svn: 0.117 s [66% getFile content (12x), 34% info (6x)] (19x), RepositoryConfigService: 0.0788 s [74% getReadConfiguration (56x), 26% getReadUserConfiguration (2x)] (58x), ObjectMaps: 0.0193 s [55% getPrimaryObjectLocation (8x), 25% getPrimaryObjectProperty (8x), 20% getLastPromoted (8x)] (33x)
2017-05-15 18:41:36,948 [PreLoadDataService | u:p] INFO  TXLOGGER  - Tx 57030f1243452_0_57030f1243452_0_: finished. Total: 0.486 s, svn: 0.437 s [67% getFile content (47x), 33% getDir2 content (17x)] (65x), RepositoryConfigService: 0.328 s [100% getReadConfiguration (164x)] (180x)
2017-05-15 18:41:37,218 [PreLoadDataService | u:p] INFO  TXLOGGER  - Tx 57030f12bd053_0_57030f12bd053_0_: finished. Total: 0.27 s, svn: 0.249 s [51% getFile content (21x), 49% getDir2 content (17x)] (39x), RepositoryConfigService: 0.143 s [99% getReadConfiguration (88x)] (110x)
2017-05-15 18:41:37,343 [PreLoadDataService | u:p] INFO  TXLOGGER  - Tx 57030f1300854_0_57030f1300854_0_: finished. Total: 0.125 s, svn: 0.115 s [52% getDir2 content (11x), 48% getFile content (8x)] (20x), RepositoryConfigService: 0.0623 s [99% getReadConfiguration (38x)] (54x)
2017-05-15 18:41:37,343 [PreLoadDataService] INFO  TXLOGGER  - Summary for 'PreloadDataService': Total: 1.86 s, transactions: 7, svn: 1.35 s [56% getFile content (116x), 40% getDir2 content (72x)] (206x), RepositoryConfigService: 0.725 s [97% getReadConfiguration (402x)] (485x), resolve: 0.438 s [31% TimePoint (5x), 31% User (8x), 23% Category (6x)] (22x)
2017-05-15 18:41:37,343 [PreLoadDataService] INFO  TXLOGGER  - Summary after preload: transactions: 7, svn: 1.35 s [56% getFile content (116x), 40% getDir2 content (72x)] (207x), RepositoryConfigService: 0.725 s [97% getReadConfiguration (402x)] (485x), resolve: 0.438 s [31% TimePoint (5x), 31% User (9x), 23% Category (6x)] (23x), SubterraURITable: 0.381 s [100% getDB (1015x)] (1015x), DB: 0.374 s [52% query (1041x), 31% update (1016x)] (5134x)
2017-05-15 18:45:06,246 [ajp-nio-8889-exec-2 | u:admin] INFO  TXLOGGER  - Summary for 'PortalDataService.getInitData': Total: 0.191 s, transactions: 3, RepositoryConfigService: 0.0165 s [100% getReadConfiguration (8x)] (13x), svn: 0.0111 s [53% getDir2 content (1x), 47% info (1x)] (5x)
2017-05-15 18:45:06,724 [ajp-nio-8889-exec-3 | u:admin] INFO  TXLOGGER  - Summary for 'PortalDataService.requestPortalSite': Total: 0.147 s, transactions: 8, svn: 0.0536 s [50% info (5x), 37% getFile content (4x)] (18x), RepositoryConfigService: 0.0521 s [79% getReadConfiguration (26x), 21% getReadUserConfiguration (18x)] (50x)
2017-05-15 18:45:08,246 [ajp-nio-8889-exec-6 | u:admin | uri:/polarion/wiki/bin/view/project/drivepilot/page/Home | wiki: view http://localhost/polarion/wiki/bin/view/project/drivepilot/page/Home] INFO  TXLOGGER  - Tx 57030fe0c6865_0_57030fe0c6865_0_: finished. Total: 0.316 s, svn: 0.223 s [84% info (36x)] (43x), resolve: 0.162 s [98% WikiPage (24x)] (38x)
2017-05-15 18:45:08,275 [ajp-nio-8889-exec-6] INFO  TXLOGGER  - Summary for 'servlet /polarion/wiki/bin/view/project/drivepilot/page/Home': Total: 1.42 s, transactions: 6, Velocity: 1.14 s [100% evaluate in Wiki (1x)] (1x), svn: 0.876 s [81% info (132x)] (163x), resolve: 0.204 s [98% WikiPage (41x)] (59x)
