2017-05-16 10:32:56,597 [main | u:p] INFO  TXLOGGER  - Summary for 'Platform startup': transactions: 0, DB: 0.0393 s [50% update (126x), 49% query (13x)] (206x), svn: 0.0235 s [83% checkPath (1x)] (3x)
2017-05-16 10:32:56,784 [main | u:p] INFO  TXLOGGER  - Summary for 'Context recognition': transactions: 0, svn: 0.0724 s [41% info (3x), 33% getDir2 content (2x), 26% getFile content (1x)] (6x)
2017-05-16 10:32:57,301 [LowLevelDataService-contextInitializer-2 | u:p] INFO  TXLOGGER  - Summary: Total: 0.513 s, transactions: 0, svn: 0.0264 s [90% log2 (1x)] (2x)
2017-05-16 10:32:57,301 [LowLevelDataService-contextInitializer-3 | u:p] INFO  TXLOGGER  - Summary: Total: 0.513 s, transactions: 0, svn: 0.142 s [39% log2 (5x), 24% log (1x), 22% info (2x)] (11x)
2017-05-16 10:32:57,301 [LowLevelDataService-contextInitializer-4 | u:p] INFO  TXLOGGER  - Summary: Total: 0.513 s, transactions: 0, svn: 0.152 s [99% log2 (5x)] (6x), ObjectMaps: 0.0333 s [100% getAllPrimaryObjects (1x)] (7x)
2017-05-16 10:32:57,301 [LowLevelDataService-contextInitializer-1 | u:p] INFO  TXLOGGER  - Summary: Total: 0.513 s, transactions: 0, svn: 0.17 s [87% log2 (5x)] (7x), ObjectMaps: 0.0453 s [97% getAllPrimaryObjects (1x)] (13x)
2017-05-16 10:32:57,301 [LowLevelDataService-contextInitializer-5 | u:p] INFO  TXLOGGER  - Summary: Total: 0.512 s, transactions: 0, svn: 0.193 s [99% log2 (5x)] (6x), ObjectMaps: 0.0388 s [100% getAllPrimaryObjects (1x)] (7x)
2017-05-16 10:32:57,302 [main | u:p] INFO  TXLOGGER  - Summary for 'Context initialization': transactions: 0, svn: 0.683 s [83% log2 (21x)] (32x), ObjectMaps: 0.123 s [99% getAllPrimaryObjects (5x)] (41x)
2017-05-16 10:33:16,440 [main | u:p] INFO  TXLOGGER  - Tx 5703e8d15b801_0_5703e8d15b801_0_: finished. Total: 19 s
2017-05-16 10:33:16,556 [main | u:p] INFO  TXLOGGER  - Summary for 'Revisions processing': transactions: 10, RepositoryConfigService: 19.2 s [100% getReadConfiguration (30x)] (30x)
2017-05-16 10:33:17,042 [main | u:p] INFO  TXLOGGER  - Summary for 'Build artifacts recognition': transactions: 30, svn: 0.357 s [84% info (60x)] (103x), RepositoryConfigService: 0.327 s [100% getReadConfiguration (36x)] (36x)
2017-05-16 10:33:17,612 [main | u:p] INFO  TXLOGGER  - Summary for 'Data indexing': transactions: 0, Lucene: 0.205 s [100% refresh (1x)] (1x), SubterraURITable: 0.0869 s [100% addIfNotExistsDB (1x)] (1x), derivedLinkedRevisionsContributor: 0.0111 s [100% objectsToInv (1x)] (1x)
2017-05-16 10:33:55,536 [main] INFO  TXLOGGER  - Summary for 'Polarion startup': transactions: 1, svn: 0.223 s [76% info (39x), 12% getLatestRevision (13x)] (58x), RepositoryConfigService: 0.0209 s [100% getReadConfiguration (2x)] (2x)
2017-05-16 10:33:55,653 [Persistence Events Processing Thread | u:p] INFO  TXLOGGER  - Summary: Total: 0.11 s, transactions: 6, persistence listener: 0.11 s [92% notificationsCreatingListener (1x)] (7x)
2017-05-16 10:33:55,736 [Worker-0 | u:p | job: polarion.jobs.attachment.indexer] INFO  TXLOGGER  - Summary after AttachmentIndexer: transactions: 6, persistence listener: 0.11 s [92% notificationsCreatingListener (1x)] (7x), Lucene: 0.0885 s [100% add (2x)] (2x), resolve: 0.0474 s [94% User (2x)] (5x), ObjectMaps: 0.0143 s [100% getPrimaryObjectLocation (2x)] (2x)
2017-05-16 10:33:56,115 [PreLoadDataService | u:p] INFO  TXLOGGER  - Tx 5703e90a2682a_0_5703e90a2682a_0_: finished. Total: 0.568 s, svn: 0.318 s [71% getDir2 content (25x), 29% getFile content (13x)] (40x), resolve: 0.23 s [61% TimePoint (5x), 39% Category (6x)] (11x), ObjectMaps: 0.032 s [52% getPrimaryObjectLocation (11x), 29% getPrimaryObjectProperty (11x)] (46x)
2017-05-16 10:33:56,504 [PreLoadDataService | u:p] INFO  TXLOGGER  - Tx 5703e90ad5832_0_5703e90ad5832_0_: finished. Total: 0.258 s, resolve: 0.146 s [100% User (8x)] (8x), svn: 0.124 s [69% getFile content (12x), 31% info (6x)] (19x), RepositoryConfigService: 0.0787 s [75% getReadConfiguration (56x), 25% getReadUserConfiguration (2x)] (58x), ObjectMaps: 0.0176 s [42% getPrimaryObjectLocation (8x), 31% getPrimaryObjectProperty (8x), 27% getLastPromoted (8x)] (33x)
2017-05-16 10:33:56,631 [PreLoadDataService | u:p] INFO  TXLOGGER  - Tx 5703e90b16033_0_5703e90b16033_0_: finished. Total: 0.125 s, RepositoryConfigService: 0.0997 s [98% getReadConfiguration (54x)] (77x), svn: 0.0798 s [100% getFile content (12x)] (13x)
2017-05-16 10:33:56,774 [DBHistoryCreator-2 | u:p] INFO  TXLOGGER  - Summary: Total: 1 s, transactions: 0
2017-05-16 10:33:56,774 [DBHistoryCreator-1 | u:p] INFO  TXLOGGER  - Summary: Total: 1 s, transactions: 0
2017-05-16 10:33:56,774 [Worker-1 | u:p | job: polarion.jobs.db.history] INFO  TXLOGGER  - Summary after DBHistoryCreator: transactions: 0, Lucene: 0.022 s [100% add (1x)] (1x), svn: 0.00183 s [100% getLatestRevision (1x)] (1x), DB: 0.00122 s [73% update (2x), 27% commit (2x)] (4x)
2017-05-16 10:33:56,774 [Worker-1 | u:p] INFO  TXLOGGER  - Summary for 'job: polarion.jobs.db.history': Total: 1.04 s, transactions: 0, DB: 0.698 s [76% query (1044x), 15% update (1019x)] (5146x), SubterraURITable: 0.385 s [100% getDB (1018x)] (1018x)
2017-05-16 10:33:57,189 [PreLoadDataService | u:p] INFO  TXLOGGER  - Tx 5703e90b35c34_0_5703e90b35c34_0_: finished. Total: 0.559 s, svn: 0.486 s [63% getFile content (47x), 37% getDir2 content (17x)] (65x), RepositoryConfigService: 0.361 s [100% getReadConfiguration (164x)] (180x)
2017-05-16 10:33:57,466 [PreLoadDataService | u:p] INFO  TXLOGGER  - Tx 5703e90bc1435_0_5703e90bc1435_0_: finished. Total: 0.277 s, svn: 0.252 s [52% getFile content (21x), 48% getDir2 content (17x)] (39x), RepositoryConfigService: 0.149 s [99% getReadConfiguration (88x)] (110x)
2017-05-16 10:33:57,581 [PreLoadDataService | u:p] INFO  TXLOGGER  - Tx 5703e90c06c36_0_5703e90c06c36_0_: finished. Total: 0.115 s, svn: 0.104 s [59% getDir2 content (11x), 41% getFile content (8x)] (20x), RepositoryConfigService: 0.0504 s [99% getReadConfiguration (38x)] (54x)
2017-05-16 10:33:57,582 [PreLoadDataService] INFO  TXLOGGER  - Summary for 'PreloadDataService': Total: 2.04 s, transactions: 7, svn: 1.41 s [53% getFile content (116x), 42% getDir2 content (72x)] (206x), RepositoryConfigService: 0.761 s [97% getReadConfiguration (402x)] (485x), resolve: 0.454 s [32% User (8x), 31% TimePoint (5x), 20% Category (6x)] (22x)
2017-05-16 10:33:57,583 [PreLoadDataService] INFO  TXLOGGER  - Summary after preload: transactions: 7, svn: 1.41 s [53% getFile content (116x), 42% getDir2 content (72x)] (206x), RepositoryConfigService: 0.761 s [97% getReadConfiguration (402x)] (485x), DB: 0.698 s [76% query (1044x), 15% update (1019x)] (5146x), resolve: 0.454 s [32% User (9x), 31% TimePoint (5x), 20% Category (6x)] (23x), SubterraURITable: 0.385 s [100% getDB (1018x)] (1018x), Lucene: 0.0737 s [72% search (5x), 28% add (1x)] (6x)
2017-05-16 10:34:11,958 [ajp-nio-8889-exec-4 | u:admin] INFO  TXLOGGER  - Summary for 'PortalDataService.getInitData': Total: 0.19 s, transactions: 3, RepositoryConfigService: 0.014 s [100% getReadConfiguration (8x)] (13x)
2017-05-16 10:34:12,410 [ajp-nio-8889-exec-5 | u:admin] INFO  TXLOGGER  - Summary for 'PortalDataService.requestPortalSite': Total: 0.176 s, transactions: 8, svn: 0.0527 s [52% info (5x), 38% getFile content (4x)] (18x), RepositoryConfigService: 0.0526 s [79% getReadConfiguration (26x), 21% getReadUserConfiguration (18x)] (50x)
2017-05-16 10:34:14,241 [ajp-nio-8889-exec-8 | u:admin | uri:/polarion/wiki/bin/view/project/drivepilot/page/Home | wiki: view http://localhost/polarion/wiki/bin/view/project/drivepilot/page/Home] INFO  TXLOGGER  - Tx 5703e91c13c47_0_5703e91c13c47_0_: finished. Total: 0.338 s, svn: 0.231 s [84% info (36x)] (43x), resolve: 0.171 s [98% WikiPage (24x)] (38x)
2017-05-16 10:34:14,291 [ajp-nio-8889-exec-8] INFO  TXLOGGER  - Summary for 'servlet /polarion/wiki/bin/view/project/drivepilot/page/Home': Total: 1.76 s, transactions: 6, Velocity: 1.43 s [100% evaluate in Wiki (1x)] (1x), svn: 0.9 s [82% info (132x)] (163x), resolve: 0.213 s [98% WikiPage (41x)] (59x)
2017-05-16 10:34:14,463 [ajp-nio-8889-exec-1] INFO  TXLOGGER  - Summary for 'servlet /polarion/wiki/bin/download/project/drivepilot/page/_default/Home/project_logo.jpg': Total: 0.127 s, transactions: 0, svn: 0.0157 s [100% info (2x)] (2x)
2017-05-16 10:34:45,318 [ajp-nio-8889-exec-4 | u:admin | uri:/polarion/wiki/bin/view/project/drivepilot/page/Home | wiki: view http://localhost/polarion/wiki/bin/view/project/drivepilot/page/Home] INFO  TXLOGGER  - Tx 5703e93a9b84a_0_5703e93a9b84a_0_: finished. Total: 0.151 s, svn: 0.123 s [100% info (24x)] (25x)
2017-05-16 10:34:45,343 [ajp-nio-8889-exec-4] INFO  TXLOGGER  - Summary for 'servlet /polarion/wiki/bin/view/project/drivepilot/page/Home': Total: 0.408 s, transactions: 3, Velocity: 0.322 s [100% evaluate in Wiki (1x)] (1x), svn: 0.142 s [100% info (27x)] (28x)
2017-05-16 10:34:45,577 [ajp-nio-8889-exec-6] INFO  TXLOGGER  - Summary for 'servlet /polarion/wiki/bin/download/project/drivepilot/page/_default/Home/project_logo.jpg': Total: 0.2 s, transactions: 0, svn: 0.0317 s [100% info (2x)] (2x)
