2017-05-15 18:14:45,634 [main | u:p] INFO  TXLOGGER  - Summary for 'Platform startup': transactions: 0, DB: 0.0534 s [55% query (13x), 44% update (126x)] (206x), svn: 0.0218 s [85% checkPath (1x)] (3x)
2017-05-15 18:14:45,797 [main | u:p] INFO  TXLOGGER  - Summary for 'Context recognition': transactions: 0, svn: 0.0544 s [43% info (3x), 31% getDir2 content (2x), 26% getFile content (1x)] (6x)
2017-05-15 18:14:47,314 [LowLevelDataService-contextInitializer-3 | u:p] INFO  TXLOGGER  - Summary: Total: 1.51 s, transactions: 0
2017-05-15 18:14:47,314 [LowLevelDataService-contextInitializer-2 | u:p] INFO  TXLOGGER  - Summary: Total: 1.51 s, transactions: 0, svn: 0.445 s [47% info (14x), 39% getFile content (10x)] (26x)
2017-05-15 18:14:47,314 [LowLevelDataService-contextInitializer-4 | u:p] INFO  TXLOGGER  - Summary: Total: 1.51 s, transactions: 0, svn: 0.277 s [86% log2 (5x)] (11x), ObjectMaps: 0.177 s [24% saveIfNeeded (625x), 23% getLastRevision (287x), 20% setLastPromoted (287x), 19% getAllPrimaryObjects (1x)] (1830x)
2017-05-15 18:14:47,314 [LowLevelDataService-contextInitializer-1 | u:p] INFO  TXLOGGER  - Summary: Total: 1.51 s, transactions: 0, svn: 0.959 s [51% info (75x), 24% getFile content (33x), 24% log2 (5x)] (114x), ObjectMaps: 0.199 s [27% getLastRevision (499x), 24% setLastPromoted (499x), 22% saveIfNeeded (1113x), 18% getAllPrimaryObjects (1x)] (3230x)
2017-05-15 18:14:47,314 [LowLevelDataService-contextInitializer-5 | u:p] INFO  TXLOGGER  - Summary: Total: 1.51 s, transactions: 0, svn: 0.905 s [47% info (56x), 28% log2 (5x), 22% getFile content (25x)] (89x), ObjectMaps: 0.103 s [22% getLastRevision (219x), 22% setLastPromoted (219x), 21% saveIfNeeded (545x), 17% getAllPrimaryObjects (1x)] (1534x)
2017-05-15 18:14:47,315 [main | u:p] INFO  TXLOGGER  - Summary for 'Context initialization': transactions: 0, svn: 2.63 s [44% info (149x), 31% log2 (21x), 24% getFile content (69x)] (246x), ObjectMaps: 0.494 s [24% getLastRevision (1023x), 23% saveIfNeeded (2477x), 22% setLastPromoted (1023x), 18% getAllPrimaryObjects (5x)] (7029x)
2017-05-15 18:14:47,516 [main | u:p] INFO  TXLOGGER  - Summary for 'Revisions processing': transactions: 10, RepositoryConfigService: 0.123 s [100% getReadConfiguration (30x)] (30x), svn: 0.0633 s [75% info (11x), 13% log2 (1x)] (24x)
2017-05-15 18:14:47,943 [main | u:p] INFO  TXLOGGER  - Summary for 'Build artifacts recognition': transactions: 30, svn: 0.314 s [80% info (60x)] (103x), RepositoryConfigService: 0.29 s [100% getReadConfiguration (36x)] (36x)
2017-05-15 18:14:48,402 [main | u:p] INFO  TXLOGGER  - Summary for 'Data indexing': transactions: 0, Lucene: 0.173 s [100% refresh (1x)] (1x), SubterraURITable: 0.0896 s [100% addIfNotExistsDB (1x)] (1x), DB: 0.0101 s [70% update (3x), 22% query (1x)] (8x)
2017-05-15 18:15:20,258 [main] INFO  TXLOGGER  - Summary for 'Polarion startup': transactions: 1, svn: 0.357 s [83% info (39x)] (56x), RepositoryConfigService: 0.03 s [100% getReadConfiguration (2x)] (2x)
2017-05-15 18:15:20,468 [Worker-0 | u:p | job: polarion.jobs.attachment.indexer] INFO  TXLOGGER  - Summary after AttachmentIndexer: transactions: 6, Lucene: 0.156 s [100% add (2x)] (2x), persistence listener: 0.0889 s [75% notificationsCreatingListener (1x), 23% RevisionActivityCreator (2x)] (7x), resolve: 0.031 s [89% User (2x)] (5x), ObjectMaps: 0.0135 s [100% getPrimaryObjectLocation (2x)] (2x)
2017-05-15 18:15:20,581 [PreLoadDataService | u:p] INFO  TXLOGGER  - Tx 5703090f0202a_0_5703090f0202a_0_: finished. Total: 0.316 s, svn: 0.217 s [95% getDir2 content (25x)] (28x), Lucene: 0.0195 s [100% search (2x)] (2x), RepositoryConfigService: 0.0184 s [100% getReadConfiguration (2x)] (2x)
2017-05-15 18:15:20,738 [PreLoadDataService | u:p] INFO  TXLOGGER  - Tx 5703090f5c832_0_5703090f5c832_0_: finished. Total: 0.111 s, RepositoryConfigService: 0.0754 s [76% getReadConfiguration (56x), 24% getReadUserConfiguration (2x)] (58x), svn: 0.0613 s [63% info (6x), 37% getFile content (4x)] (11x), EHCache: 0.0133 s [100% get (32x)] (32x)
2017-05-15 18:15:20,847 [PreLoadDataService | u:p] INFO  TXLOGGER  - Tx 5703090f78833_0_5703090f78833_0_: finished. Total: 0.11 s, RepositoryConfigService: 0.0743 s [98% getReadConfiguration (54x)] (81x), svn: 0.0596 s [100% getFile content (12x)] (13x)
2017-05-15 18:15:21,304 [DBHistoryCreator-1 | u:p] INFO  TXLOGGER  - Summary: Total: 0.843 s, transactions: 0
2017-05-15 18:15:21,304 [Worker-1 | u:p | job: polarion.jobs.db.history] INFO  TXLOGGER  - Summary after DBHistoryCreator: transactions: 0, Lucene: 0.0349 s [100% add (1x)] (1x), DB: 0.00196 s [53% commit (1x), 47% update (1x)] (2x)
2017-05-15 18:15:21,305 [Worker-1 | u:p] INFO  TXLOGGER  - Summary for 'job: polarion.jobs.db.history': Total: 0.849 s, transactions: 0, DB: 0.657 s [77% query (1042x), 14% update (1017x)] (5134x), SubterraURITable: 0.34 s [100% getDB (1016x)] (1016x)
2017-05-15 18:15:21,395 [PreLoadDataService | u:p] INFO  TXLOGGER  - Tx 5703090f94034_0_5703090f94034_0_: finished. Total: 0.548 s, svn: 0.486 s [69% getFile content (47x), 31% getDir2 content (17x)] (65x), RepositoryConfigService: 0.38 s [100% getReadConfiguration (164x)] (180x)
2017-05-15 18:15:21,689 [PreLoadDataService | u:p] INFO  TXLOGGER  - Tx 570309101cc35_0_570309101cc35_0_: finished. Total: 0.293 s, svn: 0.27 s [50% getFile content (21x), 50% getDir2 content (17x)] (39x), RepositoryConfigService: 0.153 s [99% getReadConfiguration (88x)] (110x)
2017-05-15 18:15:21,793 [PreLoadDataService | u:p] INFO  TXLOGGER  - Tx 5703091066436_0_5703091066436_0_: finished. Total: 0.105 s, svn: 0.0958 s [59% getDir2 content (11x), 41% getFile content (8x)] (20x), RepositoryConfigService: 0.0452 s [99% getReadConfiguration (38x)] (54x)
2017-05-15 18:15:21,794 [PreLoadDataService] INFO  TXLOGGER  - Summary for 'PreloadDataService': Total: 1.53 s, transactions: 7, svn: 1.2 s [50% getFile content (94x), 47% getDir2 content (72x)] (180x), RepositoryConfigService: 0.746 s [97% getReadConfiguration (402x)] (485x)
2017-05-15 18:15:21,794 [PreLoadDataService] INFO  TXLOGGER  - Summary after preload: transactions: 7, svn: 1.2 s [50% getFile content (94x), 47% getDir2 content (72x)] (181x), RepositoryConfigService: 0.746 s [97% getReadConfiguration (402x)] (485x), DB: 0.657 s [77% query (1042x), 14% update (1017x)] (5134x), SubterraURITable: 0.34 s [100% getDB (1016x)] (1016x), Lucene: 0.0737 s [67% search (5x), 33% add (1x)] (6x)
