2017-05-16 12:40:09,957 [main] INFO  com.polarion.platform.startup  - ****************************************************************
2017-05-16 12:40:09,957 [main] INFO  com.polarion.platform.startup  -                 Polarion starting, please wait!                 
2017-05-16 12:40:09,957 [main] INFO  com.polarion.platform.startup  - ****************************************************************
2017-05-16 12:40:09,957 [main] INFO  com.polarion.platform.startup  - Server start mode: normal
2017-05-16 12:40:09,957 [main] INFO  com.polarion.platform.startup  - ------------------------------
2017-05-16 12:40:09,958 [main] INFO  com.polarion.platform.startup  - Platform startup (Phase: 1/9)
2017-05-16 12:40:14,132 [main] INFO  com.polarion.platform.startup  - Opening historical database...
2017-05-16 12:40:14,339 [main] INFO  com.polarion.platform.startup  - Opening of historical database finished [ TIME 0.207 s. ]
2017-05-16 12:40:14,339 [main] INFO  com.polarion.platform.startup  - Opening head database...
2017-05-16 12:40:14,400 [main] INFO  com.polarion.platform.startup  - Opening of head database finished [ TIME 0.0605 s. ]
2017-05-16 12:40:14,573 [main | u:p] INFO  com.polarion.platform.startup  -  -- Polarion startup estimation:  [ TIME 62 s. ]
2017-05-16 12:40:14,665 [main | u:p] INFO  com.polarion.platform.startup  - Platform startup ... took  [ TIME 4.71 s. ]
2017-05-16 12:40:14,786 [main | u:p] INFO  com.polarion.platform.startup  - ------------------------------
2017-05-16 12:40:14,787 [main | u:p] INFO  com.polarion.platform.startup  - Context recognition (Phase: 2/9)
2017-05-16 12:40:14,807 [main | u:p] INFO  com.polarion.platform.startup  - Context recognition ... took  [ TIME 0.14 s. ]
2017-05-16 12:40:14,807 [main | u:p] INFO  com.polarion.platform.startup  - ------------------------------
2017-05-16 12:40:14,807 [main | u:p] INFO  com.polarion.platform.startup  - Context initialization (Phase: 3/9)
2017-05-16 12:40:14,810 [LowLevelDataService-contextInitializer-4 | u:p | context: library] INFO  com.polarion.platform.startup  -  -- Initializing context: library (1/6)
2017-05-16 12:40:14,810 [LowLevelDataService-contextInitializer-5 | u:p | context: elibrary] INFO  com.polarion.platform.startup  -  -- Initializing context: elibrary (5/6)
2017-05-16 12:40:14,810 [LowLevelDataService-contextInitializer-2 | u:p | cluster: default] INFO  com.polarion.platform.startup  -  -- Initializing cluster: default (3/6)
2017-05-16 12:40:14,810 [LowLevelDataService-contextInitializer-1 | u:p | context: [GLOBAL]] INFO  com.polarion.platform.startup  -  -- Initializing context: [GLOBAL] (2/6)
2017-05-16 12:40:14,810 [LowLevelDataService-contextInitializer-3 | u:p | context: --Demo Projects] INFO  com.polarion.platform.startup  -  -- Initializing context: --Demo Projects (4/6)
2017-05-16 12:40:14,813 [LowLevelDataService-contextInitializer-1 | u:p | context: drivepilot] INFO  com.polarion.platform.startup  -  -- Initializing context: drivepilot (6/6)
2017-05-16 12:40:15,138 [main | u:p] INFO  com.polarion.platform.startup  - Context initialization ... took  [ TIME 0.33 s. ]
2017-05-16 12:40:15,144 [main | u:p] INFO  com.polarion.platform.startup  - ------------------------------
2017-05-16 12:40:15,144 [main | u:p] INFO  com.polarion.platform.startup  - Revisions processing (Phase: 4/9)
2017-05-16 12:40:15,337 [main | u:p] INFO  com.polarion.platform.startup  -  -- Processing new revisions from repository default in context ContextId[context [global]]
2017-05-16 12:40:15,344 [main | u:p] INFO  com.polarion.platform.startup  - Revisions processing ... took  [ TIME 0.21 s. ]
2017-05-16 12:40:15,378 [main | u:p] INFO  com.polarion.platform.startup  - ------------------------------
2017-05-16 12:40:15,378 [main | u:p] INFO  com.polarion.platform.startup  - Build artifacts recognition (Phase: 5/9)
2017-05-16 12:40:15,382 [main | u:p] INFO  com.polarion.platform.startup  -  -- Processing build artifacts from context: [GLOBAL] (1/6)
2017-05-16 12:40:15,479 [main | u:p] INFO  com.polarion.platform.startup  -  -- Processing build artifacts from cluster: default (2/6)
2017-05-16 12:40:15,518 [main | u:p] INFO  com.polarion.platform.startup  -  -- Processing build artifacts from context: --Demo Projects (3/6)
2017-05-16 12:40:15,560 [main | u:p] INFO  com.polarion.platform.startup  -  -- Processing build artifacts from context: library (4/6)
2017-05-16 12:40:15,668 [main | u:p] INFO  com.polarion.platform.startup  -  -- Processing build artifacts from context: elibrary (5/6)
2017-05-16 12:40:15,788 [main | u:p] INFO  com.polarion.platform.startup  -  -- Processing build artifacts from context: drivepilot (6/6)
2017-05-16 12:40:15,788 [main | u:p] INFO  com.polarion.platform.startup  - Build artifacts recognition ... took  [ TIME 0.44 s. ]
2017-05-16 12:40:15,789 [main | u:p] INFO  com.polarion.platform.startup  - ------------------------------
2017-05-16 12:40:15,789 [main | u:p] INFO  com.polarion.platform.startup  - BIR inspection (Phase: 6/9)
2017-05-16 12:40:15,817 [main | u:p] INFO  com.polarion.platform.startup  - BIR inspection ... took  [ TIME 0.03 s. ]
2017-05-16 12:40:15,818 [main | u:p] INFO  com.polarion.platform.startup  - ------------------------------
2017-05-16 12:40:15,818 [main | u:p] INFO  com.polarion.platform.startup  - Data indexing (Phase: 7/9)
2017-05-16 12:40:15,964 [main | u:p] INFO  com.polarion.platform.startup  -  -- Refreshing 1 objects in index: Revision
2017-05-16 12:40:15,970 [main | u:p] INFO  com.polarion.platform.startup  -  -- -- 1 from 1 objects were refreshed (100%)
2017-05-16 12:40:16,258 [main | u:p] INFO  com.polarion.platform.startup  - Data indexing ... took  [ TIME 0.44 s. ]
2017-05-16 12:40:16,258 [main | u:p] INFO  com.polarion.platform.startup  - ------------------------------
2017-05-16 12:40:16,258 [main | u:p] INFO  com.polarion.platform.startup  - Fields recalculation (Phase: 8/9)
2017-05-16 12:40:16,268 [main | u:p] INFO  com.polarion.platform.startup  - Fields recalculation ... took  [ TIME 0.01 s. ]
2017-05-16 12:40:16,268 [main | u:p] INFO  com.polarion.platform.startup  - ------------------------------
2017-05-16 12:40:16,268 [main | u:p] INFO  com.polarion.platform.startup  - Polarion startup (Phase: 9/9)
2017-05-16 12:40:47,641 [main] INFO  com.polarion.platform.startup  - Polarion startup ... took  [ TIME 31.37 s. ]
2017-05-16 12:40:47,641 [main] INFO  com.polarion.platform.startup  - ****************************************************************
2017-05-16 12:40:47,641 [main] INFO  com.polarion.platform.startup  -                  Polarion started:  [ TIME 37.7 s. ]
2017-05-16 12:40:47,641 [main] INFO  com.polarion.platform.startup  - ****************************************************************
