2017-05-17 17:41:53,917 [main | u:p] INFO  TXLOGGER  - Summary for 'Platform startup': transactions: 0, DB: 0.0503 s [60% query (13x), 39% update (126x)] (206x), svn: 0.0215 s [82% checkPath (1x)] (3x)
2017-05-17 17:41:54,085 [main | u:p] INFO  TXLOGGER  - Summary for 'Context recognition': transactions: 0, svn: 0.0725 s [44% info (3x), 29% getDir2 content (2x), 28% getFile content (1x)] (6x)
2017-05-17 17:41:54,510 [LowLevelDataService-contextInitializer-3 | u:p] INFO  TXLOGGER  - Summary: Total: 0.422 s, transactions: 0, svn: 0.0838 s [93% log2 (5x)] (6x)
2017-05-17 17:41:54,510 [LowLevelDataService-contextInitializer-4 | u:p] INFO  TXLOGGER  - Summary: Total: 0.422 s, transactions: 0, svn: 0.0557 s [96% log2 (5x)] (6x), ObjectMaps: 0.0465 s [100% getAllPrimaryObjects (1x)] (7x)
2017-05-17 17:41:54,510 [LowLevelDataService-contextInitializer-5 | u:p] INFO  TXLOGGER  - Summary: Total: 0.422 s, transactions: 0, svn: 0.183 s [67% log2 (5x), 16% log (1x)] (11x), ObjectMaps: 0.027 s [100% getAllPrimaryObjects (1x)] (7x)
2017-05-17 17:41:54,510 [LowLevelDataService-contextInitializer-1 | u:p] INFO  TXLOGGER  - Summary: Total: 0.422 s, transactions: 0, svn: 0.119 s [99% log2 (5x)] (6x), ObjectMaps: 0.0451 s [100% getAllPrimaryObjects (1x)] (7x)
2017-05-17 17:41:54,510 [LowLevelDataService-contextInitializer-2 | u:p] INFO  TXLOGGER  - Summary: Total: 0.422 s, transactions: 0, svn: 0.0317 s [94% log2 (1x)] (2x)
2017-05-17 17:41:54,510 [main | u:p] INFO  TXLOGGER  - Summary for 'Context initialization': transactions: 0, svn: 0.473 s [85% log2 (21x)] (31x), ObjectMaps: 0.123 s [100% getAllPrimaryObjects (5x)] (39x)
2017-05-17 17:41:54,847 [main | u:p] INFO  TXLOGGER  - Summary for 'Revisions processing': transactions: 10, RepositoryConfigService: 0.203 s [100% getReadConfiguration (30x)] (30x), svn: 0.129 s [75% info (13x), 23% getFile content (3x)] (28x)
2017-05-17 17:41:55,496 [main | u:p] INFO  TXLOGGER  - Summary for 'Build artifacts recognition': transactions: 30, svn: 0.518 s [83% info (60x)] (103x), RepositoryConfigService: 0.443 s [100% getReadConfiguration (60x)] (60x)
2017-05-17 17:41:56,107 [main | u:p] INFO  TXLOGGER  - Summary for 'Data indexing': transactions: 0, Lucene: 0.238 s [100% refresh (2x)] (2x), SubterraURITable: 0.0955 s [100% addIfNotExistsDB (13x)] (13x), DB: 0.0312 s [69% update (30x), 14% execute (10x)] (81x)
2017-05-17 17:42:31,126 [main] INFO  TXLOGGER  - Summary for 'Polarion startup': transactions: 1, svn: 0.288 s [82% info (39x)] (57x), RepositoryConfigService: 0.0205 s [100% getReadConfiguration (2x)] (2x)
2017-05-17 17:42:31,302 [Worker-0 | u:p | job: polarion.jobs.attachment.indexer] INFO  TXLOGGER  - Summary after AttachmentIndexer: transactions: 0, Lucene: 0.0824 s [100% add (2x)] (2x), resolve: 0.0321 s [100% User (2x)] (2x), ObjectMaps: 0.0143 s [100% getPrimaryObjectLocation (2x)] (2x)
2017-05-17 17:42:31,432 [Persistence Events Processing Thread | u:p] INFO  TXLOGGER  - Tx 570594ba18c30_0_570594ba18c30_0_: finished. Total: 0.228 s, Lucene: 0.0566 s [53% add (1x), 47% search (1x)] (2x), resolve: 0.0522 s [98% User (2x)] (4x), ObjectMaps: 0.0121 s [70% getPrimaryObjectLocation (1x), 21% getPrimaryObjectProperty (1x)] (6x)
2017-05-17 17:42:31,432 [Persistence Events Processing Thread | u:p] INFO  TXLOGGER  - Summary: Total: 0.303 s, transactions: 6, persistence listener: 0.302 s [76% RevisionActivityCreator (2x), 23% notificationsCreatingListener (1x)] (7x), Lucene: 0.0566 s [53% add (1x), 47% search (1x)] (2x), resolve: 0.0545 s [94% User (2x)] (6x)
2017-05-17 17:42:31,761 [PreLoadDataService | u:p] INFO  TXLOGGER  - Tx 570594ba0742a_0_570594ba0742a_0_: finished. Total: 0.627 s, svn: 0.45 s [63% getDir2 content (25x), 37% getFile content (13x)] (40x), resolve: 0.289 s [58% TimePoint (5x), 42% Category (6x)] (11x)
2017-05-17 17:42:32,181 [PreLoadDataService | u:p] INFO  TXLOGGER  - Tx 570594bac4450_0_570594bac4450_0_: finished. Total: 0.291 s, svn: 0.167 s [61% getFile content (11x), 39% info (6x)] (18x), resolve: 0.144 s [100% User (8x)] (8x), RepositoryConfigService: 0.118 s [79% getReadConfiguration (56x), 21% getReadUserConfiguration (2x)] (58x), ObjectMaps: 0.0175 s [48% getPrimaryObjectLocation (7x), 29% getPrimaryObjectProperty (7x), 23% getLastPromoted (7x)] (28x)
2017-05-17 17:42:32,318 [PreLoadDataService | u:p] INFO  TXLOGGER  - Tx 570594bb0d451_0_570594bb0d451_0_: finished. Total: 0.136 s, RepositoryConfigService: 0.115 s [98% getReadConfiguration (54x)] (77x), svn: 0.0974 s [100% getFile content (12x)] (13x)
2017-05-17 17:42:32,349 [DBHistoryCreator-1 | u:p] INFO  TXLOGGER  - Summary: Total: 1.01 s, transactions: 0
2017-05-17 17:42:32,349 [DBHistoryCreator-2 | u:p] INFO  TXLOGGER  - Summary: Total: 1.01 s, transactions: 0
2017-05-17 17:42:32,349 [Worker-1 | u:p | job: polarion.jobs.db.history] INFO  TXLOGGER  - Summary after DBHistoryCreator: transactions: 36, persistence listener: 0.304 s [76% RevisionActivityCreator (12x), 24% notificationsCreatingListener (6x)] (42x), Lucene: 0.0793 s [67% add (2x), 33% search (1x)] (3x), resolve: 0.0546 s [94% User (3x)] (7x)
2017-05-17 17:42:32,350 [Worker-1 | u:p] INFO  TXLOGGER  - Summary for 'job: polarion.jobs.db.history': Total: 1.05 s, transactions: 0, DB: 0.703 s [75% query (1095x), 16% update (1070x)] (5409x), SubterraURITable: 0.389 s [100% getDB (1069x)] (1069x)
2017-05-17 17:42:33,204 [PreLoadDataService | u:p] INFO  TXLOGGER  - Tx 570594bb2f852_0_570594bb2f852_0_: finished. Total: 0.887 s, svn: 0.832 s [66% getFile content (47x), 34% getDir2 content (17x)] (65x), RepositoryConfigService: 0.588 s [100% getReadConfiguration (164x)] (180x)
2017-05-17 17:42:33,570 [PreLoadDataService | u:p] INFO  TXLOGGER  - Tx 570594bc0d053_0_570594bc0d053_0_: finished. Total: 0.366 s, svn: 0.344 s [53% getFile content (21x), 47% getDir2 content (17x)] (39x), RepositoryConfigService: 0.2 s [100% getReadConfiguration (88x)] (110x)
2017-05-17 17:42:33,688 [PreLoadDataService | u:p] INFO  TXLOGGER  - Tx 570594bc68854_0_570594bc68854_0_: finished. Total: 0.118 s, svn: 0.108 s [59% getDir2 content (11x), 41% getFile content (8x)] (20x), RepositoryConfigService: 0.0509 s [99% getReadConfiguration (38x)] (54x)
2017-05-17 17:42:33,689 [PreLoadDataService] INFO  TXLOGGER  - Summary for 'PreloadDataService': Total: 2.56 s, transactions: 7, svn: 2.05 s [57% getFile content (115x), 39% getDir2 content (72x)] (205x), RepositoryConfigService: 1.1 s [97% getReadConfiguration (402x)] (481x), resolve: 0.514 s [32% TimePoint (5x), 28% User (8x), 24% Category (6x)] (22x)
2017-05-17 17:42:33,690 [PreLoadDataService] INFO  TXLOGGER  - Summary after preload: transactions: 7, svn: 2.05 s [57% getFile content (115x), 39% getDir2 content (72x)] (205x), RepositoryConfigService: 1.1 s [97% getReadConfiguration (402x)] (481x), DB: 0.703 s [75% query (1095x), 16% update (1070x)] (5409x), resolve: 0.514 s [32% TimePoint (5x), 28% User (9x), 24% Category (6x)] (23x), SubterraURITable: 0.389 s [100% getDB (1069x)] (1069x)
2017-05-17 17:42:34,763 [ajp-nio-8889-exec-8 | u:admin] INFO  TXLOGGER  - Summary for 'PortalDataService.getInitData': Total: 0.216 s, transactions: 3, RepositoryConfigService: 0.021 s [100% getReadConfiguration (8x)] (13x), svn: 0.0139 s [52% info (1x), 48% getDir2 content (1x)] (5x)
2017-05-17 17:42:35,345 [ajp-nio-8889-exec-9 | u:admin] INFO  TXLOGGER  - Summary for 'PortalDataService.requestPortalSite': Total: 0.16 s, transactions: 5, RepositoryConfigService: 0.0517 s [68% getReadConfiguration (18x), 32% getReadUserConfiguration (2x)] (26x), svn: 0.0494 s [57% info (3x), 43% getFile content (4x)] (12x)
2017-05-17 17:42:48,641 [ajp-nio-8889-exec-5 | u:admin] INFO  TXLOGGER  - Tx 570594ca86c5d_0_570594ca86c5d_0_: finished. Total: 0.615 s, svn: 0.529 s [95% endActivity (1x)] (8x), processed revs: [53, 53 (delay 0s)], write: true
2017-05-17 17:42:48,644 [ajp-nio-8889-exec-5 | u:admin] INFO  TXLOGGER  - Summary for 'WikiDataService.saveRepository': Total: 0.619 s, transactions: 1, svn: 0.529 s [95% endActivity (1x)] (8x)
2017-05-17 17:43:19,913 [ajp-nio-8889-exec-4 | u:admin] INFO  TXLOGGER  - Summary for 'PortalDataService.requestPortalSite': Total: 0.11 s, transactions: 5, svn: 0.0829 s [42% getFile content (3x), 41% info (3x)] (12x), RepositoryConfigService: 0.0707 s [100% getReadConfiguration (26x)] (49x)
2017-05-17 17:43:50,263 [ajp-nio-8889-exec-10 | u:admin | uri:/polarion/wiki/bin/view/project/drivepilot/page/Home | wiki: view http://localhost/polarion/wiki/bin/view/project/drivepilot/page/Home] INFO  TXLOGGER  - Tx 57059506d3476_0_57059506d3476_0_: finished. Total: 0.49 s, svn: 0.367 s [90% info (36x)] (43x), resolve: 0.227 s [99% WikiPage (24x)] (38x)
2017-05-17 17:43:50,292 [ajp-nio-8889-exec-10] INFO  TXLOGGER  - Summary for 'servlet /polarion/wiki/bin/view/project/drivepilot/page/Home': Total: 1.82 s, transactions: 6, Velocity: 1.49 s [100% evaluate in Wiki (1x)] (1x), svn: 1.27 s [80% info (132x)] (163x), resolve: 0.285 s [98% WikiPage (41x)] (59x)
