2017-05-15 18:47:50,941 [main | u:p] INFO  TXLOGGER  - Summary for 'Platform startup': transactions: 0, DB: 0.0381 s [52% update (126x), 46% query (13x)] (206x), svn: 0.0204 s [82% checkPath (1x)] (3x)
2017-05-15 18:47:51,068 [main | u:p] INFO  TXLOGGER  - Summary for 'Context recognition': transactions: 0, svn: 0.0519 s [44% info (3x), 28% getFile content (1x), 28% getDir2 content (2x)] (6x)
2017-05-15 18:47:51,404 [LowLevelDataService-contextInitializer-3 | u:p] INFO  TXLOGGER  - Summary: Total: 0.333 s, transactions: 0, svn: 0.0433 s [95% log2 (5x)] (6x)
2017-05-15 18:47:51,404 [LowLevelDataService-contextInitializer-2 | u:p] INFO  TXLOGGER  - Summary: Total: 0.333 s, transactions: 0, ObjectMaps: 0.021 s [99% getAllPrimaryObjects (1x)] (7x)
2017-05-15 18:47:51,404 [LowLevelDataService-contextInitializer-4 | u:p] INFO  TXLOGGER  - Summary: Total: 0.333 s, transactions: 0, svn: 0.0477 s [96% log2 (5x)] (6x), ObjectMaps: 0.0345 s [100% getAllPrimaryObjects (1x)] (7x)
2017-05-15 18:47:51,404 [LowLevelDataService-contextInitializer-5 | u:p] INFO  TXLOGGER  - Summary: Total: 0.333 s, transactions: 0, svn: 0.0685 s [97% log2 (5x)] (6x), ObjectMaps: 0.0266 s [100% getAllPrimaryObjects (1x)] (7x)
2017-05-15 18:47:51,405 [LowLevelDataService-contextInitializer-1 | u:p] INFO  TXLOGGER  - Summary: Total: 0.333 s, transactions: 0, svn: 0.124 s [41% log2 (5x), 21% getFile content (2x), 20% log (1x)] (12x), ObjectMaps: 0.0408 s [97% getAllPrimaryObjects (1x)] (13x)
2017-05-15 18:47:51,405 [main | u:p] INFO  TXLOGGER  - Summary for 'Context initialization': transactions: 0, svn: 0.297 s [73% log2 (21x), 9% getFile content (2x)] (32x), ObjectMaps: 0.123 s [99% getAllPrimaryObjects (5x)] (41x)
2017-05-15 18:47:51,624 [main | u:p] INFO  TXLOGGER  - Summary for 'Revisions processing': transactions: 10, RepositoryConfigService: 0.148 s [100% getReadConfiguration (30x)] (30x), svn: 0.0796 s [84% info (11x)] (24x)
2017-05-15 18:47:52,087 [main | u:p] INFO  TXLOGGER  - Summary for 'Build artifacts recognition': transactions: 30, svn: 0.35 s [83% info (60x)] (103x), RepositoryConfigService: 0.315 s [100% getReadConfiguration (36x)] (36x)
2017-05-15 18:47:52,518 [main | u:p] INFO  TXLOGGER  - Summary for 'Data indexing': transactions: 0, Lucene: 0.162 s [100% refresh (1x)] (1x), SubterraURITable: 0.0852 s [100% addIfNotExistsDB (1x)] (1x)
2017-05-15 18:48:24,098 [main] INFO  TXLOGGER  - Summary for 'Polarion startup': transactions: 1, svn: 0.221 s [80% info (39x)] (56x), RepositoryConfigService: 0.0215 s [100% getReadConfiguration (2x)] (2x)
2017-05-15 18:48:24,255 [Worker-0 | u:p | job: polarion.jobs.attachment.indexer] INFO  TXLOGGER  - Summary after AttachmentIndexer: transactions: 6, Lucene: 0.0717 s [100% add (2x)] (2x), persistence listener: 0.0712 s [91% notificationsCreatingListener (1x)] (7x), resolve: 0.0316 s [91% User (2x)] (5x), ObjectMaps: 0.0123 s [100% getPrimaryObjectLocation (2x)] (2x)
2017-05-15 18:48:24,599 [PreLoadDataService | u:p] INFO  TXLOGGER  - Tx 570310a05a02a_0_570310a05a02a_0_: finished. Total: 0.494 s, svn: 0.278 s [68% getDir2 content (25x), 32% getFile content (13x)] (40x), resolve: 0.217 s [58% TimePoint (5x), 42% Category (6x)] (11x), ObjectMaps: 0.0309 s [60% getPrimaryObjectLocation (11x), 24% getPrimaryObjectProperty (11x)] (46x)
2017-05-15 18:48:24,834 [DBHistoryCreator-1 | u:p] INFO  TXLOGGER  - Summary: Total: 0.548 s, transactions: 0
2017-05-15 18:48:24,834 [Worker-1 | u:p | job: polarion.jobs.db.history] INFO  TXLOGGER  - Summary after DBHistoryCreator: transactions: 0, Lucene: 0.0199 s [100% add (1x)] (1x), DB: 0.000997 s [81% update (1x)] (2x)
2017-05-15 18:48:24,834 [Worker-1 | u:p] INFO  TXLOGGER  - Summary for 'job: polarion.jobs.db.history': Total: 0.582 s, transactions: 0, SubterraURITable: 0.368 s [100% getDB (1018x)] (1018x), DB: 0.352 s [54% query (1044x), 29% update (1019x)] (5146x)
2017-05-15 18:48:24,949 [PreLoadDataService | u:p] INFO  TXLOGGER  - Tx 570310a0f2432_0_570310a0f2432_0_: finished. Total: 0.235 s, resolve: 0.121 s [100% User (8x)] (8x), svn: 0.11 s [67% getFile content (12x), 33% info (6x)] (19x), RepositoryConfigService: 0.0759 s [70% getReadConfiguration (56x), 30% getReadUserConfiguration (2x)] (58x), ObjectMaps: 0.0173 s [52% getPrimaryObjectLocation (8x), 27% getPrimaryObjectProperty (8x), 20% getLastPromoted (8x)] (33x)
2017-05-15 18:48:25,539 [PreLoadDataService | u:p] INFO  TXLOGGER  - Tx 570310a143c34_0_570310a143c34_0_: finished. Total: 0.5 s, svn: 0.45 s [65% getFile content (47x), 35% getDir2 content (17x)] (65x), RepositoryConfigService: 0.329 s [100% getReadConfiguration (164x)] (180x)
2017-05-15 18:48:25,819 [PreLoadDataService | u:p] INFO  TXLOGGER  - Tx 570310a1c0c35_0_570310a1c0c35_0_: finished. Total: 0.279 s, svn: 0.257 s [51% getDir2 content (17x), 49% getFile content (21x)] (39x), RepositoryConfigService: 0.142 s [99% getReadConfiguration (88x)] (110x)
2017-05-15 18:48:25,931 [PreLoadDataService | u:p] INFO  TXLOGGER  - Tx 570310a206c36_0_570310a206c36_0_: finished. Total: 0.112 s, svn: 0.103 s [59% getDir2 content (11x), 41% getFile content (8x)] (20x), RepositoryConfigService: 0.0488 s [99% getReadConfiguration (38x)] (54x)
2017-05-15 18:48:25,931 [PreLoadDataService] INFO  TXLOGGER  - Summary for 'PreloadDataService': Total: 1.83 s, transactions: 7, svn: 1.3 s [54% getFile content (116x), 42% getDir2 content (72x)] (206x), RepositoryConfigService: 0.686 s [96% getReadConfiguration (402x)] (485x), resolve: 0.405 s [31% TimePoint (5x), 30% User (8x), 23% Category (6x)] (22x)
2017-05-15 18:48:25,932 [PreLoadDataService] INFO  TXLOGGER  - Summary after preload: transactions: 7, svn: 1.3 s [54% getFile content (116x), 42% getDir2 content (72x)] (207x), RepositoryConfigService: 0.686 s [96% getReadConfiguration (402x)] (485x), resolve: 0.405 s [31% TimePoint (5x), 30% User (9x), 23% Category (6x)] (23x), SubterraURITable: 0.368 s [100% getDB (1018x)] (1018x), DB: 0.352 s [54% query (1044x), 29% update (1019x)] (5146x)
2017-05-15 18:48:34,528 [ajp-nio-8889-exec-3 | u:admin] INFO  TXLOGGER  - Summary for 'PortalDataService.getInitData': Total: 0.144 s, transactions: 3, RepositoryConfigService: 0.0115 s [100% getReadConfiguration (8x)] (13x)
2017-05-15 18:48:35,068 [ajp-nio-8889-exec-4 | u:admin] INFO  TXLOGGER  - Summary for 'PortalDataService.requestPortalSite': Total: 0.145 s, transactions: 8, svn: 0.053 s [51% info (5x), 38% getFile content (4x)] (18x), RepositoryConfigService: 0.0511 s [79% getReadConfiguration (26x), 21% getReadUserConfiguration (18x)] (50x)
2017-05-15 18:48:36,560 [ajp-nio-8889-exec-7 | u:admin | uri:/polarion/wiki/bin/view/project/drivepilot/page/Home | wiki: view http://localhost/polarion/wiki/bin/view/project/drivepilot/page/Home] INFO  TXLOGGER  - Tx 570310ac32047_0_570310ac32047_0_: finished. Total: 0.328 s, svn: 0.235 s [85% info (36x)] (43x), resolve: 0.164 s [98% WikiPage (24x)] (38x)
2017-05-15 18:48:36,586 [ajp-nio-8889-exec-7] INFO  TXLOGGER  - Summary for 'servlet /polarion/wiki/bin/view/project/drivepilot/page/Home': Total: 1.4 s, transactions: 6, Velocity: 1.12 s [100% evaluate in Wiki (1x)] (1x), svn: 0.875 s [82% info (132x)] (163x), resolve: 0.205 s [98% WikiPage (41x)] (59x)
2017-05-15 18:48:41,574 [ajp-nio-8889-exec-2] INFO  TXLOGGER  - Summary for 'servlet /polarion/example/': Total: 4.84 s, transactions: 0
2017-05-15 18:49:33,822 [ajp-nio-8889-exec-4 | u:admin] INFO  TXLOGGER  - Summary for 'PortalDataService.getWikiSpacesAndPages': Total: 1.76 s, transactions: 0, resolve: 1.56 s [44% Module (13x), 41% WikiPage (76x)] (166x), svn: 1.21 s [62% info (128x), 25% getFile content (43x)] (194x)
2017-05-15 18:51:34,391 [ajp-nio-8889-exec-9 | u:admin] INFO  TXLOGGER  - Summary for 'PortalDataService.saveUICustomizationData': Total: 1 s, transactions: 0
2017-05-15 19:00:02,583 [Worker-1 | u:p] INFO  TXLOGGER  - Summary for 'job: update.plan.refresh.index': Total: 0.64 s, transactions: 0, resolve: 0.395 s [93% WorkItem (15x)] (167x), svn: 0.354 s [34% getDir2 content (16x), 33% getFile content (16x), 33% info (17x)] (50x), Lucene: 0.164 s [100% refresh (1x)] (2x), DB: 0.0666 s [88% update (181x)] (220x)
2017-05-15 19:00:02,611 [Worker-0 | u:p] INFO  TXLOGGER  - Summary for 'job: update.plan': Total: 1.5 s, transactions: 10, resolve: 0.551 s [91% WorkItems (2x)] (96x), svn: 0.485 s [41% getFile content (21x), 32% info (26x), 27% getDir2 content (19x)] (78x), planQueryExpander: 0.121 s [100% expand (6x)] (12x)
2017-05-15 19:20:44,823 [ajp-nio-8889-exec-8 | u:admin | uri:/polarion/wiki/bin/view/project/drivepilot/page/Home | wiki: view http://localhost/polarion/wiki/bin/view/project/drivepilot/page/Home] INFO  TXLOGGER  - Tx 5703180772c59_0_5703180772c59_0_: finished. Total: 0.14 s, svn: 0.12 s [100% info (24x)] (25x)
2017-05-15 19:20:44,848 [ajp-nio-8889-exec-8] INFO  TXLOGGER  - Summary for 'servlet /polarion/wiki/bin/view/project/drivepilot/page/Home': Total: 0.385 s, transactions: 3, Velocity: 0.334 s [100% evaluate in Wiki (1x)] (1x), svn: 0.14 s [100% info (27x)] (28x)
2017-05-15 19:20:49,295 [ajp-nio-8889-exec-9 | u:admin] INFO  TXLOGGER  - Summary for 'PortalDataService.getWikiSpacesAndPages': Total: 0.123 s, transactions: 0, svn: 0.0991 s [89% info (16x)] (18x)
2017-05-15 19:20:51,781 [ajp-nio-8889-exec-8 | u:admin] INFO  TXLOGGER  - Tx 5703180e3a85b_0_5703180e3a85b_0_: finished. Total: 0.154 s, svn: 0.109 s [89% info (19x)] (22x)
2017-05-15 19:20:51,787 [ajp-nio-8889-exec-8 | u:admin] INFO  TXLOGGER  - Summary for 'WikiDataService.loadWikiIndexData': Total: 0.161 s, transactions: 1, svn: 0.109 s [89% info (19x)] (22x)
2017-05-15 19:20:54,695 [ajp-nio-8889-exec-5 | u:admin | uri:/polarion/wiki/bin/view/project/drivepilot/page/Dashboard | wiki: view http://localhost/polarion/wiki/bin/view/project/drivepilot/page/Dashboard] INFO  TXLOGGER  - Tx 57031810df45f_0_57031810df45f_0_: finished. Total: 0.361 s
2017-05-15 19:20:54,716 [ajp-nio-8889-exec-5] INFO  TXLOGGER  - Summary for 'servlet /polarion/wiki/bin/view/project/drivepilot/page/Dashboard': Total: 0.676 s, transactions: 5, Velocity: 0.575 s [100% evaluate in Wiki (1x)] (1x), svn: 0.146 s [87% info (24x)] (29x), resolve: 0.037 s [91% Plan (1x)] (48x)
2017-05-15 19:21:00,262 [ajp-nio-8889-exec-3] INFO  TXLOGGER  - Summary for 'servlet /polarion/wiki/bin/view/project/drivepilot/page/Dashboard': Total: 0.166 s, transactions: 4, Velocity: 0.116 s [100% evaluate in Wiki (1x)] (1x), svn: 0.0155 s [100% info (3x)] (3x)
2017-05-15 19:21:05,345 [ajp-nio-8889-exec-6] INFO  TXLOGGER  - Summary for 'servlet /polarion/wiki/bin/view/project/drivepilot/page/Iteration_34-burndown': Total: 0.19 s, transactions: 2, svn: 0.0929 s [94% info (13x)] (14x), Velocity: 0.073 s [100% evaluate in Wiki (1x)] (1x)
2017-05-15 19:21:09,217 [ajp-nio-8889-exec-8 | u:admin] INFO  TXLOGGER  - Tx 5703181f3f86a_0_5703181f3f86a_0_: finished. Total: 0.164 s, svn: 0.118 s [87% info (19x)] (22x), resolve: 0.0201 s [85% RichPage (79x)] (207x), ObjectMaps: 0.0119 s [86% getPrimaryObjectLocation (72x)] (86x)
2017-05-15 19:21:09,218 [ajp-nio-8889-exec-8 | u:admin] INFO  TXLOGGER  - Summary for 'WikiDataService.loadWikiIndexData': Total: 0.165 s, transactions: 1, svn: 0.118 s [87% info (19x)] (22x), resolve: 0.0201 s [85% RichPage (79x)] (207x), ObjectMaps: 0.0119 s [86% getPrimaryObjectLocation (72x)] (86x)
2017-05-15 19:21:09,854 [ajp-nio-8889-exec-2 | u:admin | i:drivepilot/_default/Process Description] INFO  TXLOGGER  - Tx 5703181dbc869_0_5703181dbc869_0_: finished. Total: 2.35 s, svn: 1.43 s [36% info (89x), 35% getDir2 content (34x), 27% getFile content (51x)] (184x), documentRenderer: 1.34 s [98% renderPart (34x)] (36x), resolve: 1.25 s [82% WorkItem (60x)] (116x), sidebars: 0.538 s [37% attachments (1x), 18% signatures (1x), 16% document (1x), 13% work-item (1x)] (10x), RepositoryConfigService: 0.193 s [92% getReadConfiguration (947x)] (1061x)
2017-05-15 19:21:09,966 [ajp-nio-8889-exec-2 | u:admin] INFO  TXLOGGER  - Summary for 'DleModel.initialize': Total: 2.46 s, transactions: 1, svn: 1.43 s [36% info (89x), 35% getDir2 content (34x), 27% getFile content (51x)] (184x), documentRenderer: 1.34 s [98% renderPart (34x)] (36x), resolve: 1.25 s [82% WorkItem (60x)] (116x), sidebars: 0.538 s [37% attachments (1x), 18% signatures (1x), 16% document (1x), 13% work-item (1x)] (10x), RepositoryConfigService: 0.193 s [92% getReadConfiguration (947x)] (1061x)
2017-05-15 19:21:21,603 [ajp-nio-8889-exec-2] INFO  TXLOGGER  - Summary for 'servlet /polarion/wiki/bin/view/project/drivepilot/page/Iteration_34-burndown': Total: 0.122 s, transactions: 2, Velocity: 0.0839 s [100% evaluate in Wiki (1x)] (1x), svn: 0.0152 s [100% info (3x)] (3x)
2017-05-15 19:21:23,397 [ajp-nio-8889-exec-10 | u:admin | i:drivepilot/_default/Process Description] INFO  TXLOGGER  - Tx 5703182d0f46d_0_5703182d0f46d_0_: finished. Total: 0.2 s, documentRenderer: 0.149 s [91% renderPart (34x)] (36x), svn: 0.131 s [98% info (31x)] (34x), sidebars: 0.0111 s [49% document (1x), 29% attachments (1x), 14% signatures (1x)] (10x)
2017-05-15 19:21:23,401 [ajp-nio-8889-exec-10 | u:admin] INFO  TXLOGGER  - Summary for 'DleModel.initialize': Total: 0.204 s, transactions: 1, documentRenderer: 0.149 s [91% renderPart (34x)] (36x), svn: 0.131 s [98% info (31x)] (34x), sidebars: 0.0111 s [49% document (1x), 29% attachments (1x), 14% signatures (1x)] (10x)
2017-05-15 19:21:24,704 [ajp-nio-8889-exec-3] INFO  TXLOGGER  - Summary for 'servlet /polarion/wiki/bin/view/project/drivepilot/page/ProjectMacros': Total: 0.113 s, transactions: 2, Velocity: 0.0747 s [100% evaluate in Wiki (1x)] (1x), svn: 0.0157 s [100% info (3x)] (3x)
2017-05-15 19:21:26,598 [ajp-nio-8889-exec-4 | u:admin] INFO  TXLOGGER  - Summary for 'PortalDataService.saveUICustomizationData': Total: 1.51 s, transactions: 0
2017-05-15 19:21:27,248 [ajp-nio-8889-exec-1] INFO  TXLOGGER  - Summary for 'servlet /polarion/wiki/bin/view/project/drivepilot/page/Version_2_0-burnup': Total: 0.128 s, transactions: 2, Velocity: 0.076 s [100% evaluate in Wiki (1x)] (1x), svn: 0.0146 s [100% info (3x)] (3x)
2017-05-15 19:21:27,560 [ajp-nio-8889-exec-5 | u:admin | uri:/polarion/wiki/bin/view/project/drivepilot/page/TraceabilityTableMacro | wiki: view http://localhost/polarion/wiki/bin/view/project/drivepilot/page/TraceabilityTableMacro] INFO  TXLOGGER  - Tx 5703182fe8472_0_5703182fe8472_0_: finished. Total: 1.45 s, resolve: 1.01 s [86% WorkItem (136x)] (308x), svn: 0.827 s [37% info (46x), 36% getFile content (31x), 26% getDir2 content (30x)] (111x), permissions: 0.315 s [97% readInstance (1450x)] (3386x), ObjectMaps: 0.182 s [63% getPrimaryObjectLocations (48x), 12% getPrimaryObjectLocation (32x), 9% getLastPromoted (32x)] (201x)
2017-05-15 19:21:27,580 [ajp-nio-8889-exec-5] INFO  TXLOGGER  - Summary for 'servlet /polarion/wiki/bin/view/project/drivepilot/page/TraceabilityTableMacro': Total: 1.65 s, transactions: 2, Velocity: 1.54 s [100% evaluate in Wiki (1x)] (1x), resolve: 1.01 s [86% WorkItem (136x)] (323x), svn: 0.9 s [41% info (59x), 34% getFile content (32x), 24% getDir2 content (30x)] (125x), permissions: 0.315 s [97% readInstance (1467x)] (3419x), ObjectMaps: 0.182 s [63% getPrimaryObjectLocations (48x), 13% getPrimaryObjectLocation (34x), 9% getLastPromoted (32x)] (203x)
2017-05-15 19:21:28,104 [ajp-nio-8889-exec-8 | u:admin] INFO  TXLOGGER  - Summary for 'PortalDataService.saveUICustomizationData': Total: 1.6 s, transactions: 0
2017-05-15 19:21:28,108 [ajp-nio-8889-exec-3 | u:admin] INFO  TXLOGGER  - Summary for 'PortalDataService.saveUICustomizationData': Total: 0.4 s, transactions: 0
2017-05-15 19:21:28,386 [ajp-nio-8889-exec-2 | u:admin] INFO  TXLOGGER  - Tx 57031831fec76_0_57031831fec76_0_: finished. Total: 0.135 s, svn: 0.108 s [90% info (19x)] (22x)
2017-05-15 19:21:28,386 [ajp-nio-8889-exec-2 | u:admin] INFO  TXLOGGER  - Summary for 'WikiDataService.loadWikiIndexData': Total: 0.136 s, transactions: 1, svn: 0.108 s [90% info (19x)] (22x)
2017-05-15 19:21:30,828 [ajp-nio-8889-exec-6] INFO  TXLOGGER  - Summary for 'servlet /polarion/wiki/bin/view/project/drivepilot/page/?service=Overview': Total: 0.182 s, transactions: 1, Velocity: 0.15 s [100% evaluate in Wiki (1x)] (1x), svn: 0.0792 s [86% info (16x)] (18x)
2017-05-15 19:21:32,904 [ajp-nio-8889-exec-4 | u:admin | uri:/polarion/wiki/bin/view/project/drivepilot/page/Home?spaceTitle=Default+Space | wiki: view http://localhost/polarion/wiki/bin/view/project/drivepilot/page/Home] INFO  TXLOGGER  - Tx 5703183667879_0_5703183667879_0_: finished. Total: 0.139 s, svn: 0.121 s [100% info (24x)] (25x)
2017-05-15 19:21:32,918 [ajp-nio-8889-exec-4] INFO  TXLOGGER  - Summary for 'servlet /polarion/wiki/bin/view/project/drivepilot/page/Home?spaceTitle=Default+Space': Total: 0.252 s, transactions: 3, Velocity: 0.211 s [100% evaluate in Wiki (1x)] (1x), svn: 0.136 s [100% info (27x)] (28x)
