2017-05-17 16:28:25,884 [main] INFO  com.polarion.platform.startup  - ****************************************************************
2017-05-17 16:28:25,884 [main] INFO  com.polarion.platform.startup  -                 Polarion starting, please wait!                 
2017-05-17 16:28:25,884 [main] INFO  com.polarion.platform.startup  - ****************************************************************
2017-05-17 16:28:25,884 [main] INFO  com.polarion.platform.startup  - Server start mode: normal
2017-05-17 16:28:25,884 [main] INFO  com.polarion.platform.startup  - ------------------------------
2017-05-17 16:28:25,885 [main] INFO  com.polarion.platform.startup  - Platform startup (Phase: 1/9)
2017-05-17 16:28:31,804 [main] INFO  com.polarion.platform.startup  - Opening historical database...
2017-05-17 16:28:32,042 [main] INFO  com.polarion.platform.startup  - Opening of historical database finished [ TIME 0.237 s. ]
2017-05-17 16:28:32,042 [main] INFO  com.polarion.platform.startup  - Opening head database...
2017-05-17 16:28:32,116 [main] INFO  com.polarion.platform.startup  - Opening of head database finished [ TIME 0.0739 s. ]
2017-05-17 16:28:32,295 [main | u:p] INFO  com.polarion.platform.startup  -  -- Polarion startup estimation:  [ TIME 49 s. ]
2017-05-17 16:28:32,416 [main | u:p] INFO  com.polarion.platform.startup  - Platform startup ... took  [ TIME 6.54 s. ]
2017-05-17 16:28:32,556 [main | u:p] INFO  com.polarion.platform.startup  - ------------------------------
2017-05-17 16:28:32,556 [main | u:p] INFO  com.polarion.platform.startup  - Context recognition (Phase: 2/9)
2017-05-17 16:28:32,598 [main | u:p] INFO  com.polarion.platform.startup  - Context recognition ... took  [ TIME 0.18 s. ]
2017-05-17 16:28:32,598 [main | u:p] INFO  com.polarion.platform.startup  - ------------------------------
2017-05-17 16:28:32,598 [main | u:p] INFO  com.polarion.platform.startup  - Context initialization (Phase: 3/9)
2017-05-17 16:28:32,602 [LowLevelDataService-contextInitializer-3 | u:p | context: --Demo Projects] INFO  com.polarion.platform.startup  -  -- Initializing context: --Demo Projects (2/6)
2017-05-17 16:28:32,602 [LowLevelDataService-contextInitializer-5 | u:p | context: elibrary] INFO  com.polarion.platform.startup  -  -- Initializing context: elibrary (3/6)
2017-05-17 16:28:32,602 [LowLevelDataService-contextInitializer-1 | u:p | context: [GLOBAL]] INFO  com.polarion.platform.startup  -  -- Initializing context: [GLOBAL] (1/6)
2017-05-17 16:28:32,602 [LowLevelDataService-contextInitializer-2 | u:p | cluster: default] INFO  com.polarion.platform.startup  -  -- Initializing cluster: default (5/6)
2017-05-17 16:28:32,602 [LowLevelDataService-contextInitializer-4 | u:p | context: library] INFO  com.polarion.platform.startup  -  -- Initializing context: library (4/6)
2017-05-17 16:28:32,608 [LowLevelDataService-contextInitializer-1 | u:p | context: drivepilot] INFO  com.polarion.platform.startup  -  -- Initializing context: drivepilot (6/6)
2017-05-17 16:28:33,093 [main | u:p] INFO  com.polarion.platform.startup  - Context initialization ... took  [ TIME 0.5 s. ]
2017-05-17 16:28:33,099 [main | u:p] INFO  com.polarion.platform.startup  - ------------------------------
2017-05-17 16:28:33,099 [main | u:p] INFO  com.polarion.platform.startup  - Revisions processing (Phase: 4/9)
2017-05-17 16:28:33,380 [main | u:p] INFO  com.polarion.platform.startup  -  -- Processing new revisions from repository default in context ContextId[context [global]]
2017-05-17 16:28:33,387 [main | u:p] INFO  com.polarion.platform.startup  -  -- Processing new revisions from repository GitRepository in context ContextId[cluster default, context [global]]
2017-05-17 16:28:33,426 [main | u:p] INFO  com.polarion.platform.startup  -  -- Processing new revisions from repository GitRepository in context ContextId[cluster default, context drivepilot]
2017-05-17 16:28:33,449 [main | u:p] INFO  com.polarion.platform.startup  - Revisions processing ... took  [ TIME 0.36 s. ]
2017-05-17 16:28:33,490 [main | u:p] INFO  com.polarion.platform.startup  - ------------------------------
2017-05-17 16:28:33,490 [main | u:p] INFO  com.polarion.platform.startup  - Build artifacts recognition (Phase: 5/9)
2017-05-17 16:28:33,496 [main | u:p] INFO  com.polarion.platform.startup  -  -- Processing build artifacts from context: [GLOBAL] (1/6)
2017-05-17 16:28:33,674 [main | u:p] INFO  com.polarion.platform.startup  -  -- Processing build artifacts from cluster: default (2/6)
2017-05-17 16:28:33,738 [main | u:p] INFO  com.polarion.platform.startup  -  -- Processing build artifacts from context: --Demo Projects (3/6)
2017-05-17 16:28:33,795 [main | u:p] INFO  com.polarion.platform.startup  -  -- Processing build artifacts from context: library (4/6)
2017-05-17 16:28:33,965 [main | u:p] INFO  com.polarion.platform.startup  -  -- Processing build artifacts from context: elibrary (5/6)
2017-05-17 16:28:34,148 [main | u:p] INFO  com.polarion.platform.startup  -  -- Processing build artifacts from context: drivepilot (6/6)
2017-05-17 16:28:34,149 [main | u:p] INFO  com.polarion.platform.startup  - Build artifacts recognition ... took  [ TIME 0.7 s. ]
2017-05-17 16:28:34,149 [main | u:p] INFO  com.polarion.platform.startup  - ------------------------------
2017-05-17 16:28:34,149 [main | u:p] INFO  com.polarion.platform.startup  - BIR inspection (Phase: 6/9)
2017-05-17 16:28:34,176 [main | u:p] INFO  com.polarion.platform.startup  - BIR inspection ... took  [ TIME 0.03 s. ]
2017-05-17 16:28:34,194 [main | u:p] INFO  com.polarion.platform.startup  - ------------------------------
2017-05-17 16:28:34,194 [main | u:p] INFO  com.polarion.platform.startup  - Data indexing (Phase: 7/9)
2017-05-17 16:28:34,328 [main | u:p] INFO  com.polarion.platform.startup  -  -- Refreshing 7 objects in index: BuildArtifact
2017-05-17 16:28:34,341 [main | u:p] INFO  com.polarion.platform.startup  -  -- -- 7 from 7 objects were refreshed (100%)
2017-05-17 16:28:34,641 [main | u:p] INFO  com.polarion.platform.startup  -  -- Refreshing 1 objects in index: Revision
2017-05-17 16:28:34,642 [main | u:p] INFO  com.polarion.platform.startup  -  -- -- 1 from 1 objects were refreshed (100%)
2017-05-17 16:28:34,707 [main | u:p] INFO  com.polarion.platform.startup  - Data indexing ... took  [ TIME 0.53 s. ]
2017-05-17 16:28:34,708 [main | u:p] INFO  com.polarion.platform.startup  - ------------------------------
2017-05-17 16:28:34,708 [main | u:p] INFO  com.polarion.platform.startup  - Fields recalculation (Phase: 8/9)
2017-05-17 16:28:34,724 [main | u:p] INFO  com.polarion.platform.startup  - Fields recalculation ... took  [ TIME 0.02 s. ]
2017-05-17 16:28:34,724 [main | u:p] INFO  com.polarion.platform.startup  - ------------------------------
2017-05-17 16:28:34,724 [main | u:p] INFO  com.polarion.platform.startup  - Polarion startup (Phase: 9/9)
2017-05-17 16:29:10,339 [main] INFO  com.polarion.platform.startup  - Polarion startup ... took  [ TIME 35.62 s. ]
2017-05-17 16:29:10,340 [main] INFO  com.polarion.platform.startup  - ****************************************************************
2017-05-17 16:29:10,340 [main] INFO  com.polarion.platform.startup  -                  Polarion started:  [ TIME 44.5 s. ]
2017-05-17 16:29:10,340 [main] INFO  com.polarion.platform.startup  - ****************************************************************
