2017-05-16 14:41:37,617 [ajp-nio-8889-exec-10] ERROR org.apache.catalina.core.ContainerBase.[Tomcat].[localhost].[/polarion/example].[ServletExample]  - Servlet.service() for servlet [ServletExample] in context with path [/polarion/example] threw exception [java.security.PrivilegedActionException: java.io.IOException: Server returned HTTP response code: 406 for URL: https://github.com/vikasi/polarion-] with root cause
java.io.IOException: Server returned HTTP response code: 406 for URL: https://github.com/vikasi/polarion-
	at sun.net.www.protocol.http.HttpURLConnection.getInputStream0(Unknown Source)
	at sun.net.www.protocol.http.HttpURLConnection.getInputStream(Unknown Source)
	at sun.net.www.protocol.https.HttpsURLConnectionImpl.getInputStream(Unknown Source)
	at com.polarion.example.servlet.CurrentUserWorkloadServlet.doGet(CurrentUserWorkloadServlet.java:135)
	at javax.servlet.http.HttpServlet.service(HttpServlet.java:622)
	at javax.servlet.http.HttpServlet.service(HttpServlet.java:729)
	at org.apache.catalina.core.ApplicationFilterChain.internalDoFilter(ApplicationFilterChain.java:291)
	at org.apache.catalina.core.ApplicationFilterChain.doFilter(ApplicationFilterChain.java:206)
	at com.polarion.portal.tomcat.servlets.DoAsFilter.doFilterAndShowUri(DoAsFilter.java:157)
	at com.polarion.portal.tomcat.servlets.DoAsFilter.access$0(DoAsFilter.java:143)
	at com.polarion.portal.tomcat.servlets.DoAsFilter$1.run(DoAsFilter.java:122)
	at java.security.AccessController.doPrivileged(Native Method)
	at javax.security.auth.Subject.doAs(Unknown Source)
	at com.polarion.platform.internal.security.SubjectNDC.doAs(SubjectNDC.java:69)
	at com.polarion.portal.tomcat.servlets.DoAsFilter.doFilterImpl(DoAsFilter.java:119)
	at com.polarion.portal.tomcat.servlets.DoAsFilter.doFilterInContexts(DoAsFilter.java:96)
	at com.polarion.portal.tomcat.servlets.DoAsFilter.doFilter(DoAsFilter.java:82)
	at org.apache.catalina.core.ApplicationFilterChain.internalDoFilter(ApplicationFilterChain.java:239)
	at org.apache.catalina.core.ApplicationFilterChain.doFilter(ApplicationFilterChain.java:206)
	at com.polarion.portal.tomcat.servlets.SecurityCheckFilter.doFilter(SecurityCheckFilter.java:46)
	at org.apache.catalina.core.ApplicationFilterChain.internalDoFilter(ApplicationFilterChain.java:239)
	at org.apache.catalina.core.ApplicationFilterChain.doFilter(ApplicationFilterChain.java:206)
	at org.apache.catalina.core.StandardWrapperValve.invoke(StandardWrapperValve.java:212)
	at org.apache.catalina.core.StandardContextValve.invoke(StandardContextValve.java:106)
	at org.apache.catalina.authenticator.AuthenticatorBase.invoke(AuthenticatorBase.java:614)
	at org.apache.catalina.core.StandardHostValve.invoke(StandardHostValve.java:141)
	at org.apache.catalina.valves.ErrorReportValve.invoke(ErrorReportValve.java:79)
	at org.apache.catalina.core.StandardEngineValve.invoke(StandardEngineValve.java:88)
	at org.apache.catalina.authenticator.SingleSignOn.invoke(SingleSignOn.java:291)
	at org.apache.catalina.connector.CoyoteAdapter.service(CoyoteAdapter.java:521)
	at org.apache.coyote.ajp.AbstractAjpProcessor.process(AbstractAjpProcessor.java:850)
	at org.apache.coyote.AbstractProtocol$AbstractConnectionHandler.process(AbstractProtocol.java:674)
	at org.apache.tomcat.util.net.NioEndpoint$SocketProcessor.doRun(NioEndpoint.java:1500)
	at org.apache.tomcat.util.net.NioEndpoint$SocketProcessor.run(NioEndpoint.java:1456)
	at java.util.concurrent.ThreadPoolExecutor.runWorker(Unknown Source)
	at java.util.concurrent.ThreadPoolExecutor$Worker.run(Unknown Source)
	at org.apache.tomcat.util.threads.TaskThread$WrappingRunnable.run(TaskThread.java:61)
	at java.lang.Thread.run(Unknown Source)
