2017-05-17 10:34:01,541 [main | u:p] INFO  TXLOGGER  - Summary for 'Platform startup': transactions: 0, DB: 0.0491 s [61% query (13x), 38% update (126x)] (206x), svn: 0.0212 s [82% checkPath (1x)] (3x)
2017-05-17 10:34:01,677 [main | u:p] INFO  TXLOGGER  - Summary for 'Context recognition': transactions: 0, svn: 0.0596 s [43% info (3x), 30% getFile content (1x), 27% getDir2 content (2x)] (6x)
2017-05-17 10:34:02,037 [LowLevelDataService-contextInitializer-2 | u:p] INFO  TXLOGGER  - Summary: Total: 0.356 s, transactions: 0
2017-05-17 10:34:02,037 [LowLevelDataService-contextInitializer-1 | u:p] INFO  TXLOGGER  - Summary: Total: 0.356 s, transactions: 0, svn: 0.0629 s [85% log2 (5x)] (7x), ObjectMaps: 0.0414 s [97% getAllPrimaryObjects (1x)] (13x)
2017-05-17 10:34:02,037 [LowLevelDataService-contextInitializer-3 | u:p] INFO  TXLOGGER  - Summary: Total: 0.356 s, transactions: 0, svn: 0.082 s [38% log2 (5x), 25% log (1x), 16% info (2x), 16% getFile content (1x)] (11x)
2017-05-17 10:34:02,037 [LowLevelDataService-contextInitializer-4 | u:p] INFO  TXLOGGER  - Summary: Total: 0.356 s, transactions: 0, svn: 0.0456 s [96% log2 (5x)] (6x), ObjectMaps: 0.033 s [100% getAllPrimaryObjects (1x)] (7x)
2017-05-17 10:34:02,037 [LowLevelDataService-contextInitializer-5 | u:p] INFO  TXLOGGER  - Summary: Total: 0.356 s, transactions: 0, svn: 0.0634 s [97% log2 (5x)] (6x), ObjectMaps: 0.0295 s [100% getAllPrimaryObjects (1x)] (7x)
2017-05-17 10:34:02,038 [main | u:p] INFO  TXLOGGER  - Summary for 'Context initialization': transactions: 0, svn: 0.271 s [75% log2 (21x), 8% getFile content (2x)] (32x), ObjectMaps: 0.108 s [98% getAllPrimaryObjects (5x)] (41x)
2017-05-17 10:34:02,275 [main | u:p] INFO  TXLOGGER  - Summary for 'Revisions processing': transactions: 10, RepositoryConfigService: 0.164 s [100% getReadConfiguration (30x)] (30x), svn: 0.0864 s [88% info (11x)] (24x)
2017-05-17 10:34:02,761 [main | u:p] INFO  TXLOGGER  - Summary for 'Build artifacts recognition': transactions: 30, svn: 0.36 s [83% info (60x)] (103x), RepositoryConfigService: 0.325 s [100% getReadConfiguration (36x)] (36x)
2017-05-17 10:34:03,196 [main | u:p] INFO  TXLOGGER  - Summary for 'Data indexing': transactions: 0, Lucene: 0.165 s [100% refresh (1x)] (1x), SubterraURITable: 0.0859 s [100% addIfNotExistsDB (1x)] (1x), DB: 0.00879 s [71% update (3x), 22% query (1x)] (8x)
2017-05-17 10:34:35,576 [main] INFO  TXLOGGER  - Summary for 'Polarion startup': transactions: 1, svn: 0.23 s [80% info (39x), 11% getDir2 content (4x)] (56x), RepositoryConfigService: 0.0187 s [100% getReadConfiguration (2x)] (2x)
2017-05-17 10:34:35,783 [Worker-0 | u:p | job: polarion.jobs.attachment.indexer] INFO  TXLOGGER  - Summary after AttachmentIndexer: transactions: 6, Lucene: 0.149 s [100% add (2x)] (2x), persistence listener: 0.0713 s [91% notificationsCreatingListener (1x)] (7x), resolve: 0.0334 s [92% User (2x)] (5x), ObjectMaps: 0.012 s [100% getPrimaryObjectLocation (2x)] (2x)
2017-05-17 10:34:36,134 [PreLoadDataService | u:p] INFO  TXLOGGER  - Tx 570532c84002a_0_570532c84002a_0_: finished. Total: 0.55 s, svn: 0.323 s [69% getDir2 content (25x), 31% getFile content (13x)] (40x), resolve: 0.231 s [59% TimePoint (5x), 41% Category (6x)] (11x), ObjectMaps: 0.0311 s [55% getPrimaryObjectLocation (11x), 26% getPrimaryObjectProperty (11x)] (46x)
2017-05-17 10:34:36,476 [PreLoadDataService | u:p] INFO  TXLOGGER  - Tx 570532c8e4432_0_570532c8e4432_0_: finished. Total: 0.235 s, resolve: 0.132 s [100% User (8x)] (8x), svn: 0.107 s [68% getFile content (12x), 32% info (6x)] (19x), RepositoryConfigService: 0.0667 s [76% getReadConfiguration (56x), 24% getReadUserConfiguration (2x)] (58x), ObjectMaps: 0.0155 s [44% getPrimaryObjectLocation (8x), 33% getPrimaryObjectProperty (8x), 23% getLastPromoted (8x)] (33x)
2017-05-17 10:34:36,582 [PreLoadDataService | u:p] INFO  TXLOGGER  - Tx 570532c91f033_0_570532c91f033_0_: finished. Total: 0.105 s, RepositoryConfigService: 0.0861 s [98% getReadConfiguration (54x)] (77x), svn: 0.07 s [100% getFile content (12x)] (13x)
2017-05-17 10:34:36,651 [DBHistoryCreator-1 | u:p] INFO  TXLOGGER  - Summary: Total: 0.875 s, transactions: 0
2017-05-17 10:34:36,652 [Worker-1 | u:p | job: polarion.jobs.db.history] INFO  TXLOGGER  - Summary after DBHistoryCreator: transactions: 0, Lucene: 0.0293 s [100% add (1x)] (1x), svn: 0.00162 s [100% getLatestRevision (1x)] (1x)
2017-05-17 10:34:36,652 [Worker-1 | u:p] INFO  TXLOGGER  - Summary for 'job: polarion.jobs.db.history': Total: 0.88 s, transactions: 0, DB: 0.698 s [77% query (1044x), 14% update (1019x)] (5146x), SubterraURITable: 0.352 s [100% getDB (1018x)] (1018x)
2017-05-17 10:34:37,101 [PreLoadDataService | u:p] INFO  TXLOGGER  - Tx 570532c939834_0_570532c939834_0_: finished. Total: 0.519 s, svn: 0.466 s [65% getFile content (47x), 35% getDir2 content (17x)] (65x), RepositoryConfigService: 0.341 s [100% getReadConfiguration (164x)] (180x)
2017-05-17 10:34:37,372 [PreLoadDataService | u:p] INFO  TXLOGGER  - Tx 570532c9bb435_0_570532c9bb435_0_: finished. Total: 0.271 s, svn: 0.25 s [51% getFile content (21x), 49% getDir2 content (17x)] (39x), RepositoryConfigService: 0.142 s [99% getReadConfiguration (88x)] (110x)
2017-05-17 10:34:37,484 [PreLoadDataService | u:p] INFO  TXLOGGER  - Tx 570532c9ff036_0_570532c9ff036_0_: finished. Total: 0.112 s, svn: 0.102 s [58% getDir2 content (11x), 42% getFile content (8x)] (20x), RepositoryConfigService: 0.0493 s [99% getReadConfiguration (38x)] (54x)
2017-05-17 10:34:37,484 [PreLoadDataService] INFO  TXLOGGER  - Summary for 'PreloadDataService': Total: 1.9 s, transactions: 7, svn: 1.36 s [54% getFile content (116x), 42% getDir2 content (72x)] (206x), RepositoryConfigService: 0.704 s [97% getReadConfiguration (402x)] (485x), resolve: 0.425 s [32% TimePoint (5x), 31% User (8x), 22% Category (6x)] (22x)
2017-05-17 10:34:37,485 [PreLoadDataService] INFO  TXLOGGER  - Summary after preload: transactions: 7, svn: 1.36 s [54% getFile content (116x), 42% getDir2 content (72x)] (206x), RepositoryConfigService: 0.704 s [97% getReadConfiguration (402x)] (485x), DB: 0.698 s [77% query (1044x), 14% update (1019x)] (5146x), resolve: 0.425 s [32% TimePoint (5x), 31% User (9x), 22% Category (6x)] (23x), SubterraURITable: 0.352 s [100% getDB (1018x)] (1018x), Lucene: 0.0725 s [60% search (5x), 40% add (1x)] (6x)
2017-05-17 10:34:48,943 [ajp-nio-8889-exec-7 | u:admin] INFO  TXLOGGER  - Summary for 'PortalDataService.getInitData': Total: 0.191 s, transactions: 3, RepositoryConfigService: 0.0124 s [100% getReadConfiguration (8x)] (13x)
2017-05-17 10:34:49,436 [ajp-nio-8889-exec-8 | u:admin] INFO  TXLOGGER  - Summary for 'PortalDataService.requestPortalSite': Total: 0.136 s, transactions: 7, RepositoryConfigService: 0.0536 s [80% getReadConfiguration (18x)] (26x), svn: 0.0504 s [51% info (4x), 33% getFile content (4x)] (16x)
2017-05-17 10:41:49,017 [ajp-nio-8889-exec-9 | u:admin] INFO  TXLOGGER  - Tx 5705346ed804b_0_5705346ed804b_0_: finished. Total: 0.696 s, svn: 0.607 s [94% endActivity (1x)] (11x), processed revs: [4, 4 (delay 0s)], write: true
2017-05-17 10:41:49,019 [ajp-nio-8889-exec-9 | u:admin] INFO  TXLOGGER  - Summary for 'WikiDataService.saveRepository': Total: 0.698 s, transactions: 1, svn: 0.607 s [94% endActivity (1x)] (11x)
2017-05-17 11:00:01,751 [Worker-1 | u:p] INFO  TXLOGGER  - Summary for 'job: update.plan.refresh.index': Total: 0.735 s, transactions: 0, resolve: 0.42 s [93% WorkItem (15x)] (167x), svn: 0.371 s [36% getFile content (16x), 32% getDir2 content (16x), 32% info (17x)] (50x), Lucene: 0.201 s [100% refresh (1x)] (2x), DB: 0.104 s [91% update (181x)] (220x)
2017-05-17 11:00:01,784 [Worker-0 | u:p] INFO  TXLOGGER  - Summary for 'job: update.plan': Total: 1.72 s, transactions: 10, resolve: 0.609 s [91% WorkItems (2x)] (96x), svn: 0.491 s [34% info (26x), 33% getFile content (21x), 33% getDir2 content (19x)] (78x), planQueryExpander: 0.125 s [100% expand (6x)] (12x)
2017-05-17 11:07:49,883 [ajp-nio-8889-exec-5 | u:admin | uri:/polarion/wiki/bin/view/project/drivepilot/page/Home | wiki: view http://localhost/polarion/wiki/bin/view/project/drivepilot/page/Home] INFO  TXLOGGER  - Tx 57053a637b868_0_57053a637b868_0_: finished. Total: 0.333 s, svn: 0.247 s [82% info (36x)] (43x), resolve: 0.172 s [98% WikiPage (24x)] (38x)
2017-05-17 11:07:49,928 [ajp-nio-8889-exec-5] INFO  TXLOGGER  - Summary for 'servlet /polarion/wiki/bin/view/project/drivepilot/page/Home': Total: 1.53 s, transactions: 6, Velocity: 1.26 s [100% evaluate in Wiki (1x)] (1x), svn: 0.942 s [81% info (132x)] (163x), resolve: 0.212 s [98% WikiPage (41x)] (59x)
2017-05-17 11:07:50,051 [ajp-nio-8889-exec-6] INFO  TXLOGGER  - Summary for 'servlet /polarion/wiki/skins/sidecar/elements.css?buildNumber=20170314-0722': Total: 0.107 s, transactions: 0
2017-05-17 11:07:50,135 [ajp-nio-8889-exec-10] INFO  TXLOGGER  - Summary for 'servlet /polarion/wiki/skins/sidecar/screenlayout.css?buildNumber=20170314-0722': Total: 0.102 s, transactions: 0
2017-05-17 11:07:50,149 [ajp-nio-8889-exec-4] INFO  TXLOGGER  - Summary for 'servlet /polarion/wiki/skins/sidecar/rss.css?buildNumber=20170314-0722': Total: 0.117 s, transactions: 0
2017-05-17 11:07:50,192 [ajp-nio-8889-exec-5] INFO  TXLOGGER  - Summary for 'servlet /polarion/wiki/skins/sidecar/colorsblue.css?buildNumber=20170314-0722': Total: 0.141 s, transactions: 0
2017-05-17 11:07:51,049 [ajp-nio-8889-exec-7] INFO  TXLOGGER  - Summary for 'servlet /polarion/wiki/skins/sidecar/rico/src/rico.js?buildNumber=20170314-0722': Total: 0.28 s, transactions: 0
2017-05-17 11:07:51,541 [ajp-nio-8889-exec-2] INFO  TXLOGGER  - Summary for 'servlet /polarion/wiki/bin/download/project/drivepilot/page/_default/Home/project_logo.jpg': Total: 0.121 s, transactions: 0, svn: 0.0381 s [100% info (2x)] (2x)
2017-05-17 11:07:55,046 [ajp-nio-8889-exec-4] INFO  TXLOGGER  - Summary for 'servlet /polarion/wiki/bin/view/page/Home': Total: 0.593 s, transactions: 2, svn: 0.432 s [59% info (52x), 22% getFile properties (18x)] (83x), Velocity: 0.156 s [100% evaluate in Wiki (1x)] (1x), resolve: 0.0446 s [99% WikiPage (15x)] (18x)
2017-05-17 11:07:55,404 [ajp-nio-8889-exec-8] INFO  TXLOGGER  - Summary for 'servlet /polarion/wiki/bin/download/page/_default/Home/CreateNewProject.png': Total: 0.269 s, transactions: 0
2017-05-17 11:07:55,430 [ajp-nio-8889-exec-4] INFO  TXLOGGER  - Summary for 'servlet /polarion/wiki/bin/download/page/_default/Home/VideoLiveDocs.png': Total: 0.269 s, transactions: 0, svn: 0.0143 s [100% info (2x)] (2x)
2017-05-17 11:07:55,432 [ajp-nio-8889-exec-1] INFO  TXLOGGER  - Summary for 'servlet /polarion/wiki/bin/download/page/_default/Home/TutorialVideos.png': Total: 0.278 s, transactions: 0, svn: 0.0208 s [100% info (2x)] (2x)
2017-05-17 11:07:55,434 [ajp-nio-8889-exec-3] INFO  TXLOGGER  - Summary for 'servlet /polarion/wiki/bin/download/page/_default/Home/WatchAll.png': Total: 0.272 s, transactions: 0, svn: 0.0162 s [100% info (2x)] (2x)
2017-05-17 11:07:55,436 [ajp-nio-8889-exec-6] INFO  TXLOGGER  - Summary for 'servlet /polarion/wiki/bin/download/page/_default/Home/VideoPortal.png': Total: 0.28 s, transactions: 0, svn: 0.0205 s [100% info (2x)] (2x)
2017-05-17 11:09:36,315 [ajp-nio-8889-exec-3 | u:admin] INFO  TXLOGGER  - Tx 57053acb2887b_0_57053acb2887b_0_: finished. Total: 0.601 s, svn: 0.527 s [96% endActivity (1x)] (11x), processed revs: [5, 5 (delay 0s)], write: true
2017-05-17 11:09:36,315 [ajp-nio-8889-exec-3 | u:admin] INFO  TXLOGGER  - Summary for 'WikiDataService.saveRepository': Total: 0.601 s, transactions: 1, svn: 0.527 s [96% endActivity (1x)] (11x)
2017-05-17 11:10:27,141 [ajp-nio-8889-exec-1 | u:admin] INFO  TXLOGGER  - Tx 57053afcce088_0_57053afcce088_0_: finished. Total: 0.589 s, svn: 0.546 s [97% endActivity (1x)] (8x), processed revs: [6, 6 (delay 0s)], write: true
2017-05-17 11:10:27,141 [ajp-nio-8889-exec-1 | u:admin] INFO  TXLOGGER  - Summary for 'WikiDataService.saveRepository': Total: 0.589 s, transactions: 1, svn: 0.546 s [97% endActivity (1x)] (8x)
2017-05-17 11:10:45,608 [ajp-nio-8889-exec-2 | u:admin] INFO  TXLOGGER  - Tx 57053b0edd495_0_57053b0edd495_0_: finished. Total: 0.562 s, svn: 0.524 s [97% endActivity (1x)] (7x), processed revs: [7, 7 (delay 0s)], write: true
2017-05-17 11:10:45,608 [ajp-nio-8889-exec-2 | u:admin] INFO  TXLOGGER  - Summary for 'WikiDataService.saveRepository': Total: 0.563 s, transactions: 1, svn: 0.524 s [97% endActivity (1x)] (7x)
