2017-05-16 12:58:59,472 [localhost-startStop-1] INFO  com.siemens.polarion.rt.config.RtAppConfig  - RT server config is created
2017-05-16 12:59:00,857 [localhost-startStop-1] INFO  com.siemens.polarion.rt.parsers.RtParserProviderImpl  - Initialization of RT parsers...
2017-05-16 12:59:00,859 [localhost-startStop-1] INFO  com.siemens.polarion.rt.parsers.RtParserProviderImpl  - Found parser com.siemens.polarion.rt.parsers.c (contributed by 'com.siemens.polarion.rt.parsers.c')
2017-05-16 12:59:00,860 [localhost-startStop-1] INFO  com.siemens.polarion.rt.parsers.RtParserProviderImpl  - Found parser com.siemens.polarion.rt.parsers.java (contributed by 'com.siemens.polarion.rt')
2017-05-16 12:59:00,861 [localhost-startStop-1] INFO  com.siemens.polarion.rt.parsers.RtParserProviderImpl  - Found parser com.siemens.polarion.rt.parsers.xml (contributed by 'com.siemens.polarion.rt')
2017-05-16 12:59:01,125 [localhost-startStop-1] INFO  com.siemens.polarion.rt.collectors.RtCollectorProviderImpl  - Initialization of RT collectors...
2017-05-16 12:59:01,126 [localhost-startStop-1] INFO  com.siemens.polarion.rt.collectors.RtCollectorProviderImpl  - Found collector for subversion (contributed by 'com.siemens.polarion.rt')
2017-05-16 12:59:01,126 [localhost-startStop-1] INFO  com.siemens.polarion.rt.collectors.RtCollectorProviderImpl  - Found collector for git (contributed by 'com.siemens.polarion.rt.collectors.git')
2017-05-16 12:59:12,798 [ajp-nio-8889-exec-1] INFO  com.siemens.polarion.rt.config.RtAppConfig  - RT server config is created
2017-05-16 12:59:13,207 [ajp-nio-8889-exec-1] INFO  com.siemens.polarion.rt.parsers.RtParserProviderImpl  - Initialization of RT parsers...
2017-05-16 12:59:13,207 [ajp-nio-8889-exec-1] INFO  com.siemens.polarion.rt.parsers.RtParserProviderImpl  - Found parser com.siemens.polarion.rt.parsers.c (contributed by 'com.siemens.polarion.rt.parsers.c')
2017-05-16 12:59:13,207 [ajp-nio-8889-exec-1] INFO  com.siemens.polarion.rt.parsers.RtParserProviderImpl  - Found parser com.siemens.polarion.rt.parsers.java (contributed by 'com.siemens.polarion.rt')
2017-05-16 12:59:13,207 [ajp-nio-8889-exec-1] INFO  com.siemens.polarion.rt.parsers.RtParserProviderImpl  - Found parser com.siemens.polarion.rt.parsers.xml (contributed by 'com.siemens.polarion.rt')
2017-05-16 12:59:13,265 [ajp-nio-8889-exec-1] INFO  com.siemens.polarion.rt.collectors.RtCollectorProviderImpl  - Initialization of RT collectors...
2017-05-16 12:59:13,265 [ajp-nio-8889-exec-1] INFO  com.siemens.polarion.rt.collectors.RtCollectorProviderImpl  - Found collector for subversion (contributed by 'com.siemens.polarion.rt')
2017-05-16 12:59:13,265 [ajp-nio-8889-exec-1] INFO  com.siemens.polarion.rt.collectors.RtCollectorProviderImpl  - Found collector for git (contributed by 'com.siemens.polarion.rt.collectors.git')
2017-05-16 12:59:14,306 [main | u:p] ERROR com.siemens.polarion.rt.communication.connection.RtRequestFactory  - The Resource Traceability Server returned a 500 status.
2017-05-16 12:59:14,306 [main | u:p] INFO  com.siemens.polarion.rt.communication.connection.RtNotificationStartup  - Rt notification service is started
2017-05-16 12:59:14,306 [Notify-Rt-Thread] ERROR com.siemens.polarion.rt.communication.connection.RtNotifier  - There was an error contacting RT server: The Resource Traceability Server returned a 500 status.. Polarion will retry in 0 sec
2017-05-16 12:59:14,831 [ajp-nio-8889-exec-2] INFO  com.siemens.polarion.rt.config.RtAppConfig  - RT server config is created
2017-05-16 12:59:15,377 [ajp-nio-8889-exec-2] INFO  com.siemens.polarion.rt.parsers.RtParserProviderImpl  - Initialization of RT parsers...
2017-05-16 12:59:15,377 [ajp-nio-8889-exec-2] INFO  com.siemens.polarion.rt.parsers.RtParserProviderImpl  - Found parser com.siemens.polarion.rt.parsers.c (contributed by 'com.siemens.polarion.rt.parsers.c')
2017-05-16 12:59:15,377 [ajp-nio-8889-exec-2] INFO  com.siemens.polarion.rt.parsers.RtParserProviderImpl  - Found parser com.siemens.polarion.rt.parsers.java (contributed by 'com.siemens.polarion.rt')
2017-05-16 12:59:15,377 [ajp-nio-8889-exec-2] INFO  com.siemens.polarion.rt.parsers.RtParserProviderImpl  - Found parser com.siemens.polarion.rt.parsers.xml (contributed by 'com.siemens.polarion.rt')
2017-05-16 12:59:15,449 [ajp-nio-8889-exec-2] INFO  com.siemens.polarion.rt.collectors.RtCollectorProviderImpl  - Initialization of RT collectors...
2017-05-16 12:59:15,449 [ajp-nio-8889-exec-2] INFO  com.siemens.polarion.rt.collectors.RtCollectorProviderImpl  - Found collector for subversion (contributed by 'com.siemens.polarion.rt')
2017-05-16 12:59:15,449 [ajp-nio-8889-exec-2] INFO  com.siemens.polarion.rt.collectors.RtCollectorProviderImpl  - Found collector for git (contributed by 'com.siemens.polarion.rt.collectors.git')
2017-05-16 12:59:16,475 [Notify-Rt-Thread] ERROR com.siemens.polarion.rt.communication.connection.RtRequestFactory  - The Resource Traceability Server returned a 500 status.
2017-05-16 12:59:16,475 [Notify-Rt-Thread] ERROR com.siemens.polarion.rt.communication.connection.RtNotifier  - There was an error contacting RT server: The Resource Traceability Server returned a 500 status.. Polarion will retry in 1 sec
2017-05-16 12:59:17,489 [ajp-nio-8889-exec-3] INFO  com.siemens.polarion.rt.config.RtAppConfig  - RT server config is created
2017-05-16 12:59:17,886 [ajp-nio-8889-exec-3] INFO  com.siemens.polarion.rt.parsers.RtParserProviderImpl  - Initialization of RT parsers...
2017-05-16 12:59:17,886 [ajp-nio-8889-exec-3] INFO  com.siemens.polarion.rt.parsers.RtParserProviderImpl  - Found parser com.siemens.polarion.rt.parsers.c (contributed by 'com.siemens.polarion.rt.parsers.c')
2017-05-16 12:59:17,886 [ajp-nio-8889-exec-3] INFO  com.siemens.polarion.rt.parsers.RtParserProviderImpl  - Found parser com.siemens.polarion.rt.parsers.java (contributed by 'com.siemens.polarion.rt')
2017-05-16 12:59:17,886 [ajp-nio-8889-exec-3] INFO  com.siemens.polarion.rt.parsers.RtParserProviderImpl  - Found parser com.siemens.polarion.rt.parsers.xml (contributed by 'com.siemens.polarion.rt')
2017-05-16 12:59:17,934 [ajp-nio-8889-exec-3] INFO  com.siemens.polarion.rt.collectors.RtCollectorProviderImpl  - Initialization of RT collectors...
2017-05-16 12:59:17,934 [ajp-nio-8889-exec-3] INFO  com.siemens.polarion.rt.collectors.RtCollectorProviderImpl  - Found collector for subversion (contributed by 'com.siemens.polarion.rt')
2017-05-16 12:59:17,934 [ajp-nio-8889-exec-3] INFO  com.siemens.polarion.rt.collectors.RtCollectorProviderImpl  - Found collector for git (contributed by 'com.siemens.polarion.rt.collectors.git')
2017-05-16 12:59:18,954 [Notify-Rt-Thread] ERROR com.siemens.polarion.rt.communication.connection.RtRequestFactory  - The Resource Traceability Server returned a 500 status.
2017-05-16 12:59:18,954 [Notify-Rt-Thread] ERROR com.siemens.polarion.rt.communication.connection.RtNotifier  - There was an error contacting RT server: The Resource Traceability Server returned a 500 status.. Polarion will retry in 2 sec
2017-05-16 12:59:20,965 [ajp-nio-8889-exec-4] INFO  com.siemens.polarion.rt.config.RtAppConfig  - RT server config is created
2017-05-16 12:59:21,333 [ajp-nio-8889-exec-4] INFO  com.siemens.polarion.rt.parsers.RtParserProviderImpl  - Initialization of RT parsers...
2017-05-16 12:59:21,333 [ajp-nio-8889-exec-4] INFO  com.siemens.polarion.rt.parsers.RtParserProviderImpl  - Found parser com.siemens.polarion.rt.parsers.c (contributed by 'com.siemens.polarion.rt.parsers.c')
2017-05-16 12:59:21,333 [ajp-nio-8889-exec-4] INFO  com.siemens.polarion.rt.parsers.RtParserProviderImpl  - Found parser com.siemens.polarion.rt.parsers.java (contributed by 'com.siemens.polarion.rt')
2017-05-16 12:59:21,333 [ajp-nio-8889-exec-4] INFO  com.siemens.polarion.rt.parsers.RtParserProviderImpl  - Found parser com.siemens.polarion.rt.parsers.xml (contributed by 'com.siemens.polarion.rt')
2017-05-16 12:59:21,368 [ajp-nio-8889-exec-4] INFO  com.siemens.polarion.rt.collectors.RtCollectorProviderImpl  - Initialization of RT collectors...
2017-05-16 12:59:21,369 [ajp-nio-8889-exec-4] INFO  com.siemens.polarion.rt.collectors.RtCollectorProviderImpl  - Found collector for subversion (contributed by 'com.siemens.polarion.rt')
2017-05-16 12:59:21,369 [ajp-nio-8889-exec-4] INFO  com.siemens.polarion.rt.collectors.RtCollectorProviderImpl  - Found collector for git (contributed by 'com.siemens.polarion.rt.collectors.git')
2017-05-16 12:59:22,388 [Notify-Rt-Thread] ERROR com.siemens.polarion.rt.communication.connection.RtRequestFactory  - The Resource Traceability Server returned a 500 status.
2017-05-16 12:59:22,388 [Notify-Rt-Thread] ERROR com.siemens.polarion.rt.communication.connection.RtNotifier  - There was an error contacting RT server: The Resource Traceability Server returned a 500 status.. Polarion will retry in 4 sec
2017-05-16 12:59:26,400 [ajp-nio-8889-exec-5] INFO  com.siemens.polarion.rt.config.RtAppConfig  - RT server config is created
2017-05-16 12:59:26,763 [ajp-nio-8889-exec-5] INFO  com.siemens.polarion.rt.parsers.RtParserProviderImpl  - Initialization of RT parsers...
2017-05-16 12:59:26,763 [ajp-nio-8889-exec-5] INFO  com.siemens.polarion.rt.parsers.RtParserProviderImpl  - Found parser com.siemens.polarion.rt.parsers.c (contributed by 'com.siemens.polarion.rt.parsers.c')
2017-05-16 12:59:26,763 [ajp-nio-8889-exec-5] INFO  com.siemens.polarion.rt.parsers.RtParserProviderImpl  - Found parser com.siemens.polarion.rt.parsers.java (contributed by 'com.siemens.polarion.rt')
2017-05-16 12:59:26,763 [ajp-nio-8889-exec-5] INFO  com.siemens.polarion.rt.parsers.RtParserProviderImpl  - Found parser com.siemens.polarion.rt.parsers.xml (contributed by 'com.siemens.polarion.rt')
2017-05-16 12:59:26,793 [ajp-nio-8889-exec-5] INFO  com.siemens.polarion.rt.collectors.RtCollectorProviderImpl  - Initialization of RT collectors...
2017-05-16 12:59:26,793 [ajp-nio-8889-exec-5] INFO  com.siemens.polarion.rt.collectors.RtCollectorProviderImpl  - Found collector for subversion (contributed by 'com.siemens.polarion.rt')
2017-05-16 12:59:26,793 [ajp-nio-8889-exec-5] INFO  com.siemens.polarion.rt.collectors.RtCollectorProviderImpl  - Found collector for git (contributed by 'com.siemens.polarion.rt.collectors.git')
2017-05-16 12:59:27,811 [Notify-Rt-Thread] ERROR com.siemens.polarion.rt.communication.connection.RtRequestFactory  - The Resource Traceability Server returned a 500 status.
2017-05-16 12:59:27,811 [Notify-Rt-Thread] ERROR com.siemens.polarion.rt.communication.connection.RtNotifier  - There was an error contacting RT server: The Resource Traceability Server returned a 500 status.. Polarion will retry in 8 sec
2017-05-16 12:59:35,822 [ajp-nio-8889-exec-6] INFO  com.siemens.polarion.rt.config.RtAppConfig  - RT server config is created
