2017-05-15 18:47:46,180 [main] INFO  com.polarion.platform.startup  - ****************************************************************
2017-05-15 18:47:46,180 [main] INFO  com.polarion.platform.startup  -                 Polarion starting, please wait!                 
2017-05-15 18:47:46,180 [main] INFO  com.polarion.platform.startup  - ****************************************************************
2017-05-15 18:47:46,180 [main] INFO  com.polarion.platform.startup  - Server start mode: normal
2017-05-15 18:47:46,180 [main] INFO  com.polarion.platform.startup  - ------------------------------
2017-05-15 18:47:46,180 [main] INFO  com.polarion.platform.startup  - Platform startup (Phase: 1/9)
2017-05-15 18:47:50,450 [main] INFO  com.polarion.platform.startup  - Opening historical database...
2017-05-15 18:47:50,656 [main] INFO  com.polarion.platform.startup  - Opening of historical database finished [ TIME 0.206 s. ]
2017-05-15 18:47:50,656 [main] INFO  com.polarion.platform.startup  - Opening head database...
2017-05-15 18:47:50,709 [main] INFO  com.polarion.platform.startup  - Opening of head database finished [ TIME 0.053 s. ]
2017-05-15 18:47:50,871 [main | u:p] INFO  com.polarion.platform.startup  -  -- Polarion startup estimation:  [ TIME 70 s. ]
2017-05-15 18:47:50,941 [main | u:p] INFO  com.polarion.platform.startup  - Platform startup ... took  [ TIME 4.77 s. ]
2017-05-15 18:47:51,045 [main | u:p] INFO  com.polarion.platform.startup  - ------------------------------
2017-05-15 18:47:51,045 [main | u:p] INFO  com.polarion.platform.startup  - Context recognition (Phase: 2/9)
2017-05-15 18:47:51,068 [main | u:p] INFO  com.polarion.platform.startup  - Context recognition ... took  [ TIME 0.13 s. ]
2017-05-15 18:47:51,069 [main | u:p] INFO  com.polarion.platform.startup  - ------------------------------
2017-05-15 18:47:51,069 [main | u:p] INFO  com.polarion.platform.startup  - Context initialization (Phase: 3/9)
2017-05-15 18:47:51,071 [LowLevelDataService-contextInitializer-2 | u:p | cluster: default] INFO  com.polarion.platform.startup  -  -- Initializing cluster: default (1/6)
2017-05-15 18:47:51,071 [LowLevelDataService-contextInitializer-3 | u:p | context: --Demo Projects] INFO  com.polarion.platform.startup  -  -- Initializing context: --Demo Projects (5/6)
2017-05-15 18:47:51,071 [LowLevelDataService-contextInitializer-5 | u:p | context: elibrary] INFO  com.polarion.platform.startup  -  -- Initializing context: elibrary (4/6)
2017-05-15 18:47:51,071 [LowLevelDataService-contextInitializer-4 | u:p | context: library] INFO  com.polarion.platform.startup  -  -- Initializing context: library (2/6)
2017-05-15 18:47:51,071 [LowLevelDataService-contextInitializer-1 | u:p | context: [GLOBAL]] INFO  com.polarion.platform.startup  -  -- Initializing context: [GLOBAL] (3/6)
2017-05-15 18:47:51,075 [LowLevelDataService-contextInitializer-1 | u:p | context: drivepilot] INFO  com.polarion.platform.startup  -  -- Initializing context: drivepilot (6/6)
2017-05-15 18:47:51,405 [main | u:p] INFO  com.polarion.platform.startup  - Context initialization ... took  [ TIME 0.34 s. ]
2017-05-15 18:47:51,411 [main | u:p] INFO  com.polarion.platform.startup  - ------------------------------
2017-05-15 18:47:51,411 [main | u:p] INFO  com.polarion.platform.startup  - Revisions processing (Phase: 4/9)
2017-05-15 18:47:51,615 [main | u:p] INFO  com.polarion.platform.startup  -  -- Processing new revisions from repository default in context ContextId[context [global]]
2017-05-15 18:47:51,624 [main | u:p] INFO  com.polarion.platform.startup  - Revisions processing ... took  [ TIME 0.22 s. ]
2017-05-15 18:47:51,663 [main | u:p] INFO  com.polarion.platform.startup  - ------------------------------
2017-05-15 18:47:51,663 [main | u:p] INFO  com.polarion.platform.startup  - Build artifacts recognition (Phase: 5/9)
2017-05-15 18:47:51,669 [main | u:p] INFO  com.polarion.platform.startup  -  -- Processing build artifacts from context: [GLOBAL] (1/6)
2017-05-15 18:47:51,773 [main | u:p] INFO  com.polarion.platform.startup  -  -- Processing build artifacts from cluster: default (2/6)
2017-05-15 18:47:51,811 [main | u:p] INFO  com.polarion.platform.startup  -  -- Processing build artifacts from context: --Demo Projects (3/6)
2017-05-15 18:47:51,858 [main | u:p] INFO  com.polarion.platform.startup  -  -- Processing build artifacts from context: library (4/6)
2017-05-15 18:47:51,966 [main | u:p] INFO  com.polarion.platform.startup  -  -- Processing build artifacts from context: elibrary (5/6)
2017-05-15 18:47:52,086 [main | u:p] INFO  com.polarion.platform.startup  -  -- Processing build artifacts from context: drivepilot (6/6)
2017-05-15 18:47:52,087 [main | u:p] INFO  com.polarion.platform.startup  - Build artifacts recognition ... took  [ TIME 0.46 s. ]
2017-05-15 18:47:52,087 [main | u:p] INFO  com.polarion.platform.startup  - ------------------------------
2017-05-15 18:47:52,087 [main | u:p] INFO  com.polarion.platform.startup  - BIR inspection (Phase: 6/9)
2017-05-15 18:47:52,116 [main | u:p] INFO  com.polarion.platform.startup  - BIR inspection ... took  [ TIME 0.03 s. ]
2017-05-15 18:47:52,116 [main | u:p] INFO  com.polarion.platform.startup  - ------------------------------
2017-05-15 18:47:52,116 [main | u:p] INFO  com.polarion.platform.startup  - Data indexing (Phase: 7/9)
2017-05-15 18:47:52,253 [main | u:p] INFO  com.polarion.platform.startup  -  -- Refreshing 1 objects in index: Revision
2017-05-15 18:47:52,257 [main | u:p] INFO  com.polarion.platform.startup  -  -- -- 1 from 1 objects were refreshed (100%)
2017-05-15 18:47:52,518 [main | u:p] INFO  com.polarion.platform.startup  - Data indexing ... took  [ TIME 0.4 s. ]
2017-05-15 18:47:52,519 [main | u:p] INFO  com.polarion.platform.startup  - ------------------------------
2017-05-15 18:47:52,519 [main | u:p] INFO  com.polarion.platform.startup  - Fields recalculation (Phase: 8/9)
2017-05-15 18:47:52,528 [main | u:p] INFO  com.polarion.platform.startup  - Fields recalculation ... took  [ TIME 0.01 s. ]
2017-05-15 18:47:52,528 [main | u:p] INFO  com.polarion.platform.startup  - ------------------------------
2017-05-15 18:47:52,528 [main | u:p] INFO  com.polarion.platform.startup  - Polarion startup (Phase: 9/9)
2017-05-15 18:48:24,097 [main] INFO  com.polarion.platform.startup  - Polarion startup ... took  [ TIME 31.57 s. ]
2017-05-15 18:48:24,098 [main] INFO  com.polarion.platform.startup  - ****************************************************************
2017-05-15 18:48:24,098 [main] INFO  com.polarion.platform.startup  -                  Polarion started:  [ TIME 37.9 s. ]
2017-05-15 18:48:24,098 [main] INFO  com.polarion.platform.startup  - ****************************************************************
