2017-05-17 17:50:21,996 [main | u:p] INFO  TXLOGGER  - Summary for 'Platform startup': transactions: 0, DB: 0.0408 s [51% update (126x), 48% query (13x)] (206x), svn: 0.0399 s [86% checkPath (1x)] (3x)
2017-05-17 17:50:22,195 [main | u:p] INFO  TXLOGGER  - Summary for 'Context recognition': transactions: 0, svn: 0.0813 s [41% info (3x), 32% getDir2 content (2x), 27% getFile content (1x)] (6x)
2017-05-17 17:50:22,641 [LowLevelDataService-contextInitializer-3 | u:p] INFO  TXLOGGER  - Summary: Total: 0.443 s, transactions: 0, svn: 0.083 s [98% log2 (5x)] (6x)
2017-05-17 17:50:22,641 [LowLevelDataService-contextInitializer-2 | u:p] INFO  TXLOGGER  - Summary: Total: 0.443 s, transactions: 0, svn: 0.0258 s [92% log2 (1x)] (2x)
2017-05-17 17:50:22,641 [LowLevelDataService-contextInitializer-1 | u:p] INFO  TXLOGGER  - Summary: Total: 0.443 s, transactions: 0, svn: 0.206 s [69% log2 (5x), 15% log (1x)] (11x), ObjectMaps: 0.043 s [100% getAllPrimaryObjects (1x)] (7x)
2017-05-17 17:50:22,641 [LowLevelDataService-contextInitializer-4 | u:p] INFO  TXLOGGER  - Summary: Total: 0.443 s, transactions: 0, svn: 0.072 s [93% log2 (5x)] (6x), ObjectMaps: 0.0517 s [100% getAllPrimaryObjects (1x)] (7x)
2017-05-17 17:50:22,641 [LowLevelDataService-contextInitializer-5 | u:p] INFO  TXLOGGER  - Summary: Total: 0.442 s, transactions: 0, svn: 0.161 s [99% log2 (5x)] (6x), ObjectMaps: 0.027 s [100% getAllPrimaryObjects (1x)] (7x)
2017-05-17 17:50:22,642 [main | u:p] INFO  TXLOGGER  - Summary for 'Context initialization': transactions: 0, svn: 0.547 s [86% log2 (21x)] (31x), ObjectMaps: 0.134 s [99% getAllPrimaryObjects (5x)] (39x)
2017-05-17 17:50:24,114 [main | u:p] INFO  TXLOGGER  - Summary for 'Revisions processing': transactions: 10, RepositoryConfigService: 0.263 s [100% getReadConfiguration (30x)] (30x), svn: 0.168 s [76% info (13x), 22% getFile content (3x)] (28x)
2017-05-17 17:50:24,782 [main | u:p] INFO  TXLOGGER  - Summary for 'Build artifacts recognition': transactions: 30, svn: 0.547 s [84% info (60x)] (103x), RepositoryConfigService: 0.458 s [100% getReadConfiguration (60x)] (60x)
2017-05-17 17:50:25,336 [main | u:p] INFO  TXLOGGER  - Summary for 'Data indexing': transactions: 0, Lucene: 0.219 s [100% refresh (2x)] (2x), SubterraURITable: 0.0944 s [100% addIfNotExistsDB (13x)] (13x), DB: 0.0162 s [48% update (30x), 22% query (13x), 22% execute (10x)] (81x)
2017-05-17 17:50:59,444 [main] INFO  TXLOGGER  - Summary for 'Polarion startup': transactions: 1, svn: 0.294 s [79% info (39x), 13% getDir2 content (4x)] (57x), RepositoryConfigService: 0.0233 s [100% getReadConfiguration (2x)] (2x)
2017-05-17 17:50:59,654 [Worker-0 | u:p | job: polarion.jobs.attachment.indexer] INFO  TXLOGGER  - Summary after AttachmentIndexer: transactions: 0, Lucene: 0.135 s [100% add (2x)] (2x), resolve: 0.0259 s [100% User (2x)] (2x), ObjectMaps: 0.00981 s [100% getPrimaryObjectLocation (2x)] (2x)
2017-05-17 17:50:59,757 [Persistence Events Processing Thread | u:p] INFO  TXLOGGER  - Tx 570596aa7fc30_0_570596aa7fc30_0_: finished. Total: 0.236 s, resolve: 0.0719 s [99% User (2x)] (4x), Lucene: 0.0483 s [59% add (1x), 41% search (1x)] (2x), svn: 0.0202 s [70% getFile content (1x), 30% getLatestRevision (2x)] (4x), ObjectMaps: 0.018 s [68% getPrimaryObjectLocation (1x), 17% getPrimaryObjectProperty (1x)] (6x)
2017-05-17 17:50:59,757 [Persistence Events Processing Thread | u:p] INFO  TXLOGGER  - Summary: Total: 0.31 s, transactions: 6, persistence listener: 0.309 s [77% RevisionActivityCreator (2x), 22% notificationsCreatingListener (1x)] (7x), resolve: 0.0736 s [96% User (2x)] (6x), Lucene: 0.0483 s [59% add (1x), 41% search (1x)] (2x), svn: 0.0202 s [70% getFile content (1x), 30% getLatestRevision (2x)] (4x), ObjectMaps: 0.018 s [68% getPrimaryObjectLocation (1x), 17% getPrimaryObjectProperty (1x)] (6x)
2017-05-17 17:51:00,095 [PreLoadDataService | u:p] INFO  TXLOGGER  - Tx 570596aa6ec2a_0_570596aa6ec2a_0_: finished. Total: 0.644 s, svn: 0.466 s [67% getDir2 content (25x), 33% getFile content (13x)] (40x), resolve: 0.289 s [52% TimePoint (5x), 48% Category (6x)] (11x)
2017-05-17 17:51:00,307 [DBHistoryCreator-2 | u:p] INFO  TXLOGGER  - Summary: Total: 0.678 s, transactions: 0
2017-05-17 17:51:00,307 [DBHistoryCreator-1 | u:p] INFO  TXLOGGER  - Summary: Total: 0.678 s, transactions: 0
2017-05-17 17:51:00,308 [Worker-1 | u:p | job: polarion.jobs.db.history] INFO  TXLOGGER  - Summary after DBHistoryCreator: transactions: 36, persistence listener: 0.312 s [77% RevisionActivityCreator (12x), 22% notificationsCreatingListener (6x)] (42x), Lucene: 0.104 s [81% add (2x)] (3x), resolve: 0.0738 s [96% User (3x)] (7x), svn: 0.0202 s [70% getFile content (1x), 30% getLatestRevision (2x)] (4x), ObjectMaps: 0.018 s [68% getPrimaryObjectLocation (1x), 17% getPrimaryObjectProperty (1x)] (6x)
2017-05-17 17:51:00,308 [Worker-1 | u:p] INFO  TXLOGGER  - Summary for 'job: polarion.jobs.db.history': Total: 0.684 s, transactions: 0, SubterraURITable: 0.372 s [100% getDB (1070x)] (1070x), DB: 0.365 s [52% query (1096x), 31% update (1071x)] (5414x)
2017-05-17 17:51:00,483 [PreLoadDataService | u:p] INFO  TXLOGGER  - Tx 570596ab31850_0_570596ab31850_0_: finished. Total: 0.252 s, svn: 0.151 s [58% getFile content (11x), 42% info (6x)] (18x), resolve: 0.118 s [100% User (8x)] (8x), RepositoryConfigService: 0.112 s [81% getReadConfiguration (56x)] (58x), ObjectMaps: 0.0145 s [48% getPrimaryObjectLocation (7x), 29% getPrimaryObjectProperty (7x), 22% getLastPromoted (7x)] (28x)
2017-05-17 17:51:00,596 [PreLoadDataService | u:p] INFO  TXLOGGER  - Tx 570596ab71051_0_570596ab71051_0_: finished. Total: 0.112 s, RepositoryConfigService: 0.0938 s [98% getReadConfiguration (54x)] (77x), svn: 0.0788 s [100% getFile content (12x)] (13x)
2017-05-17 17:51:01,501 [PreLoadDataService | u:p] INFO  TXLOGGER  - Tx 570596ab8d052_0_570596ab8d052_0_: finished. Total: 0.904 s, svn: 0.849 s [70% getFile content (47x), 30% getDir2 content (17x)] (65x), RepositoryConfigService: 0.632 s [100% getReadConfiguration (164x)] (180x)
2017-05-17 17:51:01,995 [PreLoadDataService | u:p] INFO  TXLOGGER  - Tx 570596ac6f453_0_570596ac6f453_0_: finished. Total: 0.493 s, svn: 0.466 s [54% getDir2 content (17x), 46% getFile content (21x)] (39x), RepositoryConfigService: 0.236 s [99% getReadConfiguration (88x)] (110x)
2017-05-17 17:51:02,154 [PreLoadDataService | u:p] INFO  TXLOGGER  - Tx 570596aceac54_0_570596aceac54_0_: finished. Total: 0.159 s, svn: 0.135 s [59% getDir2 content (11x), 41% getFile content (8x)] (20x), RepositoryConfigService: 0.0747 s [99% getReadConfiguration (38x)] (54x)
2017-05-17 17:51:02,155 [PreLoadDataService] INFO  TXLOGGER  - Summary for 'PreloadDataService': Total: 2.71 s, transactions: 7, svn: 2.2 s [55% getFile content (115x), 41% getDir2 content (72x)] (205x), RepositoryConfigService: 1.17 s [98% getReadConfiguration (402x)] (481x), resolve: 0.49 s [31% TimePoint (5x), 28% Category (6x), 24% User (8x)] (22x)
2017-05-17 17:51:02,156 [PreLoadDataService] INFO  TXLOGGER  - Summary after preload: transactions: 7, svn: 2.21 s [55% getFile content (115x), 41% getDir2 content (72x)] (206x), RepositoryConfigService: 1.17 s [98% getReadConfiguration (402x)] (481x), resolve: 0.49 s [31% TimePoint (5x), 28% Category (6x), 24% User (9x)] (23x), SubterraURITable: 0.372 s [100% getDB (1070x)] (1070x), DB: 0.365 s [52% query (1096x), 31% update (1071x)] (5414x)
2017-05-17 17:51:07,898 [ajp-nio-8889-exec-1 | u:admin] INFO  TXLOGGER  - Summary for 'PortalDataService.getInitData': Total: 0.211 s, transactions: 3, RepositoryConfigService: 0.0195 s [100% getReadConfiguration (8x)] (13x), svn: 0.0141 s [56% getDir2 content (1x), 44% info (1x)] (5x)
2017-05-17 17:51:08,498 [ajp-nio-8889-exec-2 | u:admin] INFO  TXLOGGER  - Summary for 'PortalDataService.requestPortalSite': Total: 0.166 s, transactions: 5, RepositoryConfigService: 0.0602 s [72% getReadConfiguration (18x), 28% getReadUserConfiguration (2x)] (26x), svn: 0.059 s [50% info (3x), 50% getFile content (4x)] (12x)
2017-05-17 17:51:33,667 [ajp-nio-8889-exec-8] INFO  TXLOGGER  - Summary for 'servlet /polarion/wiki/bin/view/page/Home': Total: 0.963 s, transactions: 2, svn: 0.545 s [59% info (54x), 21% getFile properties (18x), 16% getFile content (11x)] (86x), Velocity: 0.331 s [100% evaluate in Wiki (1x)] (1x)
2017-05-17 17:51:33,869 [ajp-nio-8889-exec-5] INFO  TXLOGGER  - Summary for 'servlet /polarion/wiki/bin/download/page/_default/Home/IveGotTime.png': Total: 0.16 s, transactions: 0, svn: 0.0518 s [100% info (2x)] (2x)
2017-05-17 17:51:33,875 [ajp-nio-8889-exec-4] INFO  TXLOGGER  - Summary for 'servlet /polarion/wiki/bin/download/page/_default/Home/TimeIsShort.png': Total: 0.167 s, transactions: 0, svn: 0.0539 s [100% info (2x)] (2x)
2017-05-17 17:51:33,875 [ajp-nio-8889-exec-3] INFO  TXLOGGER  - Summary for 'servlet /polarion/wiki/bin/download/page/_default/Home/ProjectDrivePilot.png': Total: 0.165 s, transactions: 0, svn: 0.0568 s [100% info (2x)] (2x)
2017-05-17 17:51:33,880 [ajp-nio-8889-exec-6] INFO  TXLOGGER  - Summary for 'servlet /polarion/wiki/bin/download/page/_default/Home/ProjectElibrary.png': Total: 0.172 s, transactions: 0, svn: 0.0642 s [100% info (2x)] (2x)
2017-05-17 17:51:33,915 [ajp-nio-8889-exec-9] INFO  TXLOGGER  - Summary for 'servlet /polarion/wiki/bin/download/page/_default/Home/TutorialVideos.png': Total: 0.106 s, transactions: 0, svn: 0.0197 s [100% info (2x)] (2x)
2017-05-17 17:51:52,486 [ajp-nio-8889-exec-4 | u:admin] INFO  TXLOGGER  - Summary for 'PortalDataService.requestPortalSite': Total: 0.102 s, transactions: 5, svn: 0.075 s [44% getFile content (3x), 41% info (3x)] (12x), RepositoryConfigService: 0.062 s [100% getReadConfiguration (26x)] (49x)
2017-05-17 18:00:01,935 [Worker-0 | u:p] INFO  TXLOGGER  - Summary for 'job: update.plan.refresh.index': Total: 0.804 s, transactions: 0, resolve: 0.564 s [94% WorkItem (15x)] (167x), svn: 0.512 s [34% info (17x), 34% getFile content (16x), 32% getDir2 content (16x)] (50x), Lucene: 0.16 s [100% refresh (1x)] (2x), DB: 0.0659 s [88% update (181x)] (220x)
2017-05-17 18:00:01,972 [Worker-1 | u:p] INFO  TXLOGGER  - Summary for 'job: update.plan': Total: 1.91 s, transactions: 10, resolve: 0.749 s [92% WorkItems (2x)] (96x), svn: 0.667 s [36% info (26x), 34% getFile content (21x), 30% getDir2 content (19x)] (78x), planQueryExpander: 0.122 s [100% expand (6x)] (12x)
