2017-05-15 19:21:28,106 [ajp-nio-8889-exec-3 | u:admin] ERROR com.polarion.portal.internal.server.rpc.UICustomizationDataProvider  - Error writing UI data for user admin - The requested operation cannot be performed on a file with a user-mapped section open
java.io.IOException: The requested operation cannot be performed on a file with a user-mapped section open
	at sun.nio.ch.FileDispatcherImpl.truncate0(Native Method)
	at sun.nio.ch.FileDispatcherImpl.truncate(Unknown Source)
	at sun.nio.ch.FileChannelImpl.truncate(Unknown Source)
	at com.polarion.core.util.FileHelper.updateWithLock(FileHelper.java:795)
	at com.polarion.core.util.FileHelper.updateWithLock(FileHelper.java:751)
	at com.polarion.portal.internal.server.rpc.UICustomizationDataProvider.writeUserDataNew(UICustomizationDataProvider.java:204)
	at com.polarion.portal.internal.server.rpc.UICustomizationDataProvider.writeUserData(UICustomizationDataProvider.java:187)
	at com.polarion.portal.internal.server.rpc.UICustomizationDataProvider.saveData(UICustomizationDataProvider.java:170)
	at com.polarion.alm.ui.server.navigation.internal.PortalDataServiceImpl.saveUICustomizationData(PortalDataServiceImpl.java:91)
	at sun.reflect.GeneratedMethodAccessor245.invoke(Unknown Source)
	at sun.reflect.DelegatingMethodAccessorImpl.invoke(Unknown Source)
	at java.lang.reflect.Method.invoke(Unknown Source)
	at com.google.gwt.user.server.rpc.RPC.invokeAndEncodeResponse(RPC.java:561)
	at com.google.gwt.user.server.rpc.RemoteServiceServlet.processCall(RemoteServiceServlet.java:265)
	at com.polarion.alm.ui.server.rpc.RPCServlet.processCall(RPCServlet.java:96)
	at com.google.gwt.user.server.rpc.RemoteServiceServlet.processPost(RemoteServiceServlet.java:305)
	at com.google.gwt.user.server.rpc.AbstractRemoteServiceServlet.doPost(AbstractRemoteServiceServlet.java:62)
	at javax.servlet.http.HttpServlet.service(HttpServlet.java:648)
	at javax.servlet.http.HttpServlet.service(HttpServlet.java:729)
	at org.apache.catalina.core.ApplicationFilterChain.internalDoFilter(ApplicationFilterChain.java:291)
	at org.apache.catalina.core.ApplicationFilterChain.doFilter(ApplicationFilterChain.java:206)
	at com.polarion.alm.ui.server.ExpiresFilterForGWT.doFilter(ExpiresFilterForGWT.java:41)
	at org.apache.catalina.core.ApplicationFilterChain.internalDoFilter(ApplicationFilterChain.java:239)
	at org.apache.catalina.core.ApplicationFilterChain.doFilter(ApplicationFilterChain.java:206)
	at com.polarion.alm.server.util.VelocityInstanceFilter.doFilter(VelocityInstanceFilter.java:61)
	at org.apache.catalina.core.ApplicationFilterChain.internalDoFilter(ApplicationFilterChain.java:239)
	at org.apache.catalina.core.ApplicationFilterChain.doFilter(ApplicationFilterChain.java:206)
	at com.polarion.portal.tomcat.servlets.DoAsFilter.doFilterAndShowUri(DoAsFilter.java:148)
	at com.polarion.portal.tomcat.servlets.DoAsFilter.access$0(DoAsFilter.java:143)
	at com.polarion.portal.tomcat.servlets.DoAsFilter$1.run(DoAsFilter.java:122)
	at java.security.AccessController.doPrivileged(Native Method)
	at javax.security.auth.Subject.doAs(Unknown Source)
	at com.polarion.platform.internal.security.SubjectNDC.doAs(SubjectNDC.java:69)
	at com.polarion.portal.tomcat.servlets.DoAsFilter.doFilterImpl(DoAsFilter.java:119)
	at com.polarion.portal.tomcat.servlets.DoAsFilter.doFilterInContexts(DoAsFilter.java:96)
	at com.polarion.portal.tomcat.servlets.DoAsFilter.doFilter(DoAsFilter.java:89)
	at org.apache.catalina.core.ApplicationFilterChain.internalDoFilter(ApplicationFilterChain.java:239)
	at org.apache.catalina.core.ApplicationFilterChain.doFilter(ApplicationFilterChain.java:206)
	at com.polarion.portal.tomcat.servlets.SecurityCheckFilter.doFilter(SecurityCheckFilter.java:46)
	at org.apache.catalina.core.ApplicationFilterChain.internalDoFilter(ApplicationFilterChain.java:239)
	at org.apache.catalina.core.ApplicationFilterChain.doFilter(ApplicationFilterChain.java:206)
	at org.apache.catalina.core.StandardWrapperValve.invoke(StandardWrapperValve.java:212)
	at org.apache.catalina.core.StandardContextValve.invoke(StandardContextValve.java:106)
	at org.apache.catalina.core.StandardHostValve.invoke(StandardHostValve.java:141)
	at org.apache.catalina.valves.ErrorReportValve.invoke(ErrorReportValve.java:79)
	at org.apache.catalina.core.StandardEngineValve.invoke(StandardEngineValve.java:88)
	at org.apache.catalina.authenticator.SingleSignOn.invoke(SingleSignOn.java:291)
	at org.apache.catalina.connector.CoyoteAdapter.service(CoyoteAdapter.java:521)
	at org.apache.coyote.ajp.AbstractAjpProcessor.process(AbstractAjpProcessor.java:850)
	at org.apache.coyote.AbstractProtocol$AbstractConnectionHandler.process(AbstractProtocol.java:674)
	at org.apache.tomcat.util.net.NioEndpoint$SocketProcessor.doRun(NioEndpoint.java:1500)
	at org.apache.tomcat.util.net.NioEndpoint$SocketProcessor.run(NioEndpoint.java:1456)
	at java.util.concurrent.ThreadPoolExecutor.runWorker(Unknown Source)
	at java.util.concurrent.ThreadPoolExecutor$Worker.run(Unknown Source)
	at org.apache.tomcat.util.threads.TaskThread$WrappingRunnable.run(TaskThread.java:61)
	at java.lang.Thread.run(Unknown Source)
