2017-05-16 15:06:28,138 [main | u:p] INFO  com.polarion.platform.jobs.internal.service.scheduler.JobSchedulerService  - Updating local scheduler state: start
2017-05-16 15:06:28,155 [main | u:p | u:p] INFO  com.polarion.platform.jobs.internal.service.scheduler.JobSchedulerService  - 16 scheduled job(s) configured
2017-05-16 15:07:00,212 [Thread-34] INFO  com.polarion.platform.jobs.info  - Job "Attachment Indexer" has id 109e2b25-927abe2a-217dc48e-7a2bea55
2017-05-16 15:07:00,215 [Thread-34] INFO  com.polarion.platform.jobs.info  - State of job "Attachment Indexer" changed to UNSCHEDULED
2017-05-16 15:07:00,222 [Thread-34] INFO  com.polarion.platform.jobs.info  - Working directory of root job "Attachment Indexer" is C:\Polarion\data\workspace\polarion-data\jobs\20170516-1507
2017-05-16 15:07:00,225 [Thread-34] INFO  com.polarion.platform.jobs.info  - Job "Attachment Indexer" runs as user "polarion"
2017-05-16 15:07:00,230 [Thread-34 | u:p] INFO  com.polarion.platform.jobs.info  - State of job "Attachment Indexer" changed to ACTIVATING
2017-05-16 15:07:00,235 [Thread-34 | u:p] INFO  com.polarion.platform.jobs.info  - State of job "Attachment Indexer" changed to WAITING
2017-05-16 15:07:00,245 [Thread-34] INFO  com.polarion.platform.jobs.info  - Job "DB History Creator" has id 109e2b4e-927abe2a-217dc48e-77b4382e
2017-05-16 15:07:00,246 [Worker-0 | u:p] INFO  com.polarion.platform.jobs.info  - State of job "Attachment Indexer" changed to RUNNING
2017-05-16 15:07:00,248 [Thread-34] INFO  com.polarion.platform.jobs.info  - State of job "DB History Creator" changed to UNSCHEDULED
2017-05-16 15:07:00,252 [Thread-34] INFO  com.polarion.platform.jobs.info  - Working directory of root job "DB History Creator" is C:\Polarion\data\workspace\polarion-data\jobs\20170516-1507_0
2017-05-16 15:07:00,257 [Thread-34] INFO  com.polarion.platform.jobs.info  - Job "DB History Creator" runs as user "polarion"
2017-05-16 15:07:00,261 [Thread-34 | u:p] INFO  com.polarion.platform.jobs.info  - State of job "DB History Creator" changed to ACTIVATING
2017-05-16 15:07:00,266 [Thread-34 | u:p] INFO  com.polarion.platform.jobs.info  - State of job "DB History Creator" changed to WAITING
2017-05-16 15:07:00,273 [Worker-1 | u:p] INFO  com.polarion.platform.jobs.info  - State of job "DB History Creator" changed to RUNNING
2017-05-16 15:07:00,395 [Worker-0 | u:p] INFO  com.polarion.platform.jobs.info  - State of job "Attachment Indexer" changed to FINISHED
2017-05-16 15:07:00,397 [Worker-0 | u:p] INFO  com.polarion.platform.jobs.info  - Status of job "Attachment Indexer" is OK
2017-05-16 15:07:01,285 [Worker-1 | u:p] INFO  com.polarion.platform.jobs.info  - State of job "DB History Creator" changed to FINISHED
2017-05-16 15:07:01,287 [Worker-1 | u:p] INFO  com.polarion.platform.jobs.info  - Status of job "DB History Creator" is OK
2017-05-16 16:00:00,027 [DefaultQuartzScheduler_Worker-0] INFO  com.polarion.platform.jobs.info  - Job "Live Plan Chart Update" has id 10ceb055-927abe2a-217dc48e-a8835720
2017-05-16 16:00:00,028 [DefaultQuartzScheduler_Worker-0] INFO  com.polarion.platform.jobs.info  - State of job "Live Plan Chart Update" changed to UNSCHEDULED
2017-05-16 16:00:00,031 [DefaultQuartzScheduler_Worker-0] INFO  com.polarion.platform.jobs.info  - Working directory of root job "Live Plan Chart Update" is C:\Polarion\data\workspace\polarion-data\jobs\20170516-1600
2017-05-16 16:00:00,032 [DefaultQuartzScheduler_Worker-0] INFO  com.polarion.platform.jobs.info  - Job "Live Plan Chart Update" runs as user "polarion"
2017-05-16 16:00:00,035 [DefaultQuartzScheduler_Worker-0 | u:p] INFO  com.polarion.platform.jobs.info  - State of job "Live Plan Chart Update" changed to ACTIVATING
2017-05-16 16:00:00,037 [DefaultQuartzScheduler_Worker-0 | u:p] INFO  com.polarion.platform.jobs.info  - State of job "Live Plan Chart Update" changed to WAITING
2017-05-16 16:00:00,041 [Worker-0 | u:p] INFO  com.polarion.platform.jobs.info  - State of job "Live Plan Chart Update" changed to RUNNING
2017-05-16 16:00:00,893 [Worker-0 | u:p | job: update.plan] INFO  com.polarion.platform.jobs.info  - Job "Live Plan Chart Update - Index Refresh" has id 10ceb3b8-927abe2a-217dc48e-b7d66ffd
2017-05-16 16:00:00,895 [Worker-0 | u:p | job: update.plan] INFO  com.polarion.platform.jobs.info  - State of job "Live Plan Chart Update - Index Refresh" changed to UNSCHEDULED
2017-05-16 16:00:00,897 [Worker-0 | u:p | job: update.plan] INFO  com.polarion.platform.jobs.info  - Working directory of root job "Live Plan Chart Update - Index Refresh" is C:\Polarion\data\workspace\polarion-data\jobs\20170516-1600_0
2017-05-16 16:00:00,899 [Worker-0 | u:p | job: update.plan] INFO  com.polarion.platform.jobs.info  - Job "Live Plan Chart Update - Index Refresh" runs as user "polarion"
2017-05-16 16:00:00,901 [Worker-0 | u:p | job: update.plan | u:p] INFO  com.polarion.platform.jobs.info  - State of job "Live Plan Chart Update - Index Refresh" changed to ACTIVATING
2017-05-16 16:00:00,904 [Worker-0 | u:p | job: update.plan | u:p] INFO  com.polarion.platform.jobs.info  - State of job "Live Plan Chart Update - Index Refresh" changed to WAITING
2017-05-16 16:00:00,908 [Worker-1 | u:p] INFO  com.polarion.platform.jobs.info  - State of job "Live Plan Chart Update - Index Refresh" changed to RUNNING
2017-05-16 16:00:01,658 [Worker-1 | u:p] INFO  com.polarion.platform.jobs.info  - State of job "Live Plan Chart Update - Index Refresh" changed to FINISHED
2017-05-16 16:00:01,661 [Worker-1 | u:p] INFO  com.polarion.platform.jobs.info  - Status of job "Live Plan Chart Update - Index Refresh" is OK
2017-05-16 16:00:02,537 [Worker-0 | u:p] INFO  com.polarion.platform.jobs.info  - State of job "Live Plan Chart Update" changed to FINISHED
2017-05-16 16:00:02,539 [Worker-0 | u:p] INFO  com.polarion.platform.jobs.info  - Status of job "Live Plan Chart Update" is OK
2017-05-16 17:00:00,015 [DefaultQuartzScheduler_Worker-0] INFO  com.polarion.platform.jobs.info  - Job "Live Plan Chart Update" has id 11059ecb-927abe2a-217dc48e-a9da17a1
2017-05-16 17:00:00,016 [DefaultQuartzScheduler_Worker-0] INFO  com.polarion.platform.jobs.info  - State of job "Live Plan Chart Update" changed to UNSCHEDULED
2017-05-16 17:00:00,019 [DefaultQuartzScheduler_Worker-0] INFO  com.polarion.platform.jobs.info  - Working directory of root job "Live Plan Chart Update" is C:\Polarion\data\workspace\polarion-data\jobs\20170516-1700
2017-05-16 17:00:00,021 [DefaultQuartzScheduler_Worker-0] INFO  com.polarion.platform.jobs.info  - Job "Live Plan Chart Update" runs as user "polarion"
2017-05-16 17:00:00,022 [DefaultQuartzScheduler_Worker-0 | u:p] INFO  com.polarion.platform.jobs.info  - State of job "Live Plan Chart Update" changed to ACTIVATING
2017-05-16 17:00:00,025 [DefaultQuartzScheduler_Worker-0 | u:p] INFO  com.polarion.platform.jobs.info  - State of job "Live Plan Chart Update" changed to WAITING
2017-05-16 17:00:00,028 [Worker-1 | u:p] INFO  com.polarion.platform.jobs.info  - State of job "Live Plan Chart Update" changed to RUNNING
2017-05-16 17:00:00,133 [Worker-1 | u:p | job: update.plan] INFO  com.polarion.platform.jobs.info  - Job "Live Plan Chart Update - Index Refresh" has id 11059f41-927abe2a-217dc48e-c794b66f
2017-05-16 17:00:00,135 [Worker-1 | u:p | job: update.plan] INFO  com.polarion.platform.jobs.info  - State of job "Live Plan Chart Update - Index Refresh" changed to UNSCHEDULED
2017-05-16 17:00:00,139 [Worker-1 | u:p | job: update.plan] INFO  com.polarion.platform.jobs.info  - Working directory of root job "Live Plan Chart Update - Index Refresh" is C:\Polarion\data\workspace\polarion-data\jobs\20170516-1700_0
2017-05-16 17:00:00,141 [Worker-1 | u:p | job: update.plan] INFO  com.polarion.platform.jobs.info  - Job "Live Plan Chart Update - Index Refresh" runs as user "polarion"
2017-05-16 17:00:00,143 [Worker-1 | u:p | job: update.plan | u:p] INFO  com.polarion.platform.jobs.info  - State of job "Live Plan Chart Update - Index Refresh" changed to ACTIVATING
2017-05-16 17:00:00,146 [Worker-1 | u:p | job: update.plan | u:p] INFO  com.polarion.platform.jobs.info  - State of job "Live Plan Chart Update - Index Refresh" changed to WAITING
2017-05-16 17:00:00,150 [Worker-0 | u:p] INFO  com.polarion.platform.jobs.info  - State of job "Live Plan Chart Update - Index Refresh" changed to RUNNING
2017-05-16 17:00:00,639 [Worker-0 | u:p] INFO  com.polarion.platform.jobs.info  - State of job "Live Plan Chart Update - Index Refresh" changed to FINISHED
2017-05-16 17:00:00,641 [Worker-0 | u:p] INFO  com.polarion.platform.jobs.info  - Status of job "Live Plan Chart Update - Index Refresh" is OK
2017-05-16 17:00:00,667 [Worker-1 | u:p] INFO  com.polarion.platform.jobs.info  - State of job "Live Plan Chart Update" changed to FINISHED
2017-05-16 17:00:00,669 [Worker-1 | u:p] INFO  com.polarion.platform.jobs.info  - Status of job "Live Plan Chart Update" is OK
