2017-05-15 18:40:57,456 [main] INFO  com.polarion.platform.startup  - ****************************************************************
2017-05-15 18:40:57,456 [main] INFO  com.polarion.platform.startup  -                 Polarion starting, please wait!                 
2017-05-15 18:40:57,457 [main] INFO  com.polarion.platform.startup  - ****************************************************************
2017-05-15 18:40:57,457 [main] INFO  com.polarion.platform.startup  - Server start mode: normal
2017-05-15 18:40:57,457 [main] INFO  com.polarion.platform.startup  - ------------------------------
2017-05-15 18:40:57,457 [main] INFO  com.polarion.platform.startup  - Platform startup (Phase: 1/9)
2017-05-15 18:41:01,613 [main] INFO  com.polarion.platform.startup  - Opening historical database...
2017-05-15 18:41:01,818 [main] INFO  com.polarion.platform.startup  - Opening of historical database finished [ TIME 0.205 s. ]
2017-05-15 18:41:01,818 [main] INFO  com.polarion.platform.startup  - Opening head database...
2017-05-15 18:41:01,881 [main] INFO  com.polarion.platform.startup  - Opening of head database finished [ TIME 0.0622 s. ]
2017-05-15 18:41:02,046 [main | u:p] INFO  com.polarion.platform.startup  -  -- Polarion startup estimation:  [ TIME 77 s. ]
2017-05-15 18:41:02,122 [main | u:p] INFO  com.polarion.platform.startup  - Platform startup ... took  [ TIME 4.67 s. ]
2017-05-15 18:41:02,234 [main | u:p] INFO  com.polarion.platform.startup  - ------------------------------
2017-05-15 18:41:02,234 [main | u:p] INFO  com.polarion.platform.startup  - Context recognition (Phase: 2/9)
2017-05-15 18:41:02,261 [main | u:p] INFO  com.polarion.platform.startup  - Context recognition ... took  [ TIME 0.14 s. ]
2017-05-15 18:41:02,261 [main | u:p] INFO  com.polarion.platform.startup  - ------------------------------
2017-05-15 18:41:02,261 [main | u:p] INFO  com.polarion.platform.startup  - Context initialization (Phase: 3/9)
2017-05-15 18:41:02,264 [LowLevelDataService-contextInitializer-1 | u:p | context: [GLOBAL]] INFO  com.polarion.platform.startup  -  -- Initializing context: [GLOBAL] (1/6)
2017-05-15 18:41:02,264 [LowLevelDataService-contextInitializer-5 | u:p | context: elibrary] INFO  com.polarion.platform.startup  -  -- Initializing context: elibrary (4/6)
2017-05-15 18:41:02,264 [LowLevelDataService-contextInitializer-2 | u:p | cluster: default] INFO  com.polarion.platform.startup  -  -- Initializing cluster: default (3/6)
2017-05-15 18:41:02,264 [LowLevelDataService-contextInitializer-4 | u:p | context: library] INFO  com.polarion.platform.startup  -  -- Initializing context: library (2/6)
2017-05-15 18:41:02,264 [LowLevelDataService-contextInitializer-3 | u:p | context: --Demo Projects] INFO  com.polarion.platform.startup  -  -- Initializing context: --Demo Projects (5/6)
2017-05-15 18:41:02,267 [LowLevelDataService-contextInitializer-1 | u:p | context: drivepilot] INFO  com.polarion.platform.startup  -  -- Initializing context: drivepilot (6/6)
2017-05-15 18:41:02,591 [main | u:p] INFO  com.polarion.platform.startup  - Context initialization ... took  [ TIME 0.33 s. ]
2017-05-15 18:41:02,598 [main | u:p] INFO  com.polarion.platform.startup  - ------------------------------
2017-05-15 18:41:02,598 [main | u:p] INFO  com.polarion.platform.startup  - Revisions processing (Phase: 4/9)
2017-05-15 18:41:02,784 [main | u:p] INFO  com.polarion.platform.startup  -  -- Processing new revisions from repository default in context ContextId[context [global]]
2017-05-15 18:41:02,793 [main | u:p] INFO  com.polarion.platform.startup  - Revisions processing ... took  [ TIME 0.2 s. ]
2017-05-15 18:41:02,831 [main | u:p] INFO  com.polarion.platform.startup  - ------------------------------
2017-05-15 18:41:02,831 [main | u:p] INFO  com.polarion.platform.startup  - Build artifacts recognition (Phase: 5/9)
2017-05-15 18:41:02,837 [main | u:p] INFO  com.polarion.platform.startup  -  -- Processing build artifacts from context: [GLOBAL] (1/6)
2017-05-15 18:41:02,951 [main | u:p] INFO  com.polarion.platform.startup  -  -- Processing build artifacts from cluster: default (2/6)
2017-05-15 18:41:02,993 [main | u:p] INFO  com.polarion.platform.startup  -  -- Processing build artifacts from context: --Demo Projects (3/6)
2017-05-15 18:41:03,040 [main | u:p] INFO  com.polarion.platform.startup  -  -- Processing build artifacts from context: library (4/6)
2017-05-15 18:41:03,151 [main | u:p] INFO  com.polarion.platform.startup  -  -- Processing build artifacts from context: elibrary (5/6)
2017-05-15 18:41:03,266 [main | u:p] INFO  com.polarion.platform.startup  -  -- Processing build artifacts from context: drivepilot (6/6)
2017-05-15 18:41:03,266 [main | u:p] INFO  com.polarion.platform.startup  - Build artifacts recognition ... took  [ TIME 0.47 s. ]
2017-05-15 18:41:03,267 [main | u:p] INFO  com.polarion.platform.startup  - ------------------------------
2017-05-15 18:41:03,267 [main | u:p] INFO  com.polarion.platform.startup  - BIR inspection (Phase: 6/9)
2017-05-15 18:41:03,295 [main | u:p] INFO  com.polarion.platform.startup  - BIR inspection ... took  [ TIME 0.03 s. ]
2017-05-15 18:41:03,315 [main | u:p] INFO  com.polarion.platform.startup  - ------------------------------
2017-05-15 18:41:03,315 [main | u:p] INFO  com.polarion.platform.startup  - Data indexing (Phase: 7/9)
2017-05-15 18:41:03,450 [main | u:p] INFO  com.polarion.platform.startup  -  -- Refreshing 7 objects in index: BuildArtifact
2017-05-15 18:41:03,461 [main | u:p] INFO  com.polarion.platform.startup  -  -- -- 7 from 7 objects were refreshed (100%)
2017-05-15 18:41:03,781 [main | u:p] INFO  com.polarion.platform.startup  -  -- Refreshing 1 objects in index: Revision
2017-05-15 18:41:03,782 [main | u:p] INFO  com.polarion.platform.startup  -  -- -- 1 from 1 objects were refreshed (100%)
2017-05-15 18:41:03,825 [main | u:p] INFO  com.polarion.platform.startup  - Data indexing ... took  [ TIME 0.53 s. ]
2017-05-15 18:41:03,826 [main | u:p] INFO  com.polarion.platform.startup  - ------------------------------
2017-05-15 18:41:03,826 [main | u:p] INFO  com.polarion.platform.startup  - Fields recalculation (Phase: 8/9)
2017-05-15 18:41:03,836 [main | u:p] INFO  com.polarion.platform.startup  - Fields recalculation ... took  [ TIME 0.01 s. ]
2017-05-15 18:41:03,836 [main | u:p] INFO  com.polarion.platform.startup  - ------------------------------
2017-05-15 18:41:03,836 [main | u:p] INFO  com.polarion.platform.startup  - Polarion startup (Phase: 9/9)
2017-05-15 18:41:35,478 [main] INFO  com.polarion.platform.startup  - Polarion startup ... took  [ TIME 31.64 s. ]
2017-05-15 18:41:35,478 [main] INFO  com.polarion.platform.startup  - ****************************************************************
2017-05-15 18:41:35,478 [main] INFO  com.polarion.platform.startup  -                  Polarion started:  [ TIME 38 s. ]
2017-05-15 18:41:35,478 [main] INFO  com.polarion.platform.startup  - ****************************************************************
