2017-05-15 18:23:25,046 [main] INFO  com.polarion.platform.startup  - ****************************************************************
2017-05-15 18:23:25,046 [main] INFO  com.polarion.platform.startup  -                 Polarion starting, please wait!                 
2017-05-15 18:23:25,046 [main] INFO  com.polarion.platform.startup  - ****************************************************************
2017-05-15 18:23:25,046 [main] INFO  com.polarion.platform.startup  - Server start mode: normal
2017-05-15 18:23:25,046 [main] INFO  com.polarion.platform.startup  - ------------------------------
2017-05-15 18:23:25,046 [main] INFO  com.polarion.platform.startup  - Platform startup (Phase: 1/9)
2017-05-15 18:23:29,309 [main] INFO  com.polarion.platform.startup  - Opening historical database...
2017-05-15 18:23:29,521 [main] INFO  com.polarion.platform.startup  - Opening of historical database finished [ TIME 0.211 s. ]
2017-05-15 18:23:29,521 [main] INFO  com.polarion.platform.startup  - Opening head database...
2017-05-15 18:23:29,576 [main] INFO  com.polarion.platform.startup  - Opening of head database finished [ TIME 0.0546 s. ]
2017-05-15 18:23:29,753 [main | u:p] INFO  com.polarion.platform.startup  -  -- Polarion startup estimation:  [ TIME 86 s. ]
2017-05-15 18:23:29,838 [main | u:p] INFO  com.polarion.platform.startup  - Platform startup ... took  [ TIME 4.8 s. ]
2017-05-15 18:23:29,940 [main | u:p] INFO  com.polarion.platform.startup  - ------------------------------
2017-05-15 18:23:29,941 [main | u:p] INFO  com.polarion.platform.startup  - Context recognition (Phase: 2/9)
2017-05-15 18:23:29,963 [main | u:p] INFO  com.polarion.platform.startup  - Context recognition ... took  [ TIME 0.12 s. ]
2017-05-15 18:23:29,963 [main | u:p] INFO  com.polarion.platform.startup  - ------------------------------
2017-05-15 18:23:29,963 [main | u:p] INFO  com.polarion.platform.startup  - Context initialization (Phase: 3/9)
2017-05-15 18:23:29,966 [LowLevelDataService-contextInitializer-3 | u:p | context: --Demo Projects] INFO  com.polarion.platform.startup  -  -- Initializing context: --Demo Projects (3/6)
2017-05-15 18:23:29,966 [LowLevelDataService-contextInitializer-1 | u:p | context: [GLOBAL]] INFO  com.polarion.platform.startup  -  -- Initializing context: [GLOBAL] (4/6)
2017-05-15 18:23:29,966 [LowLevelDataService-contextInitializer-2 | u:p | cluster: default] INFO  com.polarion.platform.startup  -  -- Initializing cluster: default (2/6)
2017-05-15 18:23:29,966 [LowLevelDataService-contextInitializer-4 | u:p | context: library] INFO  com.polarion.platform.startup  -  -- Initializing context: library (5/6)
2017-05-15 18:23:29,966 [LowLevelDataService-contextInitializer-5 | u:p | context: elibrary] INFO  com.polarion.platform.startup  -  -- Initializing context: elibrary (1/6)
2017-05-15 18:23:29,969 [LowLevelDataService-contextInitializer-1 | u:p | context: drivepilot] INFO  com.polarion.platform.startup  -  -- Initializing context: drivepilot (6/6)
2017-05-15 18:23:31,360 [main | u:p] INFO  com.polarion.platform.startup  - Context initialization ... took  [ TIME 1.4 s. ]
2017-05-15 18:23:31,364 [main | u:p] INFO  com.polarion.platform.startup  - ------------------------------
2017-05-15 18:23:31,364 [main | u:p] INFO  com.polarion.platform.startup  - Revisions processing (Phase: 4/9)
2017-05-15 18:23:31,534 [main | u:p] INFO  com.polarion.platform.startup  -  -- Processing new revisions from repository default in context ContextId[context [global]]
2017-05-15 18:23:31,569 [main | u:p] INFO  com.polarion.platform.startup  - Revisions processing ... took  [ TIME 0.21 s. ]
2017-05-15 18:23:31,593 [main | u:p] INFO  com.polarion.platform.startup  - ------------------------------
2017-05-15 18:23:31,593 [main | u:p] INFO  com.polarion.platform.startup  - Build artifacts recognition (Phase: 5/9)
2017-05-15 18:23:31,608 [main | u:p] INFO  com.polarion.platform.startup  -  -- Processing build artifacts from context: [GLOBAL] (1/6)
2017-05-15 18:23:31,703 [main | u:p] INFO  com.polarion.platform.startup  -  -- Processing build artifacts from cluster: default (2/6)
2017-05-15 18:23:31,750 [main | u:p] INFO  com.polarion.platform.startup  -  -- Processing build artifacts from context: --Demo Projects (3/6)
2017-05-15 18:23:31,785 [main | u:p] INFO  com.polarion.platform.startup  -  -- Processing build artifacts from context: library (4/6)
2017-05-15 18:23:31,887 [main | u:p] INFO  com.polarion.platform.startup  -  -- Processing build artifacts from context: elibrary (5/6)
2017-05-15 18:23:31,983 [main | u:p] INFO  com.polarion.platform.startup  -  -- Processing build artifacts from context: drivepilot (6/6)
2017-05-15 18:23:31,983 [main | u:p] INFO  com.polarion.platform.startup  - Build artifacts recognition ... took  [ TIME 0.41 s. ]
2017-05-15 18:23:31,983 [main | u:p] INFO  com.polarion.platform.startup  - ------------------------------
2017-05-15 18:23:31,983 [main | u:p] INFO  com.polarion.platform.startup  - BIR inspection (Phase: 6/9)
2017-05-15 18:23:32,003 [main | u:p] INFO  com.polarion.platform.startup  - BIR inspection ... took  [ TIME 0.03 s. ]
2017-05-15 18:23:32,003 [main | u:p] INFO  com.polarion.platform.startup  - ------------------------------
2017-05-15 18:23:32,003 [main | u:p] INFO  com.polarion.platform.startup  - Data indexing (Phase: 7/9)
2017-05-15 18:23:32,166 [main | u:p] INFO  com.polarion.platform.startup  -  -- Refreshing 1 objects in index: Revision
2017-05-15 18:23:32,171 [main | u:p] INFO  com.polarion.platform.startup  -  -- -- 1 from 1 objects were refreshed (100%)
2017-05-15 18:23:32,442 [main | u:p] INFO  com.polarion.platform.startup  - Data indexing ... took  [ TIME 0.44 s. ]
2017-05-15 18:23:32,451 [main | u:p] INFO  com.polarion.platform.startup  - ------------------------------
2017-05-15 18:23:32,451 [main | u:p] INFO  com.polarion.platform.startup  - Fields recalculation (Phase: 8/9)
2017-05-15 18:23:32,452 [main | u:p] INFO  com.polarion.platform.startup  - Fields recalculation ... took  [ TIME 0.01 s. ]
2017-05-15 18:23:32,452 [main | u:p] INFO  com.polarion.platform.startup  - ------------------------------
2017-05-15 18:23:32,452 [main | u:p] INFO  com.polarion.platform.startup  - Polarion startup (Phase: 9/9)
2017-05-15 18:24:04,010 [main] INFO  com.polarion.platform.startup  - Polarion startup ... took  [ TIME 31.55 s. ]
2017-05-15 18:24:04,011 [main] INFO  com.polarion.platform.startup  - ****************************************************************
2017-05-15 18:24:04,011 [main] INFO  com.polarion.platform.startup  -                  Polarion started:  [ TIME 39 s. ]
2017-05-15 18:24:04,011 [main] INFO  com.polarion.platform.startup  - ****************************************************************
