2017-05-17 11:12:05,632 [main | u:p] INFO  TXLOGGER  - Summary for 'Platform startup': transactions: 0, DB: 0.0485 s [57% query (13x), 42% update (126x)] (206x), svn: 0.0212 s [82% checkPath (1x)] (3x)
2017-05-17 11:12:05,775 [main | u:p] INFO  TXLOGGER  - Summary for 'Context recognition': transactions: 0, svn: 0.0656 s [45% info (3x), 29% getFile content (1x), 26% getDir2 content (2x)] (6x)
2017-05-17 11:12:06,136 [LowLevelDataService-contextInitializer-2 | u:p] INFO  TXLOGGER  - Summary: Total: 0.358 s, transactions: 0, svn: 0.0253 s [94% log2 (1x)] (2x)
2017-05-17 11:12:06,137 [LowLevelDataService-contextInitializer-3 | u:p] INFO  TXLOGGER  - Summary: Total: 0.359 s, transactions: 0, svn: 0.0478 s [95% log2 (5x)] (6x)
2017-05-17 11:12:06,137 [LowLevelDataService-contextInitializer-5 | u:p] INFO  TXLOGGER  - Summary: Total: 0.358 s, transactions: 0, svn: 0.138 s [56% log2 (5x), 21% log (1x), 13% info (2x)] (11x), ObjectMaps: 0.036 s [100% getAllPrimaryObjects (1x)] (7x)
2017-05-17 11:12:06,137 [LowLevelDataService-contextInitializer-4 | u:p] INFO  TXLOGGER  - Summary: Total: 0.358 s, transactions: 0, svn: 0.0567 s [97% log2 (5x)] (6x), ObjectMaps: 0.0427 s [100% getAllPrimaryObjects (1x)] (7x)
2017-05-17 11:12:06,137 [LowLevelDataService-contextInitializer-1 | u:p] INFO  TXLOGGER  - Summary: Total: 0.358 s, transactions: 0, svn: 0.0719 s [97% log2 (5x)] (6x), ObjectMaps: 0.0383 s [100% getAllPrimaryObjects (1x)] (7x)
2017-05-17 11:12:06,137 [main | u:p] INFO  TXLOGGER  - Summary for 'Context initialization': transactions: 0, svn: 0.34 s [80% log2 (21x)] (31x), ObjectMaps: 0.122 s [100% getAllPrimaryObjects (5x)] (39x)
2017-05-17 11:12:06,441 [main | u:p] INFO  TXLOGGER  - Summary for 'Revisions processing': transactions: 10, RepositoryConfigService: 0.177 s [100% getReadConfiguration (30x)] (30x), svn: 0.104 s [79% info (13x), 18% getFile content (3x)] (28x)
2017-05-17 11:12:06,975 [main | u:p] INFO  TXLOGGER  - Summary for 'Build artifacts recognition': transactions: 30, svn: 0.399 s [83% info (60x)] (103x), RepositoryConfigService: 0.356 s [100% getReadConfiguration (60x)] (60x)
2017-05-17 11:12:07,556 [main | u:p] INFO  TXLOGGER  - Summary for 'Data indexing': transactions: 0, Lucene: 0.218 s [100% refresh (2x)] (2x), SubterraURITable: 0.0985 s [100% addIfNotExistsDB (13x)] (13x), DB: 0.0371 s [72% update (30x), 12% query (13x)] (81x)
2017-05-17 11:12:39,938 [main] INFO  TXLOGGER  - Summary for 'Polarion startup': transactions: 1, svn: 0.246 s [80% info (39x)] (56x), RepositoryConfigService: 0.0232 s [100% getReadConfiguration (2x)] (2x)
2017-05-17 11:12:40,108 [Worker-0 | u:p | job: polarion.jobs.attachment.indexer] INFO  TXLOGGER  - Summary after AttachmentIndexer: transactions: 0, Lucene: 0.0747 s [100% add (2x)] (2x), resolve: 0.0347 s [100% User (2x)] (2x), ObjectMaps: 0.0157 s [100% getPrimaryObjectLocation (2x)] (2x)
2017-05-17 11:12:40,224 [Persistence Events Processing Thread | u:p] INFO  TXLOGGER  - Tx 57053b7f22c30_0_57053b7f22c30_0_: finished. Total: 0.212 s, resolve: 0.054 s [98% User (2x)] (4x), Lucene: 0.0439 s [57% add (1x), 43% search (1x)] (2x), svn: 0.013 s [78% getFile content (1x), 22% getLatestRevision (2x)] (4x)
2017-05-17 11:12:40,224 [Persistence Events Processing Thread | u:p] INFO  TXLOGGER  - Summary: Total: 0.284 s, transactions: 6, persistence listener: 0.284 s [76% RevisionActivityCreator (2x), 24% notificationsCreatingListener (1x)] (7x), resolve: 0.0559 s [95% User (2x)] (6x), Lucene: 0.0439 s [57% add (1x), 43% search (1x)] (2x)
2017-05-17 11:12:40,457 [PreLoadDataService | u:p] INFO  TXLOGGER  - Tx 57053b7f1202a_0_57053b7f1202a_0_: finished. Total: 0.511 s, svn: 0.372 s [73% getDir2 content (25x), 26% getFile content (13x)] (40x), resolve: 0.188 s [54% TimePoint (5x), 46% Category (6x)] (11x), ObjectMaps: 0.0265 s [56% getPrimaryObjectLocation (11x), 24% getPrimaryObjectProperty (11x), 20% getLastPromoted (11x)] (46x)
2017-05-17 11:12:40,791 [PreLoadDataService | u:p] INFO  TXLOGGER  - Tx 57053b7facc50_0_57053b7facc50_0_: finished. Total: 0.227 s, resolve: 0.124 s [100% User (8x)] (8x), svn: 0.121 s [67% getFile content (11x), 33% info (6x)] (18x), RepositoryConfigService: 0.0792 s [75% getReadConfiguration (56x), 25% getReadUserConfiguration (2x)] (58x), ObjectMaps: 0.0146 s [47% getPrimaryObjectLocation (7x), 27% getPrimaryObjectProperty (7x), 25% getLastPromoted (7x)] (28x)
2017-05-17 11:12:40,923 [PreLoadDataService | u:p] INFO  TXLOGGER  - Tx 57053b7fe5c51_0_57053b7fe5c51_0_: finished. Total: 0.132 s, RepositoryConfigService: 0.111 s [99% getReadConfiguration (54x)] (77x), svn: 0.0944 s [100% getFile content (12x)] (13x)
2017-05-17 11:12:41,090 [DBHistoryCreator-1 | u:p] INFO  TXLOGGER  - Summary: Total: 0.94 s, transactions: 0
2017-05-17 11:12:41,090 [DBHistoryCreator-2 | u:p] INFO  TXLOGGER  - Summary: Total: 0.94 s, transactions: 0
2017-05-17 11:12:41,091 [Worker-1 | u:p | job: polarion.jobs.db.history] INFO  TXLOGGER  - Summary after DBHistoryCreator: transactions: 36, persistence listener: 0.286 s [75% RevisionActivityCreator (12x), 24% notificationsCreatingListener (6x)] (42x), Lucene: 0.0723 s [74% add (2x), 26% search (1x)] (3x), resolve: 0.0561 s [95% User (3x)] (7x), svn: 0.0151 s [68% getFile content (1x), 32% getLatestRevision (3x)] (5x)
2017-05-17 11:12:41,091 [Worker-1 | u:p] INFO  TXLOGGER  - Summary for 'job: polarion.jobs.db.history': Total: 0.989 s, transactions: 0, DB: 0.663 s [76% query (1045x), 15% update (1020x)] (5154x), SubterraURITable: 0.351 s [100% getDB (1019x)] (1019x)
2017-05-17 11:12:41,529 [PreLoadDataService | u:p] INFO  TXLOGGER  - Tx 57053b8006c52_0_57053b8006c52_0_: finished. Total: 0.606 s, svn: 0.554 s [62% getFile content (47x), 38% getDir2 content (17x)] (65x), RepositoryConfigService: 0.378 s [100% getReadConfiguration (164x)] (180x)
2017-05-17 11:12:41,831 [PreLoadDataService | u:p] INFO  TXLOGGER  - Tx 57053b809e853_0_57053b809e853_0_: finished. Total: 0.302 s, svn: 0.281 s [53% getFile content (21x), 47% getDir2 content (17x)] (39x), RepositoryConfigService: 0.165 s [99% getReadConfiguration (88x)] (110x)
2017-05-17 11:12:41,955 [PreLoadDataService | u:p] INFO  TXLOGGER  - Tx 57053b80e9c54_0_57053b80e9c54_0_: finished. Total: 0.123 s, svn: 0.113 s [59% getDir2 content (11x), 41% getFile content (8x)] (20x), RepositoryConfigService: 0.0532 s [99% getReadConfiguration (38x)] (54x)
2017-05-17 11:12:41,955 [PreLoadDataService] INFO  TXLOGGER  - Summary for 'PreloadDataService': Total: 2.01 s, transactions: 7, svn: 1.59 s [53% getFile content (115x), 44% getDir2 content (72x)] (205x), RepositoryConfigService: 0.804 s [97% getReadConfiguration (402x)] (481x), resolve: 0.378 s [33% User (8x), 27% TimePoint (5x), 23% Category (6x)] (22x)
2017-05-17 11:12:41,955 [PreLoadDataService] INFO  TXLOGGER  - Summary after preload: transactions: 7, svn: 1.59 s [53% getFile content (115x), 44% getDir2 content (72x)] (205x), RepositoryConfigService: 0.804 s [97% getReadConfiguration (402x)] (481x), DB: 0.663 s [76% query (1045x), 15% update (1020x)] (5154x), resolve: 0.378 s [33% User (9x), 27% TimePoint (5x), 23% Category (6x)] (23x), SubterraURITable: 0.351 s [100% getDB (1019x)] (1019x)
2017-05-17 11:13:09,683 [ajp-nio-8889-exec-2 | u:admin] INFO  TXLOGGER  - Summary for 'PortalDataService.getInitData': Total: 0.155 s, transactions: 3, RepositoryConfigService: 0.021 s [100% getReadConfiguration (8x)] (13x), svn: 0.0143 s [52% getDir2 content (1x), 48% info (1x)] (5x)
2017-05-17 11:13:10,190 [ajp-nio-8889-exec-3 | u:admin] INFO  TXLOGGER  - Summary for 'PortalDataService.requestPortalSite': Total: 0.115 s, transactions: 5, svn: 0.0465 s [60% info (4x), 40% getFile content (3x)] (12x), RepositoryConfigService: 0.0405 s [61% getReadConfiguration (11x), 39% getReadUserConfiguration (4x)] (20x)
2017-05-17 11:13:40,740 [ajp-nio-8889-exec-2 | u:admin] INFO  TXLOGGER  - Tx 57053bb9d5065_0_57053bb9d5065_0_: finished. Total: 0.623 s, svn: 0.556 s [96% endActivity (1x)] (8x), processed revs: [8, 8 (delay 0s)], write: true
2017-05-17 11:13:40,741 [ajp-nio-8889-exec-2 | u:admin] INFO  TXLOGGER  - Summary for 'WikiDataService.saveRepository': Total: 0.625 s, transactions: 1, svn: 0.556 s [96% endActivity (1x)] (8x)
2017-05-17 11:44:17,149 [PullingJob-default] INFO  TXLOGGER  - Summary for 'PullingJob': Total: 0.181 s, transactions: 0, svn: 0.179 s [99% log2 (25x)] (26x), processed revs: [9]
2017-05-17 11:47:10,035 [ajp-nio-8889-exec-8 | u:admin | uri:/polarion/wiki/bin/view/project/drivepilot/page/Home | wiki: view http://localhost/polarion/wiki/bin/view/project/drivepilot/page/Home] INFO  TXLOGGER  - Tx 570543644788e_0_570543644788e_0_: finished. Total: 0.373 s, svn: 0.274 s [87% info (36x)] (43x), resolve: 0.178 s [98% WikiPage (24x)] (38x)
2017-05-17 11:47:10,075 [ajp-nio-8889-exec-8] INFO  TXLOGGER  - Summary for 'servlet /polarion/wiki/bin/view/project/drivepilot/page/Home': Total: 1.65 s, transactions: 6, Velocity: 1.36 s [100% evaluate in Wiki (1x)] (1x), svn: 1.02 s [81% info (132x)] (164x), resolve: 0.234 s [98% WikiPage (41x)] (59x)
2017-05-17 11:47:14,843 [ajp-nio-8889-exec-4 | u:admin] INFO  TXLOGGER  - Summary for 'PortalDataService.getWikiSpacesAndPages': Total: 1.76 s, transactions: 0, resolve: 1.57 s [43% WikiPage (76x), 42% Module (13x)] (166x), svn: 1.23 s [66% info (128x), 21% getFile content (43x)] (194x)
2017-05-17 11:47:49,612 [ajp-nio-8889-exec-9 | u:admin | uri:/polarion/wiki/bin/view/project/drivepilot/page/Home?spaceTitle=Default+Space | wiki: view http://localhost/polarion/wiki/bin/view/project/drivepilot/page/Home] INFO  TXLOGGER  - Tx 5705438b1f491_0_5705438b1f491_0_: finished. Total: 0.176 s, svn: 0.156 s [100% info (24x)] (25x)
2017-05-17 11:47:49,629 [ajp-nio-8889-exec-9] INFO  TXLOGGER  - Summary for 'servlet /polarion/wiki/bin/view/project/drivepilot/page/Home?spaceTitle=Default+Space': Total: 0.324 s, transactions: 3, Velocity: 0.274 s [100% evaluate in Wiki (1x)] (1x), svn: 0.179 s [100% info (27x)] (28x)
2017-05-17 11:48:00,409 [ajp-nio-8889-exec-3] INFO  TXLOGGER  - Summary for 'servlet /polarion/wiki/bin/view/project/drivepilot/page/?service=Overview': Total: 0.278 s, transactions: 1, Velocity: 0.24 s [100% evaluate in Wiki (1x)] (1x), svn: 0.112 s [87% info (16x)] (18x)
2017-05-17 11:48:04,852 [ajp-nio-8889-exec-2 | u:admin | uri:/polarion/wiki/bin/view/project/drivepilot/page/Home | wiki: view http://localhost/polarion/wiki/bin/view/project/drivepilot/page/Home] INFO  TXLOGGER  - Tx 5705439a00895_0_5705439a00895_0_: finished. Total: 0.177 s, svn: 0.159 s [100% info (24x)] (25x)
2017-05-17 11:48:04,866 [ajp-nio-8889-exec-2] INFO  TXLOGGER  - Summary for 'servlet /polarion/wiki/bin/view/project/drivepilot/page/Home': Total: 0.305 s, transactions: 3, Velocity: 0.263 s [100% evaluate in Wiki (1x)] (1x), svn: 0.18 s [100% info (27x)] (28x)
2017-05-17 11:48:08,780 [ajp-nio-8889-exec-1 | u:admin | uri:/polarion/wiki/bin/view/project/drivepilot/page/Home?spaceTitle=Default+Space | wiki: view http://localhost/polarion/wiki/bin/view/project/drivepilot/page/Home] INFO  TXLOGGER  - Tx 5705439dd5098_0_5705439dd5098_0_: finished. Total: 0.185 s, svn: 0.167 s [100% info (24x)] (25x)
2017-05-17 11:48:08,791 [ajp-nio-8889-exec-1] INFO  TXLOGGER  - Summary for 'servlet /polarion/wiki/bin/view/project/drivepilot/page/Home?spaceTitle=Default+Space': Total: 0.318 s, transactions: 3, Velocity: 0.266 s [100% evaluate in Wiki (1x)] (1x), svn: 0.188 s [100% info (27x)] (28x)
2017-05-17 11:48:11,772 [ajp-nio-8889-exec-5 | u:admin | uri:/polarion/wiki/bin/view/project/drivepilot/page/Home?spaceTitle=Default+Space | wiki: view http://localhost/polarion/wiki/bin/view/project/drivepilot/page/Home] INFO  TXLOGGER  - Tx 570543a0c189b_0_570543a0c189b_0_: finished. Total: 0.182 s, svn: 0.163 s [100% info (24x)] (25x)
2017-05-17 11:48:11,791 [ajp-nio-8889-exec-5] INFO  TXLOGGER  - Summary for 'servlet /polarion/wiki/bin/view/project/drivepilot/page/Home?spaceTitle=Default+Space': Total: 0.305 s, transactions: 3, Velocity: 0.26 s [100% evaluate in Wiki (1x)] (1x), svn: 0.182 s [100% info (27x)] (28x)
2017-05-17 11:50:17,369 [ajp-nio-8889-exec-5 | u:admin | uri:/polarion/wiki/bin/view/project/drivepilot/page/Home?spaceTitle=Default+Space | wiki: view http://localhost/polarion/wiki/bin/view/project/drivepilot/page/Home] INFO  TXLOGGER  - Tx 5705441b6a49e_0_5705441b6a49e_0_: finished. Total: 0.176 s, svn: 0.159 s [100% info (24x)] (25x)
2017-05-17 11:50:17,382 [ajp-nio-8889-exec-5] INFO  TXLOGGER  - Summary for 'servlet /polarion/wiki/bin/view/project/drivepilot/page/Home?spaceTitle=Default+Space': Total: 0.312 s, transactions: 3, Velocity: 0.262 s [100% evaluate in Wiki (1x)] (1x), svn: 0.18 s [100% info (27x)] (28x)
2017-05-17 11:50:34,792 [ajp-nio-8889-exec-10] INFO  TXLOGGER  - Summary for 'servlet /polarion/wiki/bin/view/project/drivepilot/page/?service=Overview': Total: 0.231 s, transactions: 1, Velocity: 0.195 s [100% evaluate in Wiki (1x)] (1x), svn: 0.108 s [87% info (16x)] (18x)
2017-05-17 11:50:55,375 [ajp-nio-8889-exec-8 | u:admin] INFO  TXLOGGER  - Tx 5705443fd30b1_0_5705443fd30b1_0_: finished. Total: 0.899 s, svn: 0.74 s [85% endActivity (1x)] (24x), processed revs: [13, 13 (delay 0s)], write: true
2017-05-17 11:50:55,382 [ajp-nio-8889-exec-8 | u:admin] INFO  TXLOGGER  - Summary for 'CreateRequest.persist': Total: 0.908 s, transactions: 1, svn: 0.74 s [85% endActivity (1x)] (24x)
2017-05-17 11:50:55,761 [ajp-nio-8889-exec-2 | u:admin] INFO  TXLOGGER  - Summary for 'PortalDataService.getWikiSpacesAndPages': Total: 0.181 s, transactions: 0, svn: 0.151 s [89% info (17x)] (19x), resolve: 0.012 s [82% RichPage (70x)] (167x)
2017-05-17 11:50:55,765 [ajp-nio-8889-exec-1 | u:admin | i:drivepilot/_default/pakage3] INFO  TXLOGGER  - Tx 57054440f34be_0_57054440f34be_0_: finished. Total: 0.136 s
2017-05-17 11:50:55,791 [ajp-nio-8889-exec-1 | u:admin] INFO  TXLOGGER  - Summary for 'RpeModel.initialize': Total: 0.162 s, transactions: 1
2017-05-17 11:50:56,798 [ajp-nio-8889-exec-10 | u:admin] INFO  TXLOGGER  - Tx 570544414d8bf_0_570544414d8bf_0_: finished. Total: 0.809 s, svn: 0.688 s [71% info (62x), 14% getDir2 content (10x)] (85x)
2017-05-17 11:50:56,845 [ajp-nio-8889-exec-10 | u:admin] INFO  TXLOGGER  - Summary for 'RpeWidgetsModel.initialize': Total: 0.856 s, transactions: 1, svn: 0.688 s [71% info (62x), 14% getDir2 content (10x)] (85x)
2017-05-17 11:51:01,372 [ajp-nio-8889-exec-3 | u:admin | i:drivepilot/_default/pakage3 e:polarion_client1] INFO  TXLOGGER  - Tx 57054446384c0_0_57054446384c0_0_: finished. Total: 0.347 s, svn: 0.164 s [52% info (6x), 40% getFile content (4x)] (12x), Velocity: 0.0854 s [100% evaluate (3x)] (3x)
2017-05-17 11:51:01,372 [ajp-nio-8889-exec-3 | u:admin] INFO  TXLOGGER  - Summary for 'RenderingRequest.initialize': Total: 0.347 s, transactions: 1, svn: 0.164 s [52% info (6x), 40% getFile content (4x)] (12x), Velocity: 0.0854 s [100% evaluate (3x)] (3x)
2017-05-17 11:51:01,776 [ajp-nio-8889-exec-8 | u:admin] INFO  TXLOGGER  - Tx 570544468cccc_0_570544468cccc_0_: finished. Total: 0.413 s, svn: 0.404 s [100% info (30x)] (31x)
2017-05-17 11:51:01,777 [ajp-nio-8889-exec-8 | u:admin] INFO  TXLOGGER  - Summary for 'SharedEnumOptionsRequest.initialize': Total: 0.413 s, transactions: 1, svn: 0.404 s [100% info (30x)] (31x)
2017-05-17 11:51:01,780 [ajp-nio-8889-exec-9 | u:admin] INFO  TXLOGGER  - Tx 570544468fcce_0_570544468fcce_0_: finished. Total: 0.404 s, svn: 0.395 s [100% info (30x)] (31x)
2017-05-17 11:51:01,780 [ajp-nio-8889-exec-9 | u:admin] INFO  TXLOGGER  - Summary for 'SharedEnumOptionsRequest.initialize': Total: 0.406 s, transactions: 1, svn: 0.395 s [100% info (30x)] (31x)
2017-05-17 11:51:01,836 [ajp-nio-8889-exec-6 | u:admin] INFO  TXLOGGER  - Tx 570544468e0cd_0_570544468e0cd_0_: finished. Total: 0.468 s, svn: 0.449 s [100% info (30x)] (31x)
2017-05-17 11:51:01,836 [ajp-nio-8889-exec-6 | u:admin] INFO  TXLOGGER  - Summary for 'SharedEnumOptionsRequest.initialize': Total: 0.468 s, transactions: 1, svn: 0.449 s [100% info (30x)] (31x)
2017-05-17 11:51:44,081 [ajp-nio-8889-exec-1 | u:admin | i:drivepilot/_default/pakage3] INFO  TXLOGGER  - Tx 5705446eaf0eb_0_5705446eaf0eb_0_: finished. Total: 1.62 s, svn: 1.53 s [97% endActivity (1x)] (10x), processed revs: [14, 14 (delay 1s)], write: true
2017-05-17 11:51:44,112 [ajp-nio-8889-exec-1 | u:admin] INFO  TXLOGGER  - Summary for 'RpeSaveRequest.persistAndLoad': Total: 1.65 s, transactions: 2, svn: 1.55 s [96% endActivity (1x)] (12x)
2017-05-17 11:51:44,393 [ajp-nio-8889-exec-4 | u:admin | i:drivepilot/_default/pakage3 e:polarion_client1] INFO  TXLOGGER  - Tx 57054470730fa_0_57054470730fa_0_: finished. Total: 0.125 s, svn: 0.0954 s [52% info (6x), 37% getFile content (4x)] (12x)
2017-05-17 11:51:44,394 [ajp-nio-8889-exec-4 | u:admin] INFO  TXLOGGER  - Summary for 'RenderingRequest.initialize': Total: 0.125 s, transactions: 1, svn: 0.0954 s [52% info (6x), 37% getFile content (4x)] (12x)
2017-05-17 11:51:44,940 [ajp-nio-8889-exec-3 | u:admin] INFO  TXLOGGER  - Tx 5705447058cf9_0_5705447058cf9_0_: finished. Total: 0.776 s, svn: 0.738 s [73% info (62x), 14% getDir2 content (10x)] (85x)
2017-05-17 11:51:44,941 [ajp-nio-8889-exec-3 | u:admin] INFO  TXLOGGER  - Summary for 'RpeWidgetsModel.initialize': Total: 0.778 s, transactions: 1, svn: 0.738 s [73% info (62x), 14% getDir2 content (10x)] (85x)
2017-05-17 11:51:50,394 [ajp-nio-8889-exec-10 | u:admin | i:drivepilot/_default/pakage3 e:polarion_client2] INFO  TXLOGGER  - Tx 570544762f4fb_0_570544762f4fb_0_: finished. Total: 0.251 s, svn: 0.199 s [54% info (6x), 35% getFile content (4x)] (12x), Velocity: 0.0149 s [100% evaluate (3x)] (3x)
2017-05-17 11:51:50,394 [ajp-nio-8889-exec-10 | u:admin] INFO  TXLOGGER  - Summary for 'RenderingRequest.initialize': Total: 0.252 s, transactions: 1, svn: 0.199 s [54% info (6x), 35% getFile content (4x)] (12x), Velocity: 0.0149 s [100% evaluate (3x)] (3x)
2017-05-17 11:52:14,347 [ajp-nio-8889-exec-3 | u:admin | i:drivepilot/_default/pakage3 e:polarion_client3] INFO  TXLOGGER  - Tx 5705448d5f514_0_5705448d5f514_0_: finished. Total: 0.461 s, svn: 0.386 s [76% info (6x), 18% getFile content (4x)] (12x)
2017-05-17 11:52:14,356 [ajp-nio-8889-exec-3 | u:admin] INFO  TXLOGGER  - Summary for 'RenderingRequest.initialize': Total: 0.47 s, transactions: 1, svn: 0.386 s [76% info (6x), 18% getFile content (4x)] (12x)
2017-05-17 11:52:14,400 [ajp-nio-8889-exec-2 | u:admin] INFO  TXLOGGER  - Tx 5705448dc6522_0_5705448dc6522_0_: finished. Total: 0.103 s, svn: 0.0969 s [100% info (30x)] (31x)
2017-05-17 11:52:14,401 [ajp-nio-8889-exec-2 | u:admin] INFO  TXLOGGER  - Summary for 'SharedEnumOptionsRequest.initialize': Total: 0.103 s, transactions: 1, svn: 0.0969 s [100% info (30x)] (31x)
2017-05-17 11:52:14,545 [ajp-nio-8889-exec-1 | u:admin] INFO  TXLOGGER  - Tx 5705448de8d27_0_5705448de8d27_0_: finished. Total: 0.11 s, svn: 0.099 s [100% info (30x)] (31x)
2017-05-17 11:52:14,545 [ajp-nio-8889-exec-1 | u:admin] INFO  TXLOGGER  - Summary for 'SharedEnumOptionsRequest.initialize': Total: 0.11 s, transactions: 1, svn: 0.099 s [100% info (30x)] (31x)
2017-05-17 11:53:25,187 [ajp-nio-8889-exec-6 | u:admin] INFO  TXLOGGER  - Tx 570544d2e556c_0_570544d2e556c_0_: finished. Total: 0.11 s, svn: 0.104 s [100% info (30x)] (31x)
2017-05-17 11:53:25,188 [ajp-nio-8889-exec-6 | u:admin] INFO  TXLOGGER  - Summary for 'SharedEnumOptionsRequest.initialize': Total: 0.11 s, transactions: 1, svn: 0.104 s [100% info (30x)] (31x)
2017-05-17 11:53:25,253 [ajp-nio-8889-exec-8 | u:admin] INFO  TXLOGGER  - Tx 570544d2f456e_0_570544d2f456e_0_: finished. Total: 0.116 s, svn: 0.111 s [100% info (30x)] (31x)
2017-05-17 11:53:25,253 [ajp-nio-8889-exec-8 | u:admin] INFO  TXLOGGER  - Summary for 'SharedEnumOptionsRequest.initialize': Total: 0.116 s, transactions: 1, svn: 0.111 s [100% info (30x)] (31x)
2017-05-17 11:53:33,701 [ajp-nio-8889-exec-8 | u:admin | i:drivepilot/_default/pakage3 e:polarion_client5] INFO  TXLOGGER  - Tx 570544dae9d76_0_570544dae9d76_0_: finished. Total: 0.414 s, svn: 0.377 s [77% info (6x), 18% getFile content (4x)] (12x)
2017-05-17 11:53:33,702 [ajp-nio-8889-exec-8 | u:admin] INFO  TXLOGGER  - Summary for 'RenderingRequest.initialize': Total: 0.415 s, transactions: 1, svn: 0.377 s [77% info (6x), 18% getFile content (4x)] (12x)
2017-05-17 11:54:40,641 [ajp-nio-8889-exec-9 | u:admin] INFO  TXLOGGER  - Summary for 'RpeParameterDependenciesRequest.initialize': Total: 0.1 s, transactions: 1, svn: 0.0949 s [66% info (6x), 21% getFile content (2x)] (10x)
2017-05-17 11:55:14,034 [ajp-nio-8889-exec-1 | u:admin | i:drivepilot/_default/pakage3 e:polarion_client3] INFO  TXLOGGER  - Tx 5705453d311bf_0_5705453d311bf_0_: finished. Total: 0.111 s, svn: 0.0877 s [53% info (6x), 36% getFile content (4x)] (12x)
2017-05-17 11:55:14,035 [ajp-nio-8889-exec-1 | u:admin] INFO  TXLOGGER  - Summary for 'RenderingRequest.initialize': Total: 0.111 s, transactions: 1, svn: 0.0877 s [53% info (6x), 36% getFile content (4x)] (12x)
2017-05-17 11:55:28,864 [ajp-nio-8889-exec-6 | u:admin | i:drivepilot/_default/pakage3 e:polarion_client1] INFO  TXLOGGER  - Tx 5705454bad5c1_0_5705454bad5c1_0_: finished. Total: 0.106 s, svn: 0.0878 s [53% info (6x), 37% getFile content (4x)] (12x)
2017-05-17 11:55:28,864 [ajp-nio-8889-exec-6 | u:admin] INFO  TXLOGGER  - Summary for 'RenderingRequest.initialize': Total: 0.107 s, transactions: 1, svn: 0.0878 s [53% info (6x), 37% getFile content (4x)] (12x)
2017-05-17 11:55:37,858 [ajp-nio-8889-exec-3 | u:admin | i:drivepilot/_default/pakage3 e:polarion_client1] INFO  TXLOGGER  - Tx 5705455472dc4_0_5705455472dc4_0_: finished. Total: 0.118 s, svn: 0.098 s [53% info (6x), 36% getFile content (4x)] (12x)
2017-05-17 11:55:37,858 [ajp-nio-8889-exec-3 | u:admin] INFO  TXLOGGER  - Summary for 'RenderingRequest.initialize': Total: 0.119 s, transactions: 1, svn: 0.098 s [53% info (6x), 36% getFile content (4x)] (12x)
2017-05-17 11:55:38,366 [ajp-nio-8889-exec-10 | u:admin] INFO  TXLOGGER  - Tx 570545544e9c3_0_570545544e9c3_0_: finished. Total: 0.771 s, svn: 0.733 s [72% info (62x), 14% getDir2 content (10x)] (85x)
2017-05-17 11:55:38,368 [ajp-nio-8889-exec-10 | u:admin] INFO  TXLOGGER  - Summary for 'RpeWidgetsModel.initialize': Total: 0.773 s, transactions: 1, svn: 0.733 s [72% info (62x), 14% getDir2 content (10x)] (85x)
2017-05-17 11:56:19,970 [ajp-nio-8889-exec-8 | u:admin | i:drivepilot/_default/pakage3 e:polarion_client1] INFO  TXLOGGER  - Tx 5705457d959de_0_5705457d959de_0_: finished. Total: 0.108 s, svn: 0.0882 s [52% info (6x), 37% getFile content (4x)] (12x)
2017-05-17 11:56:19,970 [ajp-nio-8889-exec-8 | u:admin] INFO  TXLOGGER  - Summary for 'RenderingRequest.initialize': Total: 0.108 s, transactions: 1, svn: 0.0882 s [52% info (6x), 37% getFile content (4x)] (12x)
2017-05-17 11:56:26,997 [ajp-nio-8889-exec-1 | u:admin | i:drivepilot/_default/pakage3 e:polarion_client1] INFO  TXLOGGER  - Tx 570545846ede1_0_570545846ede1_0_: finished. Total: 0.122 s, svn: 0.102 s [48% info (6x), 42% getFile content (4x)] (12x)
2017-05-17 11:56:26,997 [ajp-nio-8889-exec-1 | u:admin] INFO  TXLOGGER  - Summary for 'RenderingRequest.initialize': Total: 0.123 s, transactions: 1, svn: 0.102 s [48% info (6x), 42% getFile content (4x)] (12x)
2017-05-17 11:56:27,509 [ajp-nio-8889-exec-2 | u:admin] INFO  TXLOGGER  - Tx 57054584505e0_0_57054584505e0_0_: finished. Total: 0.756 s, svn: 0.721 s [72% info (62x), 15% getDir2 content (10x)] (85x)
2017-05-17 11:56:27,510 [ajp-nio-8889-exec-2 | u:admin] INFO  TXLOGGER  - Summary for 'RpeWidgetsModel.initialize': Total: 0.758 s, transactions: 1, svn: 0.721 s [72% info (62x), 15% getDir2 content (10x)] (85x)
2017-05-17 11:58:37,070 [ajp-nio-8889-exec-2 | u:admin | i:drivepilot/_default/pakage3 e:polarion_client1] INFO  TXLOGGER  - Tx 57054603775fa_0_57054603775fa_0_: finished. Total: 0.112 s, svn: 0.0885 s [53% info (6x), 37% getFile content (4x)] (12x)
2017-05-17 11:58:37,070 [ajp-nio-8889-exec-2 | u:admin] INFO  TXLOGGER  - Summary for 'RenderingRequest.initialize': Total: 0.113 s, transactions: 1, svn: 0.0885 s [53% info (6x), 37% getFile content (4x)] (12x)
2017-05-17 11:58:58,900 [ajp-nio-8889-exec-4 | u:admin | i:drivepilot/_default/pakage3 e:polarion_client1] INFO  TXLOGGER  - Tx 57054618cb1fc_0_57054618cb1fc_0_: finished. Total: 0.104 s, svn: 0.0848 s [53% info (6x), 37% getFile content (4x)] (12x)
2017-05-17 11:58:58,900 [ajp-nio-8889-exec-4 | u:admin] INFO  TXLOGGER  - Summary for 'RenderingRequest.initialize': Total: 0.104 s, transactions: 1, svn: 0.0848 s [53% info (6x), 37% getFile content (4x)] (12x)
2017-05-17 11:59:05,804 [ajp-nio-8889-exec-9 | u:admin | i:drivepilot/_default/pakage3 e:polarion_client1] INFO  TXLOGGER  - Tx 5705461f865ff_0_5705461f865ff_0_: finished. Total: 0.115 s, svn: 0.0968 s [53% info (6x), 36% getFile content (4x)] (12x)
2017-05-17 11:59:05,805 [ajp-nio-8889-exec-9 | u:admin] INFO  TXLOGGER  - Summary for 'RenderingRequest.initialize': Total: 0.115 s, transactions: 1, svn: 0.0968 s [53% info (6x), 36% getFile content (4x)] (12x)
2017-05-17 11:59:06,312 [ajp-nio-8889-exec-3 | u:admin] INFO  TXLOGGER  - Tx 5705461f649fe_0_5705461f649fe_0_: finished. Total: 0.758 s, svn: 0.722 s [73% info (62x), 14% getFile content (12x)] (85x)
2017-05-17 11:59:06,314 [ajp-nio-8889-exec-3 | u:admin] INFO  TXLOGGER  - Summary for 'RpeWidgetsModel.initialize': Total: 0.76 s, transactions: 1, svn: 0.722 s [73% info (62x), 14% getFile content (12x)] (85x)
2017-05-17 11:59:07,342 [ajp-nio-8889-exec-5 | u:admin] INFO  TXLOGGER  - Tx 5705462104a08_0_5705462104a08_0_: finished. Total: 0.124 s, svn: 0.12 s [100% info (30x)] (31x)
2017-05-17 11:59:07,342 [ajp-nio-8889-exec-5 | u:admin] INFO  TXLOGGER  - Summary for 'SharedEnumOptionsRequest.initialize': Total: 0.125 s, transactions: 1, svn: 0.12 s [100% info (30x)] (31x)
2017-05-17 11:59:07,724 [ajp-nio-8889-exec-5 | u:admin] INFO  TXLOGGER  - Tx 5705462149213_0_5705462149213_0_: finished. Total: 0.232 s, svn: 0.23 s [100% info (1x)] (2x)
2017-05-17 11:59:07,724 [ajp-nio-8889-exec-5 | u:admin] INFO  TXLOGGER  - Summary for 'DataSetTypesRequest.initialize': Total: 0.232 s, transactions: 1, svn: 0.23 s [100% info (1x)] (2x)
2017-05-17 11:59:07,740 [ajp-nio-8889-exec-8 | u:admin] INFO  TXLOGGER  - Tx 570546213de10_0_570546213de10_0_: finished. Total: 0.293 s, svn: 0.287 s [100% info (30x)] (31x)
2017-05-17 11:59:07,740 [ajp-nio-8889-exec-8 | u:admin] INFO  TXLOGGER  - Summary for 'SharedEnumOptionsRequest.initialize': Total: 0.293 s, transactions: 1, svn: 0.287 s [100% info (30x)] (31x)
2017-05-17 11:59:07,753 [ajp-nio-8889-exec-9 | u:admin] INFO  TXLOGGER  - Tx 5705462142611_0_5705462142611_0_: finished. Total: 0.287 s, svn: 0.282 s [100% info (30x)] (31x)
2017-05-17 11:59:07,753 [ajp-nio-8889-exec-9 | u:admin] INFO  TXLOGGER  - Summary for 'SharedEnumOptionsRequest.initialize': Total: 0.288 s, transactions: 1, svn: 0.282 s [100% info (30x)] (31x)
2017-05-17 11:59:07,787 [ajp-nio-8889-exec-6 | u:admin] INFO  TXLOGGER  - Tx 570546214a214_0_570546214a214_0_: finished. Total: 0.291 s, svn: 0.285 s [100% info (30x)] (31x)
2017-05-17 11:59:07,787 [ajp-nio-8889-exec-6 | u:admin] INFO  TXLOGGER  - Summary for 'SharedEnumOptionsRequest.initialize': Total: 0.291 s, transactions: 1, svn: 0.285 s [100% info (30x)] (31x)
2017-05-17 11:59:34,022 [ajp-nio-8889-exec-2 | u:admin | i:drivepilot/_default/pakage3 e:polarion_client1] INFO  TXLOGGER  - Tx 5705463b15a18_0_5705463b15a18_0_: finished. Total: 0.112 s, svn: 0.0896 s [52% info (6x), 37% getFile content (4x)] (12x)
2017-05-17 11:59:34,022 [ajp-nio-8889-exec-2 | u:admin] INFO  TXLOGGER  - Summary for 'RenderingRequest.initialize': Total: 0.112 s, transactions: 1, svn: 0.0896 s [52% info (6x), 37% getFile content (4x)] (12x)
2017-05-17 11:59:39,210 [ajp-nio-8889-exec-4 | u:admin | i:drivepilot/_default/pakage3] INFO  TXLOGGER  - Tx 5705463f6fe19_0_5705463f6fe19_0_: finished. Total: 0.843 s, svn: 0.752 s [92% endActivity (1x)] (10x), Lucene: 0.0449 s [57% refresh (1x), 43% add (1x)] (2x), processed revs: [15, 15 (delay 0s)], write: true
2017-05-17 11:59:39,235 [ajp-nio-8889-exec-4 | u:admin] INFO  TXLOGGER  - Summary for 'RpeSaveRequest.persistAndLoad': Total: 0.868 s, transactions: 2, svn: 0.764 s [91% endActivity (1x)] (12x), Lucene: 0.0449 s [57% refresh (1x), 43% add (1x)] (2x)
2017-05-17 11:59:39,505 [ajp-nio-8889-exec-8 | u:admin | i:drivepilot/_default/pakage3 e:polarion_client1] INFO  TXLOGGER  - Tx 570546406ee28_0_570546406ee28_0_: finished. Total: 0.119 s, svn: 0.0981 s [54% info (6x), 35% getFile content (4x)] (12x)
2017-05-17 11:59:39,506 [ajp-nio-8889-exec-8 | u:admin] INFO  TXLOGGER  - Summary for 'RenderingRequest.initialize': Total: 0.119 s, transactions: 1, svn: 0.0981 s [54% info (6x), 35% getFile content (4x)] (12x)
2017-05-17 11:59:40,078 [ajp-nio-8889-exec-5 | u:admin] INFO  TXLOGGER  - Tx 5705464053227_0_5705464053227_0_: finished. Total: 0.802 s, svn: 0.766 s [73% info (62x), 13% getFile content (12x)] (85x)
2017-05-17 11:59:40,080 [ajp-nio-8889-exec-5 | u:admin] INFO  TXLOGGER  - Summary for 'RpeWidgetsModel.initialize': Total: 0.803 s, transactions: 1, svn: 0.766 s [73% info (62x), 13% getFile content (12x)] (85x)
2017-05-17 12:00:01,860 [Worker-1 | u:p] INFO  TXLOGGER  - Summary for 'job: update.plan.refresh.index': Total: 0.778 s, transactions: 0, resolve: 0.505 s [94% WorkItem (15x)] (167x), svn: 0.468 s [35% getFile content (16x), 32% getDir2 content (16x), 32% info (17x)] (50x), Lucene: 0.13 s [100% refresh (1x)] (2x), DB: 0.122 s [91% update (181x)] (220x)
2017-05-17 12:00:01,909 [Worker-0 | u:p] INFO  TXLOGGER  - Summary for 'job: update.plan': Total: 1.84 s, transactions: 10, resolve: 0.721 s [92% WorkItems (2x)] (96x), svn: 0.638 s [38% info (26x), 33% getFile content (21x), 29% getDir2 content (19x)] (78x), planQueryExpander: 0.13 s [100% expand (6x)] (12x)
2017-05-17 12:01:22,494 [ajp-nio-8889-exec-9 | u:admin] INFO  TXLOGGER  - Summary for 'PortalDataService.getWikiSpacesAndPages': Total: 0.158 s, transactions: 0, svn: 0.128 s [90% info (17x)] (19x)
2017-05-17 12:01:31,781 [ajp-nio-8889-exec-6 | u:admin | i:drivepilot/_default/pakage3 e:polarion_client1] INFO  TXLOGGER  - Tx 570546a511240_0_570546a511240_0_: finished. Total: 9.34 s, Velocity: 9.19 s [100% evaluate (3x)] (3x), resolve: 8.87 s [100% WorkItem (330x)] (333x), svn: 8.44 s [34% getDir2 content (346x), 34% getFile content (343x), 33% info (374x)] (1065x)
2017-05-17 12:01:31,785 [ajp-nio-8889-exec-6 | u:admin] INFO  TXLOGGER  - Summary for 'RenderingRequest.initialize': Total: 9.35 s, transactions: 1, Velocity: 9.19 s [100% evaluate (3x)] (3x), resolve: 8.87 s [100% WorkItem (330x)] (333x), svn: 8.44 s [34% getDir2 content (346x), 34% getFile content (343x), 33% info (374x)] (1065x)
2017-05-17 12:06:33,827 [ajp-nio-8889-exec-10 | u:admin] INFO  TXLOGGER  - Summary for 'PortalDataService.getWikiSpacesAndPages': Total: 0.201 s, transactions: 0, svn: 0.18 s [89% info (17x)] (19x)
2017-05-17 12:06:46,532 [ajp-nio-8889-exec-8 | u:admin] INFO  TXLOGGER  - Tx 570547e0d1e52_0_570547e0d1e52_0_: finished. Total: 0.765 s, svn: 0.728 s [71% info (62x), 16% getDir2 content (10x)] (85x)
2017-05-17 12:06:46,535 [ajp-nio-8889-exec-8 | u:admin] INFO  TXLOGGER  - Summary for 'RpeWidgetsModel.initialize': Total: 0.768 s, transactions: 1, svn: 0.728 s [71% info (62x), 16% getDir2 content (10x)] (85x)
2017-05-17 12:06:50,036 [ajp-nio-8889-exec-6 | u:admin | i:drivepilot/_default/pakage3] INFO  TXLOGGER  - Tx 570547e430654_0_570547e430654_0_: finished. Total: 0.819 s, svn: 0.712 s [94% endActivity (1x)] (10x), Lucene: 0.0512 s [50% refresh (1x), 50% add (1x)] (2x), processed revs: [20, 20 (delay 0s)], write: true
2017-05-17 12:06:50,062 [ajp-nio-8889-exec-6 | u:admin] INFO  TXLOGGER  - Summary for 'RpeSaveRequest.persistAndLoad': Total: 0.845 s, transactions: 2, svn: 0.724 s [92% endActivity (1x)] (12x), Lucene: 0.0512 s [50% refresh (1x), 50% add (1x)] (2x)
2017-05-17 12:06:50,914 [ajp-nio-8889-exec-2 | u:admin] INFO  TXLOGGER  - Tx 570547e513a62_0_570547e513a62_0_: finished. Total: 0.788 s, svn: 0.752 s [70% info (62x), 17% getDir2 content (10x)] (85x)
2017-05-17 12:06:50,916 [ajp-nio-8889-exec-2 | u:admin] INFO  TXLOGGER  - Summary for 'RpeWidgetsModel.initialize': Total: 0.79 s, transactions: 1, svn: 0.752 s [70% info (62x), 17% getDir2 content (10x)] (85x)
2017-05-17 12:07:25,020 [ajp-nio-8889-exec-1 | u:admin] INFO  TXLOGGER  - Tx 570548070ce6f_0_570548070ce6f_0_: finished. Total: 0.104 s, svn: 0.0994 s [100% info (30x)] (31x)
2017-05-17 12:07:25,020 [ajp-nio-8889-exec-1 | u:admin] INFO  TXLOGGER  - Summary for 'SharedEnumOptionsRequest.initialize': Total: 0.104 s, transactions: 1, svn: 0.0994 s [100% info (30x)] (31x)
2017-05-17 12:07:25,510 [ajp-nio-8889-exec-2 | u:admin] INFO  TXLOGGER  - Tx 5705480746e76_0_5705480746e76_0_: finished. Total: 0.362 s, svn: 0.0623 s [100% info (30x)] (31x)
2017-05-17 12:07:25,512 [ajp-nio-8889-exec-2 | u:admin] INFO  TXLOGGER  - Summary for 'SharedEnumOptionsRequest.initialize': Total: 0.364 s, transactions: 1, svn: 0.0623 s [100% info (30x)] (31x)
2017-05-17 12:07:25,541 [ajp-nio-8889-exec-1 | u:admin] INFO  TXLOGGER  - Tx 5705480750e77_0_5705480750e77_0_: finished. Total: 0.354 s, svn: 0.0531 s [100% info (30x)] (31x)
2017-05-17 12:07:25,541 [ajp-nio-8889-exec-1 | u:admin] INFO  TXLOGGER  - Summary for 'SharedEnumOptionsRequest.initialize': Total: 0.354 s, transactions: 1, svn: 0.0531 s [100% info (30x)] (31x)
2017-05-17 12:07:25,603 [ajp-nio-8889-exec-10 | u:admin] INFO  TXLOGGER  - Tx 5705480754678_0_5705480754678_0_: finished. Total: 0.402 s, svn: 0.396 s [100% info (30x)] (31x)
2017-05-17 12:07:25,603 [ajp-nio-8889-exec-10 | u:admin] INFO  TXLOGGER  - Summary for 'SharedEnumOptionsRequest.initialize': Total: 0.402 s, transactions: 1, svn: 0.396 s [100% info (30x)] (31x)
2017-05-17 12:07:25,715 [ajp-nio-8889-exec-9 | u:admin | i:drivepilot/_default/pakage3 e:polarion_client2] INFO  TXLOGGER  - Tx 57054806cce64_0_57054806cce64_0_: finished. Total: 1.06 s, Velocity: 0.864 s [100% evaluate (3x)] (3x), DB: 0.49 s [100% query (1x)] (17x), svn: 0.458 s [51% getDir2 content (3x), 32% info (11x)] (20x)
2017-05-17 12:07:25,717 [ajp-nio-8889-exec-9 | u:admin] INFO  TXLOGGER  - Summary for 'RenderingRequest.initialize': Total: 1.06 s, transactions: 1, Velocity: 0.864 s [100% evaluate (3x)] (3x), DB: 0.49 s [100% query (1x)] (17x), svn: 0.458 s [51% getDir2 content (3x), 32% info (11x)] (20x)
2017-05-17 12:07:25,730 [ajp-nio-8889-exec-4 | u:admin] INFO  TXLOGGER  - Tx 57054807b7a7c_0_57054807b7a7c_0_: finished. Total: 0.132 s, svn: 0.127 s [70% info (6x), 15% getFile content (2x)] (10x)
2017-05-17 12:07:25,730 [ajp-nio-8889-exec-4 | u:admin] INFO  TXLOGGER  - Summary for 'RpeParameterDependenciesRequest.initialize': Total: 0.132 s, transactions: 1, svn: 0.127 s [70% info (6x), 15% getFile content (2x)] (10x)
2017-05-17 12:07:39,552 [ajp-nio-8889-exec-10 | u:admin | i:drivepilot/_default/pakage3] INFO  TXLOGGER  - Tx 5705481360a7e_0_5705481360a7e_0_: finished. Total: 2.01 s, svn: 1.93 s [97% endActivity (1x)] (10x), processed revs: [21, 21 (delay 1s)], write: true
2017-05-17 12:07:39,580 [ajp-nio-8889-exec-10 | u:admin] INFO  TXLOGGER  - Summary for 'RpeSaveRequest.persistAndLoad': Total: 2.04 s, transactions: 2, svn: 1.94 s [97% endActivity (1x)] (12x)
2017-05-17 12:07:40,039 [ajp-nio-8889-exec-6 | u:admin | i:drivepilot/_default/pakage3 e:polarion_client2] INFO  TXLOGGER  - Tx 5705481586a8d_0_5705481586a8d_0_: finished. Total: 0.301 s, svn: 0.215 s [40% getDir2 content (3x), 36% info (11x), 24% getFile content (5x)] (20x), Velocity: 0.171 s [100% evaluate (3x)] (3x), DB: 0.0229 s [97% query (1x)] (17x)
2017-05-17 12:07:40,050 [ajp-nio-8889-exec-6 | u:admin] INFO  TXLOGGER  - Summary for 'RenderingRequest.initialize': Total: 0.312 s, transactions: 1, svn: 0.215 s [40% getDir2 content (3x), 36% info (11x), 24% getFile content (5x)] (20x), Velocity: 0.171 s [100% evaluate (3x)] (3x), DB: 0.0229 s [97% query (1x)] (17x)
2017-05-17 12:07:40,505 [ajp-nio-8889-exec-5 | u:admin] INFO  TXLOGGER  - Tx 570548156fe8c_0_570548156fe8c_0_: finished. Total: 0.858 s, svn: 0.819 s [73% info (62x), 13% getDir2 content (10x)] (85x)
2017-05-17 12:07:40,506 [ajp-nio-8889-exec-5 | u:admin] INFO  TXLOGGER  - Summary for 'RpeWidgetsModel.initialize': Total: 0.859 s, transactions: 1, svn: 0.819 s [73% info (62x), 13% getDir2 content (10x)] (85x)
2017-05-17 12:07:48,673 [ajp-nio-8889-exec-4 | u:admin] INFO  TXLOGGER  - Summary for 'PortalDataService.getWikiSpacesAndPages': Total: 0.205 s, transactions: 0, svn: 0.178 s [88% info (17x)] (19x)
2017-05-17 12:07:49,115 [ajp-nio-8889-exec-7 | u:admin | i:drivepilot/_default/pakage3 e:polarion_client2] INFO  TXLOGGER  - Tx 5705481e2ba8f_0_5705481e2ba8f_0_: finished. Total: 0.525 s, Velocity: 0.35 s [100% evaluate (3x)] (3x), svn: 0.216 s [39% getDir2 content (3x), 39% info (11x), 22% getFile content (5x)] (20x), linkedWorkItemsQueryExpander: 0.0271 s [99% expand (252x)] (504x)
2017-05-17 12:07:49,125 [ajp-nio-8889-exec-7 | u:admin] INFO  TXLOGGER  - Summary for 'RenderingRequest.initialize': Total: 0.535 s, transactions: 1, Velocity: 0.35 s [100% evaluate (3x)] (3x), svn: 0.216 s [39% getDir2 content (3x), 39% info (11x), 22% getFile content (5x)] (20x), linkedWorkItemsQueryExpander: 0.0271 s [99% expand (252x)] (504x)
2017-05-17 12:08:03,864 [ajp-nio-8889-exec-6 | u:admin | i:drivepilot/_default/pakage3 e:polarion_client2] INFO  TXLOGGER  - Tx 5705482cd2a91_0_5705482cd2a91_0_: finished. Total: 0.271 s, svn: 0.194 s [42% getDir2 content (3x), 37% info (11x), 21% getFile content (5x)] (20x), Velocity: 0.156 s [100% evaluate (3x)] (3x), DB: 0.0174 s [98% query (1x)] (17x)
2017-05-17 12:08:03,866 [ajp-nio-8889-exec-6 | u:admin] INFO  TXLOGGER  - Summary for 'RenderingRequest.initialize': Total: 0.272 s, transactions: 1, svn: 0.194 s [42% getDir2 content (3x), 37% info (11x), 21% getFile content (5x)] (20x), Velocity: 0.156 s [100% evaluate (3x)] (3x), DB: 0.0174 s [98% query (1x)] (17x)
2017-05-17 12:08:15,568 [ajp-nio-8889-exec-3 | u:admin | i:drivepilot/_default/pakage3 e:polarion_client2] INFO  TXLOGGER  - Tx 5705483845a93_0_5705483845a93_0_: finished. Total: 0.25 s, svn: 0.187 s [43% getDir2 content (3x), 36% info (11x), 21% getFile content (5x)] (20x), Velocity: 0.145 s [100% evaluate (3x)] (3x), DB: 0.0139 s [98% query (1x)] (17x)
2017-05-17 12:08:15,570 [ajp-nio-8889-exec-3 | u:admin] INFO  TXLOGGER  - Summary for 'RenderingRequest.initialize': Total: 0.251 s, transactions: 1, svn: 0.187 s [43% getDir2 content (3x), 36% info (11x), 21% getFile content (5x)] (20x), Velocity: 0.145 s [100% evaluate (3x)] (3x), DB: 0.0139 s [98% query (1x)] (17x)
2017-05-17 12:08:25,620 [ajp-nio-8889-exec-7 | u:admin | i:drivepilot/_default/pakage3 e:polarion_client2] INFO  TXLOGGER  - Tx 5705484215695_0_5705484215695_0_: finished. Total: 0.256 s, svn: 0.186 s [42% getDir2 content (3x), 36% info (11x), 22% getFile content (5x)] (20x), Velocity: 0.15 s [100% evaluate (3x)] (3x), DB: 0.0138 s [97% query (1x)] (17x)
2017-05-17 12:08:25,622 [ajp-nio-8889-exec-7 | u:admin] INFO  TXLOGGER  - Summary for 'RenderingRequest.initialize': Total: 0.257 s, transactions: 1, svn: 0.186 s [42% getDir2 content (3x), 36% info (11x), 22% getFile content (5x)] (20x), Velocity: 0.15 s [100% evaluate (3x)] (3x), DB: 0.0138 s [97% query (1x)] (17x)
2017-05-17 12:08:38,880 [ajp-nio-8889-exec-7 | u:admin | i:drivepilot/_default/pakage3 e:polarion_client2] INFO  TXLOGGER  - Tx 5705484f00698_0_5705484f00698_0_: finished. Total: 0.287 s, svn: 0.217 s [40% getDir2 content (3x), 39% info (11x), 21% getFile content (5x)] (20x), Velocity: 0.161 s [100% evaluate (3x)] (3x), DB: 0.0178 s [98% query (1x)] (17x)
2017-05-17 12:08:38,881 [ajp-nio-8889-exec-7 | u:admin] INFO  TXLOGGER  - Summary for 'RenderingRequest.initialize': Total: 0.288 s, transactions: 1, svn: 0.217 s [40% getDir2 content (3x), 39% info (11x), 21% getFile content (5x)] (20x), Velocity: 0.161 s [100% evaluate (3x)] (3x), DB: 0.0178 s [98% query (1x)] (17x)
2017-05-17 12:08:39,269 [ajp-nio-8889-exec-6 | u:admin] INFO  TXLOGGER  - Tx 5705484edbe97_0_5705484edbe97_0_: finished. Total: 0.822 s, svn: 0.779 s [74% info (62x), 13% getDir2 content (10x)] (85x)
2017-05-17 12:08:39,270 [ajp-nio-8889-exec-6 | u:admin] INFO  TXLOGGER  - Summary for 'RpeWidgetsModel.initialize': Total: 0.823 s, transactions: 1, svn: 0.779 s [74% info (62x), 13% getDir2 content (10x)] (85x)
2017-05-17 12:09:01,925 [ajp-nio-8889-exec-10 | u:admin | i:drivepilot/_default/pakage3 e:polarion_client2] INFO  TXLOGGER  - Tx 5705486589a9a_0_5705486589a9a_0_: finished. Total: 0.255 s, svn: 0.19 s [42% getDir2 content (3x), 36% info (11x), 22% getFile content (5x)] (20x), Velocity: 0.15 s [100% evaluate (3x)] (3x), DB: 0.015 s [97% query (1x)] (17x)
2017-05-17 12:09:01,926 [ajp-nio-8889-exec-10 | u:admin] INFO  TXLOGGER  - Summary for 'RenderingRequest.initialize': Total: 0.256 s, transactions: 1, svn: 0.19 s [42% getDir2 content (3x), 36% info (11x), 22% getFile content (5x)] (20x), Velocity: 0.15 s [100% evaluate (3x)] (3x), DB: 0.015 s [97% query (1x)] (17x)
2017-05-17 12:09:06,018 [ajp-nio-8889-exec-1 | u:admin | i:drivepilot/_default/pakage3 e:polarion_client2] INFO  TXLOGGER  - Tx 570548698a69c_0_570548698a69c_0_: finished. Total: 0.249 s, svn: 0.188 s [42% getDir2 content (3x), 36% info (11x), 22% getFile content (5x)] (20x), Velocity: 0.144 s [100% evaluate (3x)] (3x), DB: 0.0135 s [97% query (1x)] (17x)
2017-05-17 12:09:06,019 [ajp-nio-8889-exec-1 | u:admin] INFO  TXLOGGER  - Summary for 'RenderingRequest.initialize': Total: 0.25 s, transactions: 1, svn: 0.188 s [42% getDir2 content (3x), 36% info (11x), 22% getFile content (5x)] (20x), Velocity: 0.144 s [100% evaluate (3x)] (3x), DB: 0.0135 s [97% query (1x)] (17x)
2017-05-17 12:09:10,030 [ajp-nio-8889-exec-9 | u:admin | i:drivepilot/_default/pakage3 e:polarion_client2] INFO  TXLOGGER  - Tx 5705486d7529e_0_5705486d7529e_0_: finished. Total: 0.25 s, svn: 0.19 s [42% getDir2 content (3x), 36% info (11x), 22% getFile content (5x)] (20x), Velocity: 0.143 s [100% evaluate (3x)] (3x), DB: 0.0134 s [98% query (1x)] (17x)
2017-05-17 12:09:10,031 [ajp-nio-8889-exec-9 | u:admin] INFO  TXLOGGER  - Summary for 'RenderingRequest.initialize': Total: 0.251 s, transactions: 1, svn: 0.19 s [42% getDir2 content (3x), 36% info (11x), 22% getFile content (5x)] (20x), Velocity: 0.143 s [100% evaluate (3x)] (3x), DB: 0.0134 s [98% query (1x)] (17x)
2017-05-17 12:09:14,631 [ajp-nio-8889-exec-9 | u:admin | i:drivepilot/_default/pakage3 e:polarion_client2] INFO  TXLOGGER  - Tx 57054871ed2a1_0_57054871ed2a1_0_: finished. Total: 0.276 s, svn: 0.214 s [39% getDir2 content (3x), 35% info (11x), 25% getFile content (5x)] (20x), Velocity: 0.149 s [100% evaluate (3x)] (3x)
2017-05-17 12:09:14,632 [ajp-nio-8889-exec-9 | u:admin] INFO  TXLOGGER  - Summary for 'RenderingRequest.initialize': Total: 0.277 s, transactions: 1, svn: 0.214 s [39% getDir2 content (3x), 35% info (11x), 25% getFile content (5x)] (20x), Velocity: 0.149 s [100% evaluate (3x)] (3x)
2017-05-17 12:09:15,042 [ajp-nio-8889-exec-8 | u:admin] INFO  TXLOGGER  - Tx 57054871c86a0_0_57054871c86a0_0_: finished. Total: 0.833 s, svn: 0.796 s [73% info (62x), 14% getDir2 content (10x)] (85x)
2017-05-17 12:09:15,044 [ajp-nio-8889-exec-8 | u:admin] INFO  TXLOGGER  - Summary for 'RpeWidgetsModel.initialize': Total: 0.835 s, transactions: 1, svn: 0.796 s [73% info (62x), 14% getDir2 content (10x)] (85x)
2017-05-17 12:09:53,106 [ajp-nio-8889-exec-8 | u:admin] INFO  TXLOGGER  - Summary for 'PortalDataService.getWikiSpacesAndPages': Total: 0.18 s, transactions: 0, svn: 0.156 s [90% info (17x)] (19x), resolve: 0.0136 s [88% RichPage (70x)] (167x)
2017-05-17 12:09:53,479 [ajp-nio-8889-exec-5 | u:admin | i:drivepilot/_default/pakage3 e:polarion_client2] INFO  TXLOGGER  - Tx 57054897b12a3_0_57054897b12a3_0_: finished. Total: 0.45 s, Velocity: 0.308 s [100% evaluate (3x)] (3x), svn: 0.206 s [39% getDir2 content (3x), 39% info (11x), 22% getFile content (5x)] (20x), linkedWorkItemsQueryExpander: 0.0239 s [99% expand (252x)] (504x)
2017-05-17 12:09:53,483 [ajp-nio-8889-exec-5 | u:admin] INFO  TXLOGGER  - Summary for 'RenderingRequest.initialize': Total: 0.454 s, transactions: 1, Velocity: 0.308 s [100% evaluate (3x)] (3x), svn: 0.206 s [39% getDir2 content (3x), 39% info (11x), 22% getFile content (5x)] (20x), linkedWorkItemsQueryExpander: 0.0239 s [99% expand (252x)] (504x)
2017-05-17 12:10:19,863 [ajp-nio-8889-exec-8 | u:admin | i:drivepilot/_default/pakage3 e:polarion_client2] INFO  TXLOGGER  - Tx 570548b1a56a5_0_570548b1a56a5_0_: finished. Total: 0.258 s, svn: 0.19 s [43% getDir2 content (3x), 36% info (11x), 21% getFile content (5x)] (20x), Velocity: 0.153 s [100% evaluate (3x)] (3x), DB: 0.0192 s [98% query (1x)] (17x)
2017-05-17 12:10:19,865 [ajp-nio-8889-exec-8 | u:admin] INFO  TXLOGGER  - Summary for 'RenderingRequest.initialize': Total: 0.259 s, transactions: 1, svn: 0.19 s [43% getDir2 content (3x), 36% info (11x), 21% getFile content (5x)] (20x), Velocity: 0.153 s [100% evaluate (3x)] (3x), DB: 0.0192 s [98% query (1x)] (17x)
2017-05-17 12:10:24,551 [ajp-nio-8889-exec-8 | u:admin | i:drivepilot/_default/pakage3 e:polarion_client2] INFO  TXLOGGER  - Tx 570548b6342a8_0_570548b6342a8_0_: finished. Total: 0.28 s, svn: 0.208 s [40% getDir2 content (3x), 38% info (11x), 22% getFile content (5x)] (20x), Velocity: 0.161 s [100% evaluate (3x)] (3x), DB: 0.0148 s [98% query (1x)] (17x)
2017-05-17 12:10:24,552 [ajp-nio-8889-exec-8 | u:admin] INFO  TXLOGGER  - Summary for 'RenderingRequest.initialize': Total: 0.281 s, transactions: 1, svn: 0.208 s [40% getDir2 content (3x), 38% info (11x), 22% getFile content (5x)] (20x), Velocity: 0.161 s [100% evaluate (3x)] (3x), DB: 0.0148 s [98% query (1x)] (17x)
2017-05-17 12:10:24,942 [ajp-nio-8889-exec-9 | u:admin] INFO  TXLOGGER  - Tx 570548b60e6a7_0_570548b60e6a7_0_: finished. Total: 0.821 s, svn: 0.786 s [73% info (62x), 14% getDir2 content (10x)] (85x)
2017-05-17 12:10:24,944 [ajp-nio-8889-exec-9 | u:admin] INFO  TXLOGGER  - Summary for 'RpeWidgetsModel.initialize': Total: 0.823 s, transactions: 1, svn: 0.786 s [73% info (62x), 14% getDir2 content (10x)] (85x)
2017-05-17 12:10:27,588 [ajp-nio-8889-exec-2 | u:admin] INFO  TXLOGGER  - Tx 570548b9282b4_0_570548b9282b4_0_: finished. Total: 0.292 s, svn: 0.288 s [100% info (30x)] (31x)
2017-05-17 12:10:27,588 [ajp-nio-8889-exec-2 | u:admin] INFO  TXLOGGER  - Summary for 'SharedEnumOptionsRequest.initialize': Total: 0.293 s, transactions: 1, svn: 0.288 s [100% info (30x)] (31x)
2017-05-17 12:10:27,613 [ajp-nio-8889-exec-1 | u:admin] INFO  TXLOGGER  - Tx 570548b92d6b6_0_570548b92d6b6_0_: finished. Total: 0.295 s, svn: 0.293 s [100% info (30x)] (31x)
2017-05-17 12:10:27,613 [ajp-nio-8889-exec-3 | u:admin] INFO  TXLOGGER  - Tx 570548b92d6b5_0_570548b92d6b5_0_: finished. Total: 0.296 s, svn: 0.292 s [100% info (30x)] (31x)
2017-05-17 12:10:27,613 [ajp-nio-8889-exec-1 | u:admin] INFO  TXLOGGER  - Summary for 'SharedEnumOptionsRequest.initialize': Total: 0.296 s, transactions: 1, svn: 0.293 s [100% info (30x)] (31x)
2017-05-17 12:10:27,615 [ajp-nio-8889-exec-3 | u:admin] INFO  TXLOGGER  - Summary for 'SharedEnumOptionsRequest.initialize': Total: 0.298 s, transactions: 1, svn: 0.292 s [100% info (30x)] (31x)
2017-05-17 12:11:26,408 [ajp-nio-8889-exec-1 | u:admin | i:drivepilot/_default/pakage3 e:polarion_client2] INFO  TXLOGGER  - Tx 570548f2a22c3_0_570548f2a22c3_0_: finished. Total: 0.255 s, svn: 0.19 s [42% getDir2 content (3x), 36% info (11x), 22% getFile content (5x)] (20x), Velocity: 0.147 s [100% evaluate (3x)] (3x), DB: 0.014 s [96% query (1x)] (17x)
2017-05-17 12:11:26,409 [ajp-nio-8889-exec-1 | u:admin] INFO  TXLOGGER  - Summary for 'RenderingRequest.initialize': Total: 0.257 s, transactions: 1, svn: 0.19 s [42% getDir2 content (3x), 36% info (11x), 22% getFile content (5x)] (20x), Velocity: 0.147 s [100% evaluate (3x)] (3x), DB: 0.014 s [96% query (1x)] (17x)
2017-05-17 12:11:50,360 [ajp-nio-8889-exec-1 | u:admin] INFO  TXLOGGER  - Summary for 'PortalDataService.getWikiSpacesAndPages': Total: 0.178 s, transactions: 0, svn: 0.163 s [90% info (17x)] (19x)
2017-05-17 12:11:50,563 [ajp-nio-8889-exec-2 | u:admin | i:drivepilot/_default/pakage3 e:polarion_client2] INFO  TXLOGGER  - Tx 5705490a332c5_0_5705490a332c5_0_: finished. Total: 0.279 s, svn: 0.209 s [40% info (11x), 39% getDir2 content (3x), 21% getFile content (5x)] (20x), Velocity: 0.155 s [100% evaluate (3x)] (3x)
2017-05-17 12:11:50,564 [ajp-nio-8889-exec-2 | u:admin] INFO  TXLOGGER  - Summary for 'RenderingRequest.initialize': Total: 0.28 s, transactions: 1, svn: 0.209 s [40% info (11x), 39% getDir2 content (3x), 21% getFile content (5x)] (20x), Velocity: 0.155 s [100% evaluate (3x)] (3x)
2017-05-17 12:11:57,537 [ajp-nio-8889-exec-6 | u:admin] INFO  TXLOGGER  - Summary for 'PortalDataService.getWikiSpacesAndPages': Total: 0.185 s, transactions: 0, svn: 0.168 s [89% info (17x)] (19x)
2017-05-17 12:11:57,721 [ajp-nio-8889-exec-5 | u:admin | i:drivepilot/_default/pakage3 e:polarion_client2] INFO  TXLOGGER  - Tx 57054911316c7_0_57054911316c7_0_: finished. Total: 0.276 s, svn: 0.2 s [42% getDir2 content (3x), 36% info (11x), 22% getFile content (5x)] (20x), Velocity: 0.159 s [100% evaluate (3x)] (3x)
2017-05-17 12:11:57,723 [ajp-nio-8889-exec-5 | u:admin] INFO  TXLOGGER  - Summary for 'RenderingRequest.initialize': Total: 0.277 s, transactions: 1, svn: 0.2 s [42% getDir2 content (3x), 36% info (11x), 22% getFile content (5x)] (20x), Velocity: 0.159 s [100% evaluate (3x)] (3x)
2017-05-17 12:12:35,096 [ajp-nio-8889-exec-10 | u:admin | i:drivepilot/_default/pakage3 e:polarion_client2] INFO  TXLOGGER  - Tx 57054935afaca_0_57054935afaca_0_: finished. Total: 0.282 s, svn: 0.208 s [41% getDir2 content (3x), 37% info (11x), 22% getFile content (5x)] (20x), Velocity: 0.166 s [100% evaluate (3x)] (3x), DB: 0.0145 s [97% query (1x)] (17x)
2017-05-17 12:12:35,097 [ajp-nio-8889-exec-10 | u:admin] INFO  TXLOGGER  - Summary for 'RenderingRequest.initialize': Total: 0.283 s, transactions: 1, svn: 0.208 s [41% getDir2 content (3x), 37% info (11x), 22% getFile content (5x)] (20x), Velocity: 0.166 s [100% evaluate (3x)] (3x), DB: 0.0145 s [97% query (1x)] (17x)
2017-05-17 12:12:35,442 [ajp-nio-8889-exec-3 | u:admin] INFO  TXLOGGER  - Tx 57054935806c9_0_57054935806c9_0_: finished. Total: 0.818 s, svn: 0.785 s [73% info (62x), 13% getFile content (12x)] (85x)
2017-05-17 12:12:35,444 [ajp-nio-8889-exec-3 | u:admin] INFO  TXLOGGER  - Summary for 'RpeWidgetsModel.initialize': Total: 0.819 s, transactions: 1, svn: 0.785 s [73% info (62x), 13% getFile content (12x)] (85x)
2017-05-17 12:12:58,265 [ajp-nio-8889-exec-10 | u:admin | i:drivepilot/_default/pakage3] INFO  TXLOGGER  - Tx 5705494bdcae4_0_5705494bdcae4_0_: finished. Total: 0.744 s, svn: 0.651 s [92% endActivity (1x)] (10x), Lucene: 0.0503 s [56% refresh (1x), 44% add (1x)] (2x), processed revs: [22, 22 (delay 0s)], write: true
2017-05-17 12:12:58,294 [ajp-nio-8889-exec-10 | u:admin] INFO  TXLOGGER  - Summary for 'RpeSaveRequest.persistAndLoad': Total: 0.772 s, transactions: 2, svn: 0.665 s [90% endActivity (1x)] (12x), Lucene: 0.0503 s [56% refresh (1x), 44% add (1x)] (2x)
2017-05-17 12:12:58,774 [ajp-nio-8889-exec-9 | u:admin | i:drivepilot/_default/pakage3 e:polarion_client2] INFO  TXLOGGER  - Tx 5705494cc7ef3_0_5705494cc7ef3_0_: finished. Total: 0.31 s, svn: 0.231 s [39% getDir2 content (3x), 38% info (11x), 23% getFile content (5x)] (20x), Velocity: 0.171 s [100% evaluate (3x)] (3x), DB: 0.0235 s [99% query (1x)] (17x)
2017-05-17 12:12:58,775 [ajp-nio-8889-exec-9 | u:admin] INFO  TXLOGGER  - Summary for 'RenderingRequest.initialize': Total: 0.312 s, transactions: 1, svn: 0.231 s [39% getDir2 content (3x), 38% info (11x), 23% getFile content (5x)] (20x), Velocity: 0.171 s [100% evaluate (3x)] (3x), DB: 0.0235 s [99% query (1x)] (17x)
2017-05-17 12:12:59,243 [ajp-nio-8889-exec-6 | u:admin] INFO  TXLOGGER  - Tx 5705494caaef2_0_5705494caaef2_0_: finished. Total: 0.896 s, svn: 0.855 s [75% info (62x), 13% getDir2 content (10x)] (85x)
2017-05-17 12:12:59,245 [ajp-nio-8889-exec-6 | u:admin] INFO  TXLOGGER  - Summary for 'RpeWidgetsModel.initialize': Total: 0.898 s, transactions: 1, svn: 0.855 s [75% info (62x), 13% getDir2 content (10x)] (85x)
2017-05-17 12:13:38,643 [ajp-nio-8889-exec-2 | u:admin] INFO  TXLOGGER  - Summary for 'PortalDataService.getWikiSpacesAndPages': Total: 0.191 s, transactions: 0, svn: 0.171 s [90% info (17x)] (19x)
2017-05-17 12:13:38,843 [ajp-nio-8889-exec-1 | u:admin | i:drivepilot/_default/pakage3 e:polarion_client2] INFO  TXLOGGER  - Tx 57054973f2af5_0_57054973f2af5_0_: finished. Total: 0.273 s, svn: 0.208 s [43% getDir2 content (3x), 36% info (11x), 21% getFile content (5x)] (20x), Velocity: 0.148 s [100% evaluate (3x)] (3x)
2017-05-17 12:13:38,844 [ajp-nio-8889-exec-1 | u:admin] INFO  TXLOGGER  - Summary for 'RenderingRequest.initialize': Total: 0.274 s, transactions: 1, svn: 0.208 s [43% getDir2 content (3x), 36% info (11x), 21% getFile content (5x)] (20x), Velocity: 0.148 s [100% evaluate (3x)] (3x)
2017-05-17 12:13:44,415 [ajp-nio-8889-exec-7 | u:admin] INFO  TXLOGGER  - Summary for 'PortalDataService.getWikiSpacesAndPages': Total: 0.195 s, transactions: 0, svn: 0.178 s [89% info (17x)] (19x)
2017-05-17 12:13:44,603 [ajp-nio-8889-exec-10 | u:admin | i:drivepilot/_default/pakage3 e:polarion_client2] INFO  TXLOGGER  - Tx 570549798def7_0_570549798def7_0_: finished. Total: 0.293 s, svn: 0.213 s [40% info (11x), 39% getDir2 content (3x), 21% getFile content (5x)] (20x), Velocity: 0.168 s [100% evaluate (3x)] (3x), DB: 0.0246 s [98% query (1x)] (17x)
2017-05-17 12:13:44,604 [ajp-nio-8889-exec-10 | u:admin] INFO  TXLOGGER  - Summary for 'RenderingRequest.initialize': Total: 0.294 s, transactions: 1, svn: 0.213 s [40% info (11x), 39% getDir2 content (3x), 21% getFile content (5x)] (20x), Velocity: 0.168 s [100% evaluate (3x)] (3x), DB: 0.0246 s [98% query (1x)] (17x)
2017-05-17 12:14:03,864 [ajp-nio-8889-exec-1 | u:admin | i:drivepilot/_default/pakage3 e:polarion_client2] INFO  TXLOGGER  - Tx 5705498c62af9_0_5705498c62af9_0_: finished. Total: 0.27 s, svn: 0.197 s [40% getDir2 content (3x), 38% info (11x), 21% getFile content (5x)] (20x), Velocity: 0.157 s [100% evaluate (3x)] (3x)
2017-05-17 12:14:03,866 [ajp-nio-8889-exec-1 | u:admin] INFO  TXLOGGER  - Summary for 'RenderingRequest.initialize': Total: 0.272 s, transactions: 1, svn: 0.197 s [40% getDir2 content (3x), 38% info (11x), 21% getFile content (5x)] (20x), Velocity: 0.157 s [100% evaluate (3x)] (3x)
2017-05-17 12:14:11,443 [ajp-nio-8889-exec-5 | u:admin | i:drivepilot/_default/pakage3 e:polarion_client2] INFO  TXLOGGER  - Tx 57054993cb2fb_0_57054993cb2fb_0_: finished. Total: 0.263 s, svn: 0.196 s [41% getDir2 content (3x), 38% info (11x), 21% getFile content (5x)] (20x), Velocity: 0.152 s [100% evaluate (3x)] (3x)
2017-05-17 12:14:11,445 [ajp-nio-8889-exec-5 | u:admin] INFO  TXLOGGER  - Summary for 'RenderingRequest.initialize': Total: 0.265 s, transactions: 1, svn: 0.196 s [41% getDir2 content (3x), 38% info (11x), 21% getFile content (5x)] (20x), Velocity: 0.152 s [100% evaluate (3x)] (3x)
2017-05-17 12:15:28,017 [ajp-nio-8889-exec-10 | u:admin | i:drivepilot/_default/pakage3 e:polarion_client2] INFO  TXLOGGER  - Tx 570549de902fd_0_570549de902fd_0_: finished. Total: 0.273 s, svn: 0.194 s [41% getDir2 content (3x), 37% info (11x), 22% getFile content (5x)] (20x), Velocity: 0.162 s [100% evaluate (3x)] (3x)
2017-05-17 12:15:28,019 [ajp-nio-8889-exec-10 | u:admin] INFO  TXLOGGER  - Summary for 'RenderingRequest.initialize': Total: 0.274 s, transactions: 1, svn: 0.194 s [41% getDir2 content (3x), 37% info (11x), 22% getFile content (5x)] (20x), Velocity: 0.162 s [100% evaluate (3x)] (3x)
2017-05-17 12:20:39,334 [ajp-nio-8889-exec-6 | u:admin | i:drivepilot/_default/pakage3 e:polarion_client2] INFO  TXLOGGER  - Tx 57054b0e992ff_0_57054b0e992ff_0_: finished. Total: 0.257 s, svn: 0.198 s [40% getDir2 content (3x), 37% info (11x), 22% getFile content (5x)] (20x), Velocity: 0.145 s [100% evaluate (3x)] (3x), DB: 0.013 s [97% query (1x)] (17x)
2017-05-17 12:20:39,335 [ajp-nio-8889-exec-6 | u:admin] INFO  TXLOGGER  - Summary for 'RenderingRequest.initialize': Total: 0.258 s, transactions: 1, svn: 0.198 s [40% getDir2 content (3x), 37% info (11x), 22% getFile content (5x)] (20x), Velocity: 0.145 s [100% evaluate (3x)] (3x), DB: 0.013 s [97% query (1x)] (17x)
2017-05-17 12:20:52,440 [ajp-nio-8889-exec-7 | u:admin | i:drivepilot/_default/pakage3 e:polarion_client2] INFO  TXLOGGER  - Tx 57054b1b66301_0_57054b1b66301_0_: finished. Total: 0.256 s, svn: 0.194 s [41% getDir2 content (3x), 37% info (11x), 22% getFile content (5x)] (20x), Velocity: 0.146 s [100% evaluate (3x)] (3x)
2017-05-17 12:20:52,441 [ajp-nio-8889-exec-7 | u:admin] INFO  TXLOGGER  - Summary for 'RenderingRequest.initialize': Total: 0.257 s, transactions: 1, svn: 0.194 s [41% getDir2 content (3x), 37% info (11x), 22% getFile content (5x)] (20x), Velocity: 0.146 s [100% evaluate (3x)] (3x)
2017-05-17 12:20:55,835 [ajp-nio-8889-exec-10 | u:admin] INFO  TXLOGGER  - Summary for 'PortalDataService.getWikiSpacesAndPages': Total: 0.2 s, transactions: 0, svn: 0.182 s [90% info (17x)] (19x)
2017-05-17 12:20:56,142 [ajp-nio-8889-exec-9 | u:admin | i:drivepilot/_default/pakage3 e:polarion_client2] INFO  TXLOGGER  - Tx 57054b1eff303_0_57054b1eff303_0_: finished. Total: 0.274 s, svn: 0.2 s [40% getDir2 content (3x), 39% info (11x), 21% getFile content (5x)] (20x), Velocity: 0.152 s [100% evaluate (3x)] (3x)
2017-05-17 12:20:56,144 [ajp-nio-8889-exec-9 | u:admin] INFO  TXLOGGER  - Summary for 'RenderingRequest.initialize': Total: 0.275 s, transactions: 1, svn: 0.2 s [40% getDir2 content (3x), 39% info (11x), 21% getFile content (5x)] (20x), Velocity: 0.152 s [100% evaluate (3x)] (3x)
2017-05-17 12:21:15,392 [ajp-nio-8889-exec-2 | u:admin | i:drivepilot/_default/pakage3 e:polarion_client2] INFO  TXLOGGER  - Tx 57054b31cd305_0_57054b31cd305_0_: finished. Total: 0.268 s, svn: 0.2 s [40% getDir2 content (3x), 38% info (11x), 21% getFile content (5x)] (20x), Velocity: 0.152 s [100% evaluate (3x)] (3x)
2017-05-17 12:21:15,394 [ajp-nio-8889-exec-2 | u:admin] INFO  TXLOGGER  - Summary for 'RenderingRequest.initialize': Total: 0.27 s, transactions: 1, svn: 0.2 s [40% getDir2 content (3x), 38% info (11x), 21% getFile content (5x)] (20x), Velocity: 0.152 s [100% evaluate (3x)] (3x)
2017-05-17 12:21:28,014 [ajp-nio-8889-exec-8 | u:admin | i:drivepilot/_default/pakage3 e:polarion_client2] INFO  TXLOGGER  - Tx 57054b3e20f07_0_57054b3e20f07_0_: finished. Total: 0.266 s, svn: 0.198 s [41% getDir2 content (3x), 37% info (11x), 21% getFile content (5x)] (20x), Velocity: 0.154 s [100% evaluate (3x)] (3x)
2017-05-17 12:21:28,015 [ajp-nio-8889-exec-8 | u:admin] INFO  TXLOGGER  - Summary for 'RenderingRequest.initialize': Total: 0.268 s, transactions: 1, svn: 0.198 s [41% getDir2 content (3x), 37% info (11x), 21% getFile content (5x)] (20x), Velocity: 0.154 s [100% evaluate (3x)] (3x)
2017-05-17 12:21:31,751 [ajp-nio-8889-exec-7 | u:admin] INFO  TXLOGGER  - Tx 57054b41dc30f_0_57054b41dc30f_0_: finished. Total: 0.183 s, resolve: 0.099 s [99% ModuleAttachment (2x)] (25x), svn: 0.0868 s [76% info (6x), 23% getFile properties (2x)] (10x), RepositoryConfigService: 0.0123 s [100% getReadConfiguration (371x)] (389x), ObjectMaps: 0.0111 s [42% getPrimaryObjectLocations (4x), 41% getPrimaryObjectLocation (2x)] (10x)
2017-05-17 12:21:31,775 [ajp-nio-8889-exec-7 | u:admin] INFO  TXLOGGER  - Summary for 'WorkItemDataService.loadInstances': Total: 0.208 s, transactions: 1, resolve: 0.099 s [99% ModuleAttachment (2x)] (25x), svn: 0.0868 s [76% info (6x), 23% getFile properties (2x)] (10x), RepositoryConfigService: 0.0123 s [100% getReadConfiguration (371x)] (389x), ObjectMaps: 0.0111 s [42% getPrimaryObjectLocations (4x), 41% getPrimaryObjectLocation (2x)] (10x)
2017-05-17 12:21:31,911 [ajp-nio-8889-exec-10 | u:admin] INFO  TXLOGGER  - Tx 57054b41deb10_0_57054b41deb10_0_: finished. Total: 0.333 s, svn: 0.151 s [70% getFile content (9x), 22% info (3x)] (15x), RepositoryConfigService: 0.109 s [100% getReadConfiguration (182x)] (207x), resolve: 0.0708 s [99% TestRun (1x)] (9x)
2017-05-17 12:21:31,937 [ajp-nio-8889-exec-10 | u:admin] INFO  TXLOGGER  - Summary for 'WorkItemDataService.loadWorkitem': Total: 0.359 s, transactions: 1, svn: 0.151 s [70% getFile content (9x), 22% info (3x)] (15x), RepositoryConfigService: 0.109 s [100% getReadConfiguration (182x)] (207x), resolve: 0.0708 s [99% TestRun (1x)] (9x)
2017-05-17 12:21:31,951 [ajp-nio-8889-exec-1 | u:admin | uri:/polarion/icons/default/enums/type_unit_testcase.png?buildId=20170314-0722] INFO  TXLOGGER  - Tx 57054b4222716_0_57054b4222716_0_: finished. Total: 0.102 s
2017-05-17 12:21:31,951 [ajp-nio-8889-exec-1] INFO  TXLOGGER  - Summary for 'servlet /polarion/icons/default/enums/type_unit_testcase.png?buildId=20170314-0722': Total: 0.102 s, transactions: 1
2017-05-17 12:21:34,215 [ajp-nio-8889-exec-2 | u:admin] INFO  TXLOGGER  - Tx 57054b4428f1e_0_57054b4428f1e_0_: finished. Total: 0.292 s, svn: 0.157 s [72% getFile content (12x), 27% info (5x)] (19x), RepositoryConfigService: 0.116 s [87% getReadConfiguration (197x)] (216x), resolve: 0.0913 s [99% Plan (10x)] (34x)
2017-05-17 12:21:34,234 [ajp-nio-8889-exec-2 | u:admin] INFO  TXLOGGER  - Summary for 'WorkItemDataService.loadWorkitem': Total: 0.311 s, transactions: 1, svn: 0.157 s [72% getFile content (12x), 27% info (5x)] (19x), RepositoryConfigService: 0.116 s [87% getReadConfiguration (197x)] (216x), resolve: 0.0913 s [99% Plan (10x)] (34x)
2017-05-17 12:22:04,897 [ajp-nio-8889-exec-9 | u:admin | i:drivepilot/_default/pakage3 e:polarion_client2] INFO  TXLOGGER  - Tx 57054b6225f29_0_57054b6225f29_0_: finished. Total: 0.266 s, svn: 0.197 s [41% getDir2 content (3x), 37% info (11x), 22% getFile content (5x)] (20x), Velocity: 0.154 s [100% evaluate (3x)] (3x), DB: 0.0135 s [97% query (1x)] (17x)
2017-05-17 12:22:04,898 [ajp-nio-8889-exec-9 | u:admin] INFO  TXLOGGER  - Summary for 'RenderingRequest.initialize': Total: 0.267 s, transactions: 1, svn: 0.197 s [41% getDir2 content (3x), 37% info (11x), 22% getFile content (5x)] (20x), Velocity: 0.154 s [100% evaluate (3x)] (3x), DB: 0.0135 s [97% query (1x)] (17x)
2017-05-17 12:22:17,574 [ajp-nio-8889-exec-6 | u:admin | i:drivepilot/_default/pakage3 e:polarion_client2] INFO  TXLOGGER  - Tx 57054b6e8932b_0_57054b6e8932b_0_: finished. Total: 0.258 s, svn: 0.195 s [41% getDir2 content (3x), 37% info (11x), 22% getFile content (5x)] (20x), Velocity: 0.149 s [100% evaluate (3x)] (3x), DB: 0.0131 s [98% query (1x)] (17x)
2017-05-17 12:22:17,575 [ajp-nio-8889-exec-6 | u:admin] INFO  TXLOGGER  - Summary for 'RenderingRequest.initialize': Total: 0.259 s, transactions: 1, svn: 0.195 s [41% getDir2 content (3x), 37% info (11x), 22% getFile content (5x)] (20x), Velocity: 0.149 s [100% evaluate (3x)] (3x), DB: 0.0131 s [98% query (1x)] (17x)
2017-05-17 12:22:19,914 [ajp-nio-8889-exec-3 | u:admin] INFO  TXLOGGER  - Summary for 'PortalDataService.getWikiSpacesAndPages': Total: 0.203 s, transactions: 0, svn: 0.186 s [88% info (17x)] (19x)
2017-05-17 12:22:20,151 [ajp-nio-8889-exec-1 | u:admin | i:drivepilot/_default/pakage3 e:polarion_client2] INFO  TXLOGGER  - Tx 57054b7105f2d_0_57054b7105f2d_0_: finished. Total: 0.289 s, svn: 0.214 s [41% info (11x), 39% getDir2 content (3x), 21% getFile content (5x)] (20x), Velocity: 0.16 s [100% evaluate (3x)] (3x)
2017-05-17 12:22:20,153 [ajp-nio-8889-exec-1 | u:admin] INFO  TXLOGGER  - Summary for 'RenderingRequest.initialize': Total: 0.291 s, transactions: 1, svn: 0.214 s [41% info (11x), 39% getDir2 content (3x), 21% getFile content (5x)] (20x), Velocity: 0.16 s [100% evaluate (3x)] (3x)
2017-05-17 12:22:39,816 [ajp-nio-8889-exec-7 | u:admin | i:drivepilot/_default/pakage3 e:polarion_client2] INFO  TXLOGGER  - Tx 57054b843fb2f_0_57054b843fb2f_0_: finished. Total: 0.265 s, svn: 0.194 s [41% getDir2 content (3x), 37% info (11x), 22% getFile content (5x)] (20x), Velocity: 0.157 s [100% evaluate (3x)] (3x)
2017-05-17 12:22:39,817 [ajp-nio-8889-exec-7 | u:admin] INFO  TXLOGGER  - Summary for 'RenderingRequest.initialize': Total: 0.266 s, transactions: 1, svn: 0.194 s [41% getDir2 content (3x), 37% info (11x), 22% getFile content (5x)] (20x), Velocity: 0.157 s [100% evaluate (3x)] (3x)
2017-05-17 12:23:44,238 [ajp-nio-8889-exec-1 | u:admin | i:drivepilot/_default/pakage3 e:polarion_client2] INFO  TXLOGGER  - Tx 57054bc327341_0_57054bc327341_0_: finished. Total: 0.274 s, svn: 0.196 s [41% getDir2 content (3x), 37% info (11x), 22% getFile content (5x)] (20x), Velocity: 0.163 s [100% evaluate (3x)] (3x)
2017-05-17 12:23:44,239 [ajp-nio-8889-exec-1 | u:admin] INFO  TXLOGGER  - Summary for 'RenderingRequest.initialize': Total: 0.275 s, transactions: 1, svn: 0.196 s [41% getDir2 content (3x), 37% info (11x), 22% getFile content (5x)] (20x), Velocity: 0.163 s [100% evaluate (3x)] (3x)
2017-05-17 12:24:25,785 [ajp-nio-8889-exec-7 | u:admin | i:drivepilot/_default/pakage3 e:polarion_client2] INFO  TXLOGGER  - Tx 57054bebb8f45_0_57054bebb8f45_0_: finished. Total: 0.278 s, svn: 0.197 s [41% getDir2 content (3x), 37% info (11x), 22% getFile content (5x)] (20x), Velocity: 0.161 s [100% evaluate (3x)] (3x)
2017-05-17 12:24:25,786 [ajp-nio-8889-exec-7 | u:admin] INFO  TXLOGGER  - Summary for 'RenderingRequest.initialize': Total: 0.279 s, transactions: 1, svn: 0.197 s [41% getDir2 content (3x), 37% info (11x), 22% getFile content (5x)] (20x), Velocity: 0.161 s [100% evaluate (3x)] (3x)
2017-05-17 12:25:01,506 [ajp-nio-8889-exec-6 | u:admin | i:drivepilot/_default/pakage3 e:polarion_client2] INFO  TXLOGGER  - Tx 57054c0e76f47_0_57054c0e76f47_0_: finished. Total: 0.423 s, Velocity: 0.282 s [100% evaluate (3x)] (3x), svn: 0.202 s [40% getDir2 content (3x), 36% info (11x), 24% getFile content (5x)] (20x)
2017-05-17 12:25:01,511 [ajp-nio-8889-exec-6 | u:admin] INFO  TXLOGGER  - Summary for 'RenderingRequest.initialize': Total: 0.428 s, transactions: 1, Velocity: 0.282 s [100% evaluate (3x)] (3x), svn: 0.202 s [40% getDir2 content (3x), 36% info (11x), 24% getFile content (5x)] (20x)
2017-05-17 12:25:15,571 [ajp-nio-8889-exec-5 | u:admin] INFO  TXLOGGER  - Summary for 'PortalDataService.getWikiSpacesAndPages': Total: 0.19 s, transactions: 0, svn: 0.174 s [86% info (17x)] (19x)
2017-05-17 12:25:15,883 [ajp-nio-8889-exec-7 | u:admin | i:drivepilot/_default/pakage3 e:polarion_client2] INFO  TXLOGGER  - Tx 57054c1c9eb49_0_57054c1c9eb49_0_: finished. Total: 0.304 s, svn: 0.199 s [41% getDir2 content (3x), 37% info (11x), 22% getFile content (5x)] (20x), Velocity: 0.189 s [100% evaluate (3x)] (3x)
2017-05-17 12:25:15,884 [ajp-nio-8889-exec-7 | u:admin] INFO  TXLOGGER  - Summary for 'RenderingRequest.initialize': Total: 0.306 s, transactions: 1, svn: 0.199 s [41% getDir2 content (3x), 37% info (11x), 22% getFile content (5x)] (20x), Velocity: 0.189 s [100% evaluate (3x)] (3x)
2017-05-17 12:25:35,305 [ajp-nio-8889-exec-6 | u:admin | i:drivepilot/_default/pakage3 e:polarion_client2] INFO  TXLOGGER  - Tx 57054c2f9a74b_0_57054c2f9a74b_0_: finished. Total: 0.289 s, svn: 0.196 s [41% getDir2 content (3x), 37% info (11x), 22% getFile content (5x)] (20x), Velocity: 0.177 s [100% evaluate (3x)] (3x)
2017-05-17 12:25:35,307 [ajp-nio-8889-exec-6 | u:admin] INFO  TXLOGGER  - Summary for 'RenderingRequest.initialize': Total: 0.29 s, transactions: 1, svn: 0.196 s [41% getDir2 content (3x), 37% info (11x), 22% getFile content (5x)] (20x), Velocity: 0.177 s [100% evaluate (3x)] (3x)
2017-05-17 12:25:42,637 [ajp-nio-8889-exec-1 | u:admin | uri:/polarion/wiki/bin/view/project/drivepilot/page/Design/Home?spaceTitle=Design | wiki: view http://localhost/polarion/wiki/bin/view/project/drivepilot/page/Design/Home] INFO  TXLOGGER  - Tx 57054c36edb4d_0_57054c36edb4d_0_: finished. Total: 0.119 s, svn: 0.0986 s [100% info (12x)] (13x)
2017-05-17 12:25:42,662 [ajp-nio-8889-exec-1] INFO  TXLOGGER  - Summary for 'servlet /polarion/wiki/bin/view/project/drivepilot/page/Design/Home?spaceTitle=Design': Total: 0.375 s, transactions: 3, Velocity: 0.329 s [100% evaluate in Wiki (1x)] (1x), svn: 0.122 s [100% info (15x)] (16x)
2017-05-17 12:25:43,178 [ajp-nio-8889-exec-5 | u:admin | uri:/polarion/wiki/bin/workitemsmacroaction/project/drivepilot/page/Design/Home?xpage=showstring&fields=id%2Ctitle&sortby=outlineNumber&query=linkedWorkItems%3Adrivepilot%2FDP%2D212 | wiki: workitemsmacroaction http://localhost/polarion/wiki/bin/workitemsmacroaction/project/drivepilot/page/Design/Home] INFO  TXLOGGER  - Tx 57054c374774f_0_57054c374774f_0_: finished. Total: 0.3 s, resolve: 0.226 s [99% ModuleAttachment (6x)] (52x), svn: 0.217 s [77% info (15x), 23% getFile properties (5x)] (22x), outlineNumberQueryExpander: 0.0385 s [100% sort (1x)] (2x), Lucene: 0.0383 s [100% search (2x)] (2x)
2017-05-17 12:25:43,181 [ajp-nio-8889-exec-5] INFO  TXLOGGER  - Summary for 'servlet /polarion/wiki/bin/workitemsmacroaction/project/drivepilot/page/Design/Home?xpage=showstring&fields=id%2Ctitle&sortby=outlineNumber&query=linkedWorkItems%3Adrivepilot%2FDP%2D212': Total: 0.352 s, transactions: 1, svn: 0.232 s [78% info (17x), 21% getFile properties (5x)] (24x), resolve: 0.226 s [99% ModuleAttachment (6x)] (52x), outlineNumberQueryExpander: 0.0385 s [100% sort (1x)] (2x), Lucene: 0.0383 s [100% search (2x)] (2x)
2017-05-17 12:26:04,331 [ajp-nio-8889-exec-10 | u:admin] INFO  TXLOGGER  - Summary for 'PortalDataService.getWikiSpacesAndPages': Total: 0.199 s, transactions: 0, svn: 0.184 s [90% info (17x)] (19x)
2017-05-17 12:26:04,608 [ajp-nio-8889-exec-2 | u:admin | i:drivepilot/_default/pakage3 e:polarion_client2] INFO  TXLOGGER  - Tx 57054c4c36751_0_57054c4c36751_0_: finished. Total: 0.295 s, svn: 0.201 s [40% getDir2 content (3x), 38% info (11x), 22% getFile content (5x)] (20x), Velocity: 0.173 s [100% evaluate (3x)] (3x)
2017-05-17 12:26:04,609 [ajp-nio-8889-exec-2 | u:admin] INFO  TXLOGGER  - Summary for 'RenderingRequest.initialize': Total: 0.297 s, transactions: 1, svn: 0.201 s [40% getDir2 content (3x), 38% info (11x), 22% getFile content (5x)] (20x), Velocity: 0.173 s [100% evaluate (3x)] (3x)
2017-05-17 12:26:28,379 [ajp-nio-8889-exec-8 | u:admin | i:drivepilot/_default/pakage3 e:polarion_client2] INFO  TXLOGGER  - Tx 57054c6370753_0_57054c6370753_0_: finished. Total: 0.282 s, svn: 0.199 s [41% getDir2 content (3x), 37% info (11x), 21% getFile content (5x)] (20x), Velocity: 0.169 s [100% evaluate (3x)] (3x)
2017-05-17 12:26:28,388 [ajp-nio-8889-exec-8 | u:admin] INFO  TXLOGGER  - Summary for 'RenderingRequest.initialize': Total: 0.291 s, transactions: 1, svn: 0.199 s [41% getDir2 content (3x), 37% info (11x), 21% getFile content (5x)] (20x), Velocity: 0.169 s [100% evaluate (3x)] (3x)
2017-05-17 12:28:15,567 [ajp-nio-8889-exec-4 | u:admin | i:drivepilot/_default/pakage3 e:polarion_client2] INFO  TXLOGGER  - Tx 57054ccc1c355_0_57054ccc1c355_0_: finished. Total: 0.287 s, svn: 0.197 s [41% getDir2 content (3x), 37% info (11x), 22% getFile content (5x)] (20x), Velocity: 0.174 s [100% evaluate (3x)] (3x)
2017-05-17 12:28:15,568 [ajp-nio-8889-exec-4 | u:admin] INFO  TXLOGGER  - Summary for 'RenderingRequest.initialize': Total: 0.289 s, transactions: 1, svn: 0.197 s [41% getDir2 content (3x), 37% info (11x), 22% getFile content (5x)] (20x), Velocity: 0.174 s [100% evaluate (3x)] (3x)
2017-05-17 12:29:54,106 [ajp-nio-8889-exec-9 | u:admin | i:drivepilot/_default/pakage3 e:polarion_client2] INFO  TXLOGGER  - Tx 57054d2c5eb57_0_57054d2c5eb57_0_: finished. Total: 0.256 s, svn: 0.198 s [40% getDir2 content (3x), 38% info (11x), 21% getFile content (5x)] (20x), Velocity: 0.143 s [100% evaluate (3x)] (3x), DB: 0.0135 s [97% query (1x)] (17x)
2017-05-17 12:29:54,107 [ajp-nio-8889-exec-9 | u:admin] INFO  TXLOGGER  - Summary for 'RenderingRequest.initialize': Total: 0.257 s, transactions: 1, svn: 0.198 s [40% getDir2 content (3x), 38% info (11x), 21% getFile content (5x)] (20x), Velocity: 0.143 s [100% evaluate (3x)] (3x), DB: 0.0135 s [97% query (1x)] (17x)
2017-05-17 12:30:25,757 [ajp-nio-8889-exec-10 | u:admin | i:drivepilot/_default/pakage3 e:polarion_client2] INFO  TXLOGGER  - Tx 57054d4b26f59_0_57054d4b26f59_0_: finished. Total: 0.387 s, Velocity: 0.263 s [100% evaluate (3x)] (3x), svn: 0.194 s [41% getDir2 content (3x), 37% info (11x), 22% getFile content (5x)] (20x)
2017-05-17 12:30:25,762 [ajp-nio-8889-exec-10 | u:admin] INFO  TXLOGGER  - Summary for 'RenderingRequest.initialize': Total: 0.391 s, transactions: 1, Velocity: 0.263 s [100% evaluate (3x)] (3x), svn: 0.194 s [41% getDir2 content (3x), 37% info (11x), 22% getFile content (5x)] (20x)
2017-05-17 12:30:32,097 [ajp-nio-8889-exec-6 | u:admin] INFO  TXLOGGER  - Summary for 'PortalDataService.getWikiSpacesAndPages': Total: 0.172 s, transactions: 0, svn: 0.156 s [89% info (17x)] (19x)
2017-05-17 12:30:32,478 [ajp-nio-8889-exec-3 | u:admin | i:drivepilot/_default/pakage3 e:polarion_client2] INFO  TXLOGGER  - Tx 57054d51cd75b_0_57054d51cd75b_0_: finished. Total: 0.296 s, svn: 0.204 s [41% getDir2 content (3x), 38% info (11x), 21% getFile content (5x)] (20x), Velocity: 0.19 s [100% evaluate (3x)] (3x), DB: 0.0204 s [98% query (1x)] (17x)
2017-05-17 12:30:32,479 [ajp-nio-8889-exec-3 | u:admin] INFO  TXLOGGER  - Summary for 'RenderingRequest.initialize': Total: 0.298 s, transactions: 1, svn: 0.204 s [41% getDir2 content (3x), 38% info (11x), 21% getFile content (5x)] (20x), Velocity: 0.19 s [100% evaluate (3x)] (3x), DB: 0.0204 s [98% query (1x)] (17x)
2017-05-17 12:30:57,155 [ajp-nio-8889-exec-2 | u:admin | i:drivepilot/_default/pakage3 e:polarion_client2] INFO  TXLOGGER  - Tx 57054d69ecb5d_0_57054d69ecb5d_0_: finished. Total: 0.274 s, svn: 0.195 s [41% getDir2 content (3x), 38% info (11x), 21% getFile content (5x)] (20x), Velocity: 0.162 s [100% evaluate (3x)] (3x)
2017-05-17 12:30:57,157 [ajp-nio-8889-exec-2 | u:admin] INFO  TXLOGGER  - Summary for 'RenderingRequest.initialize': Total: 0.275 s, transactions: 1, svn: 0.195 s [41% getDir2 content (3x), 38% info (11x), 21% getFile content (5x)] (20x), Velocity: 0.162 s [100% evaluate (3x)] (3x)
2017-05-17 12:45:30,964 [ajp-nio-8889-exec-5 | u:admin] INFO  TXLOGGER  - Summary for 'PortalDataService.getWikiSpacesAndPages': Total: 0.175 s, transactions: 0, svn: 0.161 s [89% info (17x)] (19x)
2017-05-17 12:45:31,290 [ajp-nio-8889-exec-1 | u:admin | i:drivepilot/_default/pakage3 e:polarion_client2] INFO  TXLOGGER  - Tx 570550bf8ff5f_0_570550bf8ff5f_0_: finished. Total: 0.284 s, svn: 0.198 s [43% getDir2 content (3x), 36% info (11x), 21% getFile content (5x)] (20x), Velocity: 0.176 s [100% evaluate (3x)] (3x)
2017-05-17 12:45:31,292 [ajp-nio-8889-exec-1 | u:admin] INFO  TXLOGGER  - Summary for 'RenderingRequest.initialize': Total: 0.286 s, transactions: 1, svn: 0.198 s [43% getDir2 content (3x), 36% info (11x), 21% getFile content (5x)] (20x), Velocity: 0.176 s [100% evaluate (3x)] (3x)
2017-05-17 12:51:56,362 [ajp-nio-8889-exec-4 | u:admin] INFO  TXLOGGER  - Summary for 'PortalDataService.getWikiSpacesAndPages': Total: 0.177 s, transactions: 0, svn: 0.164 s [89% info (17x)] (19x)
2017-05-17 12:51:56,685 [ajp-nio-8889-exec-5 | u:admin | i:drivepilot/_default/pakage3 e:polarion_client2] INFO  TXLOGGER  - Tx 57055237e9f76_0_57055237e9f76_0_: finished. Total: 0.294 s, svn: 0.209 s [38% getDir2 content (3x), 38% info (11x), 24% getFile content (5x)] (20x), Velocity: 0.169 s [100% evaluate (3x)] (3x)
2017-05-17 12:51:56,687 [ajp-nio-8889-exec-5 | u:admin] INFO  TXLOGGER  - Summary for 'RenderingRequest.initialize': Total: 0.295 s, transactions: 1, svn: 0.209 s [38% getDir2 content (3x), 38% info (11x), 24% getFile content (5x)] (20x), Velocity: 0.169 s [100% evaluate (3x)] (3x)
2017-05-17 12:52:20,315 [ajp-nio-8889-exec-9 | u:admin | i:drivepilot/_default/pakage3 e:polarion_client2] INFO  TXLOGGER  - Tx 5705524f01378_0_5705524f01378_0_: finished. Total: 0.279 s, svn: 0.202 s [40% getDir2 content (3x), 37% info (11x), 23% getFile content (5x)] (20x), Velocity: 0.162 s [100% evaluate (3x)] (3x)
2017-05-17 12:52:20,322 [ajp-nio-8889-exec-9 | u:admin] INFO  TXLOGGER  - Summary for 'RenderingRequest.initialize': Total: 0.286 s, transactions: 1, svn: 0.202 s [40% getDir2 content (3x), 37% info (11x), 23% getFile content (5x)] (20x), Velocity: 0.162 s [100% evaluate (3x)] (3x)
2017-05-17 12:57:29,739 [ajp-nio-8889-exec-3 | u:admin] INFO  TXLOGGER  - Summary for 'PortalDataService.getWikiSpacesAndPages': Total: 0.187 s, transactions: 0, svn: 0.173 s [89% info (17x)] (19x)
2017-05-17 12:57:30,009 [ajp-nio-8889-exec-8 | u:admin | i:drivepilot/_default/pakage3 e:polarion_client2] INFO  TXLOGGER  - Tx 5705537d69386_0_5705537d69386_0_: finished. Total: 0.31 s, svn: 0.225 s [38% info (11x), 37% getDir2 content (3x), 24% getFile content (5x)] (20x), Velocity: 0.173 s [100% evaluate (3x)] (3x)
2017-05-17 12:57:30,011 [ajp-nio-8889-exec-8 | u:admin] INFO  TXLOGGER  - Summary for 'RenderingRequest.initialize': Total: 0.311 s, transactions: 1, svn: 0.225 s [38% info (11x), 37% getDir2 content (3x), 24% getFile content (5x)] (20x), Velocity: 0.173 s [100% evaluate (3x)] (3x)
2017-05-17 12:58:42,788 [Persistence Events Processing Thread | u:p] INFO  TXLOGGER  - Tx 570553c3e5f8c_0_570553c3e5f8c_0_: finished. Total: 0.908 s, Lucene: 0.906 s [100% add (1x)] (1x)
2017-05-17 12:58:42,788 [Persistence Events Processing Thread | u:p] INFO  TXLOGGER  - Summary: Total: 0.929 s, transactions: 6, persistence listener: 0.929 s [100% RevisionActivityCreator (2x)] (7x), Lucene: 0.92 s [100% add (2x)] (3x)
2017-05-17 12:58:50,857 [PullingJob-default] INFO  TXLOGGER  - Summary for 'PullingJob': Total: 0.107 s, transactions: 0, svn: 0.107 s [99% log2 (1x)] (2x), processed revs: [28]
2017-05-17 12:58:55,921 [ajp-nio-8889-exec-1 | u:admin] INFO  TXLOGGER  - Summary for 'PortalDataService.getWikiSpacesAndPages': Total: 0.196 s, transactions: 0, svn: 0.181 s [90% info (17x)] (19x)
2017-05-17 12:58:56,189 [ajp-nio-8889-exec-8 | u:admin | i:drivepilot/_default/pakage3 e:polarion_client2] INFO  TXLOGGER  - Tx 570553d191394_0_570553d191394_0_: finished. Total: 0.313 s, svn: 0.225 s [38% info (11x), 38% getDir2 content (3x), 24% getFile content (5x)] (20x), Velocity: 0.17 s [100% evaluate (3x)] (3x)
2017-05-17 12:58:56,191 [ajp-nio-8889-exec-8 | u:admin] INFO  TXLOGGER  - Summary for 'RenderingRequest.initialize': Total: 0.314 s, transactions: 1, svn: 0.225 s [38% info (11x), 38% getDir2 content (3x), 24% getFile content (5x)] (20x), Velocity: 0.17 s [100% evaluate (3x)] (3x)
2017-05-17 12:59:33,954 [ajp-nio-8889-exec-1] INFO  TXLOGGER  - Summary for 'servlet /polarion/wiki/bin/view/project/drivepilot/page/Iteration_34-burndown': Total: 0.305 s, transactions: 2, Velocity: 0.182 s [100% evaluate in Wiki (1x)] (1x), svn: 0.0961 s [91% info (13x)] (14x)
2017-05-17 12:59:38,314 [ajp-nio-8889-exec-7 | u:admin | i:drivepilot/_default/pakage3 e:polarion_client2] INFO  TXLOGGER  - Tx 570553fabf798_0_570553fabf798_0_: finished. Total: 0.269 s, svn: 0.207 s [39% getDir2 content (3x), 37% info (11x), 24% getFile content (5x)] (20x), Velocity: 0.142 s [100% evaluate (3x)] (3x)
2017-05-17 12:59:38,315 [ajp-nio-8889-exec-7 | u:admin] INFO  TXLOGGER  - Summary for 'RenderingRequest.initialize': Total: 0.27 s, transactions: 1, svn: 0.207 s [39% getDir2 content (3x), 37% info (11x), 24% getFile content (5x)] (20x), Velocity: 0.142 s [100% evaluate (3x)] (3x)
2017-05-17 12:59:45,105 [ajp-nio-8889-exec-1 | u:admin] INFO  TXLOGGER  - Summary for 'PortalDataService.getWikiSpacesAndPages': Total: 0.196 s, transactions: 0, svn: 0.181 s [90% info (17x)] (19x)
2017-05-17 12:59:45,358 [ajp-nio-8889-exec-3 | u:admin | i:drivepilot/_default/pakage3 e:polarion_client2] INFO  TXLOGGER  - Tx 570554019879a_0_570554019879a_0_: finished. Total: 0.301 s, svn: 0.222 s [40% info (11x), 37% getDir2 content (3x), 23% getFile content (5x)] (20x), Velocity: 0.163 s [100% evaluate (3x)] (3x)
2017-05-17 12:59:45,360 [ajp-nio-8889-exec-3 | u:admin] INFO  TXLOGGER  - Summary for 'RenderingRequest.initialize': Total: 0.302 s, transactions: 1, svn: 0.222 s [40% info (11x), 37% getDir2 content (3x), 23% getFile content (5x)] (20x), Velocity: 0.163 s [100% evaluate (3x)] (3x)
2017-05-17 12:59:54,138 [ajp-nio-8889-exec-7 | u:admin | i:drivepilot/_default/pakage3 e:polarion_client2] INFO  TXLOGGER  - Tx 5705540a2e39c_0_5705540a2e39c_0_: finished. Total: 0.29 s, svn: 0.213 s [38% getDir2 content (3x), 36% info (11x), 26% getFile content (5x)] (20x), Velocity: 0.162 s [100% evaluate (3x)] (3x)
2017-05-17 12:59:54,139 [ajp-nio-8889-exec-7 | u:admin] INFO  TXLOGGER  - Summary for 'RenderingRequest.initialize': Total: 0.291 s, transactions: 1, svn: 0.213 s [38% getDir2 content (3x), 36% info (11x), 26% getFile content (5x)] (20x), Velocity: 0.162 s [100% evaluate (3x)] (3x)
2017-05-17 13:00:00,813 [Worker-0 | u:p] INFO  TXLOGGER  - Summary for 'job: update.plan.refresh.index': Total: 0.692 s, transactions: 0, resolve: 0.579 s [100% WorkItem (15x)] (167x), svn: 0.505 s [33% info (18x), 33% getDir2 content (17x), 32% getFile content (16x)] (52x), Lucene: 0.062 s [72% refresh (1x), 28% search (16x)] (17x)
2017-05-17 13:00:00,847 [Worker-1 | u:p] INFO  TXLOGGER  - Summary for 'job: update.plan': Total: 0.798 s, transactions: 0
2017-05-17 13:00:14,196 [ajp-nio-8889-exec-5 | u:admin | i:drivepilot/_default/pakage3 e:polarion_client2] INFO  TXLOGGER  - Tx 5705541dc279e_0_5705541dc279e_0_: finished. Total: 0.299 s, svn: 0.213 s [38% getDir2 content (3x), 36% info (11x), 26% getFile content (5x)] (20x), Velocity: 0.17 s [100% evaluate (3x)] (3x), DB: 0.0181 s [98% query (1x)] (17x)
2017-05-17 13:00:14,197 [ajp-nio-8889-exec-5 | u:admin] INFO  TXLOGGER  - Summary for 'RenderingRequest.initialize': Total: 0.3 s, transactions: 1, svn: 0.213 s [38% getDir2 content (3x), 36% info (11x), 26% getFile content (5x)] (20x), Velocity: 0.17 s [100% evaluate (3x)] (3x), DB: 0.0181 s [98% query (1x)] (17x)
2017-05-17 13:00:26,345 [ajp-nio-8889-exec-9 | u:admin | uri:/polarion/wiki/bin/view/project/drivepilot/page/Development/Home | wiki: view http://localhost/polarion/wiki/bin/view/project/drivepilot/page/Development/Home] INFO  TXLOGGER  - Tx 57055429c7ba1_0_57055429c7ba1_0_: finished. Total: 0.139 s, svn: 0.116 s [100% info (14x)] (15x)
2017-05-17 13:00:26,365 [ajp-nio-8889-exec-9] INFO  TXLOGGER  - Summary for 'servlet /polarion/wiki/bin/view/project/drivepilot/page/Development/Home': Total: 0.286 s, transactions: 4, Velocity: 0.241 s [100% evaluate in Wiki (1x)] (1x), svn: 0.14 s [100% info (17x)] (18x)
2017-05-17 13:00:30,895 [ajp-nio-8889-exec-10 | u:admin | i:drivepilot/_default/pakage3 e:polarion_client2] INFO  TXLOGGER  - Tx 5705542e193a5_0_5705542e193a5_0_: finished. Total: 0.267 s, svn: 0.21 s [39% getDir2 content (3x), 37% info (11x), 24% getFile content (5x)] (20x), Velocity: 0.142 s [100% evaluate (3x)] (3x)
2017-05-17 13:00:30,896 [ajp-nio-8889-exec-10 | u:admin] INFO  TXLOGGER  - Summary for 'RenderingRequest.initialize': Total: 0.268 s, transactions: 1, svn: 0.21 s [39% getDir2 content (3x), 37% info (11x), 24% getFile content (5x)] (20x), Velocity: 0.142 s [100% evaluate (3x)] (3x)
2017-05-17 13:00:42,027 [ajp-nio-8889-exec-3 | u:admin | i:drivepilot/_default/pakage3 e:polarion_client2] INFO  TXLOGGER  - Tx 57055438d9fa7_0_57055438d9fa7_0_: finished. Total: 0.388 s, Velocity: 0.247 s [100% evaluate (3x)] (3x), svn: 0.211 s [38% getDir2 content (3x), 36% info (11x), 26% getFile content (5x)] (20x)
2017-05-17 13:00:42,030 [ajp-nio-8889-exec-3 | u:admin] INFO  TXLOGGER  - Summary for 'RenderingRequest.initialize': Total: 0.391 s, transactions: 1, Velocity: 0.247 s [100% evaluate (3x)] (3x), svn: 0.211 s [38% getDir2 content (3x), 36% info (11x), 26% getFile content (5x)] (20x)
2017-05-17 13:00:46,225 [ajp-nio-8889-exec-8 | u:admin] INFO  TXLOGGER  - Summary for 'PortalDataService.getWikiSpacesAndPages': Total: 0.198 s, transactions: 0, svn: 0.181 s [89% info (17x)] (19x)
2017-05-17 13:00:46,434 [ajp-nio-8889-exec-10 | u:admin | i:drivepilot/_default/pakage3 e:polarion_client2] INFO  TXLOGGER  - Tx 5705543d3b3a9_0_5705543d3b3a9_0_: finished. Total: 0.31 s, svn: 0.221 s [38% info (11x), 38% getDir2 content (3x), 24% getFile content (5x)] (20x), Velocity: 0.177 s [100% evaluate (3x)] (3x)
2017-05-17 13:00:46,435 [ajp-nio-8889-exec-10 | u:admin] INFO  TXLOGGER  - Summary for 'RenderingRequest.initialize': Total: 0.312 s, transactions: 1, svn: 0.221 s [38% info (11x), 38% getDir2 content (3x), 24% getFile content (5x)] (20x), Velocity: 0.177 s [100% evaluate (3x)] (3x)
2017-05-17 13:03:44,953 [PullingJob-default] INFO  TXLOGGER  - Summary for 'PullingJob': Total: 0.1 s, transactions: 0, svn: 0.1 s [99% log2 (1x)] (2x), processed revs: [30]
2017-05-17 13:03:55,358 [ajp-nio-8889-exec-9 | u:admin] INFO  TXLOGGER  - Summary for 'PortalDataService.getWikiSpacesAndPages': Total: 0.195 s, transactions: 0, svn: 0.181 s [89% info (17x)] (19x)
2017-05-17 13:03:55,649 [ajp-nio-8889-exec-3 | u:admin | i:drivepilot/_default/pakage3 e:polarion_client2] INFO  TXLOGGER  - Tx 570554f6023b7_0_570554f6023b7_0_: finished. Total: 0.314 s, svn: 0.229 s [38% info (11x), 36% getDir2 content (3x), 26% getFile content (5x)] (20x), Velocity: 0.171 s [100% evaluate (3x)] (3x), DB: 0.0203 s [98% query (1x)] (17x)
2017-05-17 13:03:55,651 [ajp-nio-8889-exec-3 | u:admin] INFO  TXLOGGER  - Summary for 'RenderingRequest.initialize': Total: 0.316 s, transactions: 1, svn: 0.229 s [38% info (11x), 36% getDir2 content (3x), 26% getFile content (5x)] (20x), Velocity: 0.171 s [100% evaluate (3x)] (3x), DB: 0.0203 s [98% query (1x)] (17x)
