2017-05-16 15:06:26,456 [main | u:p] INFO  TXLOGGER  - Summary for 'Platform startup': transactions: 0, DB: 0.0483 s [57% query (13x), 42% update (126x)] (206x), svn: 0.0214 s [82% checkPath (1x)] (3x)
2017-05-16 15:06:26,604 [main | u:p] INFO  TXLOGGER  - Summary for 'Context recognition': transactions: 0, svn: 0.0672 s [50% info (3x), 28% getDir2 content (2x), 22% getFile content (1x)] (6x)
2017-05-16 15:06:26,983 [LowLevelDataService-contextInitializer-2 | u:p] INFO  TXLOGGER  - Summary: Total: 0.377 s, transactions: 0
2017-05-16 15:06:26,984 [LowLevelDataService-contextInitializer-5 | u:p] INFO  TXLOGGER  - Summary: Total: 0.376 s, transactions: 0, svn: 0.0651 s [97% log2 (5x)] (6x), ObjectMaps: 0.0279 s [100% getAllPrimaryObjects (1x)] (7x)
2017-05-16 15:06:26,984 [LowLevelDataService-contextInitializer-4 | u:p] INFO  TXLOGGER  - Summary: Total: 0.377 s, transactions: 0, svn: 0.0473 s [97% log2 (5x)] (6x), ObjectMaps: 0.037 s [100% getAllPrimaryObjects (1x)] (7x)
2017-05-16 15:06:26,984 [LowLevelDataService-contextInitializer-3 | u:p] INFO  TXLOGGER  - Summary: Total: 0.377 s, transactions: 0, svn: 0.0846 s [38% log2 (5x), 28% log (1x), 20% info (2x)] (11x)
2017-05-16 15:06:26,984 [LowLevelDataService-contextInitializer-1 | u:p] INFO  TXLOGGER  - Summary: Total: 0.377 s, transactions: 0, svn: 0.0657 s [82% log2 (5x)] (7x), ObjectMaps: 0.0403 s [97% getAllPrimaryObjects (1x)] (13x)
2017-05-16 15:06:26,984 [main | u:p] INFO  TXLOGGER  - Summary for 'Context initialization': transactions: 0, svn: 0.279 s [75% log2 (21x), 9% log (1x)] (32x), ObjectMaps: 0.11 s [98% getAllPrimaryObjects (5x)] (41x)
2017-05-16 15:06:27,182 [main | u:p] INFO  TXLOGGER  - Summary for 'Revisions processing': transactions: 10, RepositoryConfigService: 0.133 s [100% getReadConfiguration (30x)] (30x), svn: 0.0588 s [85% info (11x)] (24x)
2017-05-16 15:06:27,648 [main | u:p] INFO  TXLOGGER  - Summary for 'Build artifacts recognition': transactions: 30, svn: 0.34 s [83% info (60x)] (103x), RepositoryConfigService: 0.324 s [100% getReadConfiguration (36x)] (36x)
2017-05-16 15:06:28,097 [main | u:p] INFO  TXLOGGER  - Summary for 'Data indexing': transactions: 0, Lucene: 0.173 s [100% refresh (1x)] (1x), SubterraURITable: 0.0869 s [100% addIfNotExistsDB (1x)] (1x), DB: 0.00867 s [71% update (3x), 22% query (1x)] (8x)
2017-05-16 15:07:00,214 [main] INFO  TXLOGGER  - Summary for 'Polarion startup': transactions: 1, svn: 0.234 s [82% info (39x)] (56x), RepositoryConfigService: 0.0186 s [100% getReadConfiguration (2x)] (2x)
2017-05-16 15:07:00,392 [Worker-0 | u:p | job: polarion.jobs.attachment.indexer] INFO  TXLOGGER  - Summary after AttachmentIndexer: transactions: 6, Lucene: 0.113 s [100% add (2x)] (2x), persistence listener: 0.0747 s [91% notificationsCreatingListener (1x)] (7x), resolve: 0.0327 s [83% User (2x)] (5x), ObjectMaps: 0.0114 s [100% getPrimaryObjectLocation (2x)] (2x)
2017-05-16 15:07:00,737 [PreLoadDataService | u:p] INFO  TXLOGGER  - Tx 5704278acf42a_0_5704278acf42a_0_: finished. Total: 0.515 s, svn: 0.29 s [71% getDir2 content (25x), 28% getFile content (13x)] (40x), resolve: 0.205 s [60% TimePoint (5x), 40% Category (6x)] (11x), ObjectMaps: 0.0296 s [58% getPrimaryObjectLocation (11x), 24% getPrimaryObjectProperty (11x)] (46x)
2017-05-16 15:07:01,068 [PreLoadDataService | u:p] INFO  TXLOGGER  - Tx 5704278b67432_0_5704278b67432_0_: finished. Total: 0.238 s, resolve: 0.13 s [100% User (8x)] (8x), svn: 0.121 s [70% getFile content (12x), 30% info (6x)] (19x), RepositoryConfigService: 0.0836 s [80% getReadConfiguration (56x)] (58x), ObjectMaps: 0.016 s [46% getPrimaryObjectLocation (8x), 31% getPrimaryObjectProperty (8x), 23% getLastPromoted (8x)] (33x)
2017-05-16 15:07:01,184 [PreLoadDataService | u:p] INFO  TXLOGGER  - Tx 5704278ba3033_0_5704278ba3033_0_: finished. Total: 0.116 s, RepositoryConfigService: 0.0971 s [98% getReadConfiguration (54x)] (77x), svn: 0.0801 s [100% getFile content (12x)] (13x)
2017-05-16 15:07:01,282 [DBHistoryCreator-1 | u:p] INFO  TXLOGGER  - Summary: Total: 0.854 s, transactions: 0
2017-05-16 15:07:01,282 [Worker-1 | u:p | job: polarion.jobs.db.history] INFO  TXLOGGER  - Summary after DBHistoryCreator: transactions: 0, Lucene: 0.0234 s [100% add (1x)] (1x), svn: 0.00146 s [100% getLatestRevision (1x)] (1x)
2017-05-16 15:07:01,282 [Worker-1 | u:p] INFO  TXLOGGER  - Summary for 'job: polarion.jobs.db.history': Total: 0.894 s, transactions: 0, DB: 0.68 s [75% query (1044x), 16% update (1019x)] (5146x), SubterraURITable: 0.372 s [100% getDB (1018x)] (1018x)
2017-05-16 15:07:01,705 [PreLoadDataService | u:p] INFO  TXLOGGER  - Tx 5704278bc0034_0_5704278bc0034_0_: finished. Total: 0.52 s, svn: 0.467 s [65% getFile content (47x), 35% getDir2 content (17x)] (65x), RepositoryConfigService: 0.343 s [100% getReadConfiguration (164x)] (180x)
2017-05-16 15:07:01,976 [PreLoadDataService | u:p] INFO  TXLOGGER  - Tx 5704278c42435_0_5704278c42435_0_: finished. Total: 0.271 s, svn: 0.25 s [51% getFile content (21x), 49% getDir2 content (17x)] (39x), RepositoryConfigService: 0.143 s [99% getReadConfiguration (88x)] (110x)
2017-05-16 15:07:02,088 [PreLoadDataService | u:p] INFO  TXLOGGER  - Tx 5704278c86036_0_5704278c86036_0_: finished. Total: 0.112 s, svn: 0.103 s [58% getDir2 content (11x), 42% getFile content (8x)] (20x), RepositoryConfigService: 0.0489 s [99% getReadConfiguration (38x)] (54x)
2017-05-16 15:07:02,088 [PreLoadDataService] INFO  TXLOGGER  - Summary for 'PreloadDataService': Total: 1.87 s, transactions: 7, svn: 1.35 s [55% getFile content (116x), 41% getDir2 content (72x)] (206x), RepositoryConfigService: 0.732 s [97% getReadConfiguration (402x)] (485x), resolve: 0.386 s [34% User (8x), 32% TimePoint (5x), 21% Category (6x)] (22x)
2017-05-16 15:07:02,089 [PreLoadDataService] INFO  TXLOGGER  - Summary after preload: transactions: 7, svn: 1.35 s [55% getFile content (116x), 41% getDir2 content (72x)] (206x), RepositoryConfigService: 0.732 s [97% getReadConfiguration (402x)] (485x), DB: 0.68 s [75% query (1044x), 16% update (1019x)] (5146x), resolve: 0.386 s [34% User (9x), 32% TimePoint (5x), 21% Category (6x)] (23x), SubterraURITable: 0.372 s [100% getDB (1018x)] (1018x), Lucene: 0.0743 s [61% search (5x), 39% add (1x)] (6x)
2017-05-16 15:55:20,177 [ajp-nio-8889-exec-1 | u:admin] INFO  TXLOGGER  - Summary for 'PortalDataService.getInitData': Total: 0.198 s, transactions: 3, RepositoryConfigService: 0.0194 s [100% getReadConfiguration (8x)] (13x), svn: 0.0124 s [51% info (1x), 49% getDir2 content (1x)] (5x)
2017-05-16 15:55:20,634 [ajp-nio-8889-exec-2 | u:admin] INFO  TXLOGGER  - Summary for 'PortalDataService.requestPortalSite': Total: 0.146 s, transactions: 8, svn: 0.053 s [52% info (5x), 38% getFile content (4x)] (18x), RepositoryConfigService: 0.0503 s [77% getReadConfiguration (26x), 23% getReadUserConfiguration (18x)] (50x)
2017-05-16 15:55:22,317 [ajp-nio-8889-exec-5 | u:admin | uri:/polarion/wiki/bin/view/project/drivepilot/page/Home | wiki: view http://localhost/polarion/wiki/bin/view/project/drivepilot/page/Home] INFO  TXLOGGER  - Tx 5704329c8fc47_0_5704329c8fc47_0_: finished. Total: 0.334 s, svn: 0.239 s [85% info (36x)] (43x), resolve: 0.182 s [98% WikiPage (24x)] (38x)
2017-05-16 15:55:22,363 [ajp-nio-8889-exec-5] INFO  TXLOGGER  - Summary for 'servlet /polarion/wiki/bin/view/project/drivepilot/page/Home': Total: 1.61 s, transactions: 6, Velocity: 1.29 s [100% evaluate in Wiki (1x)] (1x), svn: 0.916 s [82% info (132x)] (163x), resolve: 0.238 s [98% WikiPage (41x)] (59x)
2017-05-16 16:00:01,655 [Worker-1 | u:p] INFO  TXLOGGER  - Summary for 'job: update.plan.refresh.index': Total: 0.717 s, transactions: 0, resolve: 0.416 s [92% WorkItem (15x)] (167x), svn: 0.368 s [35% getFile content (16x), 33% getDir2 content (16x), 32% info (17x)] (50x), Lucene: 0.18 s [100% refresh (1x)] (2x), DB: 0.108 s [90% update (181x)] (220x)
2017-05-16 16:00:02,535 [Worker-0 | u:p] INFO  TXLOGGER  - Summary for 'job: update.plan': Total: 2.47 s, transactions: 10, resolve: 0.557 s [90% WorkItems (2x)] (96x), svn: 0.472 s [38% getFile content (21x), 33% info (26x), 29% getDir2 content (19x)] (78x)
2017-05-16 16:47:53,787 [ajp-nio-8889-exec-4] INFO  TXLOGGER  - Summary for 'servlet /polarion/internal-login/internal_login_success.jsp': Total: 0.301 s, transactions: 0
2017-05-16 16:48:21,667 [ajp-nio-8889-exec-3 | u:admin | uri:/polarion/wiki/bin/view/project/drivepilot/page/Home | wiki: view http://localhost/polarion/wiki/bin/view/project/drivepilot/page/Home] INFO  TXLOGGER  - Tx 57043ebd91c56_0_57043ebd91c56_0_: finished. Total: 0.157 s, svn: 0.136 s [100% info (24x)] (25x)
2017-05-16 16:48:21,682 [ajp-nio-8889-exec-3] INFO  TXLOGGER  - Summary for 'servlet /polarion/wiki/bin/view/project/drivepilot/page/Home': Total: 0.302 s, transactions: 3, Velocity: 0.255 s [100% evaluate in Wiki (1x)] (1x), svn: 0.154 s [100% info (27x)] (28x)
2017-05-16 17:00:00,637 [Worker-0 | u:p] INFO  TXLOGGER  - Summary for 'job: update.plan.refresh.index': Total: 0.458 s, transactions: 0, resolve: 0.355 s [100% WorkItem (15x)] (167x), svn: 0.317 s [35% getDir2 content (15x), 34% getFile content (15x), 30% info (15x)] (46x), Lucene: 0.0463 s [99% refresh (1x)] (2x), DB: 0.0265 s [85% update (181x)] (220x)
2017-05-16 17:00:00,665 [Worker-1 | u:p] INFO  TXLOGGER  - Summary for 'job: update.plan': Total: 0.612 s, transactions: 0
