2017-05-16 14:26:17,389 [main | u:p] INFO  TXLOGGER  - Summary for 'Platform startup': transactions: 0, DB: 0.0379 s [52% update (126x), 47% query (13x)] (206x), svn: 0.021 s [82% checkPath (1x)] (3x)
2017-05-16 14:26:17,521 [main | u:p] INFO  TXLOGGER  - Summary for 'Context recognition': transactions: 0, svn: 0.0527 s [45% info (3x), 31% getFile content (1x), 24% getDir2 content (2x)] (6x)
2017-05-16 14:26:17,850 [LowLevelDataService-contextInitializer-2 | u:p] INFO  TXLOGGER  - Summary: Total: 0.326 s, transactions: 0
2017-05-16 14:26:17,850 [LowLevelDataService-contextInitializer-3 | u:p] INFO  TXLOGGER  - Summary: Total: 0.326 s, transactions: 0, svn: 0.0352 s [92% log2 (5x)] (6x)
2017-05-16 14:26:17,850 [LowLevelDataService-contextInitializer-1 | u:p] INFO  TXLOGGER  - Summary: Total: 0.326 s, transactions: 0, svn: 0.105 s [54% log2 (5x), 17% log (1x), 14% getFile content (2x)] (12x), ObjectMaps: 0.0492 s [97% getAllPrimaryObjects (1x)] (13x)
2017-05-16 14:26:17,850 [LowLevelDataService-contextInitializer-5 | u:p] INFO  TXLOGGER  - Summary: Total: 0.326 s, transactions: 0, svn: 0.0664 s [97% log2 (5x)] (6x), ObjectMaps: 0.027 s [100% getAllPrimaryObjects (1x)] (7x)
2017-05-16 14:26:17,850 [LowLevelDataService-contextInitializer-4 | u:p] INFO  TXLOGGER  - Summary: Total: 0.326 s, transactions: 0, svn: 0.047 s [96% log2 (5x)] (6x), ObjectMaps: 0.0325 s [100% getAllPrimaryObjects (1x)] (7x)
2017-05-16 14:26:17,850 [main | u:p] INFO  TXLOGGER  - Summary for 'Context initialization': transactions: 0, svn: 0.27 s [79% log2 (21x), 7% log (1x)] (32x), ObjectMaps: 0.116 s [99% getAllPrimaryObjects (5x)] (41x)
2017-05-16 14:26:18,053 [main | u:p] INFO  TXLOGGER  - Summary for 'Revisions processing': transactions: 10, RepositoryConfigService: 0.133 s [100% getReadConfiguration (30x)] (30x), svn: 0.0633 s [85% info (11x)] (24x)
2017-05-16 14:26:18,511 [main | u:p] INFO  TXLOGGER  - Summary for 'Build artifacts recognition': transactions: 30, svn: 0.345 s [83% info (60x)] (103x), RepositoryConfigService: 0.311 s [100% getReadConfiguration (36x)] (36x)
2017-05-16 14:26:18,948 [main | u:p] INFO  TXLOGGER  - Summary for 'Data indexing': transactions: 0, Lucene: 0.164 s [100% refresh (1x)] (1x), SubterraURITable: 0.0851 s [100% addIfNotExistsDB (1x)] (1x)
2017-05-16 14:26:50,882 [main] INFO  TXLOGGER  - Summary for 'Polarion startup': transactions: 1, svn: 0.226 s [81% info (39x)] (56x), RepositoryConfigService: 0.0194 s [100% getReadConfiguration (2x)] (2x)
2017-05-16 14:26:51,037 [Worker-0 | u:p | job: polarion.jobs.attachment.indexer] INFO  TXLOGGER  - Summary after AttachmentIndexer: transactions: 6, Lucene: 0.0786 s [100% add (2x)] (2x), persistence listener: 0.0739 s [90% notificationsCreatingListener (1x)] (7x), resolve: 0.0297 s [90% User (2x)] (5x), ObjectMaps: 0.0116 s [100% getPrimaryObjectLocation (2x)] (2x)
2017-05-16 14:26:51,402 [PreLoadDataService | u:p] INFO  TXLOGGER  - Tx 57041e59f242a_0_57041e59f242a_0_: finished. Total: 0.512 s, svn: 0.293 s [66% getDir2 content (25x), 33% getFile content (13x)] (40x), resolve: 0.222 s [53% TimePoint (5x), 47% Category (6x)] (11x), ObjectMaps: 0.0295 s [55% getPrimaryObjectLocation (11x), 27% getPrimaryObjectProperty (11x)] (46x)
2017-05-16 14:26:51,637 [DBHistoryCreator-1 | u:p] INFO  TXLOGGER  - Summary: Total: 0.563 s, transactions: 0
2017-05-16 14:26:51,638 [Worker-1 | u:p | job: polarion.jobs.db.history] INFO  TXLOGGER  - Summary after DBHistoryCreator: transactions: 0, Lucene: 0.0233 s [100% add (1x)] (1x)
2017-05-16 14:26:51,638 [Worker-1 | u:p] INFO  TXLOGGER  - Summary for 'job: polarion.jobs.db.history': Total: 0.605 s, transactions: 0, SubterraURITable: 0.398 s [100% getDB (1018x)] (1018x), DB: 0.385 s [52% query (1044x), 32% update (1019x)] (5146x)
2017-05-16 14:26:51,767 [PreLoadDataService | u:p] INFO  TXLOGGER  - Tx 57041e5a8ec32_0_57041e5a8ec32_0_: finished. Total: 0.251 s, resolve: 0.135 s [100% User (8x)] (8x), svn: 0.13 s [71% getFile content (12x), 29% info (6x)] (19x), RepositoryConfigService: 0.0902 s [77% getReadConfiguration (56x), 23% getReadUserConfiguration (2x)] (58x), ObjectMaps: 0.0185 s [54% getPrimaryObjectLocation (8x), 25% getPrimaryObjectProperty (8x), 21% getLastPromoted (8x)] (33x)
2017-05-16 14:26:52,339 [PreLoadDataService | u:p] INFO  TXLOGGER  - Tx 57041e5ae4434_0_57041e5ae4434_0_: finished. Total: 0.481 s, svn: 0.431 s [68% getFile content (47x), 32% getDir2 content (17x)] (65x), RepositoryConfigService: 0.328 s [100% getReadConfiguration (164x)] (180x)
2017-05-16 14:26:52,606 [PreLoadDataService | u:p] INFO  TXLOGGER  - Tx 57041e5b5cc35_0_57041e5b5cc35_0_: finished. Total: 0.266 s, svn: 0.247 s [50% getDir2 content (17x), 50% getFile content (21x)] (39x), RepositoryConfigService: 0.137 s [99% getReadConfiguration (88x)] (110x)
2017-05-16 14:26:52,726 [PreLoadDataService | u:p] INFO  TXLOGGER  - Tx 57041e5b9f836_0_57041e5b9f836_0_: finished. Total: 0.12 s, svn: 0.111 s [53% getDir2 content (11x), 47% getFile content (8x)] (20x), RepositoryConfigService: 0.059 s [99% getReadConfiguration (38x)] (54x)
2017-05-16 14:26:52,726 [PreLoadDataService] INFO  TXLOGGER  - Summary for 'PreloadDataService': Total: 1.84 s, transactions: 7, svn: 1.32 s [56% getFile content (116x), 40% getDir2 content (72x)] (206x), RepositoryConfigService: 0.71 s [97% getReadConfiguration (402x)] (485x), resolve: 0.421 s [32% User (8x), 28% TimePoint (5x), 24% Category (6x)] (22x)
2017-05-16 14:26:52,727 [PreLoadDataService] INFO  TXLOGGER  - Summary after preload: transactions: 7, svn: 1.32 s [56% getFile content (116x), 40% getDir2 content (72x)] (207x), RepositoryConfigService: 0.71 s [97% getReadConfiguration (402x)] (485x), resolve: 0.422 s [32% User (9x), 28% TimePoint (5x), 24% Category (6x)] (23x), SubterraURITable: 0.398 s [100% getDB (1018x)] (1018x), DB: 0.385 s [52% query (1044x), 32% update (1019x)] (5146x), Lucene: 0.0712 s [62% search (5x), 38% add (1x)] (6x)
2017-05-16 14:30:53,724 [ajp-nio-8889-exec-1 | u:admin] INFO  TXLOGGER  - Summary for 'PortalDataService.getInitData': Total: 0.214 s, transactions: 3, RepositoryConfigService: 0.0134 s [100% getReadConfiguration (8x)] (13x)
2017-05-16 14:30:54,207 [ajp-nio-8889-exec-2 | u:admin] INFO  TXLOGGER  - Summary for 'PortalDataService.requestPortalSite': Total: 0.156 s, transactions: 8, svn: 0.0557 s [51% info (5x), 40% getFile content (4x)] (18x), RepositoryConfigService: 0.0535 s [79% getReadConfiguration (26x), 21% getReadUserConfiguration (18x)] (50x)
2017-05-16 14:30:55,715 [ajp-nio-8889-exec-5 | u:admin | uri:/polarion/wiki/bin/view/project/drivepilot/page/Home | wiki: view http://localhost/polarion/wiki/bin/view/project/drivepilot/page/Home] INFO  TXLOGGER  - Tx 57041f48b9c47_0_57041f48b9c47_0_: finished. Total: 0.316 s, svn: 0.223 s [84% info (36x)] (43x), resolve: 0.164 s [98% WikiPage (24x)] (38x)
2017-05-16 14:30:55,743 [ajp-nio-8889-exec-5] INFO  TXLOGGER  - Summary for 'servlet /polarion/wiki/bin/view/project/drivepilot/page/Home': Total: 1.42 s, transactions: 6, Velocity: 1.13 s [100% evaluate in Wiki (1x)] (1x), svn: 0.873 s [81% info (132x)] (163x), resolve: 0.204 s [98% WikiPage (41x)] (59x)
2017-05-16 14:30:57,605 [ajp-nio-8889-exec-10] INFO  TXLOGGER  - Summary for 'servlet /polarion/example/': Total: 1.7 s, transactions: 0
2017-05-16 14:32:17,500 [ajp-nio-8889-exec-10 | u:admin | uri:/polarion/wiki/bin/view/project/drivepilot/page/Home | wiki: view http://localhost/polarion/wiki/bin/view/project/drivepilot/page/Home] INFO  TXLOGGER  - Tx 57041f98c244a_0_57041f98c244a_0_: finished. Total: 0.147 s, svn: 0.126 s [100% info (24x)] (25x)
2017-05-16 14:32:17,518 [ajp-nio-8889-exec-10] INFO  TXLOGGER  - Summary for 'servlet /polarion/wiki/bin/view/project/drivepilot/page/Home': Total: 0.307 s, transactions: 3, Velocity: 0.265 s [100% evaluate in Wiki (1x)] (1x), svn: 0.146 s [100% info (27x)] (28x)
2017-05-16 14:32:18,778 [ajp-nio-8889-exec-6] INFO  TXLOGGER  - Summary for 'servlet /polarion/example/': Total: 1.14 s, transactions: 0
