2017-05-15 15:36:44 IST  LOG:  database system was shut down at 2017-05-15 15:36:42 IST
2017-05-15 15:36:45 IST  LOG:  autovacuum launcher started
2017-05-15 15:36:45 IST  LOG:  database system is ready to accept connections
2017-05-15 17:11:42 IST  LOG:  received fast shutdown request
2017-05-15 17:11:42 IST  LOG:  aborting any active transactions
2017-05-15 17:11:42 IST polarion FATAL:  terminating connection due to administrator command
2017-05-15 17:11:42 IST polarion FATAL:  terminating connection due to administrator command
2017-05-15 17:11:42 IST polarion FATAL:  terminating connection due to administrator command
2017-05-15 17:11:42 IST polarion FATAL:  terminating connection due to administrator command
2017-05-15 17:11:42 IST polarion FATAL:  terminating connection due to administrator command
2017-05-15 17:11:42 IST polarion FATAL:  terminating connection due to administrator command
2017-05-15 17:11:42 IST polarion FATAL:  terminating connection due to administrator command
2017-05-15 17:11:42 IST polarion FATAL:  terminating connection due to administrator command
2017-05-15 17:11:42 IST polarion FATAL:  terminating connection due to administrator command
2017-05-15 17:11:42 IST polarion FATAL:  terminating connection due to administrator command
2017-05-15 17:11:42 IST polarion_history FATAL:  terminating connection due to administrator command
2017-05-15 17:11:42 IST polarion_history FATAL:  terminating connection due to administrator command
2017-05-15 17:11:42 IST polarion FATAL:  terminating connection due to administrator command
2017-05-15 17:11:42 IST polarion FATAL:  terminating connection due to administrator command
2017-05-15 17:11:42 IST polarion FATAL:  terminating connection due to administrator command
2017-05-15 17:11:42 IST polarion FATAL:  terminating connection due to administrator command
2017-05-15 17:11:42 IST polarion_history FATAL:  terminating connection due to administrator command
2017-05-15 17:11:42 IST polarion FATAL:  terminating connection due to administrator command
2017-05-15 17:11:42 IST polarion FATAL:  terminating connection due to administrator command
2017-05-15 17:11:42 IST  LOG:  autovacuum launcher shutting down
2017-05-15 17:11:42 IST  ERROR:  canceling statement due to user request
