2017-05-15 17:13:11,238 [main] INFO  com.polarion.platform.startup  - ****************************************************************
2017-05-15 17:13:11,238 [main] INFO  com.polarion.platform.startup  -                 Polarion starting, please wait!                 
2017-05-15 17:13:11,238 [main] INFO  com.polarion.platform.startup  - ****************************************************************
2017-05-15 17:13:11,238 [main] INFO  com.polarion.platform.startup  - Server start mode: normal
2017-05-15 17:13:11,238 [main] INFO  com.polarion.platform.startup  - ------------------------------
2017-05-15 17:13:11,238 [main] INFO  com.polarion.platform.startup  - Platform startup (Phase: 1/9)
2017-05-15 17:15:19,154 [main] INFO  com.polarion.platform.startup  - Opening historical database...
2017-05-15 17:15:21,058 [main] INFO  com.polarion.platform.startup  - Opening of historical database finished [ TIME 1.91 s. ]
2017-05-15 17:15:21,058 [main] INFO  com.polarion.platform.startup  - Opening head database...
2017-05-15 17:15:22,125 [main] INFO  com.polarion.platform.startup  - Opening of head database finished [ TIME 1.07 s. ]
2017-05-15 17:15:23,990 [main | u:p] INFO  com.polarion.platform.startup  -  -- Polarion startup estimation:  [ TIME 64 s. ]
2017-05-15 17:15:24,315 [main | u:p] INFO  com.polarion.platform.startup  - Platform startup ... took  [ TIME 133.32 s. ]
2017-05-15 17:15:24,779 [main | u:p] INFO  com.polarion.platform.startup  - ------------------------------
2017-05-15 17:15:24,780 [main | u:p] INFO  com.polarion.platform.startup  - Context recognition (Phase: 2/9)
2017-05-15 17:15:24,876 [main | u:p] INFO  com.polarion.platform.startup  - Context recognition ... took  [ TIME 0.56 s. ]
2017-05-15 17:15:24,876 [main | u:p] INFO  com.polarion.platform.startup  - ------------------------------
2017-05-15 17:15:24,877 [main | u:p] INFO  com.polarion.platform.startup  - Context initialization (Phase: 3/9)
2017-05-15 17:15:24,879 [LowLevelDataService-contextInitializer-3 | u:p | context: --Demo Projects] INFO  com.polarion.platform.startup  -  -- Initializing context: --Demo Projects (4/6)
2017-05-15 17:15:24,879 [LowLevelDataService-contextInitializer-1 | u:p | context: [GLOBAL]] INFO  com.polarion.platform.startup  -  -- Initializing context: [GLOBAL] (1/6)
2017-05-15 17:15:24,879 [LowLevelDataService-contextInitializer-2 | u:p | cluster: default] INFO  com.polarion.platform.startup  -  -- Initializing cluster: default (5/6)
2017-05-15 17:15:24,879 [LowLevelDataService-contextInitializer-5 | u:p | context: elibrary] INFO  com.polarion.platform.startup  -  -- Initializing context: elibrary (3/6)
2017-05-15 17:15:24,879 [LowLevelDataService-contextInitializer-4 | u:p | context: library] INFO  com.polarion.platform.startup  -  -- Initializing context: library (2/6)
2017-05-15 17:15:24,902 [LowLevelDataService-contextInitializer-1 | u:p | context: drivepilot] INFO  com.polarion.platform.startup  -  -- Initializing context: drivepilot (6/6)
2017-05-15 17:15:27,245 [main | u:p] INFO  com.polarion.platform.startup  - Context initialization ... took  [ TIME 2.37 s. ]
2017-05-15 17:15:27,251 [main | u:p] INFO  com.polarion.platform.startup  - ------------------------------
2017-05-15 17:15:27,251 [main | u:p] INFO  com.polarion.platform.startup  - Revisions processing (Phase: 4/9)
2017-05-15 17:15:27,674 [main | u:p] INFO  com.polarion.platform.startup  -  -- Processing new revisions from repository default in context ContextId[context [global]]
2017-05-15 17:15:27,694 [main | u:p] INFO  com.polarion.platform.startup  - Revisions processing ... took  [ TIME 0.45 s. ]
2017-05-15 17:15:27,843 [main | u:p] INFO  com.polarion.platform.startup  - ------------------------------
2017-05-15 17:15:27,843 [main | u:p] INFO  com.polarion.platform.startup  - Build artifacts recognition (Phase: 5/9)
2017-05-15 17:15:27,848 [main | u:p] INFO  com.polarion.platform.startup  -  -- Processing build artifacts from context: [GLOBAL] (1/6)
2017-05-15 17:15:28,295 [main | u:p] INFO  com.polarion.platform.startup  -  -- Processing build artifacts from cluster: default (2/6)
2017-05-15 17:15:28,344 [main | u:p] INFO  com.polarion.platform.startup  -  -- Processing build artifacts from context: --Demo Projects (3/6)
2017-05-15 17:15:28,385 [main | u:p] INFO  com.polarion.platform.startup  -  -- Processing build artifacts from context: library (4/6)
2017-05-15 17:15:28,479 [main | u:p] INFO  com.polarion.platform.startup  -  -- Processing build artifacts from context: elibrary (5/6)
2017-05-15 17:15:28,641 [main | u:p] INFO  com.polarion.platform.startup  -  -- Processing build artifacts from context: drivepilot (6/6)
2017-05-15 17:15:28,641 [main | u:p] INFO  com.polarion.platform.startup  - Build artifacts recognition ... took  [ TIME 0.95 s. ]
2017-05-15 17:15:28,641 [main | u:p] INFO  com.polarion.platform.startup  - ------------------------------
2017-05-15 17:15:28,641 [main | u:p] INFO  com.polarion.platform.startup  - BIR inspection (Phase: 6/9)
2017-05-15 17:15:28,819 [main | u:p] INFO  com.polarion.platform.startup  - BIR inspection ... took  [ TIME 0.18 s. ]
2017-05-15 17:15:28,819 [main | u:p] INFO  com.polarion.platform.startup  - ------------------------------
2017-05-15 17:15:28,819 [main | u:p] INFO  com.polarion.platform.startup  - Data indexing (Phase: 7/9)
2017-05-15 17:15:30,329 [main | u:p] INFO  com.polarion.platform.startup  -  -- Refreshing 1 objects in index: Revision
2017-05-15 17:15:30,395 [main | u:p] INFO  com.polarion.platform.startup  -  -- -- 1 from 1 objects were refreshed (100%)
2017-05-15 17:15:31,709 [main | u:p] INFO  com.polarion.platform.startup  - Data indexing ... took  [ TIME 2.9 s. ]
2017-05-15 17:15:31,710 [main | u:p] INFO  com.polarion.platform.startup  - ------------------------------
2017-05-15 17:15:31,710 [main | u:p] INFO  com.polarion.platform.startup  - Fields recalculation (Phase: 8/9)
2017-05-15 17:15:31,797 [main | u:p] INFO  com.polarion.platform.startup  - Fields recalculation ... took  [ TIME 0.09 s. ]
2017-05-15 17:15:31,797 [main | u:p] INFO  com.polarion.platform.startup  - ------------------------------
2017-05-15 17:15:31,797 [main | u:p] INFO  com.polarion.platform.startup  - Polarion startup (Phase: 9/9)
2017-05-15 17:16:25,941 [main] INFO  com.polarion.platform.startup  - Polarion startup ... took  [ TIME 54.24 s. ]
2017-05-15 17:16:25,941 [main] INFO  com.polarion.platform.startup  - ****************************************************************
2017-05-15 17:16:25,941 [main] INFO  com.polarion.platform.startup  -                  Polarion started:  [ TIME 195 s. ]
2017-05-15 17:16:25,941 [main] INFO  com.polarion.platform.startup  - ****************************************************************
