2017-05-15 15:38:24,275 [main] INFO  PolarionLicensing  - Searching for valid license file in c:\Polarion\polarion\license
2017-05-15 15:41:08,272 [ajp-nio-8889-exec-8] INFO  PolarionLicensing  - Online activation started
2017-05-15 15:41:08,288 [ajp-nio-8889-exec-8] INFO  PolarionLicensing  - The license file contains the following fields:
2017-05-15 15:41:08,288 [ajp-nio-8889-exec-8] INFO  PolarionLicensing  - *** License fields ***
2017-05-15 15:41:08,288 [ajp-nio-8889-exec-8] INFO  PolarionLicensing  - VariantsConcurrentUsers = 10
2017-05-15 15:41:08,288 [ajp-nio-8889-exec-8] INFO  PolarionLicensing  - almConcurrentUsers = 10
2017-05-15 15:41:08,288 [ajp-nio-8889-exec-8] INFO  PolarionLicensing  - dateCreated = 15.05.2017
2017-05-15 15:41:08,288 [ajp-nio-8889-exec-8] INFO  PolarionLicensing  - expirationDate = 31.05.2018
2017-05-15 15:41:08,288 [ajp-nio-8889-exec-8] INFO  PolarionLicensing  - generatedBy = license@polarion.com
2017-05-15 15:41:08,288 [ajp-nio-8889-exec-8] INFO  PolarionLicensing  - hardwareKey = 19AA-A279-41B6
2017-05-15 15:41:08,288 [ajp-nio-8889-exec-8] INFO  PolarionLicensing  - licenseFormat = 2017
2017-05-15 15:41:08,288 [ajp-nio-8889-exec-8] INFO  PolarionLicensing  - licenseType = TERM
2017-05-15 15:41:08,288 [ajp-nio-8889-exec-8] INFO  PolarionLicensing  - multiInstanceRunningInstances = 3
2017-05-15 15:41:08,288 [ajp-nio-8889-exec-8] INFO  PolarionLicensing  - proConcurrentUsers = 10
2017-05-15 15:41:08,288 [ajp-nio-8889-exec-8] INFO  PolarionLicensing  - product = Polarion
2017-05-15 15:41:08,288 [ajp-nio-8889-exec-8] INFO  PolarionLicensing  - qaConcurrentUsers = 10
2017-05-15 15:41:08,288 [ajp-nio-8889-exec-8] INFO  PolarionLicensing  - requirementsConcurrentUsers = 10
2017-05-15 15:41:08,288 [ajp-nio-8889-exec-8] INFO  PolarionLicensing  - reviewerConcurrentUsers = 10
2017-05-15 15:41:08,288 [ajp-nio-8889-exec-8] INFO  PolarionLicensing  - userCompany = Siemens PLM Software 
2017-05-15 15:41:08,288 [ajp-nio-8889-exec-8] INFO  PolarionLicensing  - userEmail = vikas.ingale@siemens.com
2017-05-15 15:41:08,288 [ajp-nio-8889-exec-8] INFO  PolarionLicensing  - userName = Ingale, Vikas
2017-05-15 15:41:08,288 [ajp-nio-8889-exec-8] INFO  PolarionLicensing  - *** License fields END ***
2017-05-15 15:41:08,288 [ajp-nio-8889-exec-8] INFO  PolarionLicensing  - Removing allocations by null
2017-05-15 15:41:08,304 [ajp-nio-8889-exec-8] INFO  PolarionLicensing  - STATS:concurrentVariantsUser,current:0,peak:0,limit:10
2017-05-15 15:41:08,304 [ajp-nio-8889-exec-8] INFO  PolarionLicensing  - 0 namedReviewerUser assignments (out of 0) loaded: []
2017-05-15 15:41:08,304 [ajp-nio-8889-exec-8] INFO  PolarionLicensing  - 1 concurrentReviewerUser assignments (out of -1) loaded: [admin]
2017-05-15 15:41:08,304 [ajp-nio-8889-exec-8] INFO  PolarionLicensing  - STATS:concurrentReviewerUser,current:0,peak:0,limit:10
2017-05-15 15:41:08,304 [ajp-nio-8889-exec-8] INFO  PolarionLicensing  - 0 namedProUser assignments (out of 0) loaded: []
2017-05-15 15:41:08,304 [ajp-nio-8889-exec-8] INFO  PolarionLicensing  - 1 concurrentProUser assignments (out of -1) loaded: [admin]
2017-05-15 15:41:08,304 [ajp-nio-8889-exec-8] INFO  PolarionLicensing  - STATS:concurrentProUser,current:0,peak:0,limit:10
2017-05-15 15:41:08,304 [ajp-nio-8889-exec-8] INFO  PolarionLicensing  - 0 namedRequirementsUser assignments (out of 0) loaded: []
2017-05-15 15:41:08,304 [ajp-nio-8889-exec-8] INFO  PolarionLicensing  - 1 concurrentRequirementsUser assignments (out of -1) loaded: [admin]
2017-05-15 15:41:08,304 [ajp-nio-8889-exec-8] INFO  PolarionLicensing  - STATS:concurrentRequirementsUser,current:0,peak:0,limit:10
2017-05-15 15:41:08,304 [ajp-nio-8889-exec-8] INFO  PolarionLicensing  - 0 namedQAUser assignments (out of 0) loaded: []
2017-05-15 15:41:08,304 [ajp-nio-8889-exec-8] INFO  PolarionLicensing  - 1 concurrentQAUser assignments (out of -1) loaded: [admin]
2017-05-15 15:41:08,304 [ajp-nio-8889-exec-8] INFO  PolarionLicensing  - STATS:concurrentQAUser,current:0,peak:0,limit:10
2017-05-15 15:41:08,304 [ajp-nio-8889-exec-8] INFO  PolarionLicensing  - 0 namedALMUser assignments (out of 0) loaded: []
2017-05-15 15:41:08,304 [ajp-nio-8889-exec-8] INFO  PolarionLicensing  - 1 concurrentALMUser assignments (out of -1) loaded: [admin]
2017-05-15 15:41:08,304 [ajp-nio-8889-exec-8] INFO  PolarionLicensing  - STATS:concurrentALMUser,current:0,peak:0,limit:10
2017-05-15 15:41:08,304 [ajp-nio-8889-exec-8] INFO  PolarionLicensing  - 
*******************************************************************
 Polarion successfully activated
*******************************************************************
2017-05-15 15:41:17,512 [ajp-nio-8889-exec-1] INFO  PolarionLicensing  - STATS:concurrentALMUser,current:1,peak:1,limit:10
2017-05-15 15:41:17,512 [ajp-nio-8889-exec-1] INFO  PolarionLicensing  - STATS:concurrentVariantsUser,current:1,peak:1,limit:10
2017-05-15 15:41:17,512 [ajp-nio-8889-exec-1] INFO  PolarionLicensing  - User 'admin' logged in with concurrent ALM
2017-05-15 16:11:26,502 [ContainerBackgroundProcessor[StandardEngine[Tomcat]]] INFO  PolarionLicensing  - User 'admin' logged out.
