2017-05-18 12:42:58,399 [main | u:p] INFO  com.polarion.platform.jobs.internal.service.scheduler.JobSchedulerService  - Updating local scheduler state: start
2017-05-18 12:42:58,419 [main | u:p | u:p] INFO  com.polarion.platform.jobs.internal.service.scheduler.JobSchedulerService  - 16 scheduled job(s) configured
2017-05-18 12:43:45,205 [Thread-34] INFO  com.polarion.platform.jobs.info  - Job "Attachment Indexer" has id 1a67bc8c-927abe2a-26cdd4af-36c7c41f
2017-05-18 12:43:45,208 [Thread-34] INFO  com.polarion.platform.jobs.info  - State of job "Attachment Indexer" changed to UNSCHEDULED
2017-05-18 12:43:45,211 [Thread-34] INFO  com.polarion.platform.jobs.info  - Working directory of root job "Attachment Indexer" is C:\Polarion\polarion\..\data\workspace\polarion-data\jobs\20170518-1243
2017-05-18 12:43:45,213 [Thread-34] INFO  com.polarion.platform.jobs.info  - Job "Attachment Indexer" runs as user "polarion"
2017-05-18 12:43:45,216 [Thread-34 | u:p] INFO  com.polarion.platform.jobs.info  - State of job "Attachment Indexer" changed to ACTIVATING
2017-05-18 12:43:45,219 [Thread-34 | u:p] INFO  com.polarion.platform.jobs.info  - State of job "Attachment Indexer" changed to WAITING
2017-05-18 12:43:45,245 [Thread-34] INFO  com.polarion.platform.jobs.info  - Job "DB History Creator" has id 1a67bd06-927abe2a-26cdd4af-3c7a324b
2017-05-18 12:43:45,254 [Thread-34] INFO  com.polarion.platform.jobs.info  - State of job "DB History Creator" changed to UNSCHEDULED
2017-05-18 12:43:45,265 [Thread-34] INFO  com.polarion.platform.jobs.info  - Working directory of root job "DB History Creator" is C:\Polarion\polarion\..\data\workspace\polarion-data\jobs\20170518-1243_0
2017-05-18 12:43:45,268 [Thread-34] INFO  com.polarion.platform.jobs.info  - Job "DB History Creator" runs as user "polarion"
2017-05-18 12:43:45,268 [Worker-0 | u:p] INFO  com.polarion.platform.jobs.info  - State of job "Attachment Indexer" changed to RUNNING
2017-05-18 12:43:45,271 [Thread-34 | u:p] INFO  com.polarion.platform.jobs.info  - State of job "DB History Creator" changed to ACTIVATING
2017-05-18 12:43:45,275 [Thread-34 | u:p] INFO  com.polarion.platform.jobs.info  - State of job "DB History Creator" changed to WAITING
2017-05-18 12:43:45,341 [Worker-1 | u:p] INFO  com.polarion.platform.jobs.info  - State of job "DB History Creator" changed to RUNNING
2017-05-18 12:43:45,673 [Worker-0 | u:p] INFO  com.polarion.platform.jobs.info  - State of job "Attachment Indexer" changed to FINISHED
2017-05-18 12:43:45,676 [Worker-0 | u:p] INFO  com.polarion.platform.jobs.info  - Status of job "Attachment Indexer" is OK
2017-05-18 12:43:50,782 [Worker-1 | u:p] INFO  com.polarion.platform.jobs.info  - State of job "DB History Creator" changed to FINISHED
2017-05-18 12:43:50,785 [Worker-1 | u:p] INFO  com.polarion.platform.jobs.info  - Status of job "DB History Creator" is OK
