2017-05-15 17:15:24,316 [main | u:p] INFO  TXLOGGER  - Summary for 'Platform startup': transactions: 0, DB: 1.14 s [97% query (13x)] (206x), svn: 0.156 s [98% checkPath (1x)] (3x)
2017-05-15 17:15:24,876 [main | u:p] INFO  TXLOGGER  - Summary for 'Context recognition': transactions: 0, svn: 0.333 s [42% info (3x), 32% getFile content (1x), 26% getDir2 content (2x)] (6x)
2017-05-15 17:15:27,244 [LowLevelDataService-contextInitializer-2 | u:p] INFO  TXLOGGER  - Summary: Total: 2.37 s, transactions: 0, svn: 0.814 s [47% info (14x), 41% getFile content (10x)] (26x)
2017-05-15 17:15:27,245 [LowLevelDataService-contextInitializer-5 | u:p] INFO  TXLOGGER  - Summary: Total: 2.37 s, transactions: 0, svn: 1.25 s [45% info (56x), 35% getFile content (25x), 16% log2 (5x)] (89x), ObjectMaps: 0.133 s [29% getLastRevision (219x), 20% saveIfNeeded (545x), 18% setLastPromoted (219x), 18% forgetHistory (1x)] (1534x)
2017-05-15 17:15:27,245 [LowLevelDataService-contextInitializer-1 | u:p] INFO  TXLOGGER  - Summary: Total: 2.37 s, transactions: 0, svn: 1.2 s [55% info (75x), 33% getFile content (33x)] (114x), ObjectMaps: 0.259 s [32% setLastPromoted (499x), 25% getLastRevision (499x), 18% saveIfNeeded (1113x), 17% getAllPrimaryObjects (1x)] (3230x)
2017-05-15 17:15:27,245 [LowLevelDataService-contextInitializer-4 | u:p] INFO  TXLOGGER  - Summary: Total: 2.37 s, transactions: 0, svn: 0.38 s [55% info (4x), 32% log2 (5x)] (11x), ObjectMaps: 0.191 s [30% saveIfNeeded (625x), 21% getLastRevision (287x), 20% setLastPromoted (287x), 18% getAllPrimaryObjects (1x)] (1830x)
2017-05-15 17:15:27,245 [LowLevelDataService-contextInitializer-3 | u:p] INFO  TXLOGGER  - Summary: Total: 2.37 s, transactions: 0, svn: 0.184 s [99% log2 (5x)] (6x)
2017-05-15 17:15:27,246 [main | u:p] INFO  TXLOGGER  - Summary for 'Context initialization': transactions: 0, svn: 3.82 s [47% info (149x), 31% getFile content (69x), 20% log2 (21x)] (246x), ObjectMaps: 0.635 s [27% saveIfNeeded (2477x), 23% setLastPromoted (1023x), 23% getLastRevision (1023x), 16% getAllPrimaryObjects (5x)] (7029x)
2017-05-15 17:15:27,508 [main | u:p] INFO  TXLOGGER  - Tx 5702fb5a44801_0_5702fb5a44801_0_: finished. Total: 0.163 s
2017-05-15 17:15:27,669 [main | u:p] INFO  TXLOGGER  - Tx 5702fb5a80409_0_5702fb5a80409_0_: finished. Total: 0.117 s, svn: 0.0921 s [89% getFile content (1x)] (4x)
2017-05-15 17:15:27,694 [main | u:p] INFO  TXLOGGER  - Summary for 'Revisions processing': transactions: 10, RepositoryConfigService: 0.361 s [100% getReadConfiguration (30x)] (30x), svn: 0.14 s [58% getFile content (1x), 35% info (11x)] (24x)
2017-05-15 17:15:28,281 [main | u:p] INFO  TXLOGGER  - Tx 5702fb5ad4413_0_5702fb5ad4413_0_: finished. Total: 0.393 s
2017-05-15 17:15:28,641 [main | u:p] INFO  TXLOGGER  - Summary for 'Build artifacts recognition': transactions: 30, RepositoryConfigService: 0.707 s [100% getReadConfiguration (36x)] (36x), svn: 0.374 s [68% info (60x), 29% getFile content (9x)] (103x)
2017-05-15 17:15:31,710 [main | u:p] INFO  TXLOGGER  - Summary for 'Data indexing': transactions: 0, Lucene: 0.823 s [100% refresh (1x)] (1x), SubterraURITable: 0.292 s [100% addIfNotExistsDB (1x)] (1x), DB: 0.28 s [73% query (1x), 26% update (3x)] (8x), planFieldsContributor: 0.0457 s [100% objectsToInv (1x)] (1x)
2017-05-15 17:16:25,941 [main] INFO  TXLOGGER  - Summary for 'Polarion startup': transactions: 1, svn: 0.277 s [79% info (39x), 11% getDir2 content (4x)] (64x), RepositoryConfigService: 0.018 s [100% getReadConfiguration (2x)] (2x)
2017-05-15 17:16:26,049 [Persistence Events Processing Thread | u:p] INFO  TXLOGGER  - Summary: Total: 0.105 s, transactions: 6, persistence listener: 0.104 s [84% notificationsCreatingListener (1x)] (7x)
2017-05-15 17:16:26,315 [PreLoadDataService | u:p] INFO  TXLOGGER  - Tx 5702fb938702a_0_5702fb938702a_0_: finished. Total: 0.367 s, svn: 0.172 s [95% getDir2 content (25x)] (28x), Lucene: 0.0448 s [100% search (2x)] (2x), watchedByQueryExpander: 0.0241 s [100% expand (2x)] (4x), linkedWorkItemsQueryExpander: 0.0213 s [100% expand (2x)] (4x)
2017-05-15 17:16:26,675 [PreLoadDataService | u:p] INFO  TXLOGGER  - Tx 5702fb93f9c32_0_5702fb93f9c32_0_: finished. Total: 0.268 s, RepositoryConfigService: 0.218 s [87% getReadConfiguration (56x)] (58x), svn: 0.192 s [74% getFile content (4x), 26% info (6x)] (11x), Lucene: 0.0179 s [100% search (1x)] (1x), EHCache: 0.0165 s [68% get (48x), 32% put (16x)] (64x)
2017-05-15 17:16:27,269 [PreLoadDataService | u:p] INFO  TXLOGGER  - Tx 5702fb9454834_0_5702fb9454834_0_: finished. Total: 0.499 s, svn: 0.443 s [68% getFile content (47x), 32% getDir2 content (17x)] (65x), RepositoryConfigService: 0.341 s [100% getReadConfiguration (164x)] (180x)
2017-05-15 17:16:27,590 [PreLoadDataService | u:p] INFO  TXLOGGER  - Tx 5702fb94d1435_0_5702fb94d1435_0_: finished. Total: 0.322 s, svn: 0.298 s [58% getDir2 content (17x), 42% getFile content (21x)] (39x), RepositoryConfigService: 0.143 s [99% getReadConfiguration (88x)] (110x)
2017-05-15 17:16:27,701 [PreLoadDataService | u:p] INFO  TXLOGGER  - Tx 5702fb9521c36_0_5702fb9521c36_0_: finished. Total: 0.11 s, svn: 0.101 s [59% getDir2 content (11x), 41% getFile content (8x)] (20x), RepositoryConfigService: 0.0477 s [99% getReadConfiguration (38x)] (54x)
2017-05-15 17:16:27,701 [PreLoadDataService] INFO  TXLOGGER  - Summary for 'PreloadDataService': Total: 1.76 s, transactions: 7, svn: 1.27 s [53% getFile content (94x), 43% getDir2 content (72x)] (180x), RepositoryConfigService: 0.835 s [96% getReadConfiguration (402x)] (485x), Lucene: 0.135 s [100% search (5x)] (5x)
2017-05-15 17:16:27,702 [PreLoadDataService] INFO  TXLOGGER  - Summary after preload: transactions: 13, svn: 1.27 s [53% getFile content (94x), 43% getDir2 content (72x)] (180x), Lucene: 1.15 s [88% add (1x)] (6x), RepositoryConfigService: 0.835 s [96% getReadConfiguration (402x)] (485x), persistence listener: 0.104 s [84% notificationsCreatingListener (1x)] (7x)
2017-05-15 17:16:30,562 [DBHistoryCreator-1 | u:p] INFO  TXLOGGER  - Summary: Total: 3.44 s, transactions: 0
2017-05-15 17:16:30,563 [Worker-1 | u:p | job: polarion.jobs.db.history] INFO  TXLOGGER  - Summary after DBHistoryCreator: transactions: 0, svn: 0.0011 s [100% getLatestRevision (1x)] (1x), DB: 0.000752 s [80% update (1x)] (2x)
2017-05-15 17:16:30,563 [Worker-1 | u:p] INFO  TXLOGGER  - Summary for 'job: polarion.jobs.db.history': Total: 4.68 s, transactions: 0, DB: 3.28 s [96% query (1042x)] (5134x), SubterraURITable: 0.283 s [100% getDB (1016x)] (1016x)
2017-05-15 18:00:02,990 [Worker-1 | u:p] INFO  TXLOGGER  - Summary for 'job: update.plan.refresh.index': Total: 2.25 s, transactions: 5, DB: 1.43 s [98% update (181x)] (220x), resolve: 0.595 s [98% WorkItem (15x)] (167x), svn: 0.412 s [46% getFile content (16x), 28% info (19x), 26% getDir2 content (15x)] (56x), Lucene: 0.195 s [97% refresh (1x)] (17x)
2017-05-15 18:00:03,025 [Worker-0 | u:p] INFO  TXLOGGER  - Summary for 'job: update.plan': Total: 2.96 s, transactions: 4, planQueryExpander: 0.212 s [100% expand (6x)] (12x), Lucene: 0.19 s [100% search (3x)] (3x)
