2017-05-17 18:35:38,895 [main | u:p] INFO  TXLOGGER  - Summary for 'Platform startup': transactions: 0, DB: 3.06 s [99% query (13x)] (206x), svn: 0.215 s [98% checkPath (1x)] (3x)
2017-05-17 18:35:41,812 [main | u:p] INFO  TXLOGGER  - Summary for 'Context recognition': transactions: 0, svn: 2.54 s [46% getDir2 content (2x), 43% info (3x)] (6x)
2017-05-17 18:35:43,219 [LowLevelDataService-contextInitializer-3 | u:p] INFO  TXLOGGER  - Summary: Total: 1.41 s, transactions: 0
2017-05-17 18:35:43,219 [LowLevelDataService-contextInitializer-4 | u:p] INFO  TXLOGGER  - Summary: Total: 1.41 s, transactions: 0
2017-05-17 18:35:43,219 [LowLevelDataService-contextInitializer-2 | u:p] INFO  TXLOGGER  - Summary: Total: 1.41 s, transactions: 0
2017-05-17 18:35:43,220 [LowLevelDataService-contextInitializer-1 | u:p] INFO  TXLOGGER  - Summary: Total: 1.41 s, transactions: 0, svn: 0.358 s [56% log2 (5x), 38% log (1x)] (11x)
2017-05-17 18:35:43,220 [LowLevelDataService-contextInitializer-5 | u:p] INFO  TXLOGGER  - Summary: Total: 1.41 s, transactions: 0, svn: 0.218 s [99% log2 (5x)] (6x)
2017-05-17 18:35:43,221 [main | u:p] INFO  TXLOGGER  - Summary for 'Context initialization': transactions: 0, svn: 0.694 s [76% log2 (21x), 19% log (1x)] (31x), ObjectMaps: 0.0926 s [99% getAllPrimaryObjects (5x)] (39x)
2017-05-17 18:35:44,015 [main | u:p] INFO  TXLOGGER  - Tx 5705a0e772401_0_5705a0e772401_0_: finished. Total: 0.576 s, svn: 0.053 s [77% getFile content (1x), 23% info (2x)] (4x)
2017-05-17 18:35:44,365 [main | u:p] INFO  TXLOGGER  - Tx 5705a0e845409_0_5705a0e845409_0_: finished. Total: 0.152 s, svn: 0.149 s [88% getFile content (1x)] (4x)
2017-05-17 18:35:52,662 [main | u:p] INFO  TXLOGGER  - Summary for 'Revisions processing': transactions: 10, RepositoryConfigService: 0.936 s [100% getReadConfiguration (30x)] (30x), svn: 0.326 s [56% getFile content (3x), 43% info (13x)] (28x)
2017-05-17 18:35:53,113 [main | u:p] INFO  TXLOGGER  - Tx 5705a0f0b8813_0_5705a0f0b8813_0_: finished. Total: 0.248 s, svn: 0.0192 s [67% info (2x), 33% getFile content (1x)] (4x)
2017-05-17 18:35:53,728 [main | u:p] INFO  TXLOGGER  - Summary for 'Build artifacts recognition': transactions: 30, RepositoryConfigService: 0.747 s [100% getReadConfiguration (36x)] (36x), svn: 0.682 s [81% info (60x)] (103x)
2017-05-17 18:35:56,140 [main | u:p] INFO  TXLOGGER  - Summary for 'Data indexing': transactions: 0, Lucene: 0.475 s [100% refresh (1x)] (1x), SubterraURITable: 0.224 s [100% addIfNotExistsDB (1x)] (1x), DB: 0.197 s [62% query (1x), 37% update (3x)] (8x)
2017-05-17 18:36:43,376 [main] INFO  TXLOGGER  - Summary for 'Polarion startup': transactions: 1, svn: 1.39 s [90% info (39x)] (61x), RepositoryConfigService: 0.078 s [100% getReadConfiguration (2x)] (2x)
2017-05-17 18:36:44,333 [Persistence Events Processing Thread | u:p] INFO  TXLOGGER  - Tx 5705a12227830_0_5705a12227830_0_: finished. Total: 0.848 s, Lucene: 0.331 s [91% search (1x)] (2x), resolve: 0.1 s [99% User (2x)] (4x), svn: 0.0545 s [96% getFile content (1x)] (4x)
2017-05-17 18:36:44,333 [Persistence Events Processing Thread | u:p] INFO  TXLOGGER  - Summary: Total: 0.959 s, transactions: 6, persistence listener: 0.958 s [89% RevisionActivityCreator (2x)] (7x), Lucene: 0.331 s [91% search (1x)] (2x), resolve: 0.102 s [97% User (2x)] (6x), svn: 0.0545 s [96% getFile content (1x)] (4x)
2017-05-17 18:36:44,486 [PreLoadDataService | u:p] INFO  TXLOGGER  - Tx 5705a1220d82a_0_5705a1220d82a_0_: finished. Total: 1.11 s, svn: 0.665 s [57% getDir2 content (25x), 42% getFile content (13x)] (40x), resolve: 0.537 s [81% TimePoint (5x)] (11x), Lucene: 0.133 s [100% search (2x)] (2x), ObjectMaps: 0.083 s [52% getPrimaryObjectLocation (11x), 32% getLastPromoted (11x)] (46x)
2017-05-17 18:36:44,598 [PreLoadDataService | u:p] INFO  TXLOGGER  - Tx 5705a12321831_0_5705a12321831_0_: finished. Total: 0.112 s, Lucene: 0.0655 s [100% search (1x)] (1x), svn: 0.0123 s [88% getDir2 content (2x)] (4x)
2017-05-17 18:36:45,015 [PreLoadDataService | u:p] INFO  TXLOGGER  - Tx 5705a12360032_0_5705a12360032_0_: finished. Total: 0.279 s, svn: 0.202 s [75% getFile content (11x), 25% info (6x)] (18x), RepositoryConfigService: 0.174 s [85% getReadConfiguration (56x)] (58x), resolve: 0.068 s [100% User (8x)] (8x), Lucene: 0.0216 s [100% search (1x)] (1x)
2017-05-17 18:36:45,128 [PreLoadDataService | u:p] INFO  TXLOGGER  - Tx 5705a123a5c33_0_5705a123a5c33_0_: finished. Total: 0.113 s, RepositoryConfigService: 0.0963 s [99% getReadConfiguration (54x)] (77x), svn: 0.0811 s [100% getFile content (12x)] (13x)
2017-05-17 18:36:46,056 [PreLoadDataService | u:p] INFO  TXLOGGER  - Tx 5705a123c2034_0_5705a123c2034_0_: finished. Total: 0.929 s, svn: 0.872 s [68% getFile content (47x), 32% getDir2 content (17x)] (65x), RepositoryConfigService: 0.631 s [100% getReadConfiguration (164x)] (180x)
2017-05-17 18:36:46,461 [PreLoadDataService | u:p] INFO  TXLOGGER  - Tx 5705a124aa035_0_5705a124aa035_0_: finished. Total: 0.405 s, svn: 0.383 s [54% getDir2 content (17x), 46% getFile content (21x)] (39x), RepositoryConfigService: 0.193 s [99% getReadConfiguration (88x)] (110x)
2017-05-17 18:36:46,584 [PreLoadDataService | u:p] INFO  TXLOGGER  - Tx 5705a1250f436_0_5705a1250f436_0_: finished. Total: 0.123 s, svn: 0.113 s [58% getDir2 content (11x), 42% getFile content (8x)] (20x), RepositoryConfigService: 0.054 s [99% getReadConfiguration (38x)] (54x)
2017-05-17 18:36:46,585 [PreLoadDataService] INFO  TXLOGGER  - Summary for 'PreloadDataService': Total: 3.21 s, transactions: 7, svn: 2.43 s [58% getFile content (115x), 39% getDir2 content (72x)] (205x), RepositoryConfigService: 1.17 s [97% getReadConfiguration (402x)] (481x), resolve: 0.735 s [59% TimePoint (5x), 18% Project (3x), 14% Category (6x)] (22x), Lucene: 0.224 s [100% search (5x)] (5x)
2017-05-17 18:36:46,585 [PreLoadDataService] INFO  TXLOGGER  - Summary after preload: transactions: 13, svn: 2.5 s [59% getFile content (116x), 38% getDir2 content (72x)] (210x), RepositoryConfigService: 1.17 s [97% getReadConfiguration (402x)] (485x), persistence listener: 0.958 s [89% RevisionActivityCreator (2x)] (7x), Lucene: 0.871 s [60% search (6x), 40% add (2x)] (8x), resolve: 0.863 s [50% TimePoint (5x), 22% User (11x), 15% Project (3x)] (29x), ObjectMaps: 0.144 s [57% getPrimaryObjectLocation (23x), 24% getLastPromoted (22x)] (93x)
2017-05-17 18:36:48,122 [DBHistoryCreator-1 | u:p] INFO  TXLOGGER  - Summary: Total: 4.23 s, transactions: 0
2017-05-17 18:36:48,122 [Worker-1 | u:p | job: polarion.jobs.db.history] INFO  TXLOGGER  - Summary after DBHistoryCreator: transactions: 0, svn: 0.00111 s [100% getLatestRevision (1x)] (1x), DB: 0.000777 s [82% update (1x)] (2x)
2017-05-17 18:36:48,123 [Worker-1 | u:p] INFO  TXLOGGER  - Summary for 'job: polarion.jobs.db.history': Total: 4.76 s, transactions: 0, DB: 4.05 s [97% query (1099x)] (5426x), SubterraURITable: 0.305 s [100% getDB (1073x)] (1073x)
2017-05-17 18:38:15,217 [ajp-nio-8889-exec-1 | u:admin] INFO  TXLOGGER  - Summary for 'PortalDataService.getInitData': Total: 0.522 s, transactions: 3
2017-05-17 18:38:15,790 [ajp-nio-8889-exec-2 | u:admin] INFO  TXLOGGER  - Summary for 'PortalDataService.requestPortalSite': Total: 0.36 s, transactions: 7, RepositoryConfigService: 0.117 s [88% getReadConfiguration (18x)] (26x), svn: 0.112 s [55% getFile content (4x), 34% info (4x)] (16x)
2017-05-17 18:38:25,445 [ajp-nio-8889-exec-7 | u:admin] INFO  TXLOGGER  - Summary for 'PortalDataService.requestPortalSite': Total: 0.194 s, transactions: 2, svn: 0.139 s [86% info (2x)] (6x), RepositoryConfigService: 0.0239 s [100% getReadConfiguration (26x)] (50x)
2017-05-17 18:38:30,144 [ajp-nio-8889-exec-10 | u:admin | uri:/polarion/wiki/bin/view/project/drivepilot/page/Home | wiki: view http://localhost/polarion/wiki/bin/view/project/drivepilot/page/Home] INFO  TXLOGGER  - Tx 5705a18a1f847_0_5705a18a1f847_0_: finished. Total: 0.194 s
2017-05-17 18:38:31,301 [ajp-nio-8889-exec-10 | u:admin | uri:/polarion/wiki/bin/view/project/drivepilot/page/Home | wiki: view http://localhost/polarion/wiki/bin/view/project/drivepilot/page/Home] INFO  TXLOGGER  - Tx 5705a18af6048_0_5705a18af6048_0_: finished. Total: 0.494 s, svn: 0.399 s [90% info (36x)] (43x), resolve: 0.196 s [98% WikiPage (24x)] (38x), ObjectMaps: 0.0323 s [67% getLastPromoted (6x), 16% getPrimaryObjectLocation (18x)] (42x)
2017-05-17 18:38:31,450 [ajp-nio-8889-exec-10] INFO  TXLOGGER  - Summary for 'servlet /polarion/wiki/bin/view/project/drivepilot/page/Home': Total: 5.88 s, transactions: 6, Velocity: 5.4 s [100% evaluate in Wiki (1x)] (1x), svn: 1.45 s [83% info (132x)] (164x)
2017-05-17 18:41:02,264 [ajp-nio-8889-exec-8 | u:admin] INFO  TXLOGGER  - Summary for 'PortalDataService.saveUICustomizationData': Total: 0.924 s, transactions: 0
2017-05-17 18:41:13,914 [ajp-nio-8889-exec-7 | u:admin] INFO  TXLOGGER  - Tx 5705a2295b44c_0_5705a2295b44c_0_: finished. Total: 0.909 s, svn: 0.823 s [95% endActivity (1x)] (8x), processed revs: [54, 54 (delay 0s)], write: true
2017-05-17 18:41:13,916 [ajp-nio-8889-exec-7 | u:admin] INFO  TXLOGGER  - Summary for 'WikiDataService.saveRepository': Total: 0.919 s, transactions: 1, svn: 0.823 s [95% endActivity (1x)] (8x)
2017-05-17 18:41:50,787 [ajp-nio-8889-exec-9 | u:admin] INFO  TXLOGGER  - Tx 5705a24d89853_0_5705a24d89853_0_: finished. Total: 0.733 s, svn: 0.69 s [95% endActivity (1x)] (7x), processed revs: [55, 55 (delay 0s)], write: true
2017-05-17 18:41:50,788 [ajp-nio-8889-exec-9 | u:admin] INFO  TXLOGGER  - Summary for 'WikiDataService.saveRepository': Total: 0.733 s, transactions: 1, svn: 0.69 s [95% endActivity (1x)] (7x)
2017-05-17 18:42:10,374 [ajp-nio-8889-exec-2 | u:admin] INFO  TXLOGGER  - Tx 5705a260bbc5a_0_5705a260bbc5a_0_: finished. Total: 0.663 s, svn: 0.624 s [96% endActivity (1x)] (7x), processed revs: [56, 56 (delay 0s)], write: true
2017-05-17 18:42:10,375 [ajp-nio-8889-exec-2 | u:admin] INFO  TXLOGGER  - Summary for 'WikiDataService.saveRepository': Total: 0.664 s, transactions: 1, svn: 0.624 s [96% endActivity (1x)] (7x)
2017-05-17 18:43:45,448 [ajp-nio-8889-exec-3 | u:admin] INFO  TXLOGGER  - Tx 5705a2bcc4461_0_5705a2bcc4461_0_: finished. Total: 1.5 s, Lucene: 0.994 s [100% add (1x)] (1x), svn: 0.478 s [94% endActivity (1x)] (7x), processed revs: [57, 57 (delay 1s)], write: true
2017-05-17 18:43:45,448 [ajp-nio-8889-exec-3 | u:admin] INFO  TXLOGGER  - Summary for 'WikiDataService.saveRepository': Total: 1.5 s, transactions: 1, Lucene: 0.994 s [100% add (1x)] (1x), svn: 0.478 s [94% endActivity (1x)] (7x)
2017-05-17 19:00:02,880 [Worker-1 | u:p] INFO  TXLOGGER  - Summary for 'job: update.plan.refresh.index': Total: 1.72 s, transactions: 0, DB: 1.06 s [98% update (181x)] (220x), resolve: 0.49 s [94% WorkItem (15x)] (167x), svn: 0.445 s [34% getFile content (16x), 33% getDir2 content (16x), 33% info (17x)] (50x), Lucene: 0.162 s [100% refresh (1x)] (2x)
2017-05-17 19:00:02,921 [Worker-0 | u:p] INFO  TXLOGGER  - Summary for 'job: update.plan': Total: 2.86 s, transactions: 10, resolve: 0.68 s [92% WorkItems (2x)] (96x), svn: 0.6 s [36% getFile content (21x), 35% info (26x), 29% getDir2 content (19x)] (78x), planQueryExpander: 0.213 s [100% expand (6x)] (12x)
2017-05-17 20:00:00,791 [Worker-0 | u:p] INFO  TXLOGGER  - Summary for 'job: update.plan.refresh.index': Total: 0.61 s, transactions: 0, resolve: 0.481 s [100% WorkItem (15x)] (167x), svn: 0.421 s [35% getFile content (15x), 33% getDir2 content (15x), 31% info (15x)] (46x), Lucene: 0.0508 s [98% refresh (1x)] (2x)
2017-05-17 20:00:00,818 [Worker-1 | u:p] INFO  TXLOGGER  - Summary for 'job: update.plan': Total: 0.758 s, transactions: 0
2017-05-17 21:00:00,762 [Worker-1 | u:p] INFO  TXLOGGER  - Summary for 'job: update.plan.refresh.index': Total: 0.593 s, transactions: 0, resolve: 0.48 s [100% WorkItem (15x)] (167x), svn: 0.42 s [35% getFile content (15x), 33% getDir2 content (15x), 31% info (15x)] (46x), Lucene: 0.051 s [98% refresh (1x)] (2x), DB: 0.0337 s [85% update (181x)] (220x), ObjectMaps: 0.03 s [38% getPrimaryObjectLocation (16x), 26% getLastPromoted (15x), 24% getPrimaryObjectProperty (15x)] (70x)
2017-05-17 21:00:00,792 [Worker-0 | u:p] INFO  TXLOGGER  - Summary for 'job: update.plan': Total: 0.742 s, transactions: 0
2017-05-17 22:00:00,722 [Worker-0 | u:p] INFO  TXLOGGER  - Summary for 'job: update.plan.refresh.index': Total: 0.575 s, transactions: 0, resolve: 0.476 s [100% WorkItem (15x)] (167x), svn: 0.419 s [35% getFile content (15x), 33% getDir2 content (15x), 31% info (15x)] (46x), Lucene: 0.0406 s [99% refresh (1x)] (2x), DB: 0.0314 s [85% update (181x)] (220x), ObjectMaps: 0.0294 s [39% getPrimaryObjectLocation (16x), 27% getLastPromoted (15x), 23% getPrimaryObjectProperty (15x)] (70x)
2017-05-17 22:00:00,758 [Worker-1 | u:p] INFO  TXLOGGER  - Summary for 'job: update.plan': Total: 0.707 s, transactions: 0
2017-05-17 23:00:00,821 [Worker-2 | u:p] INFO  TXLOGGER  - Summary for 'job: update.plan.refresh.index': Total: 0.63 s, transactions: 0, resolve: 0.521 s [100% WorkItem (15x)] (167x), svn: 0.462 s [37% getFile content (15x), 33% getDir2 content (15x), 30% info (15x)] (46x), Lucene: 0.0515 s [98% refresh (1x)] (2x), DB: 0.0322 s [86% update (181x)] (220x)
2017-05-17 23:00:00,850 [Worker-1 | u:p] INFO  TXLOGGER  - Summary for 'job: update.plan': Total: 0.761 s, transactions: 0
2017-05-17 23:00:48,896 [Worker-0 | u:p] INFO  TXLOGGER  - Summary for 'job: checker': Total: 48.8 s, transactions: 7, svn: 43.3 s [43% info (2727x), 28% getDir2 content (1644x), 27% getFile content (1543x)] (6655x), resolve: 38.5 s [100% WorkItem (1498x)] (2251x), ObjectMaps: 2.87 s [35% getPrimaryObjectLocation (2291x), 19% getLastPromoted (1542x), 17% getPrimaryObjectProperty (1542x), 12% getPrimaryObjectLocations (749x)] (9129x)
2017-05-18 00:00:01,207 [Worker-3 | u:p] INFO  TXLOGGER  - Summary for 'job: update.plan.refresh.index': Total: 0.623 s, transactions: 0, resolve: 0.506 s [100% WorkItem (15x)] (167x), svn: 0.442 s [34% getFile content (15x), 34% getDir2 content (15x), 32% info (15x)] (46x), Lucene: 0.0521 s [95% refresh (1x)] (17x), DB: 0.0363 s [83% update (181x)] (220x), ObjectMaps: 0.0344 s [40% getPrimaryObjectLocation (16x), 27% getLastPromoted (15x), 23% getPrimaryObjectProperty (15x)] (70x)
2017-05-18 00:00:01,243 [Worker-0 | u:p] INFO  TXLOGGER  - Summary for 'job: update.plan': Total: 0.745 s, transactions: 0
2017-05-18 00:00:06,146 [Worker-1 | u:p] INFO  TXLOGGER  - Summary for 'job: build.deploy': Total: 5.59 s, transactions: 0
2017-05-18 00:00:16,952 [Session[-3514326999246921759]] INFO  TXLOGGER  - Tx 5705eb2c6cc85_0_5705eb2c6cc85_0_: finished. Total: 4.29 s
2017-05-18 00:00:23,443 [Session[6817169638281845150]] INFO  TXLOGGER  - Tx 5705eb324a489_0_5705eb324a489_0_: finished. Total: 4.78 s
2017-05-18 00:00:25,796 [Session[2601636861180041744]] INFO  TXLOGGER  - Tx 5705eb37af895_0_5705eb37af895_0_: finished. Total: 1.61 s
2017-05-18 00:00:29,356 [Worker-1 | u:p] INFO  TXLOGGER  - Summary for 'job: build.build': Total: 23.2 s, transactions: 0
2017-05-18 00:50:16,142 [Worker-0 | u:p] INFO  TXLOGGER  - Summary for 'job: build.deploy': Total: 15.1 s, transactions: 0
2017-05-18 00:50:18,314 [Session[7800142671024662299]] INFO  TXLOGGER  - Tx 5705f6a3338ba_0_5705f6a3338ba_0_: finished. Total: 0.445 s
2017-05-18 00:50:19,372 [Worker-0 | u:p] INFO  TXLOGGER  - Summary for 'job: build.build': Total: 3.22 s, transactions: 0
2017-05-18 01:00:03,417 [Worker-4 | u:p] INFO  TXLOGGER  - Summary for 'job: update.plan.refresh.index': Total: 0.639 s, transactions: 0, resolve: 0.53 s [100% WorkItem (15x)] (167x), svn: 0.477 s [34% getFile content (15x), 33% info (15x), 31% getDir2 content (15x)] (46x), Lucene: 0.0482 s [100% refresh (1x)] (2x)
2017-05-18 01:00:03,446 [Worker-0 | u:p] INFO  TXLOGGER  - Summary for 'job: update.plan': Total: 3.39 s, transactions: 0
2017-05-18 01:00:18,142 [Worker-1 | u:p] INFO  TXLOGGER  - Summary for 'job: build.deploy': Total: 15.3 s, transactions: 0
2017-05-18 01:00:28,562 [Worker-1 | u:p] INFO  TXLOGGER  - Summary for 'job: build.build': Total: 10.4 s, transactions: 0
2017-05-18 01:00:43,375 [Monitoring] INFO  TXLOGGER  - Periodic summary: transactions: 221, svn: 62.8 s [36% info (3172x), 23% getFile content (1847x), 23% getDir2 content (1874x)] (15430x), resolve: 45.9 s [91% WorkItem (2414x)] (6513x), Lucene: 9.94 s [55% add (48x), 40% refresh (39x)] (1971x), DB: 6.99 s [58% query (1169x), 38% update (3822x)] (11257x), Velocity: 5.4 s [100% evaluate in Wiki (1x)] (1x), ObjectMaps: 3.41 s [34% getPrimaryObjectLocation (2596x), 19% getLastPromoted (1820x), 17% getPrimaryObjectProperty (1816x), 14% getPrimaryObjectLocations (1374x)] (11016x)
2017-05-18 02:00:00,660 [Worker-1 | u:p] INFO  TXLOGGER  - Summary for 'job: update.plan.refresh.index': Total: 0.524 s, transactions: 0, resolve: 0.438 s [100% WorkItem (15x)] (167x), svn: 0.41 s [35% getFile content (15x), 34% getDir2 content (15x), 31% info (15x)] (46x), Lucene: 0.0331 s [98% refresh (1x)] (2x), DB: 0.0296 s [86% update (181x)] (220x)
2017-05-18 02:00:00,686 [Worker-0 | u:p] INFO  TXLOGGER  - Summary for 'job: update.plan': Total: 0.627 s, transactions: 0
2017-05-18 03:00:01,847 [Worker-0 | u:p] INFO  TXLOGGER  - Summary for 'job: update.plan.refresh.index': Total: 0.792 s, transactions: 0, resolve: 0.703 s [100% WorkItem (15x)] (167x), svn: 0.422 s [35% getFile content (15x), 33% getDir2 content (15x), 31% info (15x)] (46x), planFieldsContributor: 0.234 s [100% fields (15x)] (16x)
2017-05-18 03:00:01,873 [Worker-1 | u:p] INFO  TXLOGGER  - Summary for 'job: update.plan': Total: 0.968 s, transactions: 0
2017-05-18 04:00:00,750 [Worker-5 | u:p] INFO  TXLOGGER  - Summary for 'job: update.plan.refresh.index': Total: 0.557 s, transactions: 0, resolve: 0.471 s [100% WorkItem (15x)] (167x), svn: 0.422 s [35% getFile content (15x), 33% getDir2 content (15x), 31% info (15x)] (46x), Lucene: 0.0368 s [99% refresh (1x)] (2x), ObjectMaps: 0.0283 s [38% getPrimaryObjectLocation (16x), 27% getLastPromoted (15x), 24% getPrimaryObjectProperty (15x)] (70x)
2017-05-18 04:00:00,787 [Worker-0 | u:p] INFO  TXLOGGER  - Summary for 'job: update.plan': Total: 0.733 s, transactions: 0
2017-05-18 04:00:15,142 [Worker-1 | u:p] INFO  TXLOGGER  - Summary for 'job: build.deploy': Total: 14.9 s, transactions: 0
2017-05-18 04:00:20,016 [Worker-1 | u:p] INFO  TXLOGGER  - Summary for 'job: build.build': Total: 4.86 s, transactions: 0
2017-05-18 05:00:00,661 [Worker-1 | u:p] INFO  TXLOGGER  - Summary for 'job: update.plan.refresh.index': Total: 0.538 s, transactions: 0, resolve: 0.454 s [100% WorkItem (15x)] (167x), svn: 0.408 s [35% getFile content (15x), 34% getDir2 content (15x), 31% info (15x)] (46x), Lucene: 0.0371 s [100% refresh (1x)] (2x), ObjectMaps: 0.0271 s [37% getPrimaryObjectLocation (16x), 28% getLastPromoted (15x), 23% getPrimaryObjectProperty (15x)] (70x)
2017-05-18 05:00:00,686 [Worker-0 | u:p] INFO  TXLOGGER  - Summary for 'job: update.plan': Total: 0.635 s, transactions: 0
2017-05-18 06:00:00,346 [Worker-0 | u:p] INFO  TXLOGGER  - Summary for 'job: jobs.cleanup': Total: 0.237 s, transactions: 0
2017-05-18 06:00:00,705 [Worker-6 | u:p] INFO  TXLOGGER  - Summary for 'job: update.plan.refresh.index': Total: 0.572 s, transactions: 0, resolve: 0.489 s [100% WorkItem (15x)] (167x), svn: 0.441 s [35% getFile content (15x), 33% getDir2 content (15x), 31% info (15x)] (46x), Lucene: 0.0352 s [99% refresh (1x)] (2x)
2017-05-18 06:00:00,738 [Worker-1 | u:p] INFO  TXLOGGER  - Summary for 'job: update.plan': Total: 0.685 s, transactions: 0
2017-05-18 07:00:01,542 [Worker-1 | u:p] INFO  TXLOGGER  - Summary for 'job: update.plan.refresh.index': Total: 0.557 s, transactions: 0, resolve: 0.471 s [100% WorkItem (15x)] (167x), svn: 0.425 s [36% getDir2 content (15x), 34% getFile content (15x), 30% info (15x)] (46x), Lucene: 0.0365 s [99% refresh (1x)] (2x)
2017-05-18 07:00:01,568 [Worker-6 | u:p] INFO  TXLOGGER  - Summary for 'job: update.plan': Total: 1.51 s, transactions: 0
2017-05-18 08:00:01,525 [Worker-6 | u:p] INFO  TXLOGGER  - Summary for 'job: update.plan.refresh.index': Total: 0.544 s, transactions: 0, resolve: 0.459 s [100% WorkItem (15x)] (167x), svn: 0.413 s [35% getFile content (15x), 33% getDir2 content (15x), 31% info (15x)] (46x), Lucene: 0.0358 s [99% refresh (1x)] (2x)
2017-05-18 08:00:01,551 [Worker-1 | u:p] INFO  TXLOGGER  - Summary for 'job: update.plan': Total: 0.657 s, transactions: 0
2017-05-18 09:00:00,677 [Worker-1 | u:p] INFO  TXLOGGER  - Summary for 'job: update.plan.refresh.index': Total: 0.542 s, transactions: 0, resolve: 0.456 s [100% WorkItem (15x)] (167x), svn: 0.411 s [35% getFile content (15x), 33% getDir2 content (15x), 31% info (15x)] (46x), Lucene: 0.0362 s [99% refresh (1x)] (2x), DB: 0.0283 s [86% update (181x)] (220x)
2017-05-18 09:00:00,702 [Worker-6 | u:p] INFO  TXLOGGER  - Summary for 'job: update.plan': Total: 0.647 s, transactions: 0
2017-05-18 10:00:00,692 [Worker-6 | u:p] INFO  TXLOGGER  - Summary for 'job: update.plan.refresh.index': Total: 0.561 s, transactions: 0, resolve: 0.471 s [100% WorkItem (15x)] (167x), svn: 0.426 s [34% getFile content (15x), 34% info (15x), 32% getDir2 content (15x)] (46x), Lucene: 0.0371 s [99% refresh (1x)] (2x), DB: 0.0289 s [85% update (181x)] (220x)
2017-05-18 10:00:00,722 [Worker-1 | u:p] INFO  TXLOGGER  - Summary for 'job: update.plan': Total: 0.677 s, transactions: 0
2017-05-18 10:02:34,300 [ajp-nio-8889-exec-2 | u:admin | uri:/polarion/wiki/bin/view/project/drivepilot/page/Home | wiki: view http://localhost/polarion/wiki/bin/view/project/drivepilot/page/Home] INFO  TXLOGGER  - Tx 5706750ad49dc_0_5706750ad49dc_0_: finished. Total: 0.17 s, svn: 0.154 s [100% info (24x)] (25x)
2017-05-18 10:02:34,326 [ajp-nio-8889-exec-2] INFO  TXLOGGER  - Summary for 'servlet /polarion/wiki/bin/view/project/drivepilot/page/Home': Total: 0.426 s, transactions: 3, Velocity: 0.376 s [100% evaluate in Wiki (1x)] (1x), svn: 0.175 s [100% info (27x)] (28x)
2017-05-18 10:02:38,177 [ajp-nio-8889-exec-6 | u:admin] INFO  TXLOGGER  - Tx 5706750e225e3_0_5706750e225e3_0_: finished. Total: 0.663 s, resolve: 0.181 s [59% Module (4x), 41% ModuleAttachment (2x)] (25x), svn: 0.166 s [57% info (14x), 17% getFile content (4x), 16% getDir2 content (4x)] (26x)
2017-05-18 10:02:38,225 [ajp-nio-8889-exec-6 | u:admin] INFO  TXLOGGER  - Summary for 'WorkItemDataService.loadInstances': Total: 0.712 s, transactions: 1, resolve: 0.181 s [59% Module (4x), 41% ModuleAttachment (2x)] (25x), svn: 0.166 s [57% info (14x), 17% getFile content (4x), 16% getDir2 content (4x)] (26x)
2017-05-18 10:02:38,646 [ajp-nio-8889-exec-7 | u:admin] INFO  TXLOGGER  - Tx 5706750e349e4_0_5706750e349e4_0_: finished. Total: 1.06 s, svn: 0.125 s [68% getFile content (9x), 23% info (3x)] (15x), RepositoryConfigService: 0.0847 s [100% getReadConfiguration (182x)] (211x), resolve: 0.063 s [99% TestRun (1x)] (9x), Lucene: 0.0557 s [100% search (5x)] (5x)
2017-05-18 10:02:38,671 [ajp-nio-8889-exec-7 | u:admin] INFO  TXLOGGER  - Summary for 'WorkItemDataService.loadWorkitem': Total: 1.16 s, transactions: 1, svn: 0.125 s [68% getFile content (9x), 23% info (3x)] (15x), RepositoryConfigService: 0.0847 s [100% getReadConfiguration (182x)] (211x), resolve: 0.063 s [99% TestRun (1x)] (9x)
2017-05-18 10:02:39,593 [ajp-nio-8889-exec-5 | u:admin] INFO  TXLOGGER  - Tx 5706750fce5e6_0_5706750fce5e6_0_: finished. Total: 0.368 s, svn: 0.131 s [68% getFile content (10x), 32% info (5x)] (17x), RepositoryConfigService: 0.113 s [87% getReadConfiguration (197x)] (220x), resolve: 0.0815 s [99% Plan (10x)] (34x)
2017-05-18 10:02:39,614 [ajp-nio-8889-exec-5 | u:admin] INFO  TXLOGGER  - Summary for 'WorkItemDataService.loadWorkitem': Total: 0.388 s, transactions: 1, svn: 0.131 s [68% getFile content (10x), 32% info (5x)] (17x), RepositoryConfigService: 0.113 s [87% getReadConfiguration (197x)] (220x), resolve: 0.0815 s [99% Plan (10x)] (34x)
2017-05-18 10:03:54,731 [ajp-nio-8889-exec-10 | u:admin] INFO  TXLOGGER  - Tx 57067558ec9ea_0_57067558ec9ea_0_: finished. Total: 0.632 s, svn: 0.519 s [89% endActivity (1x)] (9x), resolve: 0.0507 s [100% WorkItem (2x)] (7x), Lucene: 0.0447 s [64% refresh (1x), 36% add (1x)] (3x), processed revs: [58, 58 (delay 0s)], write: true
2017-05-18 10:03:54,810 [ajp-nio-8889-exec-10 | u:admin] INFO  TXLOGGER  - Summary for 'WorkItemDataService.saveWorkItem': Total: 0.729 s, transactions: 2, svn: 0.519 s [89% endActivity (1x)] (9x), resolve: 0.0525 s [98% WorkItem (7x)] (46x), Lucene: 0.0494 s [58% refresh (1x), 32% add (1x)] (4x)
2017-05-18 10:03:55,017 [Persistence Events Processing Thread | u:p] INFO  TXLOGGER  - Tx 570675598a9eb_0_570675598a9eb_0_: finished. Total: 0.287 s, resolve: 0.135 s [93% WorkItem (7x)] (9x), svn: 0.13 s [41% getFile content (4x), 30% info (2x), 29% getDir2 content (2x)] (9x)
2017-05-18 10:03:55,088 [Persistence Events Processing Thread | u:p] INFO  TXLOGGER  - Summary: Total: 0.358 s, transactions: 6, persistence listener: 0.358 s [80% notificationsCreatingListener (1x)] (7x), resolve: 0.173 s [94% WorkItem (10x)] (16x), svn: 0.164 s [39% getFile content (5x), 30% info (3x), 29% getDir2 content (3x)] (14x), Lucene: 0.0226 s [100% add (1x)] (3x)
2017-05-18 10:09:09,463 [ajp-nio-8889-exec-4 | u:admin] INFO  TXLOGGER  - Tx 5706768c349f9_0_5706768c349f9_0_: finished. Total: 0.708 s, resolve: 0.666 s [76% ModuleAttachment (14x), 24% Module (30x)] (62x), svn: 0.641 s [70% info (54x), 19% getFile properties (14x)] (80x)
2017-05-18 10:09:09,464 [ajp-nio-8889-exec-4 | u:admin] INFO  TXLOGGER  - Summary for 'WorkItemDataService.loadInstances': Total: 0.71 s, transactions: 1, resolve: 0.666 s [76% ModuleAttachment (14x), 24% Module (30x)] (62x), svn: 0.641 s [70% info (54x), 19% getFile properties (14x)] (80x)
2017-05-18 10:59:04,972 [ajp-nio-8889-exec-3 | u:admin | uri:/polarion/wiki/bin/view/project/drivepilot/page/?service=Overview | wiki: view http://localhost/polarion/wiki/bin/view/project/drivepilot/page/] INFO  TXLOGGER  - Tx 570681f95b60b_0_570681f95b60b_0_: finished. Total: 0.861 s, resolve: 0.828 s [59% WikiPage (50x), 40% Module (13x)] (108x), svn: 0.618 s [67% info (60x), 24% getFile content (23x)] (92x), ObjectMaps: 0.0859 s [30% getPrimaryObjectLocation (43x), 29% getLastPromoted (23x), 26% getLocalIdsForLocation (23x)] (135x)
2017-05-18 10:59:04,982 [ajp-nio-8889-exec-3] INFO  TXLOGGER  - Summary for 'servlet /polarion/wiki/bin/view/project/drivepilot/page/?service=Overview': Total: 1.31 s, transactions: 1, Velocity: 1.25 s [100% evaluate in Wiki (1x)] (1x), resolve: 0.881 s [62% WikiPage (79x), 38% Module (13x)] (161x), svn: 0.78 s [71% info (79x), 20% getFile content (24x)] (114x), ObjectMaps: 0.102 s [32% getPrimaryObjectLocation (73x), 28% getLastPromoted (24x), 25% getLocalIdsForLocation (24x)] (169x)
2017-05-18 10:59:05,352 [ajp-nio-8889-exec-8 | u:admin] INFO  TXLOGGER  - Summary for 'PortalDataService.getWikiSpacesAndPages': Total: 1.18 s, transactions: 0, resolve: 0.926 s [39% RichPage (70x), 33% Module (13x), 28% WikiPage (76x)] (167x), svn: 0.847 s [73% info (73x), 19% getFile content (22x)] (104x), ObjectMaps: 0.111 s [54% getPrimaryObjectLocation (84x), 16% getLocalIdsForLocation (22x), 15% getLastPromoted (22x)] (172x)
2017-05-18 10:59:12,847 [ajp-nio-8889-exec-3 | u:admin | i:drivepilot/_default/pakage3] INFO  TXLOGGER  - Tx 57068201af60c_0_57068201af60c_0_: finished. Total: 0.21 s, svn: 0.0108 s [100% info (1x)] (2x)
2017-05-18 10:59:12,889 [ajp-nio-8889-exec-3 | u:admin] INFO  TXLOGGER  - Summary for 'RpeModel.initialize': Total: 0.261 s, transactions: 1
2017-05-18 10:59:13,991 [ajp-nio-8889-exec-5 | u:admin | i:drivepilot/_default/pakage3 e:polarion_client2] INFO  TXLOGGER  - Tx 570682020da0d_0_570682020da0d_0_: finished. Total: 0.976 s, Velocity: 0.685 s [100% evaluate (3x)] (3x), DB: 0.401 s [100% query (1x)] (17x), svn: 0.24 s [39% info (11x), 36% getDir2 content (3x), 25% getFile content (5x)] (20x)
2017-05-18 10:59:13,994 [ajp-nio-8889-exec-5 | u:admin] INFO  TXLOGGER  - Summary for 'RenderingRequest.initialize': Total: 0.979 s, transactions: 1, Velocity: 0.685 s [100% evaluate (3x)] (3x), DB: 0.401 s [100% query (1x)] (17x), svn: 0.24 s [39% info (11x), 36% getDir2 content (3x), 25% getFile content (5x)] (20x)
2017-05-18 10:59:31,414 [ajp-nio-8889-exec-7 | u:admin | i:drivepilot/_default/pakage3 e:polarion_client2] INFO  TXLOGGER  - Tx 570682137520f_0_570682137520f_0_: finished. Total: 0.578 s, Velocity: 0.377 s [100% evaluate (3x)] (3x), svn: 0.234 s [38% info (11x), 36% getDir2 content (3x), 26% getFile content (5x)] (20x), permissions: 0.03 s [100% readInstance (1083x)] (1083x)
2017-05-18 10:59:31,421 [ajp-nio-8889-exec-7 | u:admin] INFO  TXLOGGER  - Summary for 'RenderingRequest.initialize': Total: 0.585 s, transactions: 1, Velocity: 0.377 s [100% evaluate (3x)] (3x), svn: 0.234 s [38% info (11x), 36% getDir2 content (3x), 26% getFile content (5x)] (20x), permissions: 0.03 s [100% readInstance (1083x)] (1083x)
2017-05-18 10:59:34,698 [ajp-nio-8889-exec-5 | u:admin] INFO  TXLOGGER  - Tx 57068216f6210_0_57068216f6210_0_: finished. Total: 0.274 s, svn: 0.171 s [53% getFile content (8x), 26% info (6x), 21% getDir2 content (4x)] (20x), resolve: 0.105 s [98% Comment (1x)] (51x), RepositoryConfigService: 0.0673 s [100% getReadConfiguration (365x)] (419x)
2017-05-18 10:59:34,704 [ajp-nio-8889-exec-5 | u:admin] INFO  TXLOGGER  - Summary for 'WorkItemDataService.loadWorkitemByID': Total: 0.296 s, transactions: 1, svn: 0.171 s [53% getFile content (8x), 26% info (6x), 21% getDir2 content (4x)] (20x), resolve: 0.105 s [98% Comment (1x)] (51x), RepositoryConfigService: 0.0673 s [100% getReadConfiguration (365x)] (419x)
2017-05-18 10:59:39,454 [ajp-nio-8889-exec-6 | u:admin | i:drivepilot/_default/pakage3 e:polarion_client2] INFO  TXLOGGER  - Tx 5706821b55a15_0_5706821b55a15_0_: finished. Total: 0.551 s, Velocity: 0.365 s [100% evaluate (3x)] (3x), svn: 0.235 s [39% info (11x), 36% getDir2 content (3x), 25% getFile content (5x)] (20x), linkedWorkItemsQueryExpander: 0.0308 s [100% expand (252x)] (504x), permissions: 0.0301 s [100% readInstance (1083x)] (1083x)
2017-05-18 10:59:39,459 [ajp-nio-8889-exec-6 | u:admin] INFO  TXLOGGER  - Summary for 'RenderingRequest.initialize': Total: 0.556 s, transactions: 1, Velocity: 0.365 s [100% evaluate (3x)] (3x), svn: 0.235 s [39% info (11x), 36% getDir2 content (3x), 25% getFile content (5x)] (20x), linkedWorkItemsQueryExpander: 0.0308 s [100% expand (252x)] (504x), permissions: 0.0301 s [100% readInstance (1083x)] (1083x)
2017-05-18 10:59:46,669 [ajp-nio-8889-exec-5] INFO  TXLOGGER  - Summary for 'servlet /polarion/codemirror-modes/pvscl.js?buildId=20170314-0722': Total: 0.87 s, transactions: 0
2017-05-18 10:59:47,783 [ajp-nio-8889-exec-1 | u:admin] INFO  TXLOGGER  - Summary for 'PortalDataService.getWikiSpacesAndPages': Total: 0.191 s, transactions: 0, svn: 0.173 s [90% info (17x)] (19x)
2017-05-18 10:59:48,065 [ajp-nio-8889-exec-6 | u:admin | i:drivepilot/_default/pakage3 e:polarion_client2] INFO  TXLOGGER  - Tx 57068223f1217_0_57068223f1217_0_: finished. Total: 0.348 s, svn: 0.241 s [38% info (11x), 36% getDir2 content (3x), 26% getFile content (5x)] (20x), Velocity: 0.185 s [100% evaluate (3x)] (3x)
2017-05-18 10:59:48,067 [ajp-nio-8889-exec-6 | u:admin] INFO  TXLOGGER  - Summary for 'RenderingRequest.initialize': Total: 0.35 s, transactions: 1, svn: 0.241 s [38% info (11x), 36% getDir2 content (3x), 26% getFile content (5x)] (20x), Velocity: 0.185 s [100% evaluate (3x)] (3x)
2017-05-18 11:00:00,768 [Worker-1 | u:p] INFO  TXLOGGER  - Summary for 'job: update.plan.refresh.index': Total: 0.638 s, transactions: 0, resolve: 0.536 s [100% WorkItem (15x)] (167x), svn: 0.485 s [34% getDir2 content (17x), 33% getFile content (16x), 33% info (18x)] (52x), Lucene: 0.0425 s [95% refresh (1x)] (17x)
2017-05-18 11:00:00,793 [Worker-6 | u:p] INFO  TXLOGGER  - Summary for 'job: update.plan': Total: 0.75 s, transactions: 0
2017-05-18 11:00:06,501 [ajp-nio-8889-exec-9 | u:admin | i:drivepilot/_default/pakage3 e:polarion_client2] INFO  TXLOGGER  - Tx 57068235e9a19_0_57068235e9a19_0_: finished. Total: 0.384 s, svn: 0.254 s [38% info (11x), 36% getDir2 content (3x), 26% getFile content (5x)] (20x), Velocity: 0.203 s [100% evaluate (3x)] (3x), DB: 0.0273 s [99% query (1x)] (17x)
2017-05-18 11:00:06,503 [ajp-nio-8889-exec-9 | u:admin] INFO  TXLOGGER  - Summary for 'RenderingRequest.initialize': Total: 0.386 s, transactions: 1, svn: 0.254 s [38% info (11x), 36% getDir2 content (3x), 26% getFile content (5x)] (20x), Velocity: 0.203 s [100% evaluate (3x)] (3x), DB: 0.0273 s [99% query (1x)] (17x)
2017-05-18 11:49:52,547 [ajp-nio-8889-exec-6 | u:admin] INFO  TXLOGGER  - Tx 57068d99d6624_0_57068d99d6624_0_: finished. Total: 0.521 s, svn: 0.461 s [95% endActivity (1x)] (7x), Lucene: 0.0325 s [100% add (1x)] (1x), processed revs: [59, 59 (delay 0s)], write: true
2017-05-18 11:49:52,547 [ajp-nio-8889-exec-6 | u:admin] INFO  TXLOGGER  - Summary for 'WikiDataService.saveRepository': Total: 0.521 s, transactions: 1, svn: 0.461 s [95% endActivity (1x)] (7x), Lucene: 0.0325 s [100% add (1x)] (1x)
2017-05-18 11:49:56,826 [ajp-nio-8889-exec-10 | u:admin | uri:/polarion/wiki/bin/view/project/drivepilot/page/Home | wiki: view http://localhost/polarion/wiki/bin/view/project/drivepilot/page/Home] INFO  TXLOGGER  - Tx 57068d9cffe31_0_57068d9cffe31_0_: finished. Total: 1.56 s, svn: 1.54 s [100% info (24x)] (25x)
2017-05-18 11:49:56,856 [ajp-nio-8889-exec-10] INFO  TXLOGGER  - Summary for 'servlet /polarion/wiki/bin/view/project/drivepilot/page/Home': Total: 2 s, transactions: 3, Velocity: 1.95 s [100% evaluate in Wiki (1x)] (1x), svn: 1.56 s [100% info (27x)] (28x)
2017-05-18 11:49:57,023 [ajp-nio-8889-exec-3] INFO  TXLOGGER  - Summary for 'servlet /polarion/wiki/skins/sidecar/chwSkin.css?buildNumber=20170314-0722': Total: 0.138 s, transactions: 0
2017-05-18 11:49:57,034 [ajp-nio-8889-exec-6] INFO  TXLOGGER  - Summary for 'servlet /polarion/wiki/skins/sidecar/wiki.css?buildNumber=20170314-0722': Total: 0.143 s, transactions: 0
2017-05-18 11:49:57,059 [ajp-nio-8889-exec-4] INFO  TXLOGGER  - Summary for 'servlet /polarion/wiki/skins/sidecar/rss.css?buildNumber=20170314-0722': Total: 0.116 s, transactions: 0
2017-05-18 11:49:57,092 [ajp-nio-8889-exec-10] INFO  TXLOGGER  - Summary for 'servlet /polarion/wiki/skins/sidecar/colorsblue.css?buildNumber=20170314-0722': Total: 0.104 s, transactions: 0
2017-05-18 11:49:57,159 [ajp-nio-8889-exec-7] INFO  TXLOGGER  - Summary for 'servlet /polarion/wiki/skins/sidecar/ie.css?buildNumber=20170314-0722': Total: 0.126 s, transactions: 0
2017-05-18 11:49:57,276 [ajp-nio-8889-exec-4] INFO  TXLOGGER  - Summary for 'servlet /polarion/wiki/skins/sidecar/browserdetect.js?buildNumber=20170314-0722': Total: 0.112 s, transactions: 0
2017-05-18 11:49:57,296 [ajp-nio-8889-exec-1] INFO  TXLOGGER  - Summary for 'servlet /polarion/wiki/skins/sidecar/rico/src/rico.js?buildNumber=20170314-0722': Total: 0.106 s, transactions: 0
2017-05-18 11:49:57,312 [ajp-nio-8889-exec-5] INFO  TXLOGGER  - Summary for 'servlet /polarion/wiki/skins/sidecar/chwScripts.js?buildNumber=20170314-0722': Total: 0.137 s, transactions: 0
2017-05-18 11:49:57,333 [ajp-nio-8889-exec-7] INFO  TXLOGGER  - Summary for 'servlet /polarion/wiki/skins/sidecar/rico/prototype.js?buildNumber=20170314-0722': Total: 0.174 s, transactions: 0
2017-05-18 11:49:57,355 [ajp-nio-8889-exec-8] INFO  TXLOGGER  - Summary for 'servlet /polarion/wiki/skins/sidecar/scriptaculous/effects.js?buildNumber=20170314-0722': Total: 0.13 s, transactions: 0
2017-05-18 11:49:57,381 [ajp-nio-8889-exec-10] INFO  TXLOGGER  - Summary for 'servlet /polarion/wiki/skins/sidecar/scriptaculous/scriptaculous.js?buildNumber=20170314-0722': Total: 0.163 s, transactions: 0
2017-05-18 11:49:57,411 [ajp-nio-8889-exec-1] INFO  TXLOGGER  - Summary for 'servlet /polarion/wiki/skins/sidecar/scriptaculous/dragdrop.js?buildNumber=20170314-0722': Total: 0.113 s, transactions: 0
2017-05-18 11:49:57,436 [ajp-nio-8889-exec-2] INFO  TXLOGGER  - Summary for 'servlet /polarion/wiki/skins/sidecar/popup_close.gif?buildNumber=20170314-0722': Total: 0.12 s, transactions: 0
2017-05-18 11:49:57,460 [ajp-nio-8889-exec-6] INFO  TXLOGGER  - Summary for 'servlet /polarion/wiki/skins/sidecar/progress.gif?buildNumber=20170314-0722': Total: 0.114 s, transactions: 0
2017-05-18 11:49:57,527 [ajp-nio-8889-exec-4] INFO  TXLOGGER  - Summary for 'servlet /polarion/wiki/skins/sidecar/edit_menu.gif?buildNumber=20170314-0722': Total: 0.169 s, transactions: 0
2017-05-18 11:49:57,530 [ajp-nio-8889-exec-1] INFO  TXLOGGER  - Summary for 'servlet /polarion/wiki/skins/sidecar/combo_box_arrow_small.png?buildNumber=20170314-0722': Total: 0.119 s, transactions: 0
2017-05-18 11:49:57,557 [ajp-nio-8889-exec-8] INFO  TXLOGGER  - Summary for 'servlet /polarion/wiki/skins/sidecar/pdf.gif?buildNumber=20170314-0722': Total: 0.123 s, transactions: 0
2017-05-18 11:49:57,628 [Persistence Events Processing Thread | u:p] INFO  TXLOGGER  - Tx 57068d9c44e2f_0_57068d9c44e2f_0_: finished. Total: 3.11 s, Lucene: 2.78 s [100% add (1x)] (2x)
2017-05-18 11:49:57,628 [ajp-nio-8889-exec-3] INFO  TXLOGGER  - Summary for 'servlet /polarion/wiki/skins/sidecar/textfield_rename.png?buildNumber=20170314-0722': Total: 0.145 s, transactions: 0
2017-05-18 11:49:57,629 [ajp-nio-8889-exec-7] INFO  TXLOGGER  - Summary for 'servlet /polarion/wiki/skins/sidecar/upgradeRichPage.png?buildNumber=20170314-0722': Total: 0.149 s, transactions: 0
2017-05-18 11:49:57,724 [ajp-nio-8889-exec-9] INFO  TXLOGGER  - Summary for 'servlet /polarion/wiki/skins/sidecar/scriptaculous/builder.js': Total: 0.162 s, transactions: 0
2017-05-18 11:49:57,826 [ajp-nio-8889-exec-4] INFO  TXLOGGER  - Summary for 'servlet /polarion/wiki/bin/download/project/drivepilot/page/_default/Home/project_logo.jpg': Total: 0.11 s, transactions: 0, svn: 0.0227 s [100% info (2x)] (2x)
2017-05-18 11:49:57,920 [ajp-nio-8889-exec-2] INFO  TXLOGGER  - Summary for 'servlet /polarion/wiki/skins/sidecar/save8.gif?buildNumber=20170314-0722': Total: 0.125 s, transactions: 0
2017-05-18 11:49:57,941 [ajp-nio-8889-exec-7] INFO  TXLOGGER  - Summary for 'servlet /polarion/wiki/skins/sidecar/cancel8.gif?buildNumber=20170314-0722': Total: 0.143 s, transactions: 0
2017-05-18 11:49:57,949 [ajp-nio-8889-exec-9] INFO  TXLOGGER  - Summary for 'servlet /polarion/wiki/skins/sidecar/edit8.gif?buildNumber=20170314-0722': Total: 0.155 s, transactions: 0
2017-05-18 11:49:57,973 [ajp-nio-8889-exec-4] INFO  TXLOGGER  - Summary for 'servlet /polarion/wiki/skins/sidecar/rico/src/ricoCommon.js': Total: 0.146 s, transactions: 0
2017-05-18 11:49:57,977 [ajp-nio-8889-exec-10] INFO  TXLOGGER  - Summary for 'servlet /polarion/wiki/skins/sidecar/style1.css?buildNumber=20170314-0722': Total: 0.114 s, transactions: 0
2017-05-18 11:49:58,192 [Persistence Events Processing Thread | u:p] INFO  TXLOGGER  - Tx 57068d9f4f233_0_57068d9f4f233_0_: finished. Total: 0.563 s
2017-05-18 11:49:58,192 [Persistence Events Processing Thread | u:p] INFO  TXLOGGER  - Summary: Total: 3.68 s, transactions: 6, persistence listener: 3.68 s [100% RevisionActivityCreator (2x)] (7x), Lucene: 2.78 s [100% add (1x)] (2x)
2017-05-18 11:49:59,179 [Persistence Events Processing Thread | u:p] INFO  TXLOGGER  - Tx 57068d9fdde3e_0_57068d9fdde3e_0_: finished. Total: 0.98 s
2017-05-18 11:49:59,197 [Persistence Events Processing Thread | u:p] INFO  TXLOGGER  - Summary: Total: 1.01 s, transactions: 6, persistence listener: 1.01 s [99% RevisionActivityCreator (2x)] (7x)
2017-05-18 11:50:27,762 [ajp-nio-8889-exec-4 | u:admin] INFO  TXLOGGER  - Tx 57068dbc1ae4b_0_57068dbc1ae4b_0_: finished. Total: 0.648 s, svn: 0.551 s [93% endActivity (1x)] (9x), Lucene: 0.0501 s [53% refresh (1x), 47% add (1x)] (3x), resolve: 0.0327 s [99% WorkItem (2x)] (7x), processed revs: [60, 60 (delay 0s)], write: true
2017-05-18 11:50:27,822 [ajp-nio-8889-exec-4 | u:admin] INFO  TXLOGGER  - Summary for 'WorkItemDataService.saveWorkItem': Total: 0.707 s, transactions: 2, svn: 0.551 s [93% endActivity (1x)] (9x), Lucene: 0.0555 s [48% refresh (1x), 42% add (1x)] (4x)
2017-05-18 11:50:27,880 [Persistence Events Processing Thread | u:p] INFO  TXLOGGER  - Tx 57068dbcbca4c_0_57068dbcbca4c_0_: finished. Total: 0.117 s, resolve: 0.111 s [88% WorkItem (7x)] (9x), svn: 0.0934 s [41% getFile content (3x), 30% getDir2 content (2x), 30% info (2x)] (8x), ObjectMaps: 0.0142 s [41% getPrimaryObjectLocation (3x), 37% getLastPromoted (3x), 21% getPrimaryObjectProperty (3x)] (12x)
2017-05-18 11:50:27,941 [Persistence Events Processing Thread | u:p] INFO  TXLOGGER  - Summary: Total: 0.178 s, transactions: 6, persistence listener: 0.178 s [66% notificationsCreatingListener (1x), 34% WorkItemActivityCreator (1x)] (7x), resolve: 0.151 s [91% WorkItem (10x)] (16x), svn: 0.13 s [40% getFile content (4x), 29% info (3x), 29% getDir2 content (3x)] (13x), ObjectMaps: 0.0181 s [48% getPrimaryObjectLocation (5x), 32% getLastPromoted (4x)] (17x), Lucene: 0.0159 s [100% add (1x)] (1x)
2017-05-18 11:56:50,664 [ajp-nio-8889-exec-1 | u:admin] INFO  TXLOGGER  - Tx 57068f3152a5e_0_57068f3152a5e_0_: finished. Total: 1.37 s, svn: 1.33 s [98% endActivity (1x)] (7x), processed revs: [61, 61 (delay 1s)], write: true
2017-05-18 11:56:50,665 [ajp-nio-8889-exec-1 | u:admin] INFO  TXLOGGER  - Summary for 'WikiDataService.saveRepository': Total: 1.37 s, transactions: 1, svn: 1.33 s [98% endActivity (1x)] (7x)
2017-05-18 11:57:12,799 [ajp-nio-8889-exec-2 | u:admin | uri:/polarion/wiki/bin/view/project/drivepilot/page/Home | wiki: view http://localhost/polarion/wiki/bin/view/project/drivepilot/page/Home] INFO  TXLOGGER  - Tx 57068f4811266_0_57068f4811266_0_: finished. Total: 0.218 s, svn: 0.202 s [100% info (24x)] (25x)
2017-05-18 11:57:12,845 [ajp-nio-8889-exec-2] INFO  TXLOGGER  - Summary for 'servlet /polarion/wiki/bin/view/project/drivepilot/page/Home': Total: 0.447 s, transactions: 3, Velocity: 0.377 s [100% evaluate in Wiki (1x)] (1x), svn: 0.229 s [100% info (27x)] (28x)
2017-05-18 11:58:13,457 [ajp-nio-8889-exec-10 | u:admin] INFO  TXLOGGER  - Tx 57068f82ec275_0_57068f82ec275_0_: finished. Total: 0.609 s, svn: 0.513 s [91% endActivity (1x)] (9x), Lucene: 0.045 s [61% refresh (1x), 39% add (1x)] (3x), resolve: 0.0373 s [99% WorkItem (2x)] (7x), processed revs: [62, 62 (delay 0s)], write: true
2017-05-18 11:58:13,528 [ajp-nio-8889-exec-10 | u:admin] INFO  TXLOGGER  - Summary for 'WorkItemDataService.saveWorkItem': Total: 0.68 s, transactions: 2, svn: 0.513 s [91% endActivity (1x)] (9x), Lucene: 0.0521 s [53% refresh (1x), 34% add (1x)] (4x), ObjectMaps: 0.0424 s [36% getPrimaryObjectLocations (21x), 14% getSublocations (1x), 10% getLastRevision (2x), 9% setLastProcessedRevision (5x), 8% getLastPromoted (4x), 8% saveIfNeeded (7x)] (49x), resolve: 0.0388 s [97% WorkItem (7x)] (49x)
2017-05-18 11:58:13,592 [Persistence Events Processing Thread | u:p] INFO  TXLOGGER  - Tx 57068f8384676_0_57068f8384676_0_: finished. Total: 0.135 s, resolve: 0.13 s [90% WorkItem (7x)] (9x), svn: 0.115 s [48% getFile content (3x), 27% getDir2 content (2x), 25% info (2x)] (8x), ObjectMaps: 0.0121 s [50% getPrimaryObjectProperty (3x), 26% getLastPromoted (3x), 24% getPrimaryObjectLocation (3x)] (12x)
2017-05-18 11:58:13,660 [Persistence Events Processing Thread | u:p] INFO  TXLOGGER  - Summary: Total: 0.203 s, transactions: 6, persistence listener: 0.203 s [66% notificationsCreatingListener (1x), 34% WorkItemActivityCreator (1x)] (7x), resolve: 0.179 s [93% WorkItem (10x)] (16x), svn: 0.159 s [45% getFile content (4x), 27% getDir2 content (3x), 27% info (3x)] (13x), ObjectMaps: 0.0166 s [39% getPrimaryObjectProperty (4x), 39% getPrimaryObjectLocation (5x), 22% getLastPromoted (4x)] (17x), Lucene: 0.0149 s [100% add (1x)] (1x)
2017-05-18 11:58:44,142 [ajp-nio-8889-exec-7 | u:admin | uri:/polarion/wiki/bin/view/project/drivepilot/page/Home | wiki: view http://localhost/polarion/wiki/bin/view/project/drivepilot/page/Home] INFO  TXLOGGER  - Tx 57068fa144e86_0_57068fa144e86_0_: finished. Total: 0.219 s, svn: 0.204 s [100% info (24x)] (25x)
2017-05-18 11:58:44,154 [ajp-nio-8889-exec-7] INFO  TXLOGGER  - Summary for 'servlet /polarion/wiki/bin/view/project/drivepilot/page/Home': Total: 0.351 s, transactions: 3, Velocity: 0.304 s [100% evaluate in Wiki (1x)] (1x), svn: 0.229 s [100% info (27x)] (28x)
2017-05-18 11:59:26,015 [ajp-nio-8889-exec-9 | u:admin] INFO  TXLOGGER  - Tx 57068fc9c5a95_0_57068fc9c5a95_0_: finished. Total: 0.616 s, svn: 0.532 s [91% endActivity (1x)] (9x), resolve: 0.0385 s [99% WorkItem (2x)] (11x), Lucene: 0.0375 s [61% refresh (1x), 38% add (1x)] (3x), processed revs: [63, 63 (delay 0s)], write: true
2017-05-18 11:59:26,064 [ajp-nio-8889-exec-9 | u:admin] INFO  TXLOGGER  - Summary for 'WorkItemDataService.saveWorkItem': Total: 0.666 s, transactions: 2, svn: 0.532 s [91% endActivity (1x)] (9x), Lucene: 0.042 s [55% refresh (1x), 34% add (1x)] (4x), resolve: 0.0401 s [97% WorkItem (8x)] (53x)
2017-05-18 11:59:26,151 [Persistence Events Processing Thread | u:p] INFO  TXLOGGER  - Tx 57068fca5fe96_0_57068fca5fe96_0_: finished. Total: 0.137 s, resolve: 0.129 s [82% WorkItem (8x)] (17x), svn: 0.112 s [46% getFile content (4x), 27% getDir2 content (2x), 27% info (2x)] (9x), ObjectMaps: 0.0123 s [39% getPrimaryObjectLocation (4x), 31% getPrimaryObjectProperty (4x), 30% getLastPromoted (4x)] (16x)
2017-05-18 11:59:26,219 [Persistence Events Processing Thread | u:p] INFO  TXLOGGER  - Summary: Total: 0.203 s, transactions: 6, persistence listener: 0.203 s [67% notificationsCreatingListener (1x), 32% WorkItemActivityCreator (1x)] (7x), resolve: 0.175 s [86% WorkItem (11x)] (26x), svn: 0.152 s [43% getFile content (5x), 28% getDir2 content (3x), 28% info (3x)] (14x), ObjectMaps: 0.0176 s [52% getPrimaryObjectLocation (6x), 25% getPrimaryObjectProperty (5x), 24% getLastPromoted (5x)] (21x), Lucene: 0.0163 s [99% add (1x)] (5x)
2017-05-18 12:00:00,879 [Worker-6 | u:p] INFO  TXLOGGER  - Summary for 'job: update.plan.refresh.index': Total: 0.725 s, transactions: 0, resolve: 0.637 s [100% WorkItem (15x)] (167x), svn: 0.585 s [34% getDir2 content (17x), 33% info (18x), 32% getFile content (16x)] (52x), Lucene: 0.0389 s [84% refresh (1x)] (17x)
2017-05-18 12:00:00,910 [Worker-1 | u:p] INFO  TXLOGGER  - Summary for 'job: update.plan': Total: 0.851 s, transactions: 0
2017-05-18 12:32:17,349 [ajp-nio-8889-exec-6] INFO  TXLOGGER  - Tx 5706974f656e0_0_5706974f656e0_0_: finished. Total: 0.112 s
2017-05-18 12:32:17,349 [ajp-nio-8889-exec-6] INFO  TXLOGGER  - Summary for 'servlet /polarion/icons/default/enums/type_unit_testcase.png?buildId=20170314-0722': Total: 0.112 s, transactions: 1
2017-05-18 12:33:34,845 [ajp-nio-8889-exec-6 | u:admin] INFO  TXLOGGER  - Tx 5706979a9e2fa_0_5706979a9e2fa_0_: finished. Total: 0.581 s, svn: 0.534 s [95% endActivity (1x)] (7x), processed revs: [64, 64 (delay 0s)], write: true
2017-05-18 12:33:34,845 [ajp-nio-8889-exec-6 | u:admin] INFO  TXLOGGER  - Summary for 'WikiDataService.saveRepository': Total: 0.581 s, transactions: 1, svn: 0.534 s [95% endActivity (1x)] (7x)
2017-05-18 12:33:37,606 [ajp-nio-8889-exec-7 | u:admin | uri:/polarion/wiki/bin/view/project/drivepilot/page/Home | wiki: view http://localhost/polarion/wiki/bin/view/project/drivepilot/page/Home] INFO  TXLOGGER  - Tx 5706979db1302_0_5706979db1302_0_: finished. Total: 0.194 s, svn: 0.177 s [100% info (24x)] (25x)
2017-05-18 12:33:37,622 [ajp-nio-8889-exec-7] INFO  TXLOGGER  - Summary for 'servlet /polarion/wiki/bin/view/project/drivepilot/page/Home': Total: 0.34 s, transactions: 3, Velocity: 0.287 s [100% evaluate in Wiki (1x)] (1x), svn: 0.2 s [100% info (27x)] (28x)
