2017-05-18 12:42:44,377 [main | u:p] INFO  TXLOGGER  - Summary for 'Platform startup': transactions: 0, DB: 1.53 s [99% query (13x)] (206x), svn: 0.148 s [97% checkPath (1x)] (3x)
2017-05-18 12:42:46,044 [main | u:p] INFO  TXLOGGER  - Summary for 'Context recognition': transactions: 0, svn: 1.29 s [46% getDir2 content (2x), 43% info (3x)] (6x)
2017-05-18 12:42:47,157 [LowLevelDataService-contextInitializer-2 | u:p] INFO  TXLOGGER  - Summary: Total: 1.08 s, transactions: 0
2017-05-18 12:42:47,157 [LowLevelDataService-contextInitializer-3 | u:p] INFO  TXLOGGER  - Summary: Total: 1.08 s, transactions: 0
2017-05-18 12:42:47,158 [LowLevelDataService-contextInitializer-4 | u:p] INFO  TXLOGGER  - Summary: Total: 1.08 s, transactions: 0, svn: 0.0853 s [98% log2 (5x)] (6x)
2017-05-18 12:42:47,158 [LowLevelDataService-contextInitializer-1 | u:p] INFO  TXLOGGER  - Summary: Total: 1.08 s, transactions: 0, svn: 0.266 s [64% log2 (5x), 28% log (1x)] (11x)
2017-05-18 12:42:47,158 [LowLevelDataService-contextInitializer-5 | u:p] INFO  TXLOGGER  - Summary: Total: 1.08 s, transactions: 0, svn: 0.14 s [99% log2 (5x)] (6x)
2017-05-18 12:42:47,159 [main | u:p] INFO  TXLOGGER  - Summary for 'Context initialization': transactions: 0, svn: 0.541 s [81% log2 (21x)] (31x), ObjectMaps: 0.102 s [100% getAllPrimaryObjects (5x)] (39x)
2017-05-18 12:42:47,441 [main | u:p] INFO  TXLOGGER  - Tx 570699b6a6401_0_570699b6a6401_0_: finished. Total: 0.171 s, svn: 0.0589 s [84% getFile content (1x)] (4x)
2017-05-18 12:42:47,742 [main | u:p] INFO  TXLOGGER  - Tx 570699b6f7405_0_570699b6f7405_0_: finished. Total: 0.161 s, svn: 0.159 s [66% info (2x), 34% getFile content (1x)] (4x)
2017-05-18 12:42:47,896 [main | u:p] INFO  TXLOGGER  - Tx 570699b725809_0_570699b725809_0_: finished. Total: 0.131 s, svn: 0.127 s [89% getFile content (1x)] (4x)
2017-05-18 12:42:54,052 [main | u:p] INFO  TXLOGGER  - Summary for 'Revisions processing': transactions: 10, RepositoryConfigService: 0.549 s [100% getReadConfiguration (30x)] (30x), svn: 0.408 s [53% getFile content (3x), 46% info (13x)] (28x)
2017-05-18 12:42:54,497 [main | u:p] INFO  TXLOGGER  - Tx 570699bd75412_0_570699bd75412_0_: finished. Total: 0.268 s, svn: 0.0149 s [66% info (2x), 34% getFile content (1x)] (4x)
2017-05-18 12:42:55,041 [main | u:p] INFO  TXLOGGER  - Summary for 'Build artifacts recognition': transactions: 30, RepositoryConfigService: 0.665 s [100% getReadConfiguration (60x)] (60x), svn: 0.51 s [75% info (60x), 23% getFile content (9x)] (103x), EHCache: 0.0408 s [100% remove (7x)] (7x)
2017-05-18 12:42:55,258 [main | u:p] INFO  TXLOGGER  - Summary for 'BIR inspection': transactions: 0, EHCache: 0.000103 s [100% remove (4x)] (4x)
2017-05-18 12:42:58,227 [main | u:p] INFO  TXLOGGER  - Summary for 'Data indexing': transactions: 0, Lucene: 0.798 s [54% remove (1x), 46% refresh (2x)] (3x), DB: 0.731 s [68% update (55x), 27% query (17x)] (119x), SubterraURITable: 0.292 s [100% addIfNotExistsDB (17x)] (17x)
2017-05-18 12:43:45,253 [main] INFO  TXLOGGER  - Summary for 'Polarion startup': transactions: 1, svn: 1.23 s [94% info (39x)] (61x)
2017-05-18 12:43:45,384 [Persistence Events Processing Thread | u:p] INFO  TXLOGGER  - Tx 570699ef4fc2a_0_570699ef4fc2a_0_: finished. Total: 0.104 s
2017-05-18 12:43:45,671 [Worker-0 | u:p | job: polarion.jobs.attachment.indexer] INFO  TXLOGGER  - Summary after AttachmentIndexer: transactions: 0, Lucene: 0.205 s [100% add (2x)] (2x), resolve: 0.0829 s [100% User (2x)] (2x), ObjectMaps: 0.0111 s [100% getPrimaryObjectLocation (2x)] (2x)
2017-05-18 12:43:46,083 [PreLoadDataService | u:p] INFO  TXLOGGER  - Tx 570699ef6542b_0_570699ef6542b_0_: finished. Total: 0.716 s, svn: 0.328 s [97% getDir2 content (25x)] (28x), Lucene: 0.291 s [100% search (2x)] (2x), RepositoryConfigService: 0.0523 s [100% getReadConfiguration (2x)] (2x)
2017-05-18 12:43:46,366 [Persistence Events Processing Thread | u:p] INFO  TXLOGGER  - Tx 570699ef6a830_0_570699ef6a830_0_: finished. Total: 0.979 s, Lucene: 0.461 s [93% search (1x)] (2x)
2017-05-18 12:43:46,366 [Persistence Events Processing Thread | u:p] INFO  TXLOGGER  - Summary: Total: 1.11 s, transactions: 6, persistence listener: 1.11 s [88% RevisionActivityCreator (2x)] (7x), Lucene: 0.461 s [93% search (1x)] (2x)
2017-05-18 12:43:46,385 [PreLoadDataService | u:p] INFO  TXLOGGER  - Tx 570699f018c31_0_570699f018c31_0_: finished. Total: 0.302 s, Lucene: 0.169 s [100% search (1x)] (1x)
2017-05-18 12:43:46,637 [PreLoadDataService | u:p] INFO  TXLOGGER  - Tx 570699f066063_0_570699f066063_0_: finished. Total: 0.245 s, RepositoryConfigService: 0.202 s [85% getReadConfiguration (56x)] (58x), svn: 0.175 s [66% getFile content (4x), 34% info (6x)] (11x), Lucene: 0.0218 s [100% search (1x)] (1x)
2017-05-18 12:43:46,739 [PreLoadDataService | u:p] INFO  TXLOGGER  - Tx 570699f0a3469_0_570699f0a3469_0_: finished. Total: 0.101 s, RepositoryConfigService: 0.0835 s [98% getReadConfiguration (54x)] (77x), svn: 0.0691 s [100% getFile content (12x)] (13x)
2017-05-18 12:43:47,694 [PreLoadDataService | u:p] INFO  TXLOGGER  - Tx 570699f0bcc6a_0_570699f0bcc6a_0_: finished. Total: 0.955 s, svn: 0.886 s [60% getFile content (47x), 40% getDir2 content (17x)] (65x), RepositoryConfigService: 0.579 s [100% getReadConfiguration (164x)] (180x)
2017-05-18 12:43:48,108 [PreLoadDataService | u:p] INFO  TXLOGGER  - Tx 570699f1ab86b_0_570699f1ab86b_0_: finished. Total: 0.414 s, svn: 0.389 s [60% getDir2 content (17x), 40% getFile content (21x)] (39x), RepositoryConfigService: 0.175 s [99% getReadConfiguration (88x)] (110x)
2017-05-18 12:43:48,273 [PreLoadDataService | u:p] INFO  TXLOGGER  - Tx 570699f21306c_0_570699f21306c_0_: finished. Total: 0.164 s, svn: 0.151 s [59% getFile content (8x), 41% getDir2 content (11x)] (20x), RepositoryConfigService: 0.0982 s [99% getReadConfiguration (38x)] (54x)
2017-05-18 12:43:48,274 [PreLoadDataService] INFO  TXLOGGER  - Summary for 'PreloadDataService': Total: 2.91 s, transactions: 7, svn: 2.01 s [49% getDir2 content (72x), 48% getFile content (94x)] (180x), RepositoryConfigService: 1.19 s [97% getReadConfiguration (402x)] (481x), Lucene: 0.487 s [100% search (5x)] (5x)
2017-05-18 12:43:48,274 [PreLoadDataService] INFO  TXLOGGER  - Summary after preload: transactions: 67, svn: 2.01 s [49% getDir2 content (72x), 48% getFile content (94x)] (183x), RepositoryConfigService: 1.19 s [97% getReadConfiguration (402x)] (485x), persistence listener: 1.12 s [88% RevisionActivityCreator (20x)] (70x), Lucene: 0.981 s [93% search (6x)] (8x)
2017-05-18 12:43:50,778 [DBHistoryCreator-2 | u:p] INFO  TXLOGGER  - Summary: Total: 5.02 s, transactions: 0
2017-05-18 12:43:50,778 [DBHistoryCreator-3 | u:p] INFO  TXLOGGER  - Summary: Total: 5.02 s, transactions: 0
2017-05-18 12:43:50,778 [DBHistoryCreator-1 | u:p] INFO  TXLOGGER  - Summary: Total: 5.02 s, transactions: 0
2017-05-18 12:43:50,778 [Worker-1 | u:p | job: polarion.jobs.db.history] INFO  TXLOGGER  - Summary after DBHistoryCreator: transactions: 0, DB: 0.00163 s [75% update (3x), 25% commit (3x)] (6x), svn: 0.00111 s [100% getLatestRevision (1x)] (1x)
2017-05-18 12:43:50,778 [Worker-1 | u:p] INFO  TXLOGGER  - Summary for 'job: polarion.jobs.db.history': Total: 5.11 s, transactions: 0, DB: 4.76 s [97% query (1111x)] (5497x), SubterraURITable: 0.32 s [100% getDB (1085x)] (1085x)
2017-05-18 12:43:54,457 [ajp-nio-8889-exec-6 | u:admin] INFO  TXLOGGER  - Summary for 'PortalDataService.getInitData': Total: 0.378 s, transactions: 3, RepositoryConfigService: 0.0227 s [100% getReadConfiguration (8x)] (13x)
2017-05-18 12:43:55,180 [ajp-nio-8889-exec-9 | u:admin] INFO  TXLOGGER  - Summary for 'PortalDataService.requestPortalSite': Total: 0.506 s, transactions: 8, svn: 0.189 s [80% info (5x)] (18x), RepositoryConfigService: 0.071 s [82% getReadConfiguration (26x)] (50x)
2017-05-18 12:43:55,774 [ajp-nio-8889-exec-10 | u:admin] INFO  TXLOGGER  - Summary for 'WorkItemDataService.getCreateWorkItemData': Total: 0.102 s, transactions: 1
2017-05-18 12:43:55,847 [ajp-nio-8889-exec-8 | u:admin] INFO  TXLOGGER  - Tx 570699f97d87a_0_570699f97d87a_0_: finished. Total: 0.145 s, RepositoryConfigService: 0.0293 s [99% getReadUserConfiguration (1x)] (2x)
2017-05-18 12:43:55,875 [ajp-nio-8889-exec-8 | u:admin] INFO  TXLOGGER  - Summary for 'WorkItemDataService.getDataForTableCustomization': Total: 0.202 s, transactions: 1, RepositoryConfigService: 0.0293 s [99% getReadUserConfiguration (1x)] (2x)
2017-05-18 12:43:55,917 [ajp-nio-8889-exec-2 | u:admin] INFO  TXLOGGER  - Summary for 'BubbleQueryService.parse': Total: 0.107 s, transactions: 1
2017-05-18 12:43:57,627 [ajp-nio-8889-exec-6 | u:admin] INFO  TXLOGGER  - Tx 570699fa65c7e_0_570699fa65c7e_0_: finished. Total: 0.994 s, resolve: 0.204 s [86% WorkItem (14x)] (25x), EHCache: 0.202 s [100% get (50x)] (50x), permissions: 0.0825 s [98% readInstance (124x)] (192x), RepositoryConfigService: 0.0774 s [84% getReadConfiguration (371x)] (391x)
2017-05-18 12:43:57,825 [ajp-nio-8889-exec-6 | u:admin] INFO  TXLOGGER  - Summary for 'WorkItemDataService.loadInstances': Total: 1.19 s, transactions: 1, resolve: 0.204 s [86% WorkItem (14x)] (25x), EHCache: 0.202 s [100% get (50x)] (50x), permissions: 0.0825 s [98% readInstance (124x)] (192x), RepositoryConfigService: 0.0774 s [84% getReadConfiguration (371x)] (391x)
2017-05-18 12:43:58,368 [ajp-nio-8889-exec-7 | u:admin] INFO  TXLOGGER  - Tx 570699fa6a87f_0_570699fa6a87f_0_: finished. Total: 1.72 s, RepositoryConfigService: 0.0899 s [85% getReadConfiguration (181x)] (210x)
2017-05-18 12:43:58,399 [ajp-nio-8889-exec-7 | u:admin] INFO  TXLOGGER  - Summary for 'WorkItemDataService.loadWorkitem': Total: 1.76 s, transactions: 1, RepositoryConfigService: 0.0899 s [85% getReadConfiguration (181x)] (210x)
2017-05-18 12:44:23,718 [ajp-nio-8889-exec-3 | u:admin] INFO  TXLOGGER  - Tx 57069a14aa080_0_57069a14aa080_0_: finished. Total: 0.19 s, RepositoryConfigService: 0.0369 s [100% getReadConfiguration (206x)] (231x), svn: 0.0352 s [75% info (3x), 25% getFile content (1x)] (5x), resolve: 0.0302 s [58% WorkItem (4x), 33% Plan (3x)] (19x), EHCache: 0.0266 s [100% get (40x)] (40x), ObjectEnum Plan: 0.0157 s [100% wrapOption (1x)] (1x)
2017-05-18 12:44:23,736 [ajp-nio-8889-exec-3 | u:admin] INFO  TXLOGGER  - Summary for 'WorkItemDataService.loadWorkitem': Total: 0.208 s, transactions: 1, RepositoryConfigService: 0.0369 s [100% getReadConfiguration (206x)] (231x), svn: 0.0352 s [75% info (3x), 25% getFile content (1x)] (5x), resolve: 0.0302 s [58% WorkItem (4x), 33% Plan (3x)] (19x), EHCache: 0.0266 s [100% get (40x)] (40x), ObjectEnum Plan: 0.0157 s [100% wrapOption (1x)] (1x)
2017-05-18 12:44:32,321 [ajp-nio-8889-exec-10 | u:admin] INFO  TXLOGGER  - Tx 57069a1cfd081_0_57069a1cfd081_0_: finished. Total: 0.269 s, RepositoryConfigService: 0.0925 s [86% getReadConfiguration (213x)] (237x), svn: 0.0402 s [68% getFile content (5x), 32% info (2x)] (8x), resolve: 0.0213 s [80% Plan (11x)] (40x), EHCache: 0.0157 s [100% get (82x)] (82x)
2017-05-18 12:44:32,342 [ajp-nio-8889-exec-10 | u:admin] INFO  TXLOGGER  - Summary for 'WorkItemDataService.loadWorkitem': Total: 0.289 s, transactions: 1, RepositoryConfigService: 0.0925 s [86% getReadConfiguration (213x)] (237x), svn: 0.0402 s [68% getFile content (5x), 32% info (2x)] (8x), resolve: 0.0213 s [80% Plan (11x)] (40x), EHCache: 0.0157 s [100% get (82x)] (82x)
